/usr/bin/cmake -S/home/dyj/ros2_ws/src/stonefish_ros2 -B/home/dyj/ros2_ws/build/stonefish_ros2 --check-build-system CMakeFiles/Makefile.cmake 0
Re-run cmake file: Makefile older than: /home/dyj/ros2_ws/src/stonefish_ros2/CMakeLists.txt
-- Found ament_cmake: 1.2.1 (/opt/ros/rolling/share/ament_cmake/cmake)
-- Override CMake install command with custom implementation using symlinks instead of copying resources
-- Found rclcpp: 15.0.0 (/opt/ros/rolling/share/rclcpp/cmake)
-- Using all available rosidl_typesupport_c: rosidl_typesupport_fastrtps_c;rosidl_typesupport_introspection_c
-- Found rosidl_adapter: 3.0.1 (/opt/ros/rolling/share/rosidl_adapter/cmake)
-- Using all available rosidl_typesupport_cpp: rosidl_typesupport_fastrtps_cpp;rosidl_typesupport_introspection_cpp
-- Found rmw_implementation_cmake: 5.1.0 (/opt/ros/rolling/share/rmw_implementation_cmake/cmake)
-- Found rmw_cyclonedds_cpp: 1.1.2 (/opt/ros/rolling/share/rmw_cyclonedds_cpp/cmake)
-- Using RMW implementation 'rmw_cyclonedds_cpp' as default
-- Found std_srvs: 4.0.0 (/opt/ros/rolling/share/std_srvs/cmake)
-- Found geometry_msgs: 4.0.0 (/opt/ros/rolling/share/geometry_msgs/cmake)
-- Found nav_msgs: 4.0.0 (/opt/ros/rolling/share/nav_msgs/cmake)
-- Found sensor_msgs: 4.0.0 (/opt/ros/rolling/share/sensor_msgs/cmake)
-- Found visualization_msgs: 4.0.0 (/opt/ros/rolling/share/visualization_msgs/cmake)
-- Found rosidl_default_generators: 1.1.1 (/opt/ros/rolling/share/rosidl_default_generators/cmake)
-- Found pcl_conversions: 2.4.0 (/opt/ros/rolling/share/pcl_conversions/cmake)
-- Found image_transport: 3.1.2 (/opt/ros/rolling/share/image_transport/cmake)
-- Found tf2: 0.21.0 (/opt/ros/rolling/share/tf2/cmake)
-- Found tf2_ros: 0.21.0 (/opt/ros/rolling/share/tf2_ros/cmake)
-- Found ament_cmake_ros: 0.10.0 (/opt/ros/rolling/share/ament_cmake_ros/cmake)
-- Using all available rosidl_typesupport_c: rosidl_typesupport_fastrtps_c;rosidl_typesupport_introspection_c
-- Using all available rosidl_typesupport_cpp: rosidl_typesupport_fastrtps_cpp;rosidl_typesupport_introspection_cpp
-- Found python_cmake_module: 0.8.1 (/opt/ros/rolling/share/python_cmake_module/cmake)
-- Using PYTHON_EXECUTABLE: /usr/bin/python3
-- Using PYTHON_INCLUDE_DIRS: /usr/include/python3.8
-- Using PYTHON_LIBRARIES: /usr/lib/x86_64-linux-gnu/libpython3.8.so
-- Eigen found (include: /usr/include/eigen3, version: 3.3.7)
-- The imported target "vtkParseOGLExt" references the file
   "/usr/bin/vtkParseOGLExt-7.1"
but this file does not exist.  Possible reasons include:
* The file was deleted, renamed, or moved to another location.
* An install or uninstall procedure did not complete successfully.
* The installation package was faulty and contained
   "/usr/lib/cmake/vtk-7.1/VTKTargets.cmake"
but not all the files it references.

-- The imported target "vtkRenderingPythonTkWidgets" references the file
   "/usr/lib/x86_64-linux-gnu/libvtkRenderingPythonTkWidgets.so"
but this file does not exist.  Possible reasons include:
* The file was deleted, renamed, or moved to another location.
* An install or uninstall procedure did not complete successfully.
* The installation package was faulty and contained
   "/usr/lib/cmake/vtk-7.1/VTKTargets.cmake"
but not all the files it references.

-- The imported target "vtk" references the file
   "/usr/bin/vtk"
but this file does not exist.  Possible reasons include:
* The file was deleted, renamed, or moved to another location.
* An install or uninstall procedure did not complete successfully.
* The installation package was faulty and contained
   "/usr/lib/cmake/vtk-7.1/VTKTargets.cmake"
but not all the files it references.

-- The imported target "pvtk" references the file
   "/usr/bin/pvtk"
but this file does not exist.  Possible reasons include:
* The file was deleted, renamed, or moved to another location.
* An install or uninstall procedure did not complete successfully.
* The installation package was faulty and contained
   "/usr/lib/cmake/vtk-7.1/VTKTargets.cmake"
but not all the files it references.

-- OpenNI found (include: /usr/include/ni, lib: /usr/lib/libOpenNI.so)
-- OpenNI2 found (include: /usr/include/openni2, lib: /usr/lib/libOpenNI2.so)
-- OpenNI found (include: /usr/include/ni, lib: /usr/lib/libOpenNI.so)
-- OpenNI2 found (include: /usr/include/openni2, lib: /usr/lib/libOpenNI2.so)
-- QHULL found (include: /usr/include, lib: optimized;/usr/lib/x86_64-linux-gnu/libqhull.so;debug;/usr/lib/x86_64-linux-gnu/libqhull.so)
-- OpenNI found (include: /usr/include/ni, lib: /usr/lib/libOpenNI.so)
-- looking for PCL_COMMON
-- looking for PCL_KDTREE
-- looking for PCL_OCTREE
-- looking for PCL_SEARCH
-- looking for PCL_SAMPLE_CONSENSUS
-- looking for PCL_FILTERS
-- looking for PCL_2D
-- looking for PCL_GEOMETRY
-- looking for PCL_IO
-- looking for PCL_FEATURES
-- looking for PCL_ML
-- looking for PCL_SEGMENTATION
-- looking for PCL_VISUALIZATION
-- looking for PCL_SURFACE
-- looking for PCL_REGISTRATION
-- looking for PCL_KEYPOINTS
-- looking for PCL_TRACKING
-- looking for PCL_RECOGNITION
-- looking for PCL_STEREO
-- looking for PCL_APPS
-- looking for PCL_IN_HAND_SCANNER
-- looking for PCL_POINT_CLOUD_EDITOR
-- looking for PCL_OUTOFCORE
-- looking for PCL_PEOPLE
-- Found ament_lint_auto: 0.11.4 (/opt/ros/rolling/share/ament_lint_auto/cmake)
-- Added test 'cppcheck' to perform static code analysis on C / C++ code
-- Configured cppcheck include dirs: $<BUILD_INTERFACE:/home/dyj/ros2_ws/src/stonefish_ros2/include>
-- Configured cppcheck exclude dirs and/or files: 
-- Added test 'flake8' to check Python code syntax and style conventions
-- Added test 'lint_cmake' to check CMake code style
-- Added test 'pep257' to check Python code against some of the style conventions in PEP 257
-- Added test 'uncrustify' to check C / C++ code style
-- Configured uncrustify additional arguments: 
-- Added test 'xmllint' to check XML markup files
-- Configuring done
-- Generating done
-- Build files have been written to: /home/dyj/ros2_ws/build/stonefish_ros2
/usr/bin/cmake -E cmake_progress_start /home/dyj/ros2_ws/build/stonefish_ros2/CMakeFiles /home/dyj/ros2_ws/build/stonefish_ros2/CMakeFiles/progress.marks
/usr/bin/make -f CMakeFiles/Makefile2 all
make[1]: 进入目录“/home/dyj/ros2_ws/build/stonefish_ros2”
/usr/bin/make -f CMakeFiles/stonefish_ros2__cpp.dir/build.make CMakeFiles/stonefish_ros2__cpp.dir/depend
/usr/bin/make -f CMakeFiles/stonefish_ros2__rosidl_generator_c.dir/build.make CMakeFiles/stonefish_ros2__rosidl_generator_c.dir/depend
/usr/bin/make -f CMakeFiles/ament_cmake_python_symlink_stonefish_ros2.dir/build.make CMakeFiles/ament_cmake_python_symlink_stonefish_ros2.dir/depend
make[2]: 进入目录“/home/dyj/ros2_ws/build/stonefish_ros2”
cd /home/dyj/ros2_ws/build/stonefish_ros2 && /usr/bin/cmake -E cmake_depends "Unix Makefiles" /home/dyj/ros2_ws/src/stonefish_ros2 /home/dyj/ros2_ws/src/stonefish_ros2 /home/dyj/ros2_ws/build/stonefish_ros2 /home/dyj/ros2_ws/build/stonefish_ros2 /home/dyj/ros2_ws/build/stonefish_ros2/CMakeFiles/ament_cmake_python_symlink_stonefish_ros2.dir/DependInfo.cmake --color=
make[2]: 进入目录“/home/dyj/ros2_ws/build/stonefish_ros2”
cd /home/dyj/ros2_ws/build/stonefish_ros2 && /usr/bin/cmake -E cmake_depends "Unix Makefiles" /home/dyj/ros2_ws/src/stonefish_ros2 /home/dyj/ros2_ws/src/stonefish_ros2 /home/dyj/ros2_ws/build/stonefish_ros2 /home/dyj/ros2_ws/build/stonefish_ros2 /home/dyj/ros2_ws/build/stonefish_ros2/CMakeFiles/stonefish_ros2__cpp.dir/DependInfo.cmake --color=
make[2]: 进入目录“/home/dyj/ros2_ws/build/stonefish_ros2”
cd /home/dyj/ros2_ws/build/stonefish_ros2 && /usr/bin/cmake -E cmake_depends "Unix Makefiles" /home/dyj/ros2_ws/src/stonefish_ros2 /home/dyj/ros2_ws/src/stonefish_ros2 /home/dyj/ros2_ws/build/stonefish_ros2 /home/dyj/ros2_ws/build/stonefish_ros2 /home/dyj/ros2_ws/build/stonefish_ros2/CMakeFiles/stonefish_ros2__rosidl_generator_c.dir/DependInfo.cmake --color=
make[2]: 离开目录“/home/dyj/ros2_ws/build/stonefish_ros2”
/usr/bin/make -f CMakeFiles/stonefish_ros2__rosidl_generator_c.dir/build.make CMakeFiles/stonefish_ros2__rosidl_generator_c.dir/build
make[2]: 离开目录“/home/dyj/ros2_ws/build/stonefish_ros2”
/usr/bin/make -f CMakeFiles/ament_cmake_python_symlink_stonefish_ros2.dir/build.make CMakeFiles/ament_cmake_python_symlink_stonefish_ros2.dir/build
make[2]: 离开目录“/home/dyj/ros2_ws/build/stonefish_ros2”
/usr/bin/make -f CMakeFiles/stonefish_ros2__cpp.dir/build.make CMakeFiles/stonefish_ros2__cpp.dir/build
make[2]: 进入目录“/home/dyj/ros2_ws/build/stonefish_ros2”
/usr/bin/cmake -E create_symlink /home/dyj/ros2_ws/build/stonefish_ros2/rosidl_generator_py/stonefish_ros2 /home/dyj/ros2_ws/build/stonefish_ros2/ament_cmake_python/stonefish_ros2/stonefish_ros2
make[2]: 进入目录“/home/dyj/ros2_ws/build/stonefish_ros2”
make[2]: 对“CMakeFiles/stonefish_ros2__cpp.dir/build”无需做任何事。
make[2]: 离开目录“/home/dyj/ros2_ws/build/stonefish_ros2”
[  1%] Built target stonefish_ros2__cpp
/usr/bin/make -f CMakeFiles/stonefish_ros2__rosidl_typesupport_cpp.dir/build.make CMakeFiles/stonefish_ros2__rosidl_typesupport_cpp.dir/depend
/usr/bin/make -f CMakeFiles/stonefish_ros2__rosidl_typesupport_fastrtps_cpp.dir/build.make CMakeFiles/stonefish_ros2__rosidl_typesupport_fastrtps_cpp.dir/depend
/usr/bin/make -f CMakeFiles/stonefish_ros2__rosidl_typesupport_introspection_cpp.dir/build.make CMakeFiles/stonefish_ros2__rosidl_typesupport_introspection_cpp.dir/depend
make[2]: 进入目录“/home/dyj/ros2_ws/build/stonefish_ros2”
make[2]: 对“CMakeFiles/stonefish_ros2__rosidl_generator_c.dir/build”无需做任何事。
make[2]: 离开目录“/home/dyj/ros2_ws/build/stonefish_ros2”
make[2]: 进入目录“/home/dyj/ros2_ws/build/stonefish_ros2”
cd /home/dyj/ros2_ws/build/stonefish_ros2 && /usr/bin/cmake -E cmake_depends "Unix Makefiles" /home/dyj/ros2_ws/src/stonefish_ros2 /home/dyj/ros2_ws/src/stonefish_ros2 /home/dyj/ros2_ws/build/stonefish_ros2 /home/dyj/ros2_ws/build/stonefish_ros2 /home/dyj/ros2_ws/build/stonefish_ros2/CMakeFiles/stonefish_ros2__rosidl_typesupport_cpp.dir/DependInfo.cmake --color=
make[2]: 进入目录“/home/dyj/ros2_ws/build/stonefish_ros2”
cd /home/dyj/ros2_ws/build/stonefish_ros2 && /usr/bin/cmake -E cmake_depends "Unix Makefiles" /home/dyj/ros2_ws/src/stonefish_ros2 /home/dyj/ros2_ws/src/stonefish_ros2 /home/dyj/ros2_ws/build/stonefish_ros2 /home/dyj/ros2_ws/build/stonefish_ros2 /home/dyj/ros2_ws/build/stonefish_ros2/CMakeFiles/stonefish_ros2__rosidl_typesupport_fastrtps_cpp.dir/DependInfo.cmake --color=
make[2]: 离开目录“/home/dyj/ros2_ws/build/stonefish_ros2”
make[2]: 进入目录“/home/dyj/ros2_ws/build/stonefish_ros2”
cd /home/dyj/ros2_ws/build/stonefish_ros2 && /usr/bin/cmake -E cmake_depends "Unix Makefiles" /home/dyj/ros2_ws/src/stonefish_ros2 /home/dyj/ros2_ws/src/stonefish_ros2 /home/dyj/ros2_ws/build/stonefish_ros2 /home/dyj/ros2_ws/build/stonefish_ros2 /home/dyj/ros2_ws/build/stonefish_ros2/CMakeFiles/stonefish_ros2__rosidl_typesupport_introspection_cpp.dir/DependInfo.cmake --color=
make[2]: 离开目录“/home/dyj/ros2_ws/build/stonefish_ros2”
/usr/bin/make -f CMakeFiles/stonefish_ros2__rosidl_typesupport_cpp.dir/build.make CMakeFiles/stonefish_ros2__rosidl_typesupport_cpp.dir/build
make[2]: 离开目录“/home/dyj/ros2_ws/build/stonefish_ros2”
/usr/bin/make -f CMakeFiles/stonefish_ros2__rosidl_typesupport_fastrtps_cpp.dir/build.make CMakeFiles/stonefish_ros2__rosidl_typesupport_fastrtps_cpp.dir/build
[ 11%] Built target stonefish_ros2__rosidl_generator_c
/usr/bin/make -f CMakeFiles/stonefish_ros2__rosidl_typesupport_c.dir/build.make CMakeFiles/stonefish_ros2__rosidl_typesupport_c.dir/depend
/usr/bin/make -f CMakeFiles/stonefish_ros2__rosidl_typesupport_introspection_c.dir/build.make CMakeFiles/stonefish_ros2__rosidl_typesupport_introspection_c.dir/depend
make[2]: 进入目录“/home/dyj/ros2_ws/build/stonefish_ros2”
make[2]: 对“CMakeFiles/stonefish_ros2__rosidl_typesupport_cpp.dir/build”无需做任何事。
make[2]: 离开目录“/home/dyj/ros2_ws/build/stonefish_ros2”
[ 11%] Built target ament_cmake_python_symlink_stonefish_ros2
/usr/bin/make -f CMakeFiles/ament_cmake_python_build_stonefish_ros2_egg.dir/build.make CMakeFiles/ament_cmake_python_build_stonefish_ros2_egg.dir/depend
make[2]: 进入目录“/home/dyj/ros2_ws/build/stonefish_ros2”
cd /home/dyj/ros2_ws/build/stonefish_ros2 && /usr/bin/cmake -E cmake_depends "Unix Makefiles" /home/dyj/ros2_ws/src/stonefish_ros2 /home/dyj/ros2_ws/src/stonefish_ros2 /home/dyj/ros2_ws/build/stonefish_ros2 /home/dyj/ros2_ws/build/stonefish_ros2 /home/dyj/ros2_ws/build/stonefish_ros2/CMakeFiles/stonefish_ros2__rosidl_typesupport_c.dir/DependInfo.cmake --color=
make[2]: 进入目录“/home/dyj/ros2_ws/build/stonefish_ros2”
make[2]: 对“CMakeFiles/stonefish_ros2__rosidl_typesupport_fastrtps_cpp.dir/build”无需做任何事。
make[2]: 离开目录“/home/dyj/ros2_ws/build/stonefish_ros2”
make[2]: 进入目录“/home/dyj/ros2_ws/build/stonefish_ros2”
cd /home/dyj/ros2_ws/build/stonefish_ros2 && /usr/bin/cmake -E cmake_depends "Unix Makefiles" /home/dyj/ros2_ws/src/stonefish_ros2 /home/dyj/ros2_ws/src/stonefish_ros2 /home/dyj/ros2_ws/build/stonefish_ros2 /home/dyj/ros2_ws/build/stonefish_ros2 /home/dyj/ros2_ws/build/stonefish_ros2/CMakeFiles/stonefish_ros2__rosidl_typesupport_introspection_c.dir/DependInfo.cmake --color=
make[2]: 进入目录“/home/dyj/ros2_ws/build/stonefish_ros2”
cd /home/dyj/ros2_ws/build/stonefish_ros2 && /usr/bin/cmake -E cmake_depends "Unix Makefiles" /home/dyj/ros2_ws/src/stonefish_ros2 /home/dyj/ros2_ws/src/stonefish_ros2 /home/dyj/ros2_ws/build/stonefish_ros2 /home/dyj/ros2_ws/build/stonefish_ros2 /home/dyj/ros2_ws/build/stonefish_ros2/CMakeFiles/ament_cmake_python_build_stonefish_ros2_egg.dir/DependInfo.cmake --color=
make[2]: 离开目录“/home/dyj/ros2_ws/build/stonefish_ros2”
[ 21%] Built target stonefish_ros2__rosidl_typesupport_cpp
/usr/bin/make -f CMakeFiles/stonefish_ros2__rosidl_typesupport_introspection_cpp.dir/build.make CMakeFiles/stonefish_ros2__rosidl_typesupport_introspection_cpp.dir/build
/usr/bin/make -f CMakeFiles/camera_test.dir/build.make CMakeFiles/camera_test.dir/depend
/usr/bin/make -f CMakeFiles/stonefish_ros2_interface.dir/build.make CMakeFiles/stonefish_ros2_interface.dir/depend
/usr/bin/make -f CMakeFiles/fluid_dynamics_test.dir/build.make CMakeFiles/fluid_dynamics_test.dir/depend
make[2]: 进入目录“/home/dyj/ros2_ws/build/stonefish_ros2”
cd /home/dyj/ros2_ws/build/stonefish_ros2 && /usr/bin/cmake -E cmake_depends "Unix Makefiles" /home/dyj/ros2_ws/src/stonefish_ros2 /home/dyj/ros2_ws/src/stonefish_ros2 /home/dyj/ros2_ws/build/stonefish_ros2 /home/dyj/ros2_ws/build/stonefish_ros2 /home/dyj/ros2_ws/build/stonefish_ros2/CMakeFiles/camera_test.dir/DependInfo.cmake --color=
[ 31%] Built target stonefish_ros2__rosidl_typesupport_fastrtps_cpp
/usr/bin/make -f CMakeFiles/stonefish_ros2__rosidl_typesupport_fastrtps_c.dir/build.make CMakeFiles/stonefish_ros2__rosidl_typesupport_fastrtps_c.dir/depend
make[2]: 离开目录“/home/dyj/ros2_ws/build/stonefish_ros2”
/usr/bin/make -f CMakeFiles/stonefish_ros2__rosidl_typesupport_c.dir/build.make CMakeFiles/stonefish_ros2__rosidl_typesupport_c.dir/build
make[2]: 离开目录“/home/dyj/ros2_ws/build/stonefish_ros2”
/usr/bin/make -f CMakeFiles/stonefish_ros2__rosidl_typesupport_introspection_c.dir/build.make CMakeFiles/stonefish_ros2__rosidl_typesupport_introspection_c.dir/build
make[2]: 进入目录“/home/dyj/ros2_ws/build/stonefish_ros2”
cd /home/dyj/ros2_ws/build/stonefish_ros2 && /usr/bin/cmake -E cmake_depends "Unix Makefiles" /home/dyj/ros2_ws/src/stonefish_ros2 /home/dyj/ros2_ws/src/stonefish_ros2 /home/dyj/ros2_ws/build/stonefish_ros2 /home/dyj/ros2_ws/build/stonefish_ros2 /home/dyj/ros2_ws/build/stonefish_ros2/CMakeFiles/stonefish_ros2__rosidl_typesupport_fastrtps_c.dir/DependInfo.cmake --color=
make[2]: 进入目录“/home/dyj/ros2_ws/build/stonefish_ros2”
cd /home/dyj/ros2_ws/build/stonefish_ros2 && /usr/bin/cmake -E cmake_depends "Unix Makefiles" /home/dyj/ros2_ws/src/stonefish_ros2 /home/dyj/ros2_ws/src/stonefish_ros2 /home/dyj/ros2_ws/build/stonefish_ros2 /home/dyj/ros2_ws/build/stonefish_ros2 /home/dyj/ros2_ws/build/stonefish_ros2/CMakeFiles/fluid_dynamics_test.dir/DependInfo.cmake --color=
make[2]: 离开目录“/home/dyj/ros2_ws/build/stonefish_ros2”
/usr/bin/make -f CMakeFiles/camera_test.dir/build.make CMakeFiles/camera_test.dir/build
make[2]: 进入目录“/home/dyj/ros2_ws/build/stonefish_ros2”
cd /home/dyj/ros2_ws/build/stonefish_ros2 && /usr/bin/cmake -E cmake_depends "Unix Makefiles" /home/dyj/ros2_ws/src/stonefish_ros2 /home/dyj/ros2_ws/src/stonefish_ros2 /home/dyj/ros2_ws/build/stonefish_ros2 /home/dyj/ros2_ws/build/stonefish_ros2 /home/dyj/ros2_ws/build/stonefish_ros2/CMakeFiles/stonefish_ros2_interface.dir/DependInfo.cmake --color=
make[2]: 进入目录“/home/dyj/ros2_ws/build/stonefish_ros2”
make[2]: 对“CMakeFiles/stonefish_ros2__rosidl_typesupport_introspection_cpp.dir/build”无需做任何事。
make[2]: 进入目录“/home/dyj/ros2_ws/build/stonefish_ros2”
make[2]: 离开目录“/home/dyj/ros2_ws/build/stonefish_ros2”
make[2]: 对“CMakeFiles/stonefish_ros2__rosidl_typesupport_c.dir/build”无需做任何事。
make[2]: 离开目录“/home/dyj/ros2_ws/build/stonefish_ros2”
make[2]: 离开目录“/home/dyj/ros2_ws/build/stonefish_ros2”
/usr/bin/make -f CMakeFiles/ament_cmake_python_build_stonefish_ros2_egg.dir/build.make CMakeFiles/ament_cmake_python_build_stonefish_ros2_egg.dir/build
make[2]: 进入目录“/home/dyj/ros2_ws/build/stonefish_ros2”
cd /home/dyj/ros2_ws/build/stonefish_ros2/ament_cmake_python/stonefish_ros2 && /usr/bin/python3.8 setup.py egg_info
make[2]: 进入目录“/home/dyj/ros2_ws/build/stonefish_ros2”
make[2]: 对“CMakeFiles/camera_test.dir/build”无需做任何事。
make[2]: 离开目录“/home/dyj/ros2_ws/build/stonefish_ros2”
make[2]: 离开目录“/home/dyj/ros2_ws/build/stonefish_ros2”
/usr/bin/make -f CMakeFiles/stonefish_ros2__rosidl_typesupport_fastrtps_c.dir/build.make CMakeFiles/stonefish_ros2__rosidl_typesupport_fastrtps_c.dir/build
make[2]: 进入目录“/home/dyj/ros2_ws/build/stonefish_ros2”
make[2]: 对“CMakeFiles/stonefish_ros2__rosidl_typesupport_introspection_c.dir/build”无需做任何事。
make[2]: 离开目录“/home/dyj/ros2_ws/build/stonefish_ros2”
[ 42%] Built target stonefish_ros2__rosidl_typesupport_introspection_cpp
[ 52%] Built target stonefish_ros2__rosidl_typesupport_c
make[2]: 离开目录“/home/dyj/ros2_ws/build/stonefish_ros2”
/usr/bin/make -f CMakeFiles/fluid_dynamics_test.dir/build.make CMakeFiles/fluid_dynamics_test.dir/build
[ 54%] Built target camera_test
[ 65%] Built target stonefish_ros2__rosidl_typesupport_introspection_c
make[2]: 离开目录“/home/dyj/ros2_ws/build/stonefish_ros2”
/usr/bin/make -f CMakeFiles/stonefish_ros2_interface.dir/build.make CMakeFiles/stonefish_ros2_interface.dir/build
make[2]: 进入目录“/home/dyj/ros2_ws/build/stonefish_ros2”
make[2]: 对“CMakeFiles/stonefish_ros2__rosidl_typesupport_fastrtps_c.dir/build”无需做任何事。
make[2]: 离开目录“/home/dyj/ros2_ws/build/stonefish_ros2”
[ 76%] Built target stonefish_ros2__rosidl_typesupport_fastrtps_c
/usr/bin/make -f CMakeFiles/stonefish_ros2.dir/build.make CMakeFiles/stonefish_ros2.dir/depend
make[2]: 进入目录“/home/dyj/ros2_ws/build/stonefish_ros2”
cd /home/dyj/ros2_ws/build/stonefish_ros2 && /usr/bin/cmake -E cmake_depends "Unix Makefiles" /home/dyj/ros2_ws/src/stonefish_ros2 /home/dyj/ros2_ws/src/stonefish_ros2 /home/dyj/ros2_ws/build/stonefish_ros2 /home/dyj/ros2_ws/build/stonefish_ros2 /home/dyj/ros2_ws/build/stonefish_ros2/CMakeFiles/stonefish_ros2.dir/DependInfo.cmake --color=
make[2]: 进入目录“/home/dyj/ros2_ws/build/stonefish_ros2”
make[2]: 对“CMakeFiles/fluid_dynamics_test.dir/build”无需做任何事。
make[2]: 离开目录“/home/dyj/ros2_ws/build/stonefish_ros2”
[ 78%] Built target fluid_dynamics_test
make[2]: 离开目录“/home/dyj/ros2_ws/build/stonefish_ros2”
/usr/bin/make -f CMakeFiles/stonefish_ros2.dir/build.make CMakeFiles/stonefish_ros2.dir/build
make[2]: 进入目录“/home/dyj/ros2_ws/build/stonefish_ros2”
make[2]: 对“CMakeFiles/stonefish_ros2.dir/build”无需做任何事。
make[2]: 离开目录“/home/dyj/ros2_ws/build/stonefish_ros2”
make[2]: 进入目录“/home/dyj/ros2_ws/build/stonefish_ros2”
make[2]: 对“CMakeFiles/stonefish_ros2_interface.dir/build”无需做任何事。
make[2]: 离开目录“/home/dyj/ros2_ws/build/stonefish_ros2”
[ 82%] Built target stonefish_ros2_interface
[ 82%] Built target stonefish_ros2
/usr/bin/make -f CMakeFiles/stonefish_simulator_nogpu.dir/build.make CMakeFiles/stonefish_simulator_nogpu.dir/depend
/usr/bin/make -f CMakeFiles/stonefish_simulator.dir/build.make CMakeFiles/stonefish_simulator.dir/depend
/usr/bin/make -f stonefish_ros2__py/CMakeFiles/stonefish_ros2__py.dir/build.make stonefish_ros2__py/CMakeFiles/stonefish_ros2__py.dir/depend
make[2]: 进入目录“/home/dyj/ros2_ws/build/stonefish_ros2”
cd /home/dyj/ros2_ws/build/stonefish_ros2 && /usr/bin/cmake -E cmake_depends "Unix Makefiles" /home/dyj/ros2_ws/src/stonefish_ros2 /home/dyj/ros2_ws/build/stonefish_ros2/stonefish_ros2__py /home/dyj/ros2_ws/build/stonefish_ros2 /home/dyj/ros2_ws/build/stonefish_ros2/stonefish_ros2__py /home/dyj/ros2_ws/build/stonefish_ros2/stonefish_ros2__py/CMakeFiles/stonefish_ros2__py.dir/DependInfo.cmake --color=
make[2]: 进入目录“/home/dyj/ros2_ws/build/stonefish_ros2”
cd /home/dyj/ros2_ws/build/stonefish_ros2 && /usr/bin/cmake -E cmake_depends "Unix Makefiles" /home/dyj/ros2_ws/src/stonefish_ros2 /home/dyj/ros2_ws/src/stonefish_ros2 /home/dyj/ros2_ws/build/stonefish_ros2 /home/dyj/ros2_ws/build/stonefish_ros2 /home/dyj/ros2_ws/build/stonefish_ros2/CMakeFiles/stonefish_simulator_nogpu.dir/DependInfo.cmake --color=
make[2]: 进入目录“/home/dyj/ros2_ws/build/stonefish_ros2”
cd /home/dyj/ros2_ws/build/stonefish_ros2 && /usr/bin/cmake -E cmake_depends "Unix Makefiles" /home/dyj/ros2_ws/src/stonefish_ros2 /home/dyj/ros2_ws/src/stonefish_ros2 /home/dyj/ros2_ws/build/stonefish_ros2 /home/dyj/ros2_ws/build/stonefish_ros2 /home/dyj/ros2_ws/build/stonefish_ros2/CMakeFiles/stonefish_simulator.dir/DependInfo.cmake --color=
make[2]: 离开目录“/home/dyj/ros2_ws/build/stonefish_ros2”
/usr/bin/make -f CMakeFiles/stonefish_simulator_nogpu.dir/build.make CMakeFiles/stonefish_simulator_nogpu.dir/build
make[2]: 离开目录“/home/dyj/ros2_ws/build/stonefish_ros2”
/usr/bin/make -f stonefish_ros2__py/CMakeFiles/stonefish_ros2__py.dir/build.make stonefish_ros2__py/CMakeFiles/stonefish_ros2__py.dir/build
make[2]: 离开目录“/home/dyj/ros2_ws/build/stonefish_ros2”
/usr/bin/make -f CMakeFiles/stonefish_simulator.dir/build.make CMakeFiles/stonefish_simulator.dir/build
make[2]: 进入目录“/home/dyj/ros2_ws/build/stonefish_ros2”
make[2]: 对“stonefish_ros2__py/CMakeFiles/stonefish_ros2__py.dir/build”无需做任何事。
make[2]: 离开目录“/home/dyj/ros2_ws/build/stonefish_ros2”
make[2]: 进入目录“/home/dyj/ros2_ws/build/stonefish_ros2”
make[2]: 对“CMakeFiles/stonefish_simulator_nogpu.dir/build”无需做任何事。
make[2]: 离开目录“/home/dyj/ros2_ws/build/stonefish_ros2”
[ 83%] Built target stonefish_ros2__py
/usr/bin/make -f CMakeFiles/stonefish_ros2__rosidl_generator_py.dir/build.make CMakeFiles/stonefish_ros2__rosidl_generator_py.dir/depend
[ 85%] Built target stonefish_simulator_nogpu
make[2]: 进入目录“/home/dyj/ros2_ws/build/stonefish_ros2”
make[2]: 对“CMakeFiles/stonefish_simulator.dir/build”无需做任何事。
make[2]: 离开目录“/home/dyj/ros2_ws/build/stonefish_ros2”
make[2]: 进入目录“/home/dyj/ros2_ws/build/stonefish_ros2”
cd /home/dyj/ros2_ws/build/stonefish_ros2 && /usr/bin/cmake -E cmake_depends "Unix Makefiles" /home/dyj/ros2_ws/src/stonefish_ros2 /home/dyj/ros2_ws/src/stonefish_ros2 /home/dyj/ros2_ws/build/stonefish_ros2 /home/dyj/ros2_ws/build/stonefish_ros2 /home/dyj/ros2_ws/build/stonefish_ros2/CMakeFiles/stonefish_ros2__rosidl_generator_py.dir/DependInfo.cmake --color=
[ 86%] Built target stonefish_simulator
make[2]: 离开目录“/home/dyj/ros2_ws/build/stonefish_ros2”
/usr/bin/make -f CMakeFiles/stonefish_ros2__rosidl_generator_py.dir/build.make CMakeFiles/stonefish_ros2__rosidl_generator_py.dir/build
make[2]: 进入目录“/home/dyj/ros2_ws/build/stonefish_ros2”
make[2]: 对“CMakeFiles/stonefish_ros2__rosidl_generator_py.dir/build”无需做任何事。
make[2]: 离开目录“/home/dyj/ros2_ws/build/stonefish_ros2”
[ 96%] Built target stonefish_ros2__rosidl_generator_py
/usr/bin/make -f CMakeFiles/stonefish_ros2__rosidl_typesupport_c__pyext.dir/build.make CMakeFiles/stonefish_ros2__rosidl_typesupport_c__pyext.dir/depend
/usr/bin/make -f CMakeFiles/stonefish_ros2__rosidl_typesupport_fastrtps_c__pyext.dir/build.make CMakeFiles/stonefish_ros2__rosidl_typesupport_fastrtps_c__pyext.dir/depend
/usr/bin/make -f CMakeFiles/stonefish_ros2__rosidl_typesupport_introspection_c__pyext.dir/build.make CMakeFiles/stonefish_ros2__rosidl_typesupport_introspection_c__pyext.dir/depend
make[2]: 进入目录“/home/dyj/ros2_ws/build/stonefish_ros2”
cd /home/dyj/ros2_ws/build/stonefish_ros2 && /usr/bin/cmake -E cmake_depends "Unix Makefiles" /home/dyj/ros2_ws/src/stonefish_ros2 /home/dyj/ros2_ws/src/stonefish_ros2 /home/dyj/ros2_ws/build/stonefish_ros2 /home/dyj/ros2_ws/build/stonefish_ros2 /home/dyj/ros2_ws/build/stonefish_ros2/CMakeFiles/stonefish_ros2__rosidl_typesupport_c__pyext.dir/DependInfo.cmake --color=
make[2]: 进入目录“/home/dyj/ros2_ws/build/stonefish_ros2”
cd /home/dyj/ros2_ws/build/stonefish_ros2 && /usr/bin/cmake -E cmake_depends "Unix Makefiles" /home/dyj/ros2_ws/src/stonefish_ros2 /home/dyj/ros2_ws/src/stonefish_ros2 /home/dyj/ros2_ws/build/stonefish_ros2 /home/dyj/ros2_ws/build/stonefish_ros2 /home/dyj/ros2_ws/build/stonefish_ros2/CMakeFiles/stonefish_ros2__rosidl_typesupport_fastrtps_c__pyext.dir/DependInfo.cmake --color=
make[2]: 进入目录“/home/dyj/ros2_ws/build/stonefish_ros2”
cd /home/dyj/ros2_ws/build/stonefish_ros2 && /usr/bin/cmake -E cmake_depends "Unix Makefiles" /home/dyj/ros2_ws/src/stonefish_ros2 /home/dyj/ros2_ws/src/stonefish_ros2 /home/dyj/ros2_ws/build/stonefish_ros2 /home/dyj/ros2_ws/build/stonefish_ros2 /home/dyj/ros2_ws/build/stonefish_ros2/CMakeFiles/stonefish_ros2__rosidl_typesupport_introspection_c__pyext.dir/DependInfo.cmake --color=
make[2]: 离开目录“/home/dyj/ros2_ws/build/stonefish_ros2”
/usr/bin/make -f CMakeFiles/stonefish_ros2__rosidl_typesupport_c__pyext.dir/build.make CMakeFiles/stonefish_ros2__rosidl_typesupport_c__pyext.dir/build
make[2]: 离开目录“/home/dyj/ros2_ws/build/stonefish_ros2”
/usr/bin/make -f CMakeFiles/stonefish_ros2__rosidl_typesupport_introspection_c__pyext.dir/build.make CMakeFiles/stonefish_ros2__rosidl_typesupport_introspection_c__pyext.dir/build
make[2]: 离开目录“/home/dyj/ros2_ws/build/stonefish_ros2”
/usr/bin/make -f CMakeFiles/stonefish_ros2__rosidl_typesupport_fastrtps_c__pyext.dir/build.make CMakeFiles/stonefish_ros2__rosidl_typesupport_fastrtps_c__pyext.dir/build
make[2]: 进入目录“/home/dyj/ros2_ws/build/stonefish_ros2”
make[2]: 对“CMakeFiles/stonefish_ros2__rosidl_typesupport_introspection_c__pyext.dir/build”无需做任何事。
make[2]: 离开目录“/home/dyj/ros2_ws/build/stonefish_ros2”
make[2]: 进入目录“/home/dyj/ros2_ws/build/stonefish_ros2”
make[2]: 对“CMakeFiles/stonefish_ros2__rosidl_typesupport_fastrtps_c__pyext.dir/build”无需做任何事。
make[2]: 离开目录“/home/dyj/ros2_ws/build/stonefish_ros2”
make[2]: 进入目录“/home/dyj/ros2_ws/build/stonefish_ros2”
make[2]: 对“CMakeFiles/stonefish_ros2__rosidl_typesupport_c__pyext.dir/build”无需做任何事。
make[2]: 离开目录“/home/dyj/ros2_ws/build/stonefish_ros2”
[ 97%] Built target stonefish_ros2__rosidl_typesupport_introspection_c__pyext
[ 98%] Built target stonefish_ros2__rosidl_typesupport_fastrtps_c__pyext
[100%] Built target stonefish_ros2__rosidl_typesupport_c__pyext
running egg_info
writing stonefish_ros2.egg-info/PKG-INFO
writing dependency_links to stonefish_ros2.egg-info/dependency_links.txt
writing top-level names to stonefish_ros2.egg-info/top_level.txt
reading manifest file 'stonefish_ros2.egg-info/SOURCES.txt'
writing manifest file 'stonefish_ros2.egg-info/SOURCES.txt'
make[2]: 离开目录“/home/dyj/ros2_ws/build/stonefish_ros2”
[100%] Built target ament_cmake_python_build_stonefish_ros2_egg
make[1]: 离开目录“/home/dyj/ros2_ws/build/stonefish_ros2”
/usr/bin/cmake -E cmake_progress_start /home/dyj/ros2_ws/build/stonefish_ros2/CMakeFiles 0
-- Install configuration: ""
-- Execute custom install script
-- Up-to-date symlink: /home/dyj/ros2_ws/install/stonefish_ros2/share/ament_index/resource_index/rosidl_interfaces/stonefish_ros2
-- Up-to-date symlink: /home/dyj/ros2_ws/install/stonefish_ros2/include/stonefish_ros2/msg/beacon_info.h
-- Up-to-date symlink: /home/dyj/ros2_ws/install/stonefish_ros2/include/stonefish_ros2/msg/debug_physics.h
-- Up-to-date symlink: /home/dyj/ros2_ws/install/stonefish_ros2/include/stonefish_ros2/msg/detail/beacon_info__functions.h
-- Up-to-date symlink: /home/dyj/ros2_ws/install/stonefish_ros2/include/stonefish_ros2/msg/detail/beacon_info__struct.h
-- Up-to-date symlink: /home/dyj/ros2_ws/install/stonefish_ros2/include/stonefish_ros2/msg/detail/beacon_info__type_support.h
-- Up-to-date symlink: /home/dyj/ros2_ws/install/stonefish_ros2/include/stonefish_ros2/msg/detail/debug_physics__functions.h
-- Up-to-date symlink: /home/dyj/ros2_ws/install/stonefish_ros2/include/stonefish_ros2/msg/detail/debug_physics__struct.h
-- Up-to-date symlink: /home/dyj/ros2_ws/install/stonefish_ros2/include/stonefish_ros2/msg/detail/debug_physics__type_support.h
-- Up-to-date symlink: /home/dyj/ros2_ws/install/stonefish_ros2/include/stonefish_ros2/msg/detail/dvl__functions.h
-- Up-to-date symlink: /home/dyj/ros2_ws/install/stonefish_ros2/include/stonefish_ros2/msg/detail/dvl__struct.h
-- Up-to-date symlink: /home/dyj/ros2_ws/install/stonefish_ros2/include/stonefish_ros2/msg/detail/dvl__type_support.h
-- Up-to-date symlink: /home/dyj/ros2_ws/install/stonefish_ros2/include/stonefish_ros2/msg/detail/dvl_beam__functions.h
-- Up-to-date symlink: /home/dyj/ros2_ws/install/stonefish_ros2/include/stonefish_ros2/msg/detail/dvl_beam__struct.h
-- Up-to-date symlink: /home/dyj/ros2_ws/install/stonefish_ros2/include/stonefish_ros2/msg/detail/dvl_beam__type_support.h
-- Up-to-date symlink: /home/dyj/ros2_ws/install/stonefish_ros2/include/stonefish_ros2/msg/detail/event__functions.h
-- Up-to-date symlink: /home/dyj/ros2_ws/install/stonefish_ros2/include/stonefish_ros2/msg/detail/event__struct.h
-- Up-to-date symlink: /home/dyj/ros2_ws/install/stonefish_ros2/include/stonefish_ros2/msg/detail/event__type_support.h
-- Up-to-date symlink: /home/dyj/ros2_ws/install/stonefish_ros2/include/stonefish_ros2/msg/detail/event_array__functions.h
-- Up-to-date symlink: /home/dyj/ros2_ws/install/stonefish_ros2/include/stonefish_ros2/msg/detail/event_array__struct.h
-- Up-to-date symlink: /home/dyj/ros2_ws/install/stonefish_ros2/include/stonefish_ros2/msg/detail/event_array__type_support.h
-- Up-to-date symlink: /home/dyj/ros2_ws/install/stonefish_ros2/include/stonefish_ros2/msg/detail/ins__functions.h
-- Up-to-date symlink: /home/dyj/ros2_ws/install/stonefish_ros2/include/stonefish_ros2/msg/detail/ins__struct.h
-- Up-to-date symlink: /home/dyj/ros2_ws/install/stonefish_ros2/include/stonefish_ros2/msg/detail/ins__type_support.h
-- Up-to-date symlink: /home/dyj/ros2_ws/install/stonefish_ros2/include/stonefish_ros2/msg/detail/int32_stamped__functions.h
-- Up-to-date symlink: /home/dyj/ros2_ws/install/stonefish_ros2/include/stonefish_ros2/msg/detail/int32_stamped__struct.h
-- Up-to-date symlink: /home/dyj/ros2_ws/install/stonefish_ros2/include/stonefish_ros2/msg/detail/int32_stamped__type_support.h
-- Up-to-date symlink: /home/dyj/ros2_ws/install/stonefish_ros2/include/stonefish_ros2/msg/detail/ned_pose__functions.h
-- Up-to-date symlink: /home/dyj/ros2_ws/install/stonefish_ros2/include/stonefish_ros2/msg/detail/ned_pose__struct.h
-- Up-to-date symlink: /home/dyj/ros2_ws/install/stonefish_ros2/include/stonefish_ros2/msg/detail/ned_pose__type_support.h
-- Up-to-date symlink: /home/dyj/ros2_ws/install/stonefish_ros2/include/stonefish_ros2/msg/detail/thruster_state__functions.h
-- Up-to-date symlink: /home/dyj/ros2_ws/install/stonefish_ros2/include/stonefish_ros2/msg/detail/thruster_state__struct.h
-- Up-to-date symlink: /home/dyj/ros2_ws/install/stonefish_ros2/include/stonefish_ros2/msg/detail/thruster_state__type_support.h
-- Up-to-date symlink: /home/dyj/ros2_ws/install/stonefish_ros2/include/stonefish_ros2/msg/dvl.h
-- Up-to-date symlink: /home/dyj/ros2_ws/install/stonefish_ros2/include/stonefish_ros2/msg/dvl_beam.h
-- Up-to-date symlink: /home/dyj/ros2_ws/install/stonefish_ros2/include/stonefish_ros2/msg/event.h
-- Up-to-date symlink: /home/dyj/ros2_ws/install/stonefish_ros2/include/stonefish_ros2/msg/event_array.h
-- Up-to-date symlink: /home/dyj/ros2_ws/install/stonefish_ros2/include/stonefish_ros2/msg/ins.h
-- Up-to-date symlink: /home/dyj/ros2_ws/install/stonefish_ros2/include/stonefish_ros2/msg/int32_stamped.h
-- Up-to-date symlink: /home/dyj/ros2_ws/install/stonefish_ros2/include/stonefish_ros2/msg/ned_pose.h
-- Up-to-date symlink: /home/dyj/ros2_ws/install/stonefish_ros2/include/stonefish_ros2/msg/rosidl_generator_c__visibility_control.h
-- Up-to-date symlink: /home/dyj/ros2_ws/install/stonefish_ros2/include/stonefish_ros2/msg/thruster_state.h
-- Up-to-date symlink: /home/dyj/ros2_ws/install/stonefish_ros2/include/stonefish_ros2/srv/detail/respawn__functions.h
-- Up-to-date symlink: /home/dyj/ros2_ws/install/stonefish_ros2/include/stonefish_ros2/srv/detail/respawn__struct.h
-- Up-to-date symlink: /home/dyj/ros2_ws/install/stonefish_ros2/include/stonefish_ros2/srv/detail/respawn__type_support.h
-- Up-to-date symlink: /home/dyj/ros2_ws/install/stonefish_ros2/include/stonefish_ros2/srv/detail/sonar_settings2__functions.h
-- Up-to-date symlink: /home/dyj/ros2_ws/install/stonefish_ros2/include/stonefish_ros2/srv/detail/sonar_settings2__struct.h
-- Up-to-date symlink: /home/dyj/ros2_ws/install/stonefish_ros2/include/stonefish_ros2/srv/detail/sonar_settings2__type_support.h
-- Up-to-date symlink: /home/dyj/ros2_ws/install/stonefish_ros2/include/stonefish_ros2/srv/detail/sonar_settings__functions.h
-- Up-to-date symlink: /home/dyj/ros2_ws/install/stonefish_ros2/include/stonefish_ros2/srv/detail/sonar_settings__struct.h
-- Up-to-date symlink: /home/dyj/ros2_ws/install/stonefish_ros2/include/stonefish_ros2/srv/detail/sonar_settings__type_support.h
-- Up-to-date symlink: /home/dyj/ros2_ws/install/stonefish_ros2/include/stonefish_ros2/srv/respawn.h
-- Up-to-date symlink: /home/dyj/ros2_ws/install/stonefish_ros2/include/stonefish_ros2/srv/sonar_settings.h
-- Up-to-date symlink: /home/dyj/ros2_ws/install/stonefish_ros2/include/stonefish_ros2/srv/sonar_settings2.h
-- Up-to-date symlink: /home/dyj/ros2_ws/install/stonefish_ros2/share/stonefish_ros2/environment/library_path.sh
-- Up-to-date symlink: /home/dyj/ros2_ws/install/stonefish_ros2/share/stonefish_ros2/environment/library_path.dsv
-- Up-to-date symlink: /home/dyj/ros2_ws/install/stonefish_ros2/include/stonefish_ros2/msg/detail/beacon_info__rosidl_typesupport_fastrtps_c.h
-- Up-to-date symlink: /home/dyj/ros2_ws/install/stonefish_ros2/include/stonefish_ros2/msg/detail/debug_physics__rosidl_typesupport_fastrtps_c.h
-- Up-to-date symlink: /home/dyj/ros2_ws/install/stonefish_ros2/include/stonefish_ros2/msg/detail/dvl__rosidl_typesupport_fastrtps_c.h
-- Up-to-date symlink: /home/dyj/ros2_ws/install/stonefish_ros2/include/stonefish_ros2/msg/detail/dvl_beam__rosidl_typesupport_fastrtps_c.h
-- Up-to-date symlink: /home/dyj/ros2_ws/install/stonefish_ros2/include/stonefish_ros2/msg/detail/event__rosidl_typesupport_fastrtps_c.h
-- Up-to-date symlink: /home/dyj/ros2_ws/install/stonefish_ros2/include/stonefish_ros2/msg/detail/event_array__rosidl_typesupport_fastrtps_c.h
-- Up-to-date symlink: /home/dyj/ros2_ws/install/stonefish_ros2/include/stonefish_ros2/msg/detail/ins__rosidl_typesupport_fastrtps_c.h
-- Up-to-date symlink: /home/dyj/ros2_ws/install/stonefish_ros2/include/stonefish_ros2/msg/detail/int32_stamped__rosidl_typesupport_fastrtps_c.h
-- Up-to-date symlink: /home/dyj/ros2_ws/install/stonefish_ros2/include/stonefish_ros2/msg/detail/ned_pose__rosidl_typesupport_fastrtps_c.h
-- Up-to-date symlink: /home/dyj/ros2_ws/install/stonefish_ros2/include/stonefish_ros2/msg/detail/thruster_state__rosidl_typesupport_fastrtps_c.h
-- Up-to-date symlink: /home/dyj/ros2_ws/install/stonefish_ros2/include/stonefish_ros2/msg/rosidl_typesupport_fastrtps_c__visibility_control.h
-- Up-to-date symlink: /home/dyj/ros2_ws/install/stonefish_ros2/include/stonefish_ros2/srv/detail/respawn__rosidl_typesupport_fastrtps_c.h
-- Up-to-date symlink: /home/dyj/ros2_ws/install/stonefish_ros2/include/stonefish_ros2/srv/detail/sonar_settings2__rosidl_typesupport_fastrtps_c.h
-- Up-to-date symlink: /home/dyj/ros2_ws/install/stonefish_ros2/include/stonefish_ros2/srv/detail/sonar_settings__rosidl_typesupport_fastrtps_c.h
-- Up-to-date symlink: /home/dyj/ros2_ws/install/stonefish_ros2/lib/libstonefish_ros2__rosidl_typesupport_fastrtps_c.so
-- Up-to-date symlink: /home/dyj/ros2_ws/install/stonefish_ros2/include/stonefish_ros2/msg/detail/beacon_info__rosidl_typesupport_fastrtps_cpp.hpp
-- Up-to-date symlink: /home/dyj/ros2_ws/install/stonefish_ros2/include/stonefish_ros2/msg/detail/debug_physics__rosidl_typesupport_fastrtps_cpp.hpp
-- Up-to-date symlink: /home/dyj/ros2_ws/install/stonefish_ros2/include/stonefish_ros2/msg/detail/dvl__rosidl_typesupport_fastrtps_cpp.hpp
-- Up-to-date symlink: /home/dyj/ros2_ws/install/stonefish_ros2/include/stonefish_ros2/msg/detail/dvl_beam__rosidl_typesupport_fastrtps_cpp.hpp
-- Up-to-date symlink: /home/dyj/ros2_ws/install/stonefish_ros2/include/stonefish_ros2/msg/detail/event__rosidl_typesupport_fastrtps_cpp.hpp
-- Up-to-date symlink: /home/dyj/ros2_ws/install/stonefish_ros2/include/stonefish_ros2/msg/detail/event_array__rosidl_typesupport_fastrtps_cpp.hpp
-- Up-to-date symlink: /home/dyj/ros2_ws/install/stonefish_ros2/include/stonefish_ros2/msg/detail/ins__rosidl_typesupport_fastrtps_cpp.hpp
-- Up-to-date symlink: /home/dyj/ros2_ws/install/stonefish_ros2/include/stonefish_ros2/msg/detail/int32_stamped__rosidl_typesupport_fastrtps_cpp.hpp
-- Up-to-date symlink: /home/dyj/ros2_ws/install/stonefish_ros2/include/stonefish_ros2/msg/detail/ned_pose__rosidl_typesupport_fastrtps_cpp.hpp
-- Up-to-date symlink: /home/dyj/ros2_ws/install/stonefish_ros2/include/stonefish_ros2/msg/detail/thruster_state__rosidl_typesupport_fastrtps_cpp.hpp
-- Up-to-date symlink: /home/dyj/ros2_ws/install/stonefish_ros2/include/stonefish_ros2/msg/rosidl_typesupport_fastrtps_cpp__visibility_control.h
-- Up-to-date symlink: /home/dyj/ros2_ws/install/stonefish_ros2/include/stonefish_ros2/srv/detail/respawn__rosidl_typesupport_fastrtps_cpp.hpp
-- Up-to-date symlink: /home/dyj/ros2_ws/install/stonefish_ros2/include/stonefish_ros2/srv/detail/sonar_settings2__rosidl_typesupport_fastrtps_cpp.hpp
-- Up-to-date symlink: /home/dyj/ros2_ws/install/stonefish_ros2/include/stonefish_ros2/srv/detail/sonar_settings__rosidl_typesupport_fastrtps_cpp.hpp
-- Up-to-date symlink: /home/dyj/ros2_ws/install/stonefish_ros2/lib/libstonefish_ros2__rosidl_typesupport_fastrtps_cpp.so
-- Up-to-date symlink: /home/dyj/ros2_ws/install/stonefish_ros2/include/stonefish_ros2/msg/detail/beacon_info__rosidl_typesupport_introspection_c.h
-- Up-to-date symlink: /home/dyj/ros2_ws/install/stonefish_ros2/include/stonefish_ros2/msg/detail/debug_physics__rosidl_typesupport_introspection_c.h
-- Up-to-date symlink: /home/dyj/ros2_ws/install/stonefish_ros2/include/stonefish_ros2/msg/detail/dvl__rosidl_typesupport_introspection_c.h
-- Up-to-date symlink: /home/dyj/ros2_ws/install/stonefish_ros2/include/stonefish_ros2/msg/detail/dvl_beam__rosidl_typesupport_introspection_c.h
-- Up-to-date symlink: /home/dyj/ros2_ws/install/stonefish_ros2/include/stonefish_ros2/msg/detail/event__rosidl_typesupport_introspection_c.h
-- Up-to-date symlink: /home/dyj/ros2_ws/install/stonefish_ros2/include/stonefish_ros2/msg/detail/event_array__rosidl_typesupport_introspection_c.h
-- Up-to-date symlink: /home/dyj/ros2_ws/install/stonefish_ros2/include/stonefish_ros2/msg/detail/ins__rosidl_typesupport_introspection_c.h
-- Up-to-date symlink: /home/dyj/ros2_ws/install/stonefish_ros2/include/stonefish_ros2/msg/detail/int32_stamped__rosidl_typesupport_introspection_c.h
-- Up-to-date symlink: /home/dyj/ros2_ws/install/stonefish_ros2/include/stonefish_ros2/msg/detail/ned_pose__rosidl_typesupport_introspection_c.h
-- Up-to-date symlink: /home/dyj/ros2_ws/install/stonefish_ros2/include/stonefish_ros2/msg/detail/thruster_state__rosidl_typesupport_introspection_c.h
-- Up-to-date symlink: /home/dyj/ros2_ws/install/stonefish_ros2/include/stonefish_ros2/msg/rosidl_typesupport_introspection_c__visibility_control.h
-- Up-to-date symlink: /home/dyj/ros2_ws/install/stonefish_ros2/include/stonefish_ros2/srv/detail/respawn__rosidl_typesupport_introspection_c.h
-- Up-to-date symlink: /home/dyj/ros2_ws/install/stonefish_ros2/include/stonefish_ros2/srv/detail/sonar_settings2__rosidl_typesupport_introspection_c.h
-- Up-to-date symlink: /home/dyj/ros2_ws/install/stonefish_ros2/include/stonefish_ros2/srv/detail/sonar_settings__rosidl_typesupport_introspection_c.h
-- Up-to-date symlink: /home/dyj/ros2_ws/install/stonefish_ros2/include/stonefish_ros2/msg/beacon_info.hpp
-- Up-to-date symlink: /home/dyj/ros2_ws/install/stonefish_ros2/include/stonefish_ros2/msg/debug_physics.hpp
-- Up-to-date symlink: /home/dyj/ros2_ws/install/stonefish_ros2/include/stonefish_ros2/msg/detail/beacon_info__builder.hpp
-- Up-to-date symlink: /home/dyj/ros2_ws/install/stonefish_ros2/include/stonefish_ros2/msg/detail/beacon_info__struct.hpp
-- Up-to-date symlink: /home/dyj/ros2_ws/install/stonefish_ros2/include/stonefish_ros2/msg/detail/beacon_info__traits.hpp
-- Up-to-date symlink: /home/dyj/ros2_ws/install/stonefish_ros2/include/stonefish_ros2/msg/detail/debug_physics__builder.hpp
-- Up-to-date symlink: /home/dyj/ros2_ws/install/stonefish_ros2/include/stonefish_ros2/msg/detail/debug_physics__struct.hpp
-- Up-to-date symlink: /home/dyj/ros2_ws/install/stonefish_ros2/include/stonefish_ros2/msg/detail/debug_physics__traits.hpp
-- Up-to-date symlink: /home/dyj/ros2_ws/install/stonefish_ros2/include/stonefish_ros2/msg/detail/dvl__builder.hpp
-- Up-to-date symlink: /home/dyj/ros2_ws/install/stonefish_ros2/include/stonefish_ros2/msg/detail/dvl__struct.hpp
-- Up-to-date symlink: /home/dyj/ros2_ws/install/stonefish_ros2/include/stonefish_ros2/msg/detail/dvl__traits.hpp
-- Up-to-date symlink: /home/dyj/ros2_ws/install/stonefish_ros2/include/stonefish_ros2/msg/detail/dvl_beam__builder.hpp
-- Up-to-date symlink: /home/dyj/ros2_ws/install/stonefish_ros2/include/stonefish_ros2/msg/detail/dvl_beam__struct.hpp
-- Up-to-date symlink: /home/dyj/ros2_ws/install/stonefish_ros2/include/stonefish_ros2/msg/detail/dvl_beam__traits.hpp
-- Up-to-date symlink: /home/dyj/ros2_ws/install/stonefish_ros2/include/stonefish_ros2/msg/detail/event__builder.hpp
-- Up-to-date symlink: /home/dyj/ros2_ws/install/stonefish_ros2/include/stonefish_ros2/msg/detail/event__struct.hpp
-- Up-to-date symlink: /home/dyj/ros2_ws/install/stonefish_ros2/include/stonefish_ros2/msg/detail/event__traits.hpp
-- Up-to-date symlink: /home/dyj/ros2_ws/install/stonefish_ros2/include/stonefish_ros2/msg/detail/event_array__builder.hpp
-- Up-to-date symlink: /home/dyj/ros2_ws/install/stonefish_ros2/include/stonefish_ros2/msg/detail/event_array__struct.hpp
-- Up-to-date symlink: /home/dyj/ros2_ws/install/stonefish_ros2/include/stonefish_ros2/msg/detail/event_array__traits.hpp
-- Up-to-date symlink: /home/dyj/ros2_ws/install/stonefish_ros2/include/stonefish_ros2/msg/detail/ins__builder.hpp
-- Up-to-date symlink: /home/dyj/ros2_ws/install/stonefish_ros2/include/stonefish_ros2/msg/detail/ins__struct.hpp
-- Up-to-date symlink: /home/dyj/ros2_ws/install/stonefish_ros2/include/stonefish_ros2/msg/detail/ins__traits.hpp
-- Up-to-date symlink: /home/dyj/ros2_ws/install/stonefish_ros2/include/stonefish_ros2/msg/detail/int32_stamped__builder.hpp
-- Up-to-date symlink: /home/dyj/ros2_ws/install/stonefish_ros2/include/stonefish_ros2/msg/detail/int32_stamped__struct.hpp
-- Up-to-date symlink: /home/dyj/ros2_ws/install/stonefish_ros2/include/stonefish_ros2/msg/detail/int32_stamped__traits.hpp
-- Up-to-date symlink: /home/dyj/ros2_ws/install/stonefish_ros2/include/stonefish_ros2/msg/detail/ned_pose__builder.hpp
-- Up-to-date symlink: /home/dyj/ros2_ws/install/stonefish_ros2/include/stonefish_ros2/msg/detail/ned_pose__struct.hpp
-- Up-to-date symlink: /home/dyj/ros2_ws/install/stonefish_ros2/include/stonefish_ros2/msg/detail/ned_pose__traits.hpp
-- Up-to-date symlink: /home/dyj/ros2_ws/install/stonefish_ros2/include/stonefish_ros2/msg/detail/thruster_state__builder.hpp
-- Up-to-date symlink: /home/dyj/ros2_ws/install/stonefish_ros2/include/stonefish_ros2/msg/detail/thruster_state__struct.hpp
-- Up-to-date symlink: /home/dyj/ros2_ws/install/stonefish_ros2/include/stonefish_ros2/msg/detail/thruster_state__traits.hpp
-- Up-to-date symlink: /home/dyj/ros2_ws/install/stonefish_ros2/include/stonefish_ros2/msg/dvl.hpp
-- Up-to-date symlink: /home/dyj/ros2_ws/install/stonefish_ros2/include/stonefish_ros2/msg/dvl_beam.hpp
-- Up-to-date symlink: /home/dyj/ros2_ws/install/stonefish_ros2/include/stonefish_ros2/msg/event.hpp
-- Up-to-date symlink: /home/dyj/ros2_ws/install/stonefish_ros2/include/stonefish_ros2/msg/event_array.hpp
-- Up-to-date symlink: /home/dyj/ros2_ws/install/stonefish_ros2/include/stonefish_ros2/msg/ins.hpp
-- Up-to-date symlink: /home/dyj/ros2_ws/install/stonefish_ros2/include/stonefish_ros2/msg/int32_stamped.hpp
-- Up-to-date symlink: /home/dyj/ros2_ws/install/stonefish_ros2/include/stonefish_ros2/msg/ned_pose.hpp
-- Up-to-date symlink: /home/dyj/ros2_ws/install/stonefish_ros2/include/stonefish_ros2/msg/thruster_state.hpp
-- Up-to-date symlink: /home/dyj/ros2_ws/install/stonefish_ros2/include/stonefish_ros2/srv/detail/respawn__builder.hpp
-- Up-to-date symlink: /home/dyj/ros2_ws/install/stonefish_ros2/include/stonefish_ros2/srv/detail/respawn__struct.hpp
-- Up-to-date symlink: /home/dyj/ros2_ws/install/stonefish_ros2/include/stonefish_ros2/srv/detail/respawn__traits.hpp
-- Up-to-date symlink: /home/dyj/ros2_ws/install/stonefish_ros2/include/stonefish_ros2/srv/detail/sonar_settings2__builder.hpp
-- Up-to-date symlink: /home/dyj/ros2_ws/install/stonefish_ros2/include/stonefish_ros2/srv/detail/sonar_settings2__struct.hpp
-- Up-to-date symlink: /home/dyj/ros2_ws/install/stonefish_ros2/include/stonefish_ros2/srv/detail/sonar_settings2__traits.hpp
-- Up-to-date symlink: /home/dyj/ros2_ws/install/stonefish_ros2/include/stonefish_ros2/srv/detail/sonar_settings__builder.hpp
-- Up-to-date symlink: /home/dyj/ros2_ws/install/stonefish_ros2/include/stonefish_ros2/srv/detail/sonar_settings__struct.hpp
-- Up-to-date symlink: /home/dyj/ros2_ws/install/stonefish_ros2/include/stonefish_ros2/srv/detail/sonar_settings__traits.hpp
-- Up-to-date symlink: /home/dyj/ros2_ws/install/stonefish_ros2/include/stonefish_ros2/srv/respawn.hpp
-- Up-to-date symlink: /home/dyj/ros2_ws/install/stonefish_ros2/include/stonefish_ros2/srv/sonar_settings.hpp
-- Up-to-date symlink: /home/dyj/ros2_ws/install/stonefish_ros2/include/stonefish_ros2/srv/sonar_settings2.hpp
-- Up-to-date symlink: /home/dyj/ros2_ws/install/stonefish_ros2/include/stonefish_ros2/msg/detail/beacon_info__rosidl_typesupport_introspection_cpp.hpp
-- Up-to-date symlink: /home/dyj/ros2_ws/install/stonefish_ros2/include/stonefish_ros2/msg/detail/debug_physics__rosidl_typesupport_introspection_cpp.hpp
-- Up-to-date symlink: /home/dyj/ros2_ws/install/stonefish_ros2/include/stonefish_ros2/msg/detail/dvl__rosidl_typesupport_introspection_cpp.hpp
-- Up-to-date symlink: /home/dyj/ros2_ws/install/stonefish_ros2/include/stonefish_ros2/msg/detail/dvl_beam__rosidl_typesupport_introspection_cpp.hpp
-- Up-to-date symlink: /home/dyj/ros2_ws/install/stonefish_ros2/include/stonefish_ros2/msg/detail/event__rosidl_typesupport_introspection_cpp.hpp
-- Up-to-date symlink: /home/dyj/ros2_ws/install/stonefish_ros2/include/stonefish_ros2/msg/detail/event_array__rosidl_typesupport_introspection_cpp.hpp
-- Up-to-date symlink: /home/dyj/ros2_ws/install/stonefish_ros2/include/stonefish_ros2/msg/detail/ins__rosidl_typesupport_introspection_cpp.hpp
-- Up-to-date symlink: /home/dyj/ros2_ws/install/stonefish_ros2/include/stonefish_ros2/msg/detail/int32_stamped__rosidl_typesupport_introspection_cpp.hpp
-- Up-to-date symlink: /home/dyj/ros2_ws/install/stonefish_ros2/include/stonefish_ros2/msg/detail/ned_pose__rosidl_typesupport_introspection_cpp.hpp
-- Up-to-date symlink: /home/dyj/ros2_ws/install/stonefish_ros2/include/stonefish_ros2/msg/detail/thruster_state__rosidl_typesupport_introspection_cpp.hpp
-- Up-to-date symlink: /home/dyj/ros2_ws/install/stonefish_ros2/include/stonefish_ros2/srv/detail/respawn__rosidl_typesupport_introspection_cpp.hpp
-- Up-to-date symlink: /home/dyj/ros2_ws/install/stonefish_ros2/include/stonefish_ros2/srv/detail/sonar_settings2__rosidl_typesupport_introspection_cpp.hpp
-- Up-to-date symlink: /home/dyj/ros2_ws/install/stonefish_ros2/include/stonefish_ros2/srv/detail/sonar_settings__rosidl_typesupport_introspection_cpp.hpp
-- Up-to-date symlink: /home/dyj/ros2_ws/install/stonefish_ros2/share/stonefish_ros2/environment/pythonpath.sh
-- Up-to-date symlink: /home/dyj/ros2_ws/install/stonefish_ros2/share/stonefish_ros2/environment/pythonpath.dsv
-- Up-to-date symlink: /home/dyj/ros2_ws/install/stonefish_ros2/lib/python3.8/site-packages/stonefish_ros2-1.5.0-py3.8.egg-info/PKG-INFO
-- Up-to-date symlink: /home/dyj/ros2_ws/install/stonefish_ros2/lib/python3.8/site-packages/stonefish_ros2-1.5.0-py3.8.egg-info/SOURCES.txt
-- Up-to-date symlink: /home/dyj/ros2_ws/install/stonefish_ros2/lib/python3.8/site-packages/stonefish_ros2-1.5.0-py3.8.egg-info/dependency_links.txt
-- Up-to-date symlink: /home/dyj/ros2_ws/install/stonefish_ros2/lib/python3.8/site-packages/stonefish_ros2-1.5.0-py3.8.egg-info/top_level.txt
-- Up-to-date symlink: /home/dyj/ros2_ws/install/stonefish_ros2/lib/python3.8/site-packages/stonefish_ros2/__init__.py
-- Up-to-date symlink: /home/dyj/ros2_ws/install/stonefish_ros2/lib/python3.8/site-packages/stonefish_ros2/_stonefish_ros2_s.ep.rosidl_typesupport_c.c
-- Up-to-date symlink: /home/dyj/ros2_ws/install/stonefish_ros2/lib/python3.8/site-packages/stonefish_ros2/_stonefish_ros2_s.ep.rosidl_typesupport_fastrtps_c.c
-- Up-to-date symlink: /home/dyj/ros2_ws/install/stonefish_ros2/lib/python3.8/site-packages/stonefish_ros2/_stonefish_ros2_s.ep.rosidl_typesupport_introspection_c.c
-- Up-to-date symlink: /home/dyj/ros2_ws/install/stonefish_ros2/lib/python3.8/site-packages/stonefish_ros2/libstonefish_ros2__rosidl_generator_py.so
-- Up-to-date symlink: /home/dyj/ros2_ws/install/stonefish_ros2/lib/python3.8/site-packages/stonefish_ros2/msg/__init__.py
-- Up-to-date symlink: /home/dyj/ros2_ws/install/stonefish_ros2/lib/python3.8/site-packages/stonefish_ros2/msg/_beacon_info.py
-- Up-to-date symlink: /home/dyj/ros2_ws/install/stonefish_ros2/lib/python3.8/site-packages/stonefish_ros2/msg/_beacon_info_s.c
-- Up-to-date symlink: /home/dyj/ros2_ws/install/stonefish_ros2/lib/python3.8/site-packages/stonefish_ros2/msg/_debug_physics.py
-- Up-to-date symlink: /home/dyj/ros2_ws/install/stonefish_ros2/lib/python3.8/site-packages/stonefish_ros2/msg/_debug_physics_s.c
-- Up-to-date symlink: /home/dyj/ros2_ws/install/stonefish_ros2/lib/python3.8/site-packages/stonefish_ros2/msg/_dvl.py
-- Up-to-date symlink: /home/dyj/ros2_ws/install/stonefish_ros2/lib/python3.8/site-packages/stonefish_ros2/msg/_dvl_beam.py
-- Up-to-date symlink: /home/dyj/ros2_ws/install/stonefish_ros2/lib/python3.8/site-packages/stonefish_ros2/msg/_dvl_beam_s.c
-- Up-to-date symlink: /home/dyj/ros2_ws/install/stonefish_ros2/lib/python3.8/site-packages/stonefish_ros2/msg/_dvl_s.c
-- Up-to-date symlink: /home/dyj/ros2_ws/install/stonefish_ros2/lib/python3.8/site-packages/stonefish_ros2/msg/_event.py
-- Up-to-date symlink: /home/dyj/ros2_ws/install/stonefish_ros2/lib/python3.8/site-packages/stonefish_ros2/msg/_event_array.py
-- Up-to-date symlink: /home/dyj/ros2_ws/install/stonefish_ros2/lib/python3.8/site-packages/stonefish_ros2/msg/_event_array_s.c
-- Up-to-date symlink: /home/dyj/ros2_ws/install/stonefish_ros2/lib/python3.8/site-packages/stonefish_ros2/msg/_event_s.c
-- Up-to-date symlink: /home/dyj/ros2_ws/install/stonefish_ros2/lib/python3.8/site-packages/stonefish_ros2/msg/_ins.py
-- Up-to-date symlink: /home/dyj/ros2_ws/install/stonefish_ros2/lib/python3.8/site-packages/stonefish_ros2/msg/_ins_s.c
-- Up-to-date symlink: /home/dyj/ros2_ws/install/stonefish_ros2/lib/python3.8/site-packages/stonefish_ros2/msg/_int32_stamped.py
-- Up-to-date symlink: /home/dyj/ros2_ws/install/stonefish_ros2/lib/python3.8/site-packages/stonefish_ros2/msg/_int32_stamped_s.c
-- Up-to-date symlink: /home/dyj/ros2_ws/install/stonefish_ros2/lib/python3.8/site-packages/stonefish_ros2/msg/_ned_pose.py
-- Up-to-date symlink: /home/dyj/ros2_ws/install/stonefish_ros2/lib/python3.8/site-packages/stonefish_ros2/msg/_ned_pose_s.c
-- Up-to-date symlink: /home/dyj/ros2_ws/install/stonefish_ros2/lib/python3.8/site-packages/stonefish_ros2/msg/_thruster_state.py
-- Up-to-date symlink: /home/dyj/ros2_ws/install/stonefish_ros2/lib/python3.8/site-packages/stonefish_ros2/msg/_thruster_state_s.c
-- Up-to-date symlink: /home/dyj/ros2_ws/install/stonefish_ros2/lib/python3.8/site-packages/stonefish_ros2/srv/__init__.py
-- Up-to-date symlink: /home/dyj/ros2_ws/install/stonefish_ros2/lib/python3.8/site-packages/stonefish_ros2/srv/_respawn.py
-- Up-to-date symlink: /home/dyj/ros2_ws/install/stonefish_ros2/lib/python3.8/site-packages/stonefish_ros2/srv/_respawn_s.c
-- Up-to-date symlink: /home/dyj/ros2_ws/install/stonefish_ros2/lib/python3.8/site-packages/stonefish_ros2/srv/_sonar_settings.py
-- Up-to-date symlink: /home/dyj/ros2_ws/install/stonefish_ros2/lib/python3.8/site-packages/stonefish_ros2/srv/_sonar_settings2.py
-- Up-to-date symlink: /home/dyj/ros2_ws/install/stonefish_ros2/lib/python3.8/site-packages/stonefish_ros2/srv/_sonar_settings2_s.c
-- Up-to-date symlink: /home/dyj/ros2_ws/install/stonefish_ros2/lib/python3.8/site-packages/stonefish_ros2/srv/_sonar_settings_s.c
-- Up-to-date symlink: /home/dyj/ros2_ws/install/stonefish_ros2/lib/python3.8/site-packages/stonefish_ros2/stonefish_ros2_s__rosidl_typesupport_c.cpython-38-x86_64-linux-gnu.so
-- Up-to-date symlink: /home/dyj/ros2_ws/install/stonefish_ros2/lib/python3.8/site-packages/stonefish_ros2/stonefish_ros2_s__rosidl_typesupport_fastrtps_c.cpython-38-x86_64-linux-gnu.so
-- Up-to-date symlink: /home/dyj/ros2_ws/install/stonefish_ros2/lib/python3.8/site-packages/stonefish_ros2/stonefish_ros2_s__rosidl_typesupport_introspection_c.cpython-38-x86_64-linux-gnu.so
-- Up-to-date symlink: /home/dyj/ros2_ws/install/stonefish_ros2/lib/python3.8/site-packages/stonefish_ros2/stonefish_ros2_s__rosidl_typesupport_fastrtps_c.cpython-38-x86_64-linux-gnu.so
-- Up-to-date symlink: /home/dyj/ros2_ws/install/stonefish_ros2/lib/python3.8/site-packages/stonefish_ros2/stonefish_ros2_s__rosidl_typesupport_introspection_c.cpython-38-x86_64-linux-gnu.so
-- Up-to-date symlink: /home/dyj/ros2_ws/install/stonefish_ros2/lib/python3.8/site-packages/stonefish_ros2/stonefish_ros2_s__rosidl_typesupport_c.cpython-38-x86_64-linux-gnu.so
-- Up-to-date symlink: /home/dyj/ros2_ws/install/stonefish_ros2/share/stonefish_ros2/msg/Int32Stamped.idl
-- Up-to-date symlink: /home/dyj/ros2_ws/install/stonefish_ros2/share/stonefish_ros2/msg/BeaconInfo.idl
-- Up-to-date symlink: /home/dyj/ros2_ws/install/stonefish_ros2/share/stonefish_ros2/msg/NEDPose.idl
-- Up-to-date symlink: /home/dyj/ros2_ws/install/stonefish_ros2/share/stonefish_ros2/msg/INS.idl
-- Up-to-date symlink: /home/dyj/ros2_ws/install/stonefish_ros2/share/stonefish_ros2/msg/DVLBeam.idl
-- Up-to-date symlink: /home/dyj/ros2_ws/install/stonefish_ros2/share/stonefish_ros2/msg/DVL.idl
-- Up-to-date symlink: /home/dyj/ros2_ws/install/stonefish_ros2/share/stonefish_ros2/msg/ThrusterState.idl
-- Up-to-date symlink: /home/dyj/ros2_ws/install/stonefish_ros2/share/stonefish_ros2/msg/DebugPhysics.idl
-- Up-to-date symlink: /home/dyj/ros2_ws/install/stonefish_ros2/share/stonefish_ros2/msg/Event.idl
-- Up-to-date symlink: /home/dyj/ros2_ws/install/stonefish_ros2/share/stonefish_ros2/msg/EventArray.idl
-- Up-to-date symlink: /home/dyj/ros2_ws/install/stonefish_ros2/share/stonefish_ros2/srv/SonarSettings.idl
-- Up-to-date symlink: /home/dyj/ros2_ws/install/stonefish_ros2/share/stonefish_ros2/srv/SonarSettings2.idl
-- Up-to-date symlink: /home/dyj/ros2_ws/install/stonefish_ros2/share/stonefish_ros2/srv/Respawn.idl
-- Up-to-date symlink: /home/dyj/ros2_ws/install/stonefish_ros2/share/stonefish_ros2/msg/Int32Stamped.msg
-- Up-to-date symlink: /home/dyj/ros2_ws/install/stonefish_ros2/share/stonefish_ros2/msg/BeaconInfo.msg
-- Up-to-date symlink: /home/dyj/ros2_ws/install/stonefish_ros2/share/stonefish_ros2/msg/NEDPose.msg
-- Up-to-date symlink: /home/dyj/ros2_ws/install/stonefish_ros2/share/stonefish_ros2/msg/INS.msg
-- Up-to-date symlink: /home/dyj/ros2_ws/install/stonefish_ros2/share/stonefish_ros2/msg/DVLBeam.msg
-- Up-to-date symlink: /home/dyj/ros2_ws/install/stonefish_ros2/share/stonefish_ros2/msg/DVL.msg
-- Up-to-date symlink: /home/dyj/ros2_ws/install/stonefish_ros2/share/stonefish_ros2/msg/ThrusterState.msg
-- Up-to-date symlink: /home/dyj/ros2_ws/install/stonefish_ros2/share/stonefish_ros2/msg/DebugPhysics.msg
-- Up-to-date symlink: /home/dyj/ros2_ws/install/stonefish_ros2/share/stonefish_ros2/msg/Event.msg
-- Up-to-date symlink: /home/dyj/ros2_ws/install/stonefish_ros2/share/stonefish_ros2/msg/EventArray.msg
-- Up-to-date symlink: /home/dyj/ros2_ws/install/stonefish_ros2/share/stonefish_ros2/srv/SonarSettings.srv
-- Up-to-date symlink: /home/dyj/ros2_ws/install/stonefish_ros2/share/stonefish_ros2/srv/SonarSettings_Request.msg
-- Up-to-date symlink: /home/dyj/ros2_ws/install/stonefish_ros2/share/stonefish_ros2/srv/SonarSettings_Response.msg
-- Up-to-date symlink: /home/dyj/ros2_ws/install/stonefish_ros2/share/stonefish_ros2/srv/SonarSettings2.srv
-- Up-to-date symlink: /home/dyj/ros2_ws/install/stonefish_ros2/share/stonefish_ros2/srv/SonarSettings2_Request.msg
-- Up-to-date symlink: /home/dyj/ros2_ws/install/stonefish_ros2/share/stonefish_ros2/srv/SonarSettings2_Response.msg
-- Up-to-date symlink: /home/dyj/ros2_ws/install/stonefish_ros2/share/stonefish_ros2/srv/Respawn.srv
-- Up-to-date symlink: /home/dyj/ros2_ws/install/stonefish_ros2/share/stonefish_ros2/srv/Respawn_Request.msg
-- Up-to-date symlink: /home/dyj/ros2_ws/install/stonefish_ros2/share/stonefish_ros2/srv/Respawn_Response.msg
-- Up-to-date symlink: /home/dyj/ros2_ws/install/stonefish_ros2/include/include/stonefish_ros2/ROS2ConsoleSimulationApp.h
-- Up-to-date symlink: /home/dyj/ros2_ws/install/stonefish_ros2/include/include/stonefish_ros2/ROS2GraphicalSimulationApp.h
-- Up-to-date symlink: /home/dyj/ros2_ws/install/stonefish_ros2/include/include/stonefish_ros2/ROS2Interface.h
-- Up-to-date symlink: /home/dyj/ros2_ws/install/stonefish_ros2/include/include/stonefish_ros2/ROS2ScenarioParser.h
-- Up-to-date symlink: /home/dyj/ros2_ws/install/stonefish_ros2/include/include/stonefish_ros2/ROS2SimulationManager.h
-- Up-to-date symlink: /home/dyj/ros2_ws/install/stonefish_ros2/lib/stonefish_ros2/stonefish_simulator
-- Up-to-date symlink: /home/dyj/ros2_ws/install/stonefish_ros2/lib/stonefish_ros2/stonefish_simulator_nogpu
-- Up-to-date symlink: /home/dyj/ros2_ws/install/stonefish_ros2/lib/stonefish_ros2/fluid_dynamics_test
-- Symlinking: /home/dyj/ros2_ws/install/stonefish_ros2/lib/stonefish_ros2/camera_test
-- Up-to-date symlink: /home/dyj/ros2_ws/install/stonefish_ros2/share/stonefish_ros2/launch/stonefish_simulator.launch.py
-- Up-to-date symlink: /home/dyj/ros2_ws/install/stonefish_ros2/share/stonefish_ros2/launch/stonefish_simulator_nogpu.launch.py
-- Up-to-date symlink: /home/dyj/ros2_ws/install/stonefish_ros2/share/ament_index/resource_index/package_run_dependencies/stonefish_ros2
-- Up-to-date symlink: /home/dyj/ros2_ws/install/stonefish_ros2/share/ament_index/resource_index/parent_prefix_path/stonefish_ros2
-- Up-to-date symlink: /home/dyj/ros2_ws/install/stonefish_ros2/share/stonefish_ros2/environment/ament_prefix_path.sh
-- Up-to-date symlink: /home/dyj/ros2_ws/install/stonefish_ros2/share/stonefish_ros2/environment/ament_prefix_path.dsv
-- Up-to-date symlink: /home/dyj/ros2_ws/install/stonefish_ros2/share/stonefish_ros2/environment/path.sh
-- Up-to-date symlink: /home/dyj/ros2_ws/install/stonefish_ros2/share/stonefish_ros2/environment/path.dsv
-- Up-to-date symlink: /home/dyj/ros2_ws/install/stonefish_ros2/share/stonefish_ros2/local_setup.bash
-- Up-to-date symlink: /home/dyj/ros2_ws/install/stonefish_ros2/share/stonefish_ros2/local_setup.sh
-- Up-to-date symlink: /home/dyj/ros2_ws/install/stonefish_ros2/share/stonefish_ros2/local_setup.zsh
-- Up-to-date symlink: /home/dyj/ros2_ws/install/stonefish_ros2/share/stonefish_ros2/local_setup.dsv
-- Symlinking: /home/dyj/ros2_ws/install/stonefish_ros2/share/stonefish_ros2/package.dsv
-- Up-to-date symlink: /home/dyj/ros2_ws/install/stonefish_ros2/share/ament_index/resource_index/packages/stonefish_ros2
-- Up-to-date symlink: /home/dyj/ros2_ws/install/stonefish_ros2/share/stonefish_ros2/cmake/rosidl_cmake-extras.cmake
-- Up-to-date symlink: /home/dyj/ros2_ws/install/stonefish_ros2/share/stonefish_ros2/cmake/ament_cmake_export_dependencies-extras.cmake
-- Up-to-date symlink: /home/dyj/ros2_ws/install/stonefish_ros2/share/stonefish_ros2/cmake/ament_cmake_export_libraries-extras.cmake
-- Up-to-date symlink: /home/dyj/ros2_ws/install/stonefish_ros2/share/stonefish_ros2/cmake/ament_cmake_export_targets-extras.cmake
-- Up-to-date symlink: /home/dyj/ros2_ws/install/stonefish_ros2/share/stonefish_ros2/cmake/ament_cmake_export_include_directories-extras.cmake
-- Up-to-date symlink: /home/dyj/ros2_ws/install/stonefish_ros2/share/stonefish_ros2/cmake/rosidl_cmake_export_typesupport_libraries-extras.cmake
-- Up-to-date symlink: /home/dyj/ros2_ws/install/stonefish_ros2/share/stonefish_ros2/cmake/rosidl_cmake_export_typesupport_targets-extras.cmake
-- Up-to-date symlink: /home/dyj/ros2_ws/install/stonefish_ros2/share/stonefish_ros2/cmake/stonefish_ros2Config.cmake
-- Up-to-date symlink: /home/dyj/ros2_ws/install/stonefish_ros2/share/stonefish_ros2/cmake/stonefish_ros2Config-version.cmake
-- Up-to-date symlink: /home/dyj/ros2_ws/install/stonefish_ros2/share/stonefish_ros2/package.xml
-- Up-to-date: /home/dyj/ros2_ws/install/stonefish_ros2/lib/libstonefish_ros2__rosidl_generator_c.so
-- Up-to-date: /home/dyj/ros2_ws/install/stonefish_ros2/lib/libstonefish_ros2__rosidl_typesupport_introspection_c.so
-- Up-to-date: /home/dyj/ros2_ws/install/stonefish_ros2/lib/libstonefish_ros2__rosidl_typesupport_c.so
-- Up-to-date: /home/dyj/ros2_ws/install/stonefish_ros2/lib/libstonefish_ros2__rosidl_typesupport_introspection_cpp.so
-- Up-to-date: /home/dyj/ros2_ws/install/stonefish_ros2/lib/libstonefish_ros2__rosidl_typesupport_cpp.so
Listing '/home/dyj/ros2_ws/install/stonefish_ros2/lib/python3.8/site-packages/stonefish_ros2'...
Compiling '/home/dyj/ros2_ws/install/stonefish_ros2/lib/python3.8/site-packages/stonefish_ros2/__init__.py'...
Listing '/home/dyj/ros2_ws/install/stonefish_ros2/lib/python3.8/site-packages/stonefish_ros2/msg'...
Listing '/home/dyj/ros2_ws/install/stonefish_ros2/lib/python3.8/site-packages/stonefish_ros2/srv'...
-- Up-to-date: /home/dyj/ros2_ws/install/stonefish_ros2/lib/libstonefish_ros2__rosidl_generator_py.so
-- Up-to-date: /home/dyj/ros2_ws/install/stonefish_ros2/lib/libstonefish_ros2_interface.so
-- Up-to-date: /home/dyj/ros2_ws/install/stonefish_ros2/share/stonefish_ros2/cmake/stonefish_ros2__rosidl_generator_cExport.cmake
-- Installing: /home/dyj/ros2_ws/install/stonefish_ros2/share/stonefish_ros2/cmake/stonefish_ros2__rosidl_generator_cExport-noconfig.cmake
-- Up-to-date: /home/dyj/ros2_ws/install/stonefish_ros2/share/stonefish_ros2/cmake/stonefish_ros2__rosidl_typesupport_introspection_cExport.cmake
-- Installing: /home/dyj/ros2_ws/install/stonefish_ros2/share/stonefish_ros2/cmake/stonefish_ros2__rosidl_typesupport_introspection_cExport-noconfig.cmake
-- Up-to-date: /home/dyj/ros2_ws/install/stonefish_ros2/share/stonefish_ros2/cmake/stonefish_ros2__rosidl_typesupport_cExport.cmake
-- Installing: /home/dyj/ros2_ws/install/stonefish_ros2/share/stonefish_ros2/cmake/stonefish_ros2__rosidl_typesupport_cExport-noconfig.cmake
-- Up-to-date: /home/dyj/ros2_ws/install/stonefish_ros2/share/stonefish_ros2/cmake/stonefish_ros2__rosidl_generator_cppExport.cmake
-- Up-to-date: /home/dyj/ros2_ws/install/stonefish_ros2/share/stonefish_ros2/cmake/stonefish_ros2__rosidl_typesupport_introspection_cppExport.cmake
-- Installing: /home/dyj/ros2_ws/install/stonefish_ros2/share/stonefish_ros2/cmake/stonefish_ros2__rosidl_typesupport_introspection_cppExport-noconfig.cmake
-- Up-to-date: /home/dyj/ros2_ws/install/stonefish_ros2/share/stonefish_ros2/cmake/stonefish_ros2__rosidl_typesupport_cppExport.cmake
-- Installing: /home/dyj/ros2_ws/install/stonefish_ros2/share/stonefish_ros2/cmake/stonefish_ros2__rosidl_typesupport_cppExport-noconfig.cmake
-- Up-to-date: /home/dyj/ros2_ws/install/stonefish_ros2/share/stonefish_ros2/cmake/export_stonefish_ros2__rosidl_generator_pyExport.cmake
-- Installing: /home/dyj/ros2_ws/install/stonefish_ros2/share/stonefish_ros2/cmake/export_stonefish_ros2__rosidl_generator_pyExport-noconfig.cmake
