[01m[K/home/dyj/ros2_ws/src/stonefish_ros2/src/main.cpp:[m[K In function ‘[01m[Kint main(int, const char**)[m[K’:
[01m[K/home/dyj/ros2_ws/src/stonefish_ros2/src/main.cpp:52:5:[m[K [01;31m[Kerror: [m[K‘[01m[KFluidDynamicsTestManager[m[K’ was not declared in this scope; did you mean ‘[01m[Ksf::FluidDynamicsTestManager[m[K’?
   52 |     [01;31m[KFluidDynamicsTestManager[m[K simulationManager(500.0);
      |     [01;31m[K^~~~~~~~~~~~~~~~~~~~~~~~[m[K
      |     [32m[Ksf::FluidDynamicsTestManager[m[K
In file included from [01m[K/home/dyj/ros2_ws/src/stonefish_ros2/src/FluidDynamicsTestApp.h:30[m[K,
                 from [01m[K/home/dyj/ros2_ws/src/stonefish_ros2/src/main.cpp:25[m[K:
[01m[K/home/dyj/ros2_ws/src/stonefish_ros2/src/FluidDynamicsTestManager.h:21:7:[m[K [01;36m[Knote: [m[K‘[01m[Ksf::FluidDynamicsTestManager[m[K’ declared here
   21 | class [01;36m[KFluidDynamicsTestManager[m[K : public SimulationManager
      |       [01;36m[K^~~~~~~~~~~~~~~~~~~~~~~~[m[K
[01m[K/home/dyj/ros2_ws/src/stonefish_ros2/src/main.cpp:53:5:[m[K [01;31m[Kerror: [m[K‘[01m[KsimulationManager[m[K’ was not declared in this scope; did you mean ‘[01m[KbtSimulationIslandManager[m[K’?
   53 |     [01;31m[KsimulationManager[m[K.setRealtimeFactor(1.0);
      |     [01;31m[K^~~~~~~~~~~~~~~~~[m[K
      |     [32m[KbtSimulationIslandManager[m[K
[01m[K/home/dyj/ros2_ws/src/stonefish_ros2/src/main.cpp:54:5:[m[K [01;31m[Kerror: [m[K‘[01m[KFluidDynamicsTestApp[m[K’ was not declared in this scope; did you mean ‘[01m[Ksf::FluidDynamicsTestApp[m[K’?
   54 |     [01;31m[KFluidDynamicsTestApp[m[K app(std::string(DATA_DIR_PATH), s, h, &simulationManager);
      |     [01;31m[K^~~~~~~~~~~~~~~~~~~~[m[K
      |     [32m[Ksf::FluidDynamicsTestApp[m[K
In file included from [01m[K/home/dyj/ros2_ws/src/stonefish_ros2/src/main.cpp:25[m[K:
[01m[K/home/dyj/ros2_ws/src/stonefish_ros2/src/FluidDynamicsTestApp.h:33:7:[m[K [01;36m[Knote: [m[K‘[01m[Ksf::FluidDynamicsTestApp[m[K’ declared here
   33 | class [01;36m[KFluidDynamicsTestApp[m[K : public sf::GraphicalSimulationApp
      |       [01;36m[K^~~~~~~~~~~~~~~~~~~~[m[K
[01m[K/home/dyj/ros2_ws/src/stonefish_ros2/src/main.cpp:55:5:[m[K [01;31m[Kerror: [m[K‘[01m[Kapp[m[K’ was not declared in this scope
   55 |     [01;31m[Kapp[m[K.Run();
      |     [01;31m[K^~~[m[K
[01m[K/home/dyj/ros2_ws/src/stonefish_ros2/src/main.cpp:29:14:[m[K [01;35m[Kwarning: [m[Kunused parameter ‘[01m[Kargc[m[K’ [[01;35m[K-Wunused-parameter[m[K]
   29 | int main([01;35m[Kint argc[m[K, const char * argv[])
      |          [01;35m[K~~~~^~~~[m[K
[01m[K/home/dyj/ros2_ws/src/stonefish_ros2/src/main.cpp:29:33:[m[K [01;35m[Kwarning: [m[Kunused parameter ‘[01m[Kargv[m[K’ [[01;35m[K-Wunused-parameter[m[K]
   29 | int main(int argc, [01;35m[Kconst char * argv[][m[K)
      |                    [01;35m[K~~~~~~~~~~~~~^~~~~~[m[K
make[2]: *** [CMakeFiles/fluid_dynamics_test.dir/build.make:92：CMakeFiles/fluid_dynamics_test.dir/src/main.cpp.o] 错误 1
make[1]: *** [CMakeFiles/Makefile2:390：CMakeFiles/fluid_dynamics_test.dir/all] 错误 2
make: *** [Makefile:144：all] 错误 2
