[0.007s] Invoking command in '/home/dyj/ros2_ws/build/stonefish_ros2': CMAKE_PREFIX_PATH=${CMAKE_PREFIX_PATH}:/opt/ros/rolling /usr/bin/cmake --build /home/dyj/ros2_ws/build/stonefish_ros2 -- -j16 -l16
[0.028s] /usr/bin/cmake -S/home/dyj/ros2_ws/src/stonefish_ros2 -B/home/dyj/ros2_ws/build/stonefish_ros2 --check-build-system CMakeFiles/Makefile.cmake 0
[0.040s] /usr/bin/cmake -E cmake_progress_start /home/dyj/ros2_ws/build/stonefish_ros2/CMakeFiles /home/dyj/ros2_ws/build/stonefish_ros2/CMakeFiles/progress.marks
[0.044s] /usr/bin/make -f CMakeFiles/Makefile2 all
[0.046s] make[1]: 进入目录“/home/dyj/ros2_ws/build/stonefish_ros2”
[0.046s] /usr/bin/make -f CMakeFiles/stonefish_ros2__cpp.dir/build.make CMakeFiles/stonefish_ros2__cpp.dir/depend
[0.046s] /usr/bin/make -f CMakeFiles/stonefish_ros2__rosidl_generator_c.dir/build.make CMakeFiles/stonefish_ros2__rosidl_generator_c.dir/depend
[0.046s] /usr/bin/make -f CMakeFiles/ament_cmake_python_symlink_stonefish_ros2.dir/build.make CMakeFiles/ament_cmake_python_symlink_stonefish_ros2.dir/depend
[0.047s] make[2]: 进入目录“/home/dyj/ros2_ws/build/stonefish_ros2”
[0.047s] cd /home/dyj/ros2_ws/build/stonefish_ros2 && /usr/bin/cmake -E cmake_depends "Unix Makefiles" /home/dyj/ros2_ws/src/stonefish_ros2 /home/dyj/ros2_ws/src/stonefish_ros2 /home/dyj/ros2_ws/build/stonefish_ros2 /home/dyj/ros2_ws/build/stonefish_ros2 /home/dyj/ros2_ws/build/stonefish_ros2/CMakeFiles/stonefish_ros2__cpp.dir/DependInfo.cmake --color=
[0.047s] make[2]: 进入目录“/home/dyj/ros2_ws/build/stonefish_ros2”
[0.047s] cd /home/dyj/ros2_ws/build/stonefish_ros2 && /usr/bin/cmake -E cmake_depends "Unix Makefiles" /home/dyj/ros2_ws/src/stonefish_ros2 /home/dyj/ros2_ws/src/stonefish_ros2 /home/dyj/ros2_ws/build/stonefish_ros2 /home/dyj/ros2_ws/build/stonefish_ros2 /home/dyj/ros2_ws/build/stonefish_ros2/CMakeFiles/ament_cmake_python_symlink_stonefish_ros2.dir/DependInfo.cmake --color=
[0.050s] make[2]: 进入目录“/home/dyj/ros2_ws/build/stonefish_ros2”
[0.050s] cd /home/dyj/ros2_ws/build/stonefish_ros2 && /usr/bin/cmake -E cmake_depends "Unix Makefiles" /home/dyj/ros2_ws/src/stonefish_ros2 /home/dyj/ros2_ws/src/stonefish_ros2 /home/dyj/ros2_ws/build/stonefish_ros2 /home/dyj/ros2_ws/build/stonefish_ros2 /home/dyj/ros2_ws/build/stonefish_ros2/CMakeFiles/stonefish_ros2__rosidl_generator_c.dir/DependInfo.cmake --color=
[0.055s] make[2]: 离开目录“/home/dyj/ros2_ws/build/stonefish_ros2”
[0.055s] /usr/bin/make -f CMakeFiles/ament_cmake_python_symlink_stonefish_ros2.dir/build.make CMakeFiles/ament_cmake_python_symlink_stonefish_ros2.dir/build
[0.056s] make[2]: 离开目录“/home/dyj/ros2_ws/build/stonefish_ros2”
[0.056s] /usr/bin/make -f CMakeFiles/stonefish_ros2__cpp.dir/build.make CMakeFiles/stonefish_ros2__cpp.dir/build
[0.056s] make[2]: 进入目录“/home/dyj/ros2_ws/build/stonefish_ros2”
[0.056s] /usr/bin/cmake -E create_symlink /home/dyj/ros2_ws/build/stonefish_ros2/rosidl_generator_py/stonefish_ros2 /home/dyj/ros2_ws/build/stonefish_ros2/ament_cmake_python/stonefish_ros2/stonefish_ros2
[0.057s] make[2]: 离开目录“/home/dyj/ros2_ws/build/stonefish_ros2”
[0.057s] /usr/bin/make -f CMakeFiles/stonefish_ros2__rosidl_generator_c.dir/build.make CMakeFiles/stonefish_ros2__rosidl_generator_c.dir/build
[0.058s] make[2]: 进入目录“/home/dyj/ros2_ws/build/stonefish_ros2”
[0.058s] make[2]: 对“CMakeFiles/stonefish_ros2__cpp.dir/build”无需做任何事。
[0.058s] make[2]: 离开目录“/home/dyj/ros2_ws/build/stonefish_ros2”
[0.059s] make[2]: 离开目录“/home/dyj/ros2_ws/build/stonefish_ros2”
[0.061s] make[2]: 进入目录“/home/dyj/ros2_ws/build/stonefish_ros2”
[0.061s] make[2]: 对“CMakeFiles/stonefish_ros2__rosidl_generator_c.dir/build”无需做任何事。
[0.062s] make[2]: 离开目录“/home/dyj/ros2_ws/build/stonefish_ros2”
[0.062s] [  0%] Built target ament_cmake_python_symlink_stonefish_ros2
[0.063s] /usr/bin/make -f CMakeFiles/ament_cmake_python_build_stonefish_ros2_egg.dir/build.make CMakeFiles/ament_cmake_python_build_stonefish_ros2_egg.dir/depend
[0.063s] make[2]: 进入目录“/home/dyj/ros2_ws/build/stonefish_ros2”
[0.063s] cd /home/dyj/ros2_ws/build/stonefish_ros2 && /usr/bin/cmake -E cmake_depends "Unix Makefiles" /home/dyj/ros2_ws/src/stonefish_ros2 /home/dyj/ros2_ws/src/stonefish_ros2 /home/dyj/ros2_ws/build/stonefish_ros2 /home/dyj/ros2_ws/build/stonefish_ros2 /home/dyj/ros2_ws/build/stonefish_ros2/CMakeFiles/ament_cmake_python_build_stonefish_ros2_egg.dir/DependInfo.cmake --color=
[0.065s] [ 10%] Built target stonefish_ros2__rosidl_generator_c
[0.065s] /usr/bin/make -f CMakeFiles/stonefish_ros2__rosidl_typesupport_c.dir/build.make CMakeFiles/stonefish_ros2__rosidl_typesupport_c.dir/depend
[0.065s] /usr/bin/make -f CMakeFiles/stonefish_ros2__rosidl_typesupport_introspection_c.dir/build.make CMakeFiles/stonefish_ros2__rosidl_typesupport_introspection_c.dir/depend
[0.066s] [ 11%] Built target stonefish_ros2__cpp
[0.066s] /usr/bin/make -f CMakeFiles/stonefish_ros2__rosidl_typesupport_cpp.dir/build.make CMakeFiles/stonefish_ros2__rosidl_typesupport_cpp.dir/depend
[0.066s] /usr/bin/make -f CMakeFiles/stonefish_ros2__rosidl_typesupport_fastrtps_cpp.dir/build.make CMakeFiles/stonefish_ros2__rosidl_typesupport_fastrtps_cpp.dir/depend
[0.067s] /usr/bin/make -f CMakeFiles/stonefish_ros2__rosidl_typesupport_introspection_cpp.dir/build.make CMakeFiles/stonefish_ros2__rosidl_typesupport_introspection_cpp.dir/depend
[0.067s] make[2]: 进入目录“/home/dyj/ros2_ws/build/stonefish_ros2”
[0.067s] cd /home/dyj/ros2_ws/build/stonefish_ros2 && /usr/bin/cmake -E cmake_depends "Unix Makefiles" /home/dyj/ros2_ws/src/stonefish_ros2 /home/dyj/ros2_ws/src/stonefish_ros2 /home/dyj/ros2_ws/build/stonefish_ros2 /home/dyj/ros2_ws/build/stonefish_ros2 /home/dyj/ros2_ws/build/stonefish_ros2/CMakeFiles/stonefish_ros2__rosidl_typesupport_c.dir/DependInfo.cmake --color=
[0.067s] make[2]: 进入目录“/home/dyj/ros2_ws/build/stonefish_ros2”
[0.067s] cd /home/dyj/ros2_ws/build/stonefish_ros2 && /usr/bin/cmake -E cmake_depends "Unix Makefiles" /home/dyj/ros2_ws/src/stonefish_ros2 /home/dyj/ros2_ws/src/stonefish_ros2 /home/dyj/ros2_ws/build/stonefish_ros2 /home/dyj/ros2_ws/build/stonefish_ros2 /home/dyj/ros2_ws/build/stonefish_ros2/CMakeFiles/stonefish_ros2__rosidl_typesupport_introspection_c.dir/DependInfo.cmake --color=
[0.068s] make[2]: 进入目录“/home/dyj/ros2_ws/build/stonefish_ros2”
[0.068s] cd /home/dyj/ros2_ws/build/stonefish_ros2 && /usr/bin/cmake -E cmake_depends "Unix Makefiles" /home/dyj/ros2_ws/src/stonefish_ros2 /home/dyj/ros2_ws/src/stonefish_ros2 /home/dyj/ros2_ws/build/stonefish_ros2 /home/dyj/ros2_ws/build/stonefish_ros2 /home/dyj/ros2_ws/build/stonefish_ros2/CMakeFiles/stonefish_ros2__rosidl_typesupport_cpp.dir/DependInfo.cmake --color=
[0.068s] make[2]: 进入目录“/home/dyj/ros2_ws/build/stonefish_ros2”
[0.068s] cd /home/dyj/ros2_ws/build/stonefish_ros2 && /usr/bin/cmake -E cmake_depends "Unix Makefiles" /home/dyj/ros2_ws/src/stonefish_ros2 /home/dyj/ros2_ws/src/stonefish_ros2 /home/dyj/ros2_ws/build/stonefish_ros2 /home/dyj/ros2_ws/build/stonefish_ros2 /home/dyj/ros2_ws/build/stonefish_ros2/CMakeFiles/stonefish_ros2__rosidl_typesupport_introspection_cpp.dir/DependInfo.cmake --color=
[0.069s] make[2]: 离开目录“/home/dyj/ros2_ws/build/stonefish_ros2”
[0.069s] /usr/bin/make -f CMakeFiles/ament_cmake_python_build_stonefish_ros2_egg.dir/build.make CMakeFiles/ament_cmake_python_build_stonefish_ros2_egg.dir/build
[0.070s] make[2]: 进入目录“/home/dyj/ros2_ws/build/stonefish_ros2”
[0.070s] cd /home/dyj/ros2_ws/build/stonefish_ros2/ament_cmake_python/stonefish_ros2 && /usr/bin/python3.8 setup.py egg_info
[0.071s] make[2]: 离开目录“/home/dyj/ros2_ws/build/stonefish_ros2”
[0.071s] /usr/bin/make -f CMakeFiles/stonefish_ros2__rosidl_typesupport_c.dir/build.make CMakeFiles/stonefish_ros2__rosidl_typesupport_c.dir/build
[0.071s] make[2]: 离开目录“/home/dyj/ros2_ws/build/stonefish_ros2”
[0.071s] make[2]: 进入目录“/home/dyj/ros2_ws/build/stonefish_ros2”
[0.071s] cd /home/dyj/ros2_ws/build/stonefish_ros2 && /usr/bin/cmake -E cmake_depends "Unix Makefiles" /home/dyj/ros2_ws/src/stonefish_ros2 /home/dyj/ros2_ws/src/stonefish_ros2 /home/dyj/ros2_ws/build/stonefish_ros2 /home/dyj/ros2_ws/build/stonefish_ros2 /home/dyj/ros2_ws/build/stonefish_ros2/CMakeFiles/stonefish_ros2__rosidl_typesupport_fastrtps_cpp.dir/DependInfo.cmake --color=
[0.072s] /usr/bin/make -f CMakeFiles/stonefish_ros2__rosidl_typesupport_introspection_c.dir/build.make CMakeFiles/stonefish_ros2__rosidl_typesupport_introspection_c.dir/build
[0.072s] make[2]: 离开目录“/home/dyj/ros2_ws/build/stonefish_ros2”
[0.072s] /usr/bin/make -f CMakeFiles/stonefish_ros2__rosidl_typesupport_cpp.dir/build.make CMakeFiles/stonefish_ros2__rosidl_typesupport_cpp.dir/build
[0.072s] make[2]: 离开目录“/home/dyj/ros2_ws/build/stonefish_ros2”
[0.072s] /usr/bin/make -f CMakeFiles/stonefish_ros2__rosidl_typesupport_introspection_cpp.dir/build.make CMakeFiles/stonefish_ros2__rosidl_typesupport_introspection_cpp.dir/build
[0.075s] make[2]: 进入目录“/home/dyj/ros2_ws/build/stonefish_ros2”
[0.075s] make[2]: 对“CMakeFiles/stonefish_ros2__rosidl_typesupport_c.dir/build”无需做任何事。
[0.075s] make[2]: 离开目录“/home/dyj/ros2_ws/build/stonefish_ros2”
[0.076s] make[2]: 离开目录“/home/dyj/ros2_ws/build/stonefish_ros2”
[0.076s] /usr/bin/make -f CMakeFiles/stonefish_ros2__rosidl_typesupport_fastrtps_cpp.dir/build.make CMakeFiles/stonefish_ros2__rosidl_typesupport_fastrtps_cpp.dir/build
[0.076s] make[2]: 进入目录“/home/dyj/ros2_ws/build/stonefish_ros2”
[0.076s] make[2]: 对“CMakeFiles/stonefish_ros2__rosidl_typesupport_cpp.dir/build”无需做任何事。
[0.076s] make[2]: 离开目录“/home/dyj/ros2_ws/build/stonefish_ros2”
[0.076s] make[2]: 进入目录“/home/dyj/ros2_ws/build/stonefish_ros2”
[0.076s] make[2]: 对“CMakeFiles/stonefish_ros2__rosidl_typesupport_introspection_c.dir/build”无需做任何事。
[0.076s] make[2]: 离开目录“/home/dyj/ros2_ws/build/stonefish_ros2”
[0.076s] make[2]: 进入目录“/home/dyj/ros2_ws/build/stonefish_ros2”
[0.076s] make[2]: 对“CMakeFiles/stonefish_ros2__rosidl_typesupport_introspection_cpp.dir/build”无需做任何事。
[0.077s] make[2]: 离开目录“/home/dyj/ros2_ws/build/stonefish_ros2”
[0.078s] [ 21%] Built target stonefish_ros2__rosidl_typesupport_c
[0.079s] [ 31%] Built target stonefish_ros2__rosidl_typesupport_cpp
[0.080s] /usr/bin/make -f CMakeFiles/camera_test.dir/build.make CMakeFiles/camera_test.dir/depend
[0.080s] /usr/bin/make -f CMakeFiles/stonefish_ros2_interface.dir/build.make CMakeFiles/stonefish_ros2_interface.dir/depend
[0.080s] [ 46%] Built target stonefish_ros2__rosidl_typesupport_introspection_c
[0.080s] /usr/bin/make -f CMakeFiles/fluid_dynamics_test.dir/build.make CMakeFiles/fluid_dynamics_test.dir/depend
[0.080s] [ 53%] Built target stonefish_ros2__rosidl_typesupport_introspection_cpp
[0.080s] make[2]: 进入目录“/home/dyj/ros2_ws/build/stonefish_ros2”
[0.080s] cd /home/dyj/ros2_ws/build/stonefish_ros2 && /usr/bin/cmake -E cmake_depends "Unix Makefiles" /home/dyj/ros2_ws/src/stonefish_ros2 /home/dyj/ros2_ws/src/stonefish_ros2 /home/dyj/ros2_ws/build/stonefish_ros2 /home/dyj/ros2_ws/build/stonefish_ros2 /home/dyj/ros2_ws/build/stonefish_ros2/CMakeFiles/camera_test.dir/DependInfo.cmake --color=
[0.081s] make[2]: 进入目录“/home/dyj/ros2_ws/build/stonefish_ros2”
[0.081s] make[2]: 对“CMakeFiles/stonefish_ros2__rosidl_typesupport_fastrtps_cpp.dir/build”无需做任何事。
[0.081s] make[2]: 离开目录“/home/dyj/ros2_ws/build/stonefish_ros2”
[0.082s] make[2]: 进入目录“/home/dyj/ros2_ws/build/stonefish_ros2”
[0.083s] cd /home/dyj/ros2_ws/build/stonefish_ros2 && /usr/bin/cmake -E cmake_depends "Unix Makefiles" /home/dyj/ros2_ws/src/stonefish_ros2 /home/dyj/ros2_ws/src/stonefish_ros2 /home/dyj/ros2_ws/build/stonefish_ros2 /home/dyj/ros2_ws/build/stonefish_ros2 /home/dyj/ros2_ws/build/stonefish_ros2/CMakeFiles/fluid_dynamics_test.dir/DependInfo.cmake --color=
[0.084s] make[2]: 离开目录“/home/dyj/ros2_ws/build/stonefish_ros2”
[0.084s] /usr/bin/make -f CMakeFiles/camera_test.dir/build.make CMakeFiles/camera_test.dir/build
[0.085s] [ 63%] Built target stonefish_ros2__rosidl_typesupport_fastrtps_cpp
[0.085s] make[2]: 进入目录“/home/dyj/ros2_ws/build/stonefish_ros2”
[0.085s] cd /home/dyj/ros2_ws/build/stonefish_ros2 && /usr/bin/cmake -E cmake_depends "Unix Makefiles" /home/dyj/ros2_ws/src/stonefish_ros2 /home/dyj/ros2_ws/src/stonefish_ros2 /home/dyj/ros2_ws/build/stonefish_ros2 /home/dyj/ros2_ws/build/stonefish_ros2 /home/dyj/ros2_ws/build/stonefish_ros2/CMakeFiles/stonefish_ros2_interface.dir/DependInfo.cmake --color=
[0.085s] /usr/bin/make -f CMakeFiles/stonefish_ros2__rosidl_typesupport_fastrtps_c.dir/build.make CMakeFiles/stonefish_ros2__rosidl_typesupport_fastrtps_c.dir/depend
[0.086s] Dependee "/home/dyj/ros2_ws/src/stonefish_ros2/src/FluidDynamicsTestManager.cpp" is newer than depends file "/home/dyj/ros2_ws/build/stonefish_ros2/CMakeFiles/fluid_dynamics_test.dir/depend.internal".
[0.086s] Clearing dependencies in "/home/dyj/ros2_ws/build/stonefish_ros2/CMakeFiles/fluid_dynamics_test.dir/depend.make".
[0.087s] [35m[1mScanning dependencies of target fluid_dynamics_test[0m
[0.087s] make[2]: 进入目录“/home/dyj/ros2_ws/build/stonefish_ros2”
[0.087s] make[2]: 对“CMakeFiles/camera_test.dir/build”无需做任何事。
[0.087s] make[2]: 离开目录“/home/dyj/ros2_ws/build/stonefish_ros2”
[0.087s] make[2]: 进入目录“/home/dyj/ros2_ws/build/stonefish_ros2”
[0.087s] cd /home/dyj/ros2_ws/build/stonefish_ros2 && /usr/bin/cmake -E cmake_depends "Unix Makefiles" /home/dyj/ros2_ws/src/stonefish_ros2 /home/dyj/ros2_ws/src/stonefish_ros2 /home/dyj/ros2_ws/build/stonefish_ros2 /home/dyj/ros2_ws/build/stonefish_ros2 /home/dyj/ros2_ws/build/stonefish_ros2/CMakeFiles/stonefish_ros2__rosidl_typesupport_fastrtps_c.dir/DependInfo.cmake --color=
[0.090s] make[2]: 离开目录“/home/dyj/ros2_ws/build/stonefish_ros2”
[0.090s] /usr/bin/make -f CMakeFiles/stonefish_ros2_interface.dir/build.make CMakeFiles/stonefish_ros2_interface.dir/build
[0.090s] [ 65%] Built target camera_test
[0.091s] make[2]: 离开目录“/home/dyj/ros2_ws/build/stonefish_ros2”
[0.091s] /usr/bin/make -f CMakeFiles/stonefish_ros2__rosidl_typesupport_fastrtps_c.dir/build.make CMakeFiles/stonefish_ros2__rosidl_typesupport_fastrtps_c.dir/build
[0.097s] make[2]: 进入目录“/home/dyj/ros2_ws/build/stonefish_ros2”
[0.097s] make[2]: 对“CMakeFiles/stonefish_ros2__rosidl_typesupport_fastrtps_c.dir/build”无需做任何事。
[0.097s] make[2]: 离开目录“/home/dyj/ros2_ws/build/stonefish_ros2”
[0.097s] make[2]: 离开目录“/home/dyj/ros2_ws/build/stonefish_ros2”
[0.097s] /usr/bin/make -f CMakeFiles/fluid_dynamics_test.dir/build.make CMakeFiles/fluid_dynamics_test.dir/build
[0.101s] [ 76%] Built target stonefish_ros2__rosidl_typesupport_fastrtps_c
[0.102s] /usr/bin/make -f CMakeFiles/stonefish_ros2.dir/build.make CMakeFiles/stonefish_ros2.dir/depend
[0.102s] make[2]: 进入目录“/home/dyj/ros2_ws/build/stonefish_ros2”
[0.102s] make[2]: 对“CMakeFiles/stonefish_ros2_interface.dir/build”无需做任何事。
[0.102s] make[2]: 离开目录“/home/dyj/ros2_ws/build/stonefish_ros2”
[0.102s] make[2]: 进入目录“/home/dyj/ros2_ws/build/stonefish_ros2”
[0.103s] cd /home/dyj/ros2_ws/build/stonefish_ros2 && /usr/bin/cmake -E cmake_depends "Unix Makefiles" /home/dyj/ros2_ws/src/stonefish_ros2 /home/dyj/ros2_ws/src/stonefish_ros2 /home/dyj/ros2_ws/build/stonefish_ros2 /home/dyj/ros2_ws/build/stonefish_ros2 /home/dyj/ros2_ws/build/stonefish_ros2/CMakeFiles/stonefish_ros2.dir/DependInfo.cmake --color=
[0.106s] [ 80%] Built target stonefish_ros2_interface
[0.106s] /usr/bin/make -f CMakeFiles/stonefish_simulator_nogpu.dir/build.make CMakeFiles/stonefish_simulator_nogpu.dir/depend
[0.106s] /usr/bin/make -f CMakeFiles/stonefish_simulator.dir/build.make CMakeFiles/stonefish_simulator.dir/depend
[0.106s] make[2]: 离开目录“/home/dyj/ros2_ws/build/stonefish_ros2”
[0.106s] /usr/bin/make -f CMakeFiles/stonefish_ros2.dir/build.make CMakeFiles/stonefish_ros2.dir/build
[0.107s] make[2]: 进入目录“/home/dyj/ros2_ws/build/stonefish_ros2”
[0.108s] make[2]: 进入目录“/home/dyj/ros2_ws/build/stonefish_ros2”
[0.108s] make[2]: 对“CMakeFiles/stonefish_ros2.dir/build”无需做任何事。
[0.108s] make[2]: 离开目录“/home/dyj/ros2_ws/build/stonefish_ros2”
[0.108s] make[2]: 进入目录“/home/dyj/ros2_ws/build/stonefish_ros2”
[0.108s] cd /home/dyj/ros2_ws/build/stonefish_ros2 && /usr/bin/cmake -E cmake_depends "Unix Makefiles" /home/dyj/ros2_ws/src/stonefish_ros2 /home/dyj/ros2_ws/src/stonefish_ros2 /home/dyj/ros2_ws/build/stonefish_ros2 /home/dyj/ros2_ws/build/stonefish_ros2 /home/dyj/ros2_ws/build/stonefish_ros2/CMakeFiles/stonefish_simulator.dir/DependInfo.cmake --color=
[0.110s] make[2]: 进入目录“/home/dyj/ros2_ws/build/stonefish_ros2”
[0.110s] cd /home/dyj/ros2_ws/build/stonefish_ros2 && /usr/bin/cmake -E cmake_depends "Unix Makefiles" /home/dyj/ros2_ws/src/stonefish_ros2 /home/dyj/ros2_ws/src/stonefish_ros2 /home/dyj/ros2_ws/build/stonefish_ros2 /home/dyj/ros2_ws/build/stonefish_ros2 /home/dyj/ros2_ws/build/stonefish_ros2/CMakeFiles/stonefish_simulator_nogpu.dir/DependInfo.cmake --color=
[0.111s] [ 80%] [32mBuilding CXX object CMakeFiles/fluid_dynamics_test.dir/src/FluidDynamicsTestManager.cpp.o[0m
[0.111s] /usr/bin/c++  -DBT_EULER_DEFAULT_ZYX -DBT_USE_DOUBLE_PRECISION -DDATA_DIR_PATH=\"/home/dyj/ros2_ws/src/stonefish_ros2/Data/\" -DDEFAULT_RMW_IMPLEMENTATION=rmw_cyclonedds_cpp -DRCUTILS_ENABLE_FAULT_INJECTION -DROS_PACKAGE_NAME=\"stonefish_ros2\" -DSHADER_DIR_PATH=\"/usr/local/share/Stonefish/shaders/\" -Dqh_QHpointer -DvtkRenderingContext2D_AUTOINIT="1(vtkRenderingContextOpenGL2)" -DvtkRenderingCore_AUTOINIT="3(vtkInteractionStyle,vtkRenderingFreeType,vtkRenderingOpenGL2)" -I/usr/include/vtk-7.1 -I/usr/include/freetype2 -I/home/dyj/ros2_ws/build/stonefish_ros2/rosidl_generator_cpp -isystem /opt/ros/rolling/include -isystem /usr/local/include/Stonefish  -Wall -Wextra -Wpedantic -std=gnu++2a -o CMakeFiles/fluid_dynamics_test.dir/src/FluidDynamicsTestManager.cpp.o -c /home/dyj/ros2_ws/src/stonefish_ros2/src/FluidDynamicsTestManager.cpp
[0.111s] [ 80%] Built target stonefish_ros2
[0.112s] /usr/bin/make -f stonefish_ros2__py/CMakeFiles/stonefish_ros2__py.dir/build.make stonefish_ros2__py/CMakeFiles/stonefish_ros2__py.dir/depend
[0.112s] make[2]: 进入目录“/home/dyj/ros2_ws/build/stonefish_ros2”
[0.112s] cd /home/dyj/ros2_ws/build/stonefish_ros2 && /usr/bin/cmake -E cmake_depends "Unix Makefiles" /home/dyj/ros2_ws/src/stonefish_ros2 /home/dyj/ros2_ws/build/stonefish_ros2/stonefish_ros2__py /home/dyj/ros2_ws/build/stonefish_ros2 /home/dyj/ros2_ws/build/stonefish_ros2/stonefish_ros2__py /home/dyj/ros2_ws/build/stonefish_ros2/stonefish_ros2__py/CMakeFiles/stonefish_ros2__py.dir/DependInfo.cmake --color=
[0.112s] make[2]: 离开目录“/home/dyj/ros2_ws/build/stonefish_ros2”
[0.113s] /usr/bin/make -f CMakeFiles/stonefish_simulator.dir/build.make CMakeFiles/stonefish_simulator.dir/build
[0.115s] make[2]: 离开目录“/home/dyj/ros2_ws/build/stonefish_ros2”
[0.115s] /usr/bin/make -f CMakeFiles/stonefish_simulator_nogpu.dir/build.make CMakeFiles/stonefish_simulator_nogpu.dir/build
[0.116s] make[2]: 离开目录“/home/dyj/ros2_ws/build/stonefish_ros2”
[0.116s] /usr/bin/make -f stonefish_ros2__py/CMakeFiles/stonefish_ros2__py.dir/build.make stonefish_ros2__py/CMakeFiles/stonefish_ros2__py.dir/build
[0.117s] make[2]: 进入目录“/home/dyj/ros2_ws/build/stonefish_ros2”
[0.117s] make[2]: 对“stonefish_ros2__py/CMakeFiles/stonefish_ros2__py.dir/build”无需做任何事。
[0.117s] make[2]: 离开目录“/home/dyj/ros2_ws/build/stonefish_ros2”
[0.120s] make[2]: 进入目录“/home/dyj/ros2_ws/build/stonefish_ros2”
[0.120s] make[2]: 对“CMakeFiles/stonefish_simulator.dir/build”无需做任何事。
[0.120s] make[2]: 离开目录“/home/dyj/ros2_ws/build/stonefish_ros2”
[0.121s] [ 81%] Built target stonefish_ros2__py
[0.122s] /usr/bin/make -f CMakeFiles/stonefish_ros2__rosidl_generator_py.dir/build.make CMakeFiles/stonefish_ros2__rosidl_generator_py.dir/depend
[0.122s] make[2]: 进入目录“/home/dyj/ros2_ws/build/stonefish_ros2”
[0.122s] make[2]: 对“CMakeFiles/stonefish_simulator_nogpu.dir/build”无需做任何事。
[0.122s] make[2]: 离开目录“/home/dyj/ros2_ws/build/stonefish_ros2”
[0.123s] [ 82%] Built target stonefish_simulator
[0.124s] make[2]: 进入目录“/home/dyj/ros2_ws/build/stonefish_ros2”
[0.124s] cd /home/dyj/ros2_ws/build/stonefish_ros2 && /usr/bin/cmake -E cmake_depends "Unix Makefiles" /home/dyj/ros2_ws/src/stonefish_ros2 /home/dyj/ros2_ws/src/stonefish_ros2 /home/dyj/ros2_ws/build/stonefish_ros2 /home/dyj/ros2_ws/build/stonefish_ros2 /home/dyj/ros2_ws/build/stonefish_ros2/CMakeFiles/stonefish_ros2__rosidl_generator_py.dir/DependInfo.cmake --color=
[0.126s] [ 84%] Built target stonefish_simulator_nogpu
[0.128s] make[2]: 离开目录“/home/dyj/ros2_ws/build/stonefish_ros2”
[0.129s] /usr/bin/make -f CMakeFiles/stonefish_ros2__rosidl_generator_py.dir/build.make CMakeFiles/stonefish_ros2__rosidl_generator_py.dir/build
[0.134s] make[2]: 进入目录“/home/dyj/ros2_ws/build/stonefish_ros2”
[0.134s] make[2]: 对“CMakeFiles/stonefish_ros2__rosidl_generator_py.dir/build”无需做任何事。
[0.134s] make[2]: 离开目录“/home/dyj/ros2_ws/build/stonefish_ros2”
[0.142s] [ 94%] Built target stonefish_ros2__rosidl_generator_py
[0.143s] /usr/bin/make -f CMakeFiles/stonefish_ros2__rosidl_typesupport_c__pyext.dir/build.make CMakeFiles/stonefish_ros2__rosidl_typesupport_c__pyext.dir/depend
[0.143s] /usr/bin/make -f CMakeFiles/stonefish_ros2__rosidl_typesupport_fastrtps_c__pyext.dir/build.make CMakeFiles/stonefish_ros2__rosidl_typesupport_fastrtps_c__pyext.dir/depend
[0.143s] /usr/bin/make -f CMakeFiles/stonefish_ros2__rosidl_typesupport_introspection_c__pyext.dir/build.make CMakeFiles/stonefish_ros2__rosidl_typesupport_introspection_c__pyext.dir/depend
[0.144s] make[2]: 进入目录“/home/dyj/ros2_ws/build/stonefish_ros2”
[0.144s] cd /home/dyj/ros2_ws/build/stonefish_ros2 && /usr/bin/cmake -E cmake_depends "Unix Makefiles" /home/dyj/ros2_ws/src/stonefish_ros2 /home/dyj/ros2_ws/src/stonefish_ros2 /home/dyj/ros2_ws/build/stonefish_ros2 /home/dyj/ros2_ws/build/stonefish_ros2 /home/dyj/ros2_ws/build/stonefish_ros2/CMakeFiles/stonefish_ros2__rosidl_typesupport_c__pyext.dir/DependInfo.cmake --color=
[0.144s] make[2]: 进入目录“/home/dyj/ros2_ws/build/stonefish_ros2”
[0.144s] cd /home/dyj/ros2_ws/build/stonefish_ros2 && /usr/bin/cmake -E cmake_depends "Unix Makefiles" /home/dyj/ros2_ws/src/stonefish_ros2 /home/dyj/ros2_ws/src/stonefish_ros2 /home/dyj/ros2_ws/build/stonefish_ros2 /home/dyj/ros2_ws/build/stonefish_ros2 /home/dyj/ros2_ws/build/stonefish_ros2/CMakeFiles/stonefish_ros2__rosidl_typesupport_introspection_c__pyext.dir/DependInfo.cmake --color=
[0.145s] make[2]: 进入目录“/home/dyj/ros2_ws/build/stonefish_ros2”
[0.145s] cd /home/dyj/ros2_ws/build/stonefish_ros2 && /usr/bin/cmake -E cmake_depends "Unix Makefiles" /home/dyj/ros2_ws/src/stonefish_ros2 /home/dyj/ros2_ws/src/stonefish_ros2 /home/dyj/ros2_ws/build/stonefish_ros2 /home/dyj/ros2_ws/build/stonefish_ros2 /home/dyj/ros2_ws/build/stonefish_ros2/CMakeFiles/stonefish_ros2__rosidl_typesupport_fastrtps_c__pyext.dir/DependInfo.cmake --color=
[0.149s] make[2]: 离开目录“/home/dyj/ros2_ws/build/stonefish_ros2”
[0.149s] /usr/bin/make -f CMakeFiles/stonefish_ros2__rosidl_typesupport_introspection_c__pyext.dir/build.make CMakeFiles/stonefish_ros2__rosidl_typesupport_introspection_c__pyext.dir/build
[0.152s] make[2]: 离开目录“/home/dyj/ros2_ws/build/stonefish_ros2”
[0.152s] /usr/bin/make -f CMakeFiles/stonefish_ros2__rosidl_typesupport_c__pyext.dir/build.make CMakeFiles/stonefish_ros2__rosidl_typesupport_c__pyext.dir/build
[0.153s] make[2]: 离开目录“/home/dyj/ros2_ws/build/stonefish_ros2”
[0.153s] /usr/bin/make -f CMakeFiles/stonefish_ros2__rosidl_typesupport_fastrtps_c__pyext.dir/build.make CMakeFiles/stonefish_ros2__rosidl_typesupport_fastrtps_c__pyext.dir/build
[0.156s] make[2]: 进入目录“/home/dyj/ros2_ws/build/stonefish_ros2”
[0.156s] make[2]: 对“CMakeFiles/stonefish_ros2__rosidl_typesupport_c__pyext.dir/build”无需做任何事。
[0.156s] make[2]: 离开目录“/home/dyj/ros2_ws/build/stonefish_ros2”
[0.157s] make[2]: 进入目录“/home/dyj/ros2_ws/build/stonefish_ros2”
[0.157s] make[2]: 对“CMakeFiles/stonefish_ros2__rosidl_typesupport_fastrtps_c__pyext.dir/build”无需做任何事。
[0.157s] make[2]: 离开目录“/home/dyj/ros2_ws/build/stonefish_ros2”
[0.158s] make[2]: 进入目录“/home/dyj/ros2_ws/build/stonefish_ros2”
[0.158s] make[2]: 对“CMakeFiles/stonefish_ros2__rosidl_typesupport_introspection_c__pyext.dir/build”无需做任何事。
[0.158s] make[2]: 离开目录“/home/dyj/ros2_ws/build/stonefish_ros2”
[0.161s] [ 95%] Built target stonefish_ros2__rosidl_typesupport_fastrtps_c__pyext
[0.161s] [ 97%] Built target stonefish_ros2__rosidl_typesupport_c__pyext
[0.161s] [ 98%] Built target stonefish_ros2__rosidl_typesupport_introspection_c__pyext
[0.167s] running egg_info
[0.167s] writing stonefish_ros2.egg-info/PKG-INFO
[0.167s] writing dependency_links to stonefish_ros2.egg-info/dependency_links.txt
[0.168s] writing top-level names to stonefish_ros2.egg-info/top_level.txt
[0.184s] reading manifest file 'stonefish_ros2.egg-info/SOURCES.txt'
[0.184s] writing manifest file 'stonefish_ros2.egg-info/SOURCES.txt'
[0.194s] make[2]: 离开目录“/home/dyj/ros2_ws/build/stonefish_ros2”
[0.202s] [ 98%] Built target ament_cmake_python_build_stonefish_ros2_egg
[2.257s] [01m[K/home/dyj/ros2_ws/src/stonefish_ros2/src/FluidDynamicsTestManager.cpp:[m[K In member function ‘[01m[Kvirtual void FluidDynamicsTestManager::SimulationStepCompleted(sf::Scalar)[m[K’:
[2.257s] [01m[K/home/dyj/ros2_ws/src/stonefish_ros2/src/FluidDynamicsTestManager.cpp:234:16:[m[K [01;35m[Kwarning: [m[Kunused variable ‘[01m[KsphereRadius[m[K’ [[01;35m[K-Wunused-variable[m[K]
[2.257s]   234 |     sf::Scalar [01;35m[KsphereRadius[m[K = 0.5;
[2.257s]       |                [01;35m[K^~~~~~~~~~~~[m[K
[2.257s] [01m[K/home/dyj/ros2_ws/src/stonefish_ros2/src/FluidDynamicsTestManager.cpp:235:17:[m[K [01;35m[Kwarning: [m[Kvariable ‘[01m[KsphereInertia[m[K’ set but not used [[01;35m[K-Wunused-but-set-variable[m[K]
[2.257s]   235 |     sf::Vector3 [01;35m[KsphereInertia[m[K = sphere->getInertia();
[2.257s]       |                 [01;35m[K^~~~~~~~~~~~~[m[K
[2.258s] [01m[K/home/dyj/ros2_ws/src/stonefish_ros2/src/FluidDynamicsTestManager.cpp:286:19:[m[K [01;35m[Kwarning: [m[Kvariable ‘[01m[KcgTransform[m[K’ set but not used [[01;35m[K-Wunused-but-set-variable[m[K]
[2.258s]   286 |     sf::Transform [01;35m[KcgTransform[m[K = hull->getCG2OTransform().inverse();
[2.258s]       |                   [01;35m[K^~~~~~~~~~~[m[K
[2.258s] [01m[K/home/dyj/ros2_ws/src/stonefish_ros2/src/FluidDynamicsTestManager.cpp:300:19:[m[K [01;35m[Kwarning: [m[Kvariable ‘[01m[KsphR1MCGTransform[m[K’ set but not used [[01;35m[K-Wunused-but-set-variable[m[K]
[2.258s]   300 |     sf::Transform [01;35m[KsphR1MCGTransform[m[K = sphR1M->getCG2OTransform().inverse();
[2.258s]       |                   [01;35m[K^~~~~~~~~~~~~~~~~[m[K
[5.945s] [ 98%] [32m[1mLinking CXX executable fluid_dynamics_test[0m
[5.945s] /usr/bin/cmake -E cmake_link_script CMakeFiles/fluid_dynamics_test.dir/link.txt --verbose=1
[5.949s] /usr/bin/c++       CMakeFiles/fluid_dynamics_test.dir/src/FluidDynamicsTestManager.cpp.o CMakeFiles/fluid_dynamics_test.dir/src/FluidDynamicsTestApp.cpp.o CMakeFiles/fluid_dynamics_test.dir/src/main.cpp.o  -o fluid_dynamics_test  -Wl,-rpath,/usr/local/lib:/home/dyj/ros2_ws/build/stonefish_ros2:/opt/ros/rolling/lib /usr/local/lib/libStonefish.so libstonefish_ros2__rosidl_typesupport_cpp.so /opt/ros/rolling/lib/librclcpp.so /opt/ros/rolling/lib/libgeometry_msgs__rosidl_typesupport_introspection_c.so /opt/ros/rolling/lib/libgeometry_msgs__rosidl_typesupport_introspection_cpp.so /opt/ros/rolling/lib/libgeometry_msgs__rosidl_typesupport_cpp.so /opt/ros/rolling/lib/libgeometry_msgs__rosidl_generator_py.so /usr/lib/x86_64-linux-gnu/libfreetype.so /usr/lib/x86_64-linux-gnu/libOpenGL.so /usr/lib/x86_64-linux-gnu/libGLX.so /usr/lib/x86_64-linux-gnu/libGLU.so -lSDL2 /usr/lib/gcc/x86_64-linux-gnu/9/libgomp.so /usr/lib/x86_64-linux-gnu/libpthread.so /opt/ros/rolling/lib/libgeometry_msgs__rosidl_generator_c.so /opt/ros/rolling/lib/libgeometry_msgs__rosidl_typesupport_c.so /opt/ros/rolling/lib/libstd_srvs__rosidl_typesupport_introspection_c.so /opt/ros/rolling/lib/libstd_srvs__rosidl_typesupport_introspection_cpp.so /opt/ros/rolling/lib/libstd_srvs__rosidl_typesupport_cpp.so /opt/ros/rolling/lib/libstd_srvs__rosidl_generator_py.so /opt/ros/rolling/lib/libstd_srvs__rosidl_generator_c.so /opt/ros/rolling/lib/libstd_srvs__rosidl_typesupport_c.so -lpthread /opt/ros/rolling/lib/liblibstatistics_collector.so /opt/ros/rolling/lib/liblibstatistics_collector_test_msgs__rosidl_typesupport_introspection_c.so /opt/ros/rolling/lib/liblibstatistics_collector_test_msgs__rosidl_typesupport_introspection_cpp.so /opt/ros/rolling/lib/liblibstatistics_collector_test_msgs__rosidl_typesupport_cpp.so /opt/ros/rolling/lib/liblibstatistics_collector_test_msgs__rosidl_generator_py.so /opt/ros/rolling/lib/liblibstatistics_collector_test_msgs__rosidl_generator_c.so /opt/ros/rolling/lib/liblibstatistics_collector_test_msgs__rosidl_typesupport_c.so /opt/ros/rolling/lib/libstd_msgs__rosidl_typesupport_introspection_c.so /opt/ros/rolling/lib/libstd_msgs__rosidl_typesupport_introspection_cpp.so /opt/ros/rolling/lib/libstd_msgs__rosidl_typesupport_cpp.so /opt/ros/rolling/lib/libstd_msgs__rosidl_generator_py.so /opt/ros/rolling/lib/libstd_msgs__rosidl_generator_c.so /opt/ros/rolling/lib/libstd_msgs__rosidl_typesupport_c.so /opt/ros/rolling/lib/librcl.so /opt/ros/rolling/lib/librcl_interfaces__rosidl_typesupport_introspection_c.so /opt/ros/rolling/lib/librcl_interfaces__rosidl_typesupport_introspection_cpp.so /opt/ros/rolling/lib/librcl_interfaces__rosidl_typesupport_cpp.so /opt/ros/rolling/lib/librcl_interfaces__rosidl_generator_py.so /opt/ros/rolling/lib/librcl_interfaces__rosidl_generator_c.so /opt/ros/rolling/lib/librcl_interfaces__rosidl_typesupport_c.so /opt/ros/rolling/lib/librmw_implementation.so /opt/ros/rolling/lib/libament_index_cpp.so /opt/ros/rolling/lib/librcl_logging_spdlog.so /opt/ros/rolling/lib/librcl_logging_interface.so /opt/ros/rolling/lib/librcl_yaml_param_parser.so /opt/ros/rolling/lib/librmw.so /opt/ros/rolling/lib/libyaml.so /opt/ros/rolling/lib/librosgraph_msgs__rosidl_typesupport_introspection_c.so /opt/ros/rolling/lib/librosgraph_msgs__rosidl_typesupport_introspection_cpp.so /opt/ros/rolling/lib/librosgraph_msgs__rosidl_typesupport_cpp.so /opt/ros/rolling/lib/librosgraph_msgs__rosidl_generator_py.so /opt/ros/rolling/lib/librosgraph_msgs__rosidl_generator_c.so /opt/ros/rolling/lib/librosgraph_msgs__rosidl_typesupport_c.so /opt/ros/rolling/lib/libstatistics_msgs__rosidl_typesupport_introspection_c.so /opt/ros/rolling/lib/libstatistics_msgs__rosidl_typesupport_introspection_cpp.so /opt/ros/rolling/lib/libstatistics_msgs__rosidl_typesupport_cpp.so /opt/ros/rolling/lib/libstatistics_msgs__rosidl_generator_py.so /opt/ros/rolling/lib/libstatistics_msgs__rosidl_generator_c.so /opt/ros/rolling/lib/libstatistics_msgs__rosidl_typesupport_c.so /opt/ros/rolling/lib/libbuiltin_interfaces__rosidl_typesupport_introspection_c.so /opt/ros/rolling/lib/libbuiltin_interfaces__rosidl_typesupport_introspection_cpp.so /opt/ros/rolling/lib/librosidl_typesupport_introspection_cpp.so /opt/ros/rolling/lib/librosidl_typesupport_introspection_c.so /opt/ros/rolling/lib/libbuiltin_interfaces__rosidl_typesupport_cpp.so /opt/ros/rolling/lib/librosidl_typesupport_cpp.so /opt/ros/rolling/lib/libbuiltin_interfaces__rosidl_generator_py.so /opt/ros/rolling/lib/libbuiltin_interfaces__rosidl_generator_c.so /opt/ros/rolling/lib/libbuiltin_interfaces__rosidl_typesupport_c.so /opt/ros/rolling/lib/librosidl_typesupport_c.so /opt/ros/rolling/lib/librosidl_runtime_c.so /opt/ros/rolling/lib/librcpputils.so /opt/ros/rolling/lib/librcutils.so -ldl /usr/lib/x86_64-linux-gnu/libpython3.8.so /opt/ros/rolling/lib/libtracetools.so 
[6.192s] make[2]: 离开目录“/home/dyj/ros2_ws/build/stonefish_ros2”
[6.201s] [100%] Built target fluid_dynamics_test
[6.201s] make[1]: 离开目录“/home/dyj/ros2_ws/build/stonefish_ros2”
[6.201s] /usr/bin/cmake -E cmake_progress_start /home/dyj/ros2_ws/build/stonefish_ros2/CMakeFiles 0
[6.213s] Invoked command in '/home/dyj/ros2_ws/build/stonefish_ros2' returned '0': CMAKE_PREFIX_PATH=${CMAKE_PREFIX_PATH}:/opt/ros/rolling /usr/bin/cmake --build /home/dyj/ros2_ws/build/stonefish_ros2 -- -j16 -l16
[6.224s] Invoking command in '/home/dyj/ros2_ws/build/stonefish_ros2': CMAKE_PREFIX_PATH=${CMAKE_PREFIX_PATH}:/opt/ros/rolling /usr/bin/cmake --install /home/dyj/ros2_ws/build/stonefish_ros2
[6.227s] -- Install configuration: ""
[6.227s] -- Execute custom install script
[6.228s] -- Up-to-date symlink: /home/dyj/ros2_ws/install/stonefish_ros2/share/ament_index/resource_index/rosidl_interfaces/stonefish_ros2
[6.228s] -- Up-to-date symlink: /home/dyj/ros2_ws/install/stonefish_ros2/include/stonefish_ros2/msg/beacon_info.h
[6.228s] -- Up-to-date symlink: /home/dyj/ros2_ws/install/stonefish_ros2/include/stonefish_ros2/msg/debug_physics.h
[6.228s] -- Up-to-date symlink: /home/dyj/ros2_ws/install/stonefish_ros2/include/stonefish_ros2/msg/detail/beacon_info__functions.h
[6.228s] -- Up-to-date symlink: /home/dyj/ros2_ws/install/stonefish_ros2/include/stonefish_ros2/msg/detail/beacon_info__struct.h
[6.229s] -- Up-to-date symlink: /home/dyj/ros2_ws/install/stonefish_ros2/include/stonefish_ros2/msg/detail/beacon_info__type_support.h
[6.229s] -- Up-to-date symlink: /home/dyj/ros2_ws/install/stonefish_ros2/include/stonefish_ros2/msg/detail/debug_physics__functions.h
[6.229s] -- Up-to-date symlink: /home/dyj/ros2_ws/install/stonefish_ros2/include/stonefish_ros2/msg/detail/debug_physics__struct.h
[6.229s] -- Up-to-date symlink: /home/dyj/ros2_ws/install/stonefish_ros2/include/stonefish_ros2/msg/detail/debug_physics__type_support.h
[6.229s] -- Up-to-date symlink: /home/dyj/ros2_ws/install/stonefish_ros2/include/stonefish_ros2/msg/detail/dvl__functions.h
[6.229s] -- Up-to-date symlink: /home/dyj/ros2_ws/install/stonefish_ros2/include/stonefish_ros2/msg/detail/dvl__struct.h
[6.229s] -- Up-to-date symlink: /home/dyj/ros2_ws/install/stonefish_ros2/include/stonefish_ros2/msg/detail/dvl__type_support.h
[6.229s] -- Up-to-date symlink: /home/dyj/ros2_ws/install/stonefish_ros2/include/stonefish_ros2/msg/detail/dvl_beam__functions.h
[6.229s] -- Up-to-date symlink: /home/dyj/ros2_ws/install/stonefish_ros2/include/stonefish_ros2/msg/detail/dvl_beam__struct.h
[6.229s] -- Up-to-date symlink: /home/dyj/ros2_ws/install/stonefish_ros2/include/stonefish_ros2/msg/detail/dvl_beam__type_support.h
[6.229s] -- Up-to-date symlink: /home/dyj/ros2_ws/install/stonefish_ros2/include/stonefish_ros2/msg/detail/event__functions.h
[6.229s] -- Up-to-date symlink: /home/dyj/ros2_ws/install/stonefish_ros2/include/stonefish_ros2/msg/detail/event__struct.h
[6.229s] -- Up-to-date symlink: /home/dyj/ros2_ws/install/stonefish_ros2/include/stonefish_ros2/msg/detail/event__type_support.h
[6.229s] -- Up-to-date symlink: /home/dyj/ros2_ws/install/stonefish_ros2/include/stonefish_ros2/msg/detail/event_array__functions.h
[6.229s] -- Up-to-date symlink: /home/dyj/ros2_ws/install/stonefish_ros2/include/stonefish_ros2/msg/detail/event_array__struct.h
[6.230s] -- Up-to-date symlink: /home/dyj/ros2_ws/install/stonefish_ros2/include/stonefish_ros2/msg/detail/event_array__type_support.h
[6.230s] -- Up-to-date symlink: /home/dyj/ros2_ws/install/stonefish_ros2/include/stonefish_ros2/msg/detail/ins__functions.h
[6.230s] -- Up-to-date symlink: /home/dyj/ros2_ws/install/stonefish_ros2/include/stonefish_ros2/msg/detail/ins__struct.h
[6.230s] -- Up-to-date symlink: /home/dyj/ros2_ws/install/stonefish_ros2/include/stonefish_ros2/msg/detail/ins__type_support.h
[6.230s] -- Up-to-date symlink: /home/dyj/ros2_ws/install/stonefish_ros2/include/stonefish_ros2/msg/detail/int32_stamped__functions.h
[6.230s] -- Up-to-date symlink: /home/dyj/ros2_ws/install/stonefish_ros2/include/stonefish_ros2/msg/detail/int32_stamped__struct.h
[6.230s] -- Up-to-date symlink: /home/dyj/ros2_ws/install/stonefish_ros2/include/stonefish_ros2/msg/detail/int32_stamped__type_support.h
[6.230s] -- Up-to-date symlink: /home/dyj/ros2_ws/install/stonefish_ros2/include/stonefish_ros2/msg/detail/ned_pose__functions.h
[6.230s] -- Up-to-date symlink: /home/dyj/ros2_ws/install/stonefish_ros2/include/stonefish_ros2/msg/detail/ned_pose__struct.h
[6.230s] -- Up-to-date symlink: /home/dyj/ros2_ws/install/stonefish_ros2/include/stonefish_ros2/msg/detail/ned_pose__type_support.h
[6.230s] -- Up-to-date symlink: /home/dyj/ros2_ws/install/stonefish_ros2/include/stonefish_ros2/msg/detail/thruster_state__functions.h
[6.230s] -- Up-to-date symlink: /home/dyj/ros2_ws/install/stonefish_ros2/include/stonefish_ros2/msg/detail/thruster_state__struct.h
[6.230s] -- Up-to-date symlink: /home/dyj/ros2_ws/install/stonefish_ros2/include/stonefish_ros2/msg/detail/thruster_state__type_support.h
[6.230s] -- Up-to-date symlink: /home/dyj/ros2_ws/install/stonefish_ros2/include/stonefish_ros2/msg/dvl.h
[6.230s] -- Up-to-date symlink: /home/dyj/ros2_ws/install/stonefish_ros2/include/stonefish_ros2/msg/dvl_beam.h
[6.231s] -- Up-to-date symlink: /home/dyj/ros2_ws/install/stonefish_ros2/include/stonefish_ros2/msg/event.h
[6.231s] -- Up-to-date symlink: /home/dyj/ros2_ws/install/stonefish_ros2/include/stonefish_ros2/msg/event_array.h
[6.231s] -- Up-to-date symlink: /home/dyj/ros2_ws/install/stonefish_ros2/include/stonefish_ros2/msg/ins.h
[6.231s] -- Up-to-date symlink: /home/dyj/ros2_ws/install/stonefish_ros2/include/stonefish_ros2/msg/int32_stamped.h
[6.231s] -- Up-to-date symlink: /home/dyj/ros2_ws/install/stonefish_ros2/include/stonefish_ros2/msg/ned_pose.h
[6.231s] -- Up-to-date symlink: /home/dyj/ros2_ws/install/stonefish_ros2/include/stonefish_ros2/msg/rosidl_generator_c__visibility_control.h
[6.231s] -- Up-to-date symlink: /home/dyj/ros2_ws/install/stonefish_ros2/include/stonefish_ros2/msg/thruster_state.h
[6.231s] -- Up-to-date symlink: /home/dyj/ros2_ws/install/stonefish_ros2/include/stonefish_ros2/srv/detail/respawn__functions.h
[6.231s] -- Up-to-date symlink: /home/dyj/ros2_ws/install/stonefish_ros2/include/stonefish_ros2/srv/detail/respawn__struct.h
[6.231s] -- Up-to-date symlink: /home/dyj/ros2_ws/install/stonefish_ros2/include/stonefish_ros2/srv/detail/respawn__type_support.h
[6.231s] -- Up-to-date symlink: /home/dyj/ros2_ws/install/stonefish_ros2/include/stonefish_ros2/srv/detail/sonar_settings2__functions.h
[6.231s] -- Up-to-date symlink: /home/dyj/ros2_ws/install/stonefish_ros2/include/stonefish_ros2/srv/detail/sonar_settings2__struct.h
[6.231s] -- Up-to-date symlink: /home/dyj/ros2_ws/install/stonefish_ros2/include/stonefish_ros2/srv/detail/sonar_settings2__type_support.h
[6.231s] -- Up-to-date symlink: /home/dyj/ros2_ws/install/stonefish_ros2/include/stonefish_ros2/srv/detail/sonar_settings__functions.h
[6.231s] -- Up-to-date symlink: /home/dyj/ros2_ws/install/stonefish_ros2/include/stonefish_ros2/srv/detail/sonar_settings__struct.h
[6.232s] -- Up-to-date symlink: /home/dyj/ros2_ws/install/stonefish_ros2/include/stonefish_ros2/srv/detail/sonar_settings__type_support.h
[6.232s] -- Up-to-date symlink: /home/dyj/ros2_ws/install/stonefish_ros2/include/stonefish_ros2/srv/respawn.h
[6.232s] -- Up-to-date symlink: /home/dyj/ros2_ws/install/stonefish_ros2/include/stonefish_ros2/srv/sonar_settings.h
[6.232s] -- Up-to-date symlink: /home/dyj/ros2_ws/install/stonefish_ros2/include/stonefish_ros2/srv/sonar_settings2.h
[6.232s] -- Up-to-date symlink: /home/dyj/ros2_ws/install/stonefish_ros2/share/stonefish_ros2/environment/library_path.sh
[6.232s] -- Up-to-date symlink: /home/dyj/ros2_ws/install/stonefish_ros2/share/stonefish_ros2/environment/library_path.dsv
[6.232s] -- Up-to-date symlink: /home/dyj/ros2_ws/install/stonefish_ros2/include/stonefish_ros2/msg/detail/beacon_info__rosidl_typesupport_fastrtps_c.h
[6.232s] -- Up-to-date symlink: /home/dyj/ros2_ws/install/stonefish_ros2/include/stonefish_ros2/msg/detail/debug_physics__rosidl_typesupport_fastrtps_c.h
[6.232s] -- Up-to-date symlink: /home/dyj/ros2_ws/install/stonefish_ros2/include/stonefish_ros2/msg/detail/dvl__rosidl_typesupport_fastrtps_c.h
[6.233s] -- Up-to-date symlink: /home/dyj/ros2_ws/install/stonefish_ros2/include/stonefish_ros2/msg/detail/dvl_beam__rosidl_typesupport_fastrtps_c.h
[6.233s] -- Up-to-date symlink: /home/dyj/ros2_ws/install/stonefish_ros2/include/stonefish_ros2/msg/detail/event__rosidl_typesupport_fastrtps_c.h
[6.233s] -- Up-to-date symlink: /home/dyj/ros2_ws/install/stonefish_ros2/include/stonefish_ros2/msg/detail/event_array__rosidl_typesupport_fastrtps_c.h
[6.233s] -- Up-to-date symlink: /home/dyj/ros2_ws/install/stonefish_ros2/include/stonefish_ros2/msg/detail/ins__rosidl_typesupport_fastrtps_c.h
[6.233s] -- Up-to-date symlink: /home/dyj/ros2_ws/install/stonefish_ros2/include/stonefish_ros2/msg/detail/int32_stamped__rosidl_typesupport_fastrtps_c.h
[6.233s] -- Up-to-date symlink: /home/dyj/ros2_ws/install/stonefish_ros2/include/stonefish_ros2/msg/detail/ned_pose__rosidl_typesupport_fastrtps_c.h
[6.234s] -- Up-to-date symlink: /home/dyj/ros2_ws/install/stonefish_ros2/include/stonefish_ros2/msg/detail/thruster_state__rosidl_typesupport_fastrtps_c.h
[6.234s] -- Up-to-date symlink: /home/dyj/ros2_ws/install/stonefish_ros2/include/stonefish_ros2/msg/rosidl_typesupport_fastrtps_c__visibility_control.h
[6.234s] -- Up-to-date symlink: /home/dyj/ros2_ws/install/stonefish_ros2/include/stonefish_ros2/srv/detail/respawn__rosidl_typesupport_fastrtps_c.h
[6.234s] -- Up-to-date symlink: /home/dyj/ros2_ws/install/stonefish_ros2/include/stonefish_ros2/srv/detail/sonar_settings2__rosidl_typesupport_fastrtps_c.h
[6.234s] -- Up-to-date symlink: /home/dyj/ros2_ws/install/stonefish_ros2/include/stonefish_ros2/srv/detail/sonar_settings__rosidl_typesupport_fastrtps_c.h
[6.235s] -- Up-to-date symlink: /home/dyj/ros2_ws/install/stonefish_ros2/lib/libstonefish_ros2__rosidl_typesupport_fastrtps_c.so
[6.236s] -- Up-to-date symlink: /home/dyj/ros2_ws/install/stonefish_ros2/include/stonefish_ros2/msg/detail/beacon_info__rosidl_typesupport_fastrtps_cpp.hpp
[6.236s] -- Up-to-date symlink: /home/dyj/ros2_ws/install/stonefish_ros2/include/stonefish_ros2/msg/detail/debug_physics__rosidl_typesupport_fastrtps_cpp.hpp
[6.236s] -- Up-to-date symlink: /home/dyj/ros2_ws/install/stonefish_ros2/include/stonefish_ros2/msg/detail/dvl__rosidl_typesupport_fastrtps_cpp.hpp
[6.236s] -- Up-to-date symlink: /home/dyj/ros2_ws/install/stonefish_ros2/include/stonefish_ros2/msg/detail/dvl_beam__rosidl_typesupport_fastrtps_cpp.hpp
[6.236s] -- Up-to-date symlink: /home/dyj/ros2_ws/install/stonefish_ros2/include/stonefish_ros2/msg/detail/event__rosidl_typesupport_fastrtps_cpp.hpp
[6.236s] -- Up-to-date symlink: /home/dyj/ros2_ws/install/stonefish_ros2/include/stonefish_ros2/msg/detail/event_array__rosidl_typesupport_fastrtps_cpp.hpp
[6.236s] -- Up-to-date symlink: /home/dyj/ros2_ws/install/stonefish_ros2/include/stonefish_ros2/msg/detail/ins__rosidl_typesupport_fastrtps_cpp.hpp
[6.236s] -- Up-to-date symlink: /home/dyj/ros2_ws/install/stonefish_ros2/include/stonefish_ros2/msg/detail/int32_stamped__rosidl_typesupport_fastrtps_cpp.hpp
[6.236s] -- Up-to-date symlink: /home/dyj/ros2_ws/install/stonefish_ros2/include/stonefish_ros2/msg/detail/ned_pose__rosidl_typesupport_fastrtps_cpp.hpp
[6.237s] -- Up-to-date symlink: /home/dyj/ros2_ws/install/stonefish_ros2/include/stonefish_ros2/msg/detail/thruster_state__rosidl_typesupport_fastrtps_cpp.hpp
[6.237s] -- Up-to-date symlink: /home/dyj/ros2_ws/install/stonefish_ros2/include/stonefish_ros2/msg/rosidl_typesupport_fastrtps_cpp__visibility_control.h
[6.237s] -- Up-to-date symlink: /home/dyj/ros2_ws/install/stonefish_ros2/include/stonefish_ros2/srv/detail/respawn__rosidl_typesupport_fastrtps_cpp.hpp
[6.237s] -- Up-to-date symlink: /home/dyj/ros2_ws/install/stonefish_ros2/include/stonefish_ros2/srv/detail/sonar_settings2__rosidl_typesupport_fastrtps_cpp.hpp
[6.237s] -- Up-to-date symlink: /home/dyj/ros2_ws/install/stonefish_ros2/include/stonefish_ros2/srv/detail/sonar_settings__rosidl_typesupport_fastrtps_cpp.hpp
[6.237s] -- Up-to-date symlink: /home/dyj/ros2_ws/install/stonefish_ros2/lib/libstonefish_ros2__rosidl_typesupport_fastrtps_cpp.so
[6.237s] -- Up-to-date symlink: /home/dyj/ros2_ws/install/stonefish_ros2/include/stonefish_ros2/msg/detail/beacon_info__rosidl_typesupport_introspection_c.h
[6.237s] -- Up-to-date symlink: /home/dyj/ros2_ws/install/stonefish_ros2/include/stonefish_ros2/msg/detail/debug_physics__rosidl_typesupport_introspection_c.h
[6.237s] -- Up-to-date symlink: /home/dyj/ros2_ws/install/stonefish_ros2/include/stonefish_ros2/msg/detail/dvl__rosidl_typesupport_introspection_c.h
[6.237s] -- Up-to-date symlink: /home/dyj/ros2_ws/install/stonefish_ros2/include/stonefish_ros2/msg/detail/dvl_beam__rosidl_typesupport_introspection_c.h
[6.237s] -- Up-to-date symlink: /home/dyj/ros2_ws/install/stonefish_ros2/include/stonefish_ros2/msg/detail/event__rosidl_typesupport_introspection_c.h
[6.238s] -- Up-to-date symlink: /home/dyj/ros2_ws/install/stonefish_ros2/include/stonefish_ros2/msg/detail/event_array__rosidl_typesupport_introspection_c.h
[6.238s] -- Up-to-date symlink: /home/dyj/ros2_ws/install/stonefish_ros2/include/stonefish_ros2/msg/detail/ins__rosidl_typesupport_introspection_c.h
[6.238s] -- Up-to-date symlink: /home/dyj/ros2_ws/install/stonefish_ros2/include/stonefish_ros2/msg/detail/int32_stamped__rosidl_typesupport_introspection_c.h
[6.238s] -- Up-to-date symlink: /home/dyj/ros2_ws/install/stonefish_ros2/include/stonefish_ros2/msg/detail/ned_pose__rosidl_typesupport_introspection_c.h
[6.238s] -- Up-to-date symlink: /home/dyj/ros2_ws/install/stonefish_ros2/include/stonefish_ros2/msg/detail/thruster_state__rosidl_typesupport_introspection_c.h
[6.238s] -- Up-to-date symlink: /home/dyj/ros2_ws/install/stonefish_ros2/include/stonefish_ros2/msg/rosidl_typesupport_introspection_c__visibility_control.h
[6.238s] -- Up-to-date symlink: /home/dyj/ros2_ws/install/stonefish_ros2/include/stonefish_ros2/srv/detail/respawn__rosidl_typesupport_introspection_c.h
[6.238s] -- Up-to-date symlink: /home/dyj/ros2_ws/install/stonefish_ros2/include/stonefish_ros2/srv/detail/sonar_settings2__rosidl_typesupport_introspection_c.h
[6.238s] -- Up-to-date symlink: /home/dyj/ros2_ws/install/stonefish_ros2/include/stonefish_ros2/srv/detail/sonar_settings__rosidl_typesupport_introspection_c.h
[6.238s] -- Up-to-date symlink: /home/dyj/ros2_ws/install/stonefish_ros2/include/stonefish_ros2/msg/beacon_info.hpp
[6.238s] -- Up-to-date symlink: /home/dyj/ros2_ws/install/stonefish_ros2/include/stonefish_ros2/msg/debug_physics.hpp
[6.239s] -- Up-to-date symlink: /home/dyj/ros2_ws/install/stonefish_ros2/include/stonefish_ros2/msg/detail/beacon_info__builder.hpp
[6.239s] -- Up-to-date symlink: /home/dyj/ros2_ws/install/stonefish_ros2/include/stonefish_ros2/msg/detail/beacon_info__struct.hpp
[6.239s] -- Up-to-date symlink: /home/dyj/ros2_ws/install/stonefish_ros2/include/stonefish_ros2/msg/detail/beacon_info__traits.hpp
[6.239s] -- Up-to-date symlink: /home/dyj/ros2_ws/install/stonefish_ros2/include/stonefish_ros2/msg/detail/debug_physics__builder.hpp
[6.239s] -- Up-to-date symlink: /home/dyj/ros2_ws/install/stonefish_ros2/include/stonefish_ros2/msg/detail/debug_physics__struct.hpp
[6.239s] -- Up-to-date symlink: /home/dyj/ros2_ws/install/stonefish_ros2/include/stonefish_ros2/msg/detail/debug_physics__traits.hpp
[6.239s] -- Up-to-date symlink: /home/dyj/ros2_ws/install/stonefish_ros2/include/stonefish_ros2/msg/detail/dvl__builder.hpp
[6.239s] -- Up-to-date symlink: /home/dyj/ros2_ws/install/stonefish_ros2/include/stonefish_ros2/msg/detail/dvl__struct.hpp
[6.239s] -- Up-to-date symlink: /home/dyj/ros2_ws/install/stonefish_ros2/include/stonefish_ros2/msg/detail/dvl__traits.hpp
[6.239s] -- Up-to-date symlink: /home/dyj/ros2_ws/install/stonefish_ros2/include/stonefish_ros2/msg/detail/dvl_beam__builder.hpp
[6.239s] -- Up-to-date symlink: /home/dyj/ros2_ws/install/stonefish_ros2/include/stonefish_ros2/msg/detail/dvl_beam__struct.hpp
[6.239s] -- Up-to-date symlink: /home/dyj/ros2_ws/install/stonefish_ros2/include/stonefish_ros2/msg/detail/dvl_beam__traits.hpp
[6.239s] -- Up-to-date symlink: /home/dyj/ros2_ws/install/stonefish_ros2/include/stonefish_ros2/msg/detail/event__builder.hpp
[6.239s] -- Up-to-date symlink: /home/dyj/ros2_ws/install/stonefish_ros2/include/stonefish_ros2/msg/detail/event__struct.hpp
[6.239s] -- Up-to-date symlink: /home/dyj/ros2_ws/install/stonefish_ros2/include/stonefish_ros2/msg/detail/event__traits.hpp
[6.239s] -- Up-to-date symlink: /home/dyj/ros2_ws/install/stonefish_ros2/include/stonefish_ros2/msg/detail/event_array__builder.hpp
[6.240s] -- Up-to-date symlink: /home/dyj/ros2_ws/install/stonefish_ros2/include/stonefish_ros2/msg/detail/event_array__struct.hpp
[6.240s] -- Up-to-date symlink: /home/dyj/ros2_ws/install/stonefish_ros2/include/stonefish_ros2/msg/detail/event_array__traits.hpp
[6.240s] -- Up-to-date symlink: /home/dyj/ros2_ws/install/stonefish_ros2/include/stonefish_ros2/msg/detail/ins__builder.hpp
[6.240s] -- Up-to-date symlink: /home/dyj/ros2_ws/install/stonefish_ros2/include/stonefish_ros2/msg/detail/ins__struct.hpp
[6.240s] -- Up-to-date symlink: /home/dyj/ros2_ws/install/stonefish_ros2/include/stonefish_ros2/msg/detail/ins__traits.hpp
[6.240s] -- Up-to-date symlink: /home/dyj/ros2_ws/install/stonefish_ros2/include/stonefish_ros2/msg/detail/int32_stamped__builder.hpp
[6.240s] -- Up-to-date symlink: /home/dyj/ros2_ws/install/stonefish_ros2/include/stonefish_ros2/msg/detail/int32_stamped__struct.hpp
[6.240s] -- Up-to-date symlink: /home/dyj/ros2_ws/install/stonefish_ros2/include/stonefish_ros2/msg/detail/int32_stamped__traits.hpp
[6.240s] -- Up-to-date symlink: /home/dyj/ros2_ws/install/stonefish_ros2/include/stonefish_ros2/msg/detail/ned_pose__builder.hpp
[6.240s] -- Up-to-date symlink: /home/dyj/ros2_ws/install/stonefish_ros2/include/stonefish_ros2/msg/detail/ned_pose__struct.hpp
[6.240s] -- Up-to-date symlink: /home/dyj/ros2_ws/install/stonefish_ros2/include/stonefish_ros2/msg/detail/ned_pose__traits.hpp
[6.240s] -- Up-to-date symlink: /home/dyj/ros2_ws/install/stonefish_ros2/include/stonefish_ros2/msg/detail/thruster_state__builder.hpp
[6.240s] -- Up-to-date symlink: /home/dyj/ros2_ws/install/stonefish_ros2/include/stonefish_ros2/msg/detail/thruster_state__struct.hpp
[6.240s] -- Up-to-date symlink: /home/dyj/ros2_ws/install/stonefish_ros2/include/stonefish_ros2/msg/detail/thruster_state__traits.hpp
[6.240s] -- Up-to-date symlink: /home/dyj/ros2_ws/install/stonefish_ros2/include/stonefish_ros2/msg/dvl.hpp
[6.240s] -- Up-to-date symlink: /home/dyj/ros2_ws/install/stonefish_ros2/include/stonefish_ros2/msg/dvl_beam.hpp
[6.241s] -- Up-to-date symlink: /home/dyj/ros2_ws/install/stonefish_ros2/include/stonefish_ros2/msg/event.hpp
[6.241s] -- Up-to-date symlink: /home/dyj/ros2_ws/install/stonefish_ros2/include/stonefish_ros2/msg/event_array.hpp
[6.241s] -- Up-to-date symlink: /home/dyj/ros2_ws/install/stonefish_ros2/include/stonefish_ros2/msg/ins.hpp
[6.241s] -- Up-to-date symlink: /home/dyj/ros2_ws/install/stonefish_ros2/include/stonefish_ros2/msg/int32_stamped.hpp
[6.241s] -- Up-to-date symlink: /home/dyj/ros2_ws/install/stonefish_ros2/include/stonefish_ros2/msg/ned_pose.hpp
[6.241s] -- Up-to-date symlink: /home/dyj/ros2_ws/install/stonefish_ros2/include/stonefish_ros2/msg/thruster_state.hpp
[6.241s] -- Up-to-date symlink: /home/dyj/ros2_ws/install/stonefish_ros2/include/stonefish_ros2/srv/detail/respawn__builder.hpp
[6.241s] -- Up-to-date symlink: /home/dyj/ros2_ws/install/stonefish_ros2/include/stonefish_ros2/srv/detail/respawn__struct.hpp
[6.241s] -- Up-to-date symlink: /home/dyj/ros2_ws/install/stonefish_ros2/include/stonefish_ros2/srv/detail/respawn__traits.hpp
[6.241s] -- Up-to-date symlink: /home/dyj/ros2_ws/install/stonefish_ros2/include/stonefish_ros2/srv/detail/sonar_settings2__builder.hpp
[6.241s] -- Up-to-date symlink: /home/dyj/ros2_ws/install/stonefish_ros2/include/stonefish_ros2/srv/detail/sonar_settings2__struct.hpp
[6.241s] -- Up-to-date symlink: /home/dyj/ros2_ws/install/stonefish_ros2/include/stonefish_ros2/srv/detail/sonar_settings2__traits.hpp
[6.241s] -- Up-to-date symlink: /home/dyj/ros2_ws/install/stonefish_ros2/include/stonefish_ros2/srv/detail/sonar_settings__builder.hpp
[6.241s] -- Up-to-date symlink: /home/dyj/ros2_ws/install/stonefish_ros2/include/stonefish_ros2/srv/detail/sonar_settings__struct.hpp
[6.241s] -- Up-to-date symlink: /home/dyj/ros2_ws/install/stonefish_ros2/include/stonefish_ros2/srv/detail/sonar_settings__traits.hpp
[6.241s] -- Up-to-date symlink: /home/dyj/ros2_ws/install/stonefish_ros2/include/stonefish_ros2/srv/respawn.hpp
[6.242s] -- Up-to-date symlink: /home/dyj/ros2_ws/install/stonefish_ros2/include/stonefish_ros2/srv/sonar_settings.hpp
[6.242s] -- Up-to-date symlink: /home/dyj/ros2_ws/install/stonefish_ros2/include/stonefish_ros2/srv/sonar_settings2.hpp
[6.242s] -- Up-to-date symlink: /home/dyj/ros2_ws/install/stonefish_ros2/include/stonefish_ros2/msg/detail/beacon_info__rosidl_typesupport_introspection_cpp.hpp
[6.242s] -- Up-to-date symlink: /home/dyj/ros2_ws/install/stonefish_ros2/include/stonefish_ros2/msg/detail/debug_physics__rosidl_typesupport_introspection_cpp.hpp
[6.242s] -- Up-to-date symlink: /home/dyj/ros2_ws/install/stonefish_ros2/include/stonefish_ros2/msg/detail/dvl__rosidl_typesupport_introspection_cpp.hpp
[6.242s] -- Up-to-date symlink: /home/dyj/ros2_ws/install/stonefish_ros2/include/stonefish_ros2/msg/detail/dvl_beam__rosidl_typesupport_introspection_cpp.hpp
[6.242s] -- Up-to-date symlink: /home/dyj/ros2_ws/install/stonefish_ros2/include/stonefish_ros2/msg/detail/event__rosidl_typesupport_introspection_cpp.hpp
[6.242s] -- Up-to-date symlink: /home/dyj/ros2_ws/install/stonefish_ros2/include/stonefish_ros2/msg/detail/event_array__rosidl_typesupport_introspection_cpp.hpp
[6.242s] -- Up-to-date symlink: /home/dyj/ros2_ws/install/stonefish_ros2/include/stonefish_ros2/msg/detail/ins__rosidl_typesupport_introspection_cpp.hpp
[6.242s] -- Up-to-date symlink: /home/dyj/ros2_ws/install/stonefish_ros2/include/stonefish_ros2/msg/detail/int32_stamped__rosidl_typesupport_introspection_cpp.hpp
[6.242s] -- Up-to-date symlink: /home/dyj/ros2_ws/install/stonefish_ros2/include/stonefish_ros2/msg/detail/ned_pose__rosidl_typesupport_introspection_cpp.hpp
[6.242s] -- Up-to-date symlink: /home/dyj/ros2_ws/install/stonefish_ros2/include/stonefish_ros2/msg/detail/thruster_state__rosidl_typesupport_introspection_cpp.hpp
[6.243s] -- Up-to-date symlink: /home/dyj/ros2_ws/install/stonefish_ros2/include/stonefish_ros2/srv/detail/respawn__rosidl_typesupport_introspection_cpp.hpp
[6.243s] -- Up-to-date symlink: /home/dyj/ros2_ws/install/stonefish_ros2/include/stonefish_ros2/srv/detail/sonar_settings2__rosidl_typesupport_introspection_cpp.hpp
[6.243s] -- Up-to-date symlink: /home/dyj/ros2_ws/install/stonefish_ros2/include/stonefish_ros2/srv/detail/sonar_settings__rosidl_typesupport_introspection_cpp.hpp
[6.243s] -- Up-to-date symlink: /home/dyj/ros2_ws/install/stonefish_ros2/share/stonefish_ros2/environment/pythonpath.sh
[6.243s] -- Up-to-date symlink: /home/dyj/ros2_ws/install/stonefish_ros2/share/stonefish_ros2/environment/pythonpath.dsv
[6.243s] -- Up-to-date symlink: /home/dyj/ros2_ws/install/stonefish_ros2/lib/python3.8/site-packages/stonefish_ros2-1.5.0-py3.8.egg-info/PKG-INFO
[6.243s] -- Up-to-date symlink: /home/dyj/ros2_ws/install/stonefish_ros2/lib/python3.8/site-packages/stonefish_ros2-1.5.0-py3.8.egg-info/SOURCES.txt
[6.243s] -- Up-to-date symlink: /home/dyj/ros2_ws/install/stonefish_ros2/lib/python3.8/site-packages/stonefish_ros2-1.5.0-py3.8.egg-info/dependency_links.txt
[6.243s] -- Up-to-date symlink: /home/dyj/ros2_ws/install/stonefish_ros2/lib/python3.8/site-packages/stonefish_ros2-1.5.0-py3.8.egg-info/top_level.txt
[6.244s] -- Up-to-date symlink: /home/dyj/ros2_ws/install/stonefish_ros2/lib/python3.8/site-packages/stonefish_ros2/__init__.py
[6.244s] -- Up-to-date symlink: /home/dyj/ros2_ws/install/stonefish_ros2/lib/python3.8/site-packages/stonefish_ros2/_stonefish_ros2_s.ep.rosidl_typesupport_c.c
[6.244s] -- Up-to-date symlink: /home/dyj/ros2_ws/install/stonefish_ros2/lib/python3.8/site-packages/stonefish_ros2/_stonefish_ros2_s.ep.rosidl_typesupport_fastrtps_c.c
[6.244s] -- Up-to-date symlink: /home/dyj/ros2_ws/install/stonefish_ros2/lib/python3.8/site-packages/stonefish_ros2/_stonefish_ros2_s.ep.rosidl_typesupport_introspection_c.c
[6.244s] -- Up-to-date symlink: /home/dyj/ros2_ws/install/stonefish_ros2/lib/python3.8/site-packages/stonefish_ros2/libstonefish_ros2__rosidl_generator_py.so
[6.244s] -- Up-to-date symlink: /home/dyj/ros2_ws/install/stonefish_ros2/lib/python3.8/site-packages/stonefish_ros2/msg/__init__.py
[6.244s] -- Up-to-date symlink: /home/dyj/ros2_ws/install/stonefish_ros2/lib/python3.8/site-packages/stonefish_ros2/msg/_beacon_info.py
[6.244s] -- Up-to-date symlink: /home/dyj/ros2_ws/install/stonefish_ros2/lib/python3.8/site-packages/stonefish_ros2/msg/_beacon_info_s.c
[6.244s] -- Up-to-date symlink: /home/dyj/ros2_ws/install/stonefish_ros2/lib/python3.8/site-packages/stonefish_ros2/msg/_debug_physics.py
[6.244s] -- Up-to-date symlink: /home/dyj/ros2_ws/install/stonefish_ros2/lib/python3.8/site-packages/stonefish_ros2/msg/_debug_physics_s.c
[6.245s] -- Up-to-date symlink: /home/dyj/ros2_ws/install/stonefish_ros2/lib/python3.8/site-packages/stonefish_ros2/msg/_dvl.py
[6.245s] -- Up-to-date symlink: /home/dyj/ros2_ws/install/stonefish_ros2/lib/python3.8/site-packages/stonefish_ros2/msg/_dvl_beam.py
[6.245s] -- Up-to-date symlink: /home/dyj/ros2_ws/install/stonefish_ros2/lib/python3.8/site-packages/stonefish_ros2/msg/_dvl_beam_s.c
[6.245s] -- Up-to-date symlink: /home/dyj/ros2_ws/install/stonefish_ros2/lib/python3.8/site-packages/stonefish_ros2/msg/_dvl_s.c
[6.245s] -- Up-to-date symlink: /home/dyj/ros2_ws/install/stonefish_ros2/lib/python3.8/site-packages/stonefish_ros2/msg/_event.py
[6.245s] -- Up-to-date symlink: /home/dyj/ros2_ws/install/stonefish_ros2/lib/python3.8/site-packages/stonefish_ros2/msg/_event_array.py
[6.245s] -- Up-to-date symlink: /home/dyj/ros2_ws/install/stonefish_ros2/lib/python3.8/site-packages/stonefish_ros2/msg/_event_array_s.c
[6.245s] -- Up-to-date symlink: /home/dyj/ros2_ws/install/stonefish_ros2/lib/python3.8/site-packages/stonefish_ros2/msg/_event_s.c
[6.245s] -- Up-to-date symlink: /home/dyj/ros2_ws/install/stonefish_ros2/lib/python3.8/site-packages/stonefish_ros2/msg/_ins.py
[6.245s] -- Up-to-date symlink: /home/dyj/ros2_ws/install/stonefish_ros2/lib/python3.8/site-packages/stonefish_ros2/msg/_ins_s.c
[6.245s] -- Up-to-date symlink: /home/dyj/ros2_ws/install/stonefish_ros2/lib/python3.8/site-packages/stonefish_ros2/msg/_int32_stamped.py
[6.245s] -- Up-to-date symlink: /home/dyj/ros2_ws/install/stonefish_ros2/lib/python3.8/site-packages/stonefish_ros2/msg/_int32_stamped_s.c
[6.245s] -- Up-to-date symlink: /home/dyj/ros2_ws/install/stonefish_ros2/lib/python3.8/site-packages/stonefish_ros2/msg/_ned_pose.py
[6.246s] -- Up-to-date symlink: /home/dyj/ros2_ws/install/stonefish_ros2/lib/python3.8/site-packages/stonefish_ros2/msg/_ned_pose_s.c
[6.246s] -- Up-to-date symlink: /home/dyj/ros2_ws/install/stonefish_ros2/lib/python3.8/site-packages/stonefish_ros2/msg/_thruster_state.py
[6.246s] -- Up-to-date symlink: /home/dyj/ros2_ws/install/stonefish_ros2/lib/python3.8/site-packages/stonefish_ros2/msg/_thruster_state_s.c
[6.246s] -- Up-to-date symlink: /home/dyj/ros2_ws/install/stonefish_ros2/lib/python3.8/site-packages/stonefish_ros2/srv/__init__.py
[6.246s] -- Up-to-date symlink: /home/dyj/ros2_ws/install/stonefish_ros2/lib/python3.8/site-packages/stonefish_ros2/srv/_respawn.py
[6.246s] -- Up-to-date symlink: /home/dyj/ros2_ws/install/stonefish_ros2/lib/python3.8/site-packages/stonefish_ros2/srv/_respawn_s.c
[6.246s] -- Up-to-date symlink: /home/dyj/ros2_ws/install/stonefish_ros2/lib/python3.8/site-packages/stonefish_ros2/srv/_sonar_settings.py
[6.246s] -- Up-to-date symlink: /home/dyj/ros2_ws/install/stonefish_ros2/lib/python3.8/site-packages/stonefish_ros2/srv/_sonar_settings2.py
[6.246s] -- Up-to-date symlink: /home/dyj/ros2_ws/install/stonefish_ros2/lib/python3.8/site-packages/stonefish_ros2/srv/_sonar_settings2_s.c
[6.246s] -- Up-to-date symlink: /home/dyj/ros2_ws/install/stonefish_ros2/lib/python3.8/site-packages/stonefish_ros2/srv/_sonar_settings_s.c
[6.246s] -- Up-to-date symlink: /home/dyj/ros2_ws/install/stonefish_ros2/lib/python3.8/site-packages/stonefish_ros2/stonefish_ros2_s__rosidl_typesupport_c.cpython-38-x86_64-linux-gnu.so
[6.246s] -- Up-to-date symlink: /home/dyj/ros2_ws/install/stonefish_ros2/lib/python3.8/site-packages/stonefish_ros2/stonefish_ros2_s__rosidl_typesupport_fastrtps_c.cpython-38-x86_64-linux-gnu.so
[6.246s] -- Up-to-date symlink: /home/dyj/ros2_ws/install/stonefish_ros2/lib/python3.8/site-packages/stonefish_ros2/stonefish_ros2_s__rosidl_typesupport_introspection_c.cpython-38-x86_64-linux-gnu.so
[6.246s] -- Up-to-date symlink: /home/dyj/ros2_ws/install/stonefish_ros2/lib/python3.8/site-packages/stonefish_ros2/stonefish_ros2_s__rosidl_typesupport_fastrtps_c.cpython-38-x86_64-linux-gnu.so
[6.246s] -- Up-to-date symlink: /home/dyj/ros2_ws/install/stonefish_ros2/lib/python3.8/site-packages/stonefish_ros2/stonefish_ros2_s__rosidl_typesupport_introspection_c.cpython-38-x86_64-linux-gnu.so
[6.247s] -- Up-to-date symlink: /home/dyj/ros2_ws/install/stonefish_ros2/lib/python3.8/site-packages/stonefish_ros2/stonefish_ros2_s__rosidl_typesupport_c.cpython-38-x86_64-linux-gnu.so
[6.247s] -- Up-to-date symlink: /home/dyj/ros2_ws/install/stonefish_ros2/share/stonefish_ros2/msg/Int32Stamped.idl
[6.247s] -- Up-to-date symlink: /home/dyj/ros2_ws/install/stonefish_ros2/share/stonefish_ros2/msg/BeaconInfo.idl
[6.247s] -- Up-to-date symlink: /home/dyj/ros2_ws/install/stonefish_ros2/share/stonefish_ros2/msg/NEDPose.idl
[6.247s] -- Up-to-date symlink: /home/dyj/ros2_ws/install/stonefish_ros2/share/stonefish_ros2/msg/INS.idl
[6.247s] -- Up-to-date symlink: /home/dyj/ros2_ws/install/stonefish_ros2/share/stonefish_ros2/msg/DVLBeam.idl
[6.247s] -- Up-to-date symlink: /home/dyj/ros2_ws/install/stonefish_ros2/share/stonefish_ros2/msg/DVL.idl
[6.247s] -- Up-to-date symlink: /home/dyj/ros2_ws/install/stonefish_ros2/share/stonefish_ros2/msg/ThrusterState.idl
[6.247s] -- Up-to-date symlink: /home/dyj/ros2_ws/install/stonefish_ros2/share/stonefish_ros2/msg/DebugPhysics.idl
[6.247s] -- Up-to-date symlink: /home/dyj/ros2_ws/install/stonefish_ros2/share/stonefish_ros2/msg/Event.idl
[6.248s] -- Up-to-date symlink: /home/dyj/ros2_ws/install/stonefish_ros2/share/stonefish_ros2/msg/EventArray.idl
[6.248s] -- Up-to-date symlink: /home/dyj/ros2_ws/install/stonefish_ros2/share/stonefish_ros2/srv/SonarSettings.idl
[6.248s] -- Up-to-date symlink: /home/dyj/ros2_ws/install/stonefish_ros2/share/stonefish_ros2/srv/SonarSettings2.idl
[6.248s] -- Up-to-date symlink: /home/dyj/ros2_ws/install/stonefish_ros2/share/stonefish_ros2/srv/Respawn.idl
[6.248s] -- Up-to-date symlink: /home/dyj/ros2_ws/install/stonefish_ros2/share/stonefish_ros2/msg/Int32Stamped.msg
[6.248s] -- Up-to-date symlink: /home/dyj/ros2_ws/install/stonefish_ros2/share/stonefish_ros2/msg/BeaconInfo.msg
[6.248s] -- Up-to-date symlink: /home/dyj/ros2_ws/install/stonefish_ros2/share/stonefish_ros2/msg/NEDPose.msg
[6.248s] -- Up-to-date symlink: /home/dyj/ros2_ws/install/stonefish_ros2/share/stonefish_ros2/msg/INS.msg
[6.248s] -- Up-to-date symlink: /home/dyj/ros2_ws/install/stonefish_ros2/share/stonefish_ros2/msg/DVLBeam.msg
[6.248s] -- Up-to-date symlink: /home/dyj/ros2_ws/install/stonefish_ros2/share/stonefish_ros2/msg/DVL.msg
[6.249s] -- Up-to-date symlink: /home/dyj/ros2_ws/install/stonefish_ros2/share/stonefish_ros2/msg/ThrusterState.msg
[6.249s] -- Up-to-date symlink: /home/dyj/ros2_ws/install/stonefish_ros2/share/stonefish_ros2/msg/DebugPhysics.msg
[6.249s] -- Up-to-date symlink: /home/dyj/ros2_ws/install/stonefish_ros2/share/stonefish_ros2/msg/Event.msg
[6.249s] -- Up-to-date symlink: /home/dyj/ros2_ws/install/stonefish_ros2/share/stonefish_ros2/msg/EventArray.msg
[6.249s] -- Up-to-date symlink: /home/dyj/ros2_ws/install/stonefish_ros2/share/stonefish_ros2/srv/SonarSettings.srv
[6.249s] -- Up-to-date symlink: /home/dyj/ros2_ws/install/stonefish_ros2/share/stonefish_ros2/srv/SonarSettings_Request.msg
[6.249s] -- Up-to-date symlink: /home/dyj/ros2_ws/install/stonefish_ros2/share/stonefish_ros2/srv/SonarSettings_Response.msg
[6.249s] -- Up-to-date symlink: /home/dyj/ros2_ws/install/stonefish_ros2/share/stonefish_ros2/srv/SonarSettings2.srv
[6.249s] -- Up-to-date symlink: /home/dyj/ros2_ws/install/stonefish_ros2/share/stonefish_ros2/srv/SonarSettings2_Request.msg
[6.249s] -- Up-to-date symlink: /home/dyj/ros2_ws/install/stonefish_ros2/share/stonefish_ros2/srv/SonarSettings2_Response.msg
[6.250s] -- Up-to-date symlink: /home/dyj/ros2_ws/install/stonefish_ros2/share/stonefish_ros2/srv/Respawn.srv
[6.250s] -- Up-to-date symlink: /home/dyj/ros2_ws/install/stonefish_ros2/share/stonefish_ros2/srv/Respawn_Request.msg
[6.250s] -- Up-to-date symlink: /home/dyj/ros2_ws/install/stonefish_ros2/share/stonefish_ros2/srv/Respawn_Response.msg
[6.250s] -- Up-to-date symlink: /home/dyj/ros2_ws/install/stonefish_ros2/include/include/stonefish_ros2/ROS2ConsoleSimulationApp.h
[6.250s] -- Up-to-date symlink: /home/dyj/ros2_ws/install/stonefish_ros2/include/include/stonefish_ros2/ROS2GraphicalSimulationApp.h
[6.250s] -- Up-to-date symlink: /home/dyj/ros2_ws/install/stonefish_ros2/include/include/stonefish_ros2/ROS2Interface.h
[6.250s] -- Up-to-date symlink: /home/dyj/ros2_ws/install/stonefish_ros2/include/include/stonefish_ros2/ROS2ScenarioParser.h
[6.250s] -- Up-to-date symlink: /home/dyj/ros2_ws/install/stonefish_ros2/include/include/stonefish_ros2/ROS2SimulationManager.h
[6.250s] -- Up-to-date symlink: /home/dyj/ros2_ws/install/stonefish_ros2/lib/stonefish_ros2/stonefish_simulator
[6.250s] -- Up-to-date symlink: /home/dyj/ros2_ws/install/stonefish_ros2/lib/stonefish_ros2/stonefish_simulator_nogpu
[6.251s] -- Up-to-date symlink: /home/dyj/ros2_ws/install/stonefish_ros2/lib/stonefish_ros2/fluid_dynamics_test
[6.251s] -- Up-to-date symlink: /home/dyj/ros2_ws/install/stonefish_ros2/lib/stonefish_ros2/camera_test
[6.251s] -- Up-to-date symlink: /home/dyj/ros2_ws/install/stonefish_ros2/share/stonefish_ros2/launch/stonefish_simulator.launch.py
[6.251s] -- Up-to-date symlink: /home/dyj/ros2_ws/install/stonefish_ros2/share/stonefish_ros2/launch/stonefish_simulator_nogpu.launch.py
[6.251s] -- Up-to-date symlink: /home/dyj/ros2_ws/install/stonefish_ros2/share/ament_index/resource_index/package_run_dependencies/stonefish_ros2
[6.251s] -- Up-to-date symlink: /home/dyj/ros2_ws/install/stonefish_ros2/share/ament_index/resource_index/parent_prefix_path/stonefish_ros2
[6.251s] -- Up-to-date symlink: /home/dyj/ros2_ws/install/stonefish_ros2/share/stonefish_ros2/environment/ament_prefix_path.sh
[6.251s] -- Up-to-date symlink: /home/dyj/ros2_ws/install/stonefish_ros2/share/stonefish_ros2/environment/ament_prefix_path.dsv
[6.252s] -- Up-to-date symlink: /home/dyj/ros2_ws/install/stonefish_ros2/share/stonefish_ros2/environment/path.sh
[6.252s] -- Up-to-date symlink: /home/dyj/ros2_ws/install/stonefish_ros2/share/stonefish_ros2/environment/path.dsv
[6.252s] -- Up-to-date symlink: /home/dyj/ros2_ws/install/stonefish_ros2/share/stonefish_ros2/local_setup.bash
[6.252s] -- Up-to-date symlink: /home/dyj/ros2_ws/install/stonefish_ros2/share/stonefish_ros2/local_setup.sh
[6.252s] -- Up-to-date symlink: /home/dyj/ros2_ws/install/stonefish_ros2/share/stonefish_ros2/local_setup.zsh
[6.252s] -- Up-to-date symlink: /home/dyj/ros2_ws/install/stonefish_ros2/share/stonefish_ros2/local_setup.dsv
[6.252s] -- Symlinking: /home/dyj/ros2_ws/install/stonefish_ros2/share/stonefish_ros2/package.dsv
[6.260s] -- Up-to-date symlink: /home/dyj/ros2_ws/install/stonefish_ros2/share/ament_index/resource_index/packages/stonefish_ros2
[6.260s] -- Up-to-date symlink: /home/dyj/ros2_ws/install/stonefish_ros2/share/stonefish_ros2/cmake/rosidl_cmake-extras.cmake
[6.260s] -- Up-to-date symlink: /home/dyj/ros2_ws/install/stonefish_ros2/share/stonefish_ros2/cmake/ament_cmake_export_dependencies-extras.cmake
[6.260s] -- Up-to-date symlink: /home/dyj/ros2_ws/install/stonefish_ros2/share/stonefish_ros2/cmake/ament_cmake_export_libraries-extras.cmake
[6.260s] -- Up-to-date symlink: /home/dyj/ros2_ws/install/stonefish_ros2/share/stonefish_ros2/cmake/ament_cmake_export_targets-extras.cmake
[6.260s] -- Up-to-date symlink: /home/dyj/ros2_ws/install/stonefish_ros2/share/stonefish_ros2/cmake/ament_cmake_export_include_directories-extras.cmake
[6.261s] -- Up-to-date symlink: /home/dyj/ros2_ws/install/stonefish_ros2/share/stonefish_ros2/cmake/rosidl_cmake_export_typesupport_libraries-extras.cmake
[6.261s] -- Up-to-date symlink: /home/dyj/ros2_ws/install/stonefish_ros2/share/stonefish_ros2/cmake/rosidl_cmake_export_typesupport_targets-extras.cmake
[6.261s] -- Up-to-date symlink: /home/dyj/ros2_ws/install/stonefish_ros2/share/stonefish_ros2/cmake/stonefish_ros2Config.cmake
[6.261s] -- Up-to-date symlink: /home/dyj/ros2_ws/install/stonefish_ros2/share/stonefish_ros2/cmake/stonefish_ros2Config-version.cmake
[6.261s] -- Up-to-date symlink: /home/dyj/ros2_ws/install/stonefish_ros2/share/stonefish_ros2/package.xml
[6.261s] -- Up-to-date: /home/dyj/ros2_ws/install/stonefish_ros2/lib/libstonefish_ros2__rosidl_generator_c.so
[6.261s] -- Up-to-date: /home/dyj/ros2_ws/install/stonefish_ros2/lib/libstonefish_ros2__rosidl_typesupport_introspection_c.so
[6.261s] -- Up-to-date: /home/dyj/ros2_ws/install/stonefish_ros2/lib/libstonefish_ros2__rosidl_typesupport_c.so
[6.262s] -- Up-to-date: /home/dyj/ros2_ws/install/stonefish_ros2/lib/libstonefish_ros2__rosidl_typesupport_introspection_cpp.so
[6.262s] -- Up-to-date: /home/dyj/ros2_ws/install/stonefish_ros2/lib/libstonefish_ros2__rosidl_typesupport_cpp.so
[6.276s] Listing '/home/dyj/ros2_ws/install/stonefish_ros2/lib/python3.8/site-packages/stonefish_ros2'...
[6.276s] Listing '/home/dyj/ros2_ws/install/stonefish_ros2/lib/python3.8/site-packages/stonefish_ros2/msg'...
[6.276s] Listing '/home/dyj/ros2_ws/install/stonefish_ros2/lib/python3.8/site-packages/stonefish_ros2/srv'...
[6.278s] -- Up-to-date: /home/dyj/ros2_ws/install/stonefish_ros2/lib/libstonefish_ros2__rosidl_generator_py.so
[6.279s] -- Up-to-date: /home/dyj/ros2_ws/install/stonefish_ros2/lib/libstonefish_ros2_interface.so
[6.279s] -- Up-to-date: /home/dyj/ros2_ws/install/stonefish_ros2/share/stonefish_ros2/cmake/stonefish_ros2__rosidl_generator_cExport.cmake
[6.279s] -- Up-to-date: /home/dyj/ros2_ws/install/stonefish_ros2/share/stonefish_ros2/cmake/stonefish_ros2__rosidl_generator_cExport-noconfig.cmake
[6.279s] -- Up-to-date: /home/dyj/ros2_ws/install/stonefish_ros2/share/stonefish_ros2/cmake/stonefish_ros2__rosidl_typesupport_introspection_cExport.cmake
[6.279s] -- Up-to-date: /home/dyj/ros2_ws/install/stonefish_ros2/share/stonefish_ros2/cmake/stonefish_ros2__rosidl_typesupport_introspection_cExport-noconfig.cmake
[6.279s] -- Up-to-date: /home/dyj/ros2_ws/install/stonefish_ros2/share/stonefish_ros2/cmake/stonefish_ros2__rosidl_typesupport_cExport.cmake
[6.279s] -- Up-to-date: /home/dyj/ros2_ws/install/stonefish_ros2/share/stonefish_ros2/cmake/stonefish_ros2__rosidl_typesupport_cExport-noconfig.cmake
[6.280s] -- Up-to-date: /home/dyj/ros2_ws/install/stonefish_ros2/share/stonefish_ros2/cmake/stonefish_ros2__rosidl_generator_cppExport.cmake
[6.280s] -- Up-to-date: /home/dyj/ros2_ws/install/stonefish_ros2/share/stonefish_ros2/cmake/stonefish_ros2__rosidl_typesupport_introspection_cppExport.cmake
[6.280s] -- Up-to-date: /home/dyj/ros2_ws/install/stonefish_ros2/share/stonefish_ros2/cmake/stonefish_ros2__rosidl_typesupport_introspection_cppExport-noconfig.cmake
[6.280s] -- Up-to-date: /home/dyj/ros2_ws/install/stonefish_ros2/share/stonefish_ros2/cmake/stonefish_ros2__rosidl_typesupport_cppExport.cmake
[6.280s] -- Up-to-date: /home/dyj/ros2_ws/install/stonefish_ros2/share/stonefish_ros2/cmake/stonefish_ros2__rosidl_typesupport_cppExport-noconfig.cmake
[6.280s] -- Up-to-date: /home/dyj/ros2_ws/install/stonefish_ros2/share/stonefish_ros2/cmake/export_stonefish_ros2__rosidl_generator_pyExport.cmake
[6.280s] -- Up-to-date: /home/dyj/ros2_ws/install/stonefish_ros2/share/stonefish_ros2/cmake/export_stonefish_ros2__rosidl_generator_pyExport-noconfig.cmake
[6.283s] Invoked command in '/home/dyj/ros2_ws/build/stonefish_ros2' returned '0': CMAKE_PREFIX_PATH=${CMAKE_PREFIX_PATH}:/opt/ros/rolling /usr/bin/cmake --install /home/dyj/ros2_ws/build/stonefish_ros2
