-- The C compiler identification is GNU 9.4.0
-- The CXX compiler identification is GNU 9.4.0
-- Check for working C compiler: /usr/bin/cc
-- Check for working C compiler: /usr/bin/cc -- works
-- Detecting C compiler ABI info
-- Detecting C compiler ABI info - done
-- Detecting C compile features
-- Detecting C compile features - done
-- Check for working CXX compiler: /usr/bin/c++
-- Check for working CXX compiler: /usr/bin/c++ -- works
-- Detecting CXX compiler ABI info
-- Detecting CXX compiler ABI info - done
-- Detecting CXX compile features
-- Detecting CXX compile features - done
-- Found ament_cmake: 1.2.1 (/opt/ros/rolling/share/ament_cmake/cmake)
-- Found Python3: /usr/bin/python3.8 (found version "3.8.10") found components: Interpreter 
-- Override CMake install command with custom implementation using symlinks instead of copying resources
-- Found rclcpp: 15.0.0 (/opt/ros/rolling/share/rclcpp/cmake)
-- Using all available rosidl_typesupport_c: rosidl_typesupport_fastrtps_c;rosidl_typesupport_introspection_c
-- Found rosidl_adapter: 3.0.1 (/opt/ros/rolling/share/rosidl_adapter/cmake)
-- Using all available rosidl_typesupport_cpp: rosidl_typesupport_fastrtps_cpp;rosidl_typesupport_introspection_cpp
-- Found rmw_implementation_cmake: 5.1.0 (/opt/ros/rolling/share/rmw_implementation_cmake/cmake)
-- Found rmw_cyclonedds_cpp: 1.1.2 (/opt/ros/rolling/share/rmw_cyclonedds_cpp/cmake)
-- Using RMW implementation 'rmw_cyclonedds_cpp' as default
-- Found std_srvs: 4.0.0 (/opt/ros/rolling/share/std_srvs/cmake)
-- Found geometry_msgs: 4.0.0 (/opt/ros/rolling/share/geometry_msgs/cmake)
-- Found nav_msgs: 4.0.0 (/opt/ros/rolling/share/nav_msgs/cmake)
-- Found sensor_msgs: 4.0.0 (/opt/ros/rolling/share/sensor_msgs/cmake)
-- Found visualization_msgs: 4.0.0 (/opt/ros/rolling/share/visualization_msgs/cmake)
-- Found rosidl_default_generators: 1.1.1 (/opt/ros/rolling/share/rosidl_default_generators/cmake)
-- Found pcl_conversions: 2.4.0 (/opt/ros/rolling/share/pcl_conversions/cmake)
-- Found image_transport: 3.1.2 (/opt/ros/rolling/share/image_transport/cmake)
-- Found tf2: 0.21.0 (/opt/ros/rolling/share/tf2/cmake)
-- Found tf2_ros: 0.21.0 (/opt/ros/rolling/share/tf2_ros/cmake)
-- Checking for module 'eigen3'
--   Found eigen3, version 3.3.7
-- Found Eigen: /usr/include/eigen3 (Required is at least version "3.1") 
-- Eigen found (include: /usr/include/eigen3, version: 3.3.7)
-- Found Boost: /usr/include (found suitable version "1.71.0", minimum required is "1.55.0") found components: system filesystem date_time iostreams regex 
-- Checking for module 'flann'
--   Found flann, version 1.9.1
-- Found FLANN: /usr/lib/x86_64-linux-gnu/libflann_cpp.so  
-- The imported target "vtkParseOGLExt" references the file
   "/usr/bin/vtkParseOGLExt-7.1"
but this file does not exist.  Possible reasons include:
* The file was deleted, renamed, or moved to another location.
* An install or uninstall procedure did not complete successfully.
* The installation package was faulty and contained
   "/usr/lib/cmake/vtk-7.1/VTKTargets.cmake"
but not all the files it references.

-- The imported target "vtkRenderingPythonTkWidgets" references the file
   "/usr/lib/x86_64-linux-gnu/libvtkRenderingPythonTkWidgets.so"
but this file does not exist.  Possible reasons include:
* The file was deleted, renamed, or moved to another location.
* An install or uninstall procedure did not complete successfully.
* The installation package was faulty and contained
   "/usr/lib/cmake/vtk-7.1/VTKTargets.cmake"
but not all the files it references.

-- The imported target "vtk" references the file
   "/usr/bin/vtk"
but this file does not exist.  Possible reasons include:
* The file was deleted, renamed, or moved to another location.
* An install or uninstall procedure did not complete successfully.
* The installation package was faulty and contained
   "/usr/lib/cmake/vtk-7.1/VTKTargets.cmake"
but not all the files it references.

-- The imported target "pvtk" references the file
   "/usr/bin/pvtk"
but this file does not exist.  Possible reasons include:
* The file was deleted, renamed, or moved to another location.
* An install or uninstall procedure did not complete successfully.
* The installation package was faulty and contained
   "/usr/lib/cmake/vtk-7.1/VTKTargets.cmake"
but not all the files it references.

-- Checking for module 'libusb-1.0'
--   Found libusb-1.0, version 1.0.23
-- Found USB_10: /usr/lib/x86_64-linux-gnu/libusb-1.0.so  
-- Found OpenNI: /usr/lib/libOpenNI.so  
-- OpenNI found (include: /usr/include/ni, lib: /usr/lib/libOpenNI.so)
-- Found OpenNI2: /usr/lib/libOpenNI2.so  
-- OpenNI2 found (include: /usr/include/openni2, lib: /usr/lib/libOpenNI2.so)
-- Found libusb-1.0: /usr/include  
-- OpenNI found (include: /usr/include/ni, lib: /usr/lib/libOpenNI.so)
-- OpenNI2 found (include: /usr/include/openni2, lib: /usr/lib/libOpenNI2.so)
-- Found Qhull: optimized;/usr/lib/x86_64-linux-gnu/libqhull.so;debug;/usr/lib/x86_64-linux-gnu/libqhull.so  
-- QHULL found (include: /usr/include, lib: optimized;/usr/lib/x86_64-linux-gnu/libqhull.so;debug;/usr/lib/x86_64-linux-gnu/libqhull.so)
-- OpenNI found (include: /usr/include/ni, lib: /usr/lib/libOpenNI.so)
-- looking for PCL_COMMON
-- Found PCL_COMMON: /usr/lib/x86_64-linux-gnu/libpcl_common.so  
-- looking for PCL_KDTREE
-- Found PCL_KDTREE: /usr/lib/x86_64-linux-gnu/libpcl_kdtree.so  
-- looking for PCL_OCTREE
-- Found PCL_OCTREE: /usr/lib/x86_64-linux-gnu/libpcl_octree.so  
-- looking for PCL_SEARCH
-- Found PCL_SEARCH: /usr/lib/x86_64-linux-gnu/libpcl_search.so  
-- looking for PCL_SAMPLE_CONSENSUS
-- Found PCL_SAMPLE_CONSENSUS: /usr/lib/x86_64-linux-gnu/libpcl_sample_consensus.so  
-- looking for PCL_FILTERS
-- Found PCL_FILTERS: /usr/lib/x86_64-linux-gnu/libpcl_filters.so  
-- looking for PCL_2D
-- Found PCL_2D: /usr/include/pcl-1.10  
-- looking for PCL_GEOMETRY
-- Found PCL_GEOMETRY: /usr/include/pcl-1.10  
-- looking for PCL_IO
-- Found PCL_IO: /usr/lib/x86_64-linux-gnu/libpcl_io.so  
-- looking for PCL_FEATURES
-- Found PCL_FEATURES: /usr/lib/x86_64-linux-gnu/libpcl_features.so  
-- looking for PCL_ML
-- Found PCL_ML: /usr/lib/x86_64-linux-gnu/libpcl_ml.so  
-- looking for PCL_SEGMENTATION
-- Found PCL_SEGMENTATION: /usr/lib/x86_64-linux-gnu/libpcl_segmentation.so  
-- looking for PCL_VISUALIZATION
-- Found PCL_VISUALIZATION: /usr/lib/x86_64-linux-gnu/libpcl_visualization.so  
-- looking for PCL_SURFACE
-- Found PCL_SURFACE: /usr/lib/x86_64-linux-gnu/libpcl_surface.so  
-- looking for PCL_REGISTRATION
-- Found PCL_REGISTRATION: /usr/lib/x86_64-linux-gnu/libpcl_registration.so  
-- looking for PCL_KEYPOINTS
-- Found PCL_KEYPOINTS: /usr/lib/x86_64-linux-gnu/libpcl_keypoints.so  
-- looking for PCL_TRACKING
-- Found PCL_TRACKING: /usr/lib/x86_64-linux-gnu/libpcl_tracking.so  
-- looking for PCL_RECOGNITION
-- Found PCL_RECOGNITION: /usr/lib/x86_64-linux-gnu/libpcl_recognition.so  
-- looking for PCL_STEREO
-- Found PCL_STEREO: /usr/lib/x86_64-linux-gnu/libpcl_stereo.so  
-- looking for PCL_APPS
-- Found PCL_APPS: /usr/lib/x86_64-linux-gnu/libpcl_apps.so  
-- looking for PCL_IN_HAND_SCANNER
-- Found PCL_IN_HAND_SCANNER: /usr/include/pcl-1.10  
-- looking for PCL_POINT_CLOUD_EDITOR
-- Found PCL_POINT_CLOUD_EDITOR: /usr/include/pcl-1.10  
-- looking for PCL_OUTOFCORE
-- Found PCL_OUTOFCORE: /usr/lib/x86_64-linux-gnu/libpcl_outofcore.so  
-- looking for PCL_PEOPLE
-- Found PCL_PEOPLE: /usr/lib/x86_64-linux-gnu/libpcl_people.so  
-- Found PCL: pcl_common;pcl_kdtree;pcl_octree;pcl_search;pcl_sample_consensus;pcl_filters;pcl_io;pcl_features;pcl_ml;pcl_segmentation;pcl_visualization;pcl_surface;pcl_registration;pcl_keypoints;pcl_tracking;pcl_recognition;pcl_stereo;pcl_apps;pcl_outofcore;pcl_people;/usr/lib/x86_64-linux-gnu/libboost_system.so;/usr/lib/x86_64-linux-gnu/libboost_filesystem.so;/usr/lib/x86_64-linux-gnu/libboost_date_time.so;/usr/lib/x86_64-linux-gnu/libboost_iostreams.so;/usr/lib/x86_64-linux-gnu/libboost_regex.so;optimized;/usr/lib/x86_64-linux-gnu/libqhull.so;debug;/usr/lib/x86_64-linux-gnu/libqhull.so;/usr/lib/libOpenNI.so;/usr/lib/libOpenNI2.so;vtkChartsCore;vtkCommonColor;vtkCommonCore;vtksys;vtkCommonDataModel;vtkCommonMath;vtkCommonMisc;vtkCommonSystem;vtkCommonTransforms;vtkCommonExecutionModel;vtkFiltersGeneral;vtkCommonComputationalGeometry;vtkFiltersCore;vtkInfovisCore;vtkFiltersExtraction;vtkFiltersStatistics;vtkImagingFourier;vtkImagingCore;vtkalglib;vtkRenderingContext2D;vtkRenderingCore;vtkFiltersGeometry;vtkFiltersSources;vtkRenderingFreeType;/usr/lib/x86_64-linux-gnu/libfreetype.so;/usr/lib/x86_64-linux-gnu/libz.so;vtkFiltersModeling;vtkImagingSources;vtkInteractionStyle;vtkInteractionWidgets;vtkFiltersHybrid;vtkImagingColor;vtkImagingGeneral;vtkImagingHybrid;vtkIOImage;vtkDICOMParser;vtkmetaio;/usr/lib/x86_64-linux-gnu/libjpeg.so;/usr/lib/x86_64-linux-gnu/libpng.so;/usr/lib/x86_64-linux-gnu/libtiff.so;vtkRenderingAnnotation;vtkRenderingVolume;vtkIOXML;vtkIOCore;vtkIOXMLParser;/usr/lib/x86_64-linux-gnu/libexpat.so;vtkIOGeometry;vtkIOLegacy;vtkIOPLY;vtkRenderingLOD;vtkViewsContext2D;vtkViewsCore;vtkRenderingContextOpenGL2;vtkRenderingOpenGL2;FLANN::FLANN  
-- Found OpenGL: /usr/lib/x86_64-linux-gnu/libOpenGL.so   
-- Found Freetype: /usr/lib/x86_64-linux-gnu/libfreetype.so (found version "2.10.1") 
-- Found OpenMP_C: -fopenmp (found version "4.5") 
-- Found OpenMP_CXX: -fopenmp (found version "4.5") 
-- Found OpenMP: TRUE (found version "4.5")  
-- Found ament_cmake_ros: 0.10.0 (/opt/ros/rolling/share/ament_cmake_ros/cmake)
-- Using all available rosidl_typesupport_c: rosidl_typesupport_fastrtps_c;rosidl_typesupport_introspection_c
-- Using all available rosidl_typesupport_cpp: rosidl_typesupport_fastrtps_cpp;rosidl_typesupport_introspection_cpp
-- Found PythonInterp: /usr/bin/python3 (found suitable version "3.8.10", minimum required is "3.5") 
-- Found python_cmake_module: 0.8.1 (/opt/ros/rolling/share/python_cmake_module/cmake)
-- Found PythonLibs: /usr/lib/x86_64-linux-gnu/libpython3.8.so (found suitable version "3.8.10", minimum required is "3.5") 
-- Using PYTHON_EXECUTABLE: /usr/bin/python3
-- Using PYTHON_INCLUDE_DIRS: /usr/include/python3.8
-- Using PYTHON_LIBRARIES: /usr/lib/x86_64-linux-gnu/libpython3.8.so
-- Found PythonExtra: .so  
-- Found ament_lint_auto: 0.11.4 (/opt/ros/rolling/share/ament_lint_auto/cmake)
-- Added test 'cppcheck' to perform static code analysis on C / C++ code
-- Configured cppcheck include dirs: $<BUILD_INTERFACE:/home/dyj/ros2_ws/src/stonefish_ros2/include>
-- Configured cppcheck exclude dirs and/or files: 
-- Added test 'flake8' to check Python code syntax and style conventions
-- Added test 'lint_cmake' to check CMake code style
-- Added test 'pep257' to check Python code against some of the style conventions in PEP 257
-- Added test 'uncrustify' to check C / C++ code style
-- Configured uncrustify additional arguments: 
-- Added test 'xmllint' to check XML markup files
-- Configuring done
-- Generating done
-- Build files have been written to: /home/dyj/ros2_ws/build/stonefish_ros2
[35m[1mScanning dependencies of target ament_cmake_python_symlink_stonefish_ros2[0m
[35m[1mScanning dependencies of target stonefish_ros2__cpp[0m
[  0%] [34m[1mGenerating C code for ROS interfaces[0m
[  1%] [34m[1mGenerating C++ code for ROS interfaces[0m
[  1%] Built target ament_cmake_python_symlink_stonefish_ros2
[35m[1mScanning dependencies of target ament_cmake_python_build_stonefish_ros2_egg[0m
running egg_info
creating stonefish_ros2.egg-info
writing stonefish_ros2.egg-info/PKG-INFO
writing dependency_links to stonefish_ros2.egg-info/dependency_links.txt
writing top-level names to stonefish_ros2.egg-info/top_level.txt
writing manifest file 'stonefish_ros2.egg-info/SOURCES.txt'
reading manifest file 'stonefish_ros2.egg-info/SOURCES.txt'
writing manifest file 'stonefish_ros2.egg-info/SOURCES.txt'
[  1%] Built target ament_cmake_python_build_stonefish_ros2_egg
[35m[1mScanning dependencies of target stonefish_ros2__rosidl_generator_c[0m
[  2%] [32mBuilding C object CMakeFiles/stonefish_ros2__rosidl_generator_c.dir/rosidl_generator_c/stonefish_ros2/msg/detail/int32_stamped__functions.c.o[0m
[  3%] [32mBuilding C object CMakeFiles/stonefish_ros2__rosidl_generator_c.dir/rosidl_generator_c/stonefish_ros2/msg/detail/beacon_info__functions.c.o[0m
[  3%] [32mBuilding C object CMakeFiles/stonefish_ros2__rosidl_generator_c.dir/rosidl_generator_c/stonefish_ros2/msg/detail/ins__functions.c.o[0m
[  4%] [32mBuilding C object CMakeFiles/stonefish_ros2__rosidl_generator_c.dir/rosidl_generator_c/stonefish_ros2/msg/detail/dvl_beam__functions.c.o[0m
[  5%] [32mBuilding C object CMakeFiles/stonefish_ros2__rosidl_generator_c.dir/rosidl_generator_c/stonefish_ros2/msg/detail/thruster_state__functions.c.o[0m
[  5%] [32mBuilding C object CMakeFiles/stonefish_ros2__rosidl_generator_c.dir/rosidl_generator_c/stonefish_ros2/msg/detail/dvl__functions.c.o[0m
[  7%] [32mBuilding C object CMakeFiles/stonefish_ros2__rosidl_generator_c.dir/rosidl_generator_c/stonefish_ros2/msg/detail/ned_pose__functions.c.o[0m
[  7%] [32mBuilding C object CMakeFiles/stonefish_ros2__rosidl_generator_c.dir/rosidl_generator_c/stonefish_ros2/msg/detail/debug_physics__functions.c.o[0m
[  8%] [32mBuilding C object CMakeFiles/stonefish_ros2__rosidl_generator_c.dir/rosidl_generator_c/stonefish_ros2/msg/detail/event__functions.c.o[0m
[  9%] [32mBuilding C object CMakeFiles/stonefish_ros2__rosidl_generator_c.dir/rosidl_generator_c/stonefish_ros2/msg/detail/event_array__functions.c.o[0m
[ 11%] [32mBuilding C object CMakeFiles/stonefish_ros2__rosidl_generator_c.dir/rosidl_generator_c/stonefish_ros2/srv/detail/sonar_settings__functions.c.o[0m
[ 11%] [32mBuilding C object CMakeFiles/stonefish_ros2__rosidl_generator_c.dir/rosidl_generator_c/stonefish_ros2/srv/detail/respawn__functions.c.o[0m
[ 11%] [32mBuilding C object CMakeFiles/stonefish_ros2__rosidl_generator_c.dir/rosidl_generator_c/stonefish_ros2/srv/detail/sonar_settings2__functions.c.o[0m
[ 11%] Built target stonefish_ros2__cpp
[ 13%] [34m[1mGenerating C++ introspection for ROS interfaces[0m
[ 13%] [34m[1mGenerating C++ type support dispatch for ROS interfaces[0m
[ 13%] [34m[1mGenerating C++ type support for eProsima Fast-RTPS[0m
[ 13%] [32m[1mLinking C shared library libstonefish_ros2__rosidl_generator_c.so[0m
[ 13%] Built target stonefish_ros2__rosidl_generator_c
[ 14%] [34m[1mGenerating C type support dispatch for ROS interfaces[0m
[ 14%] [34m[1mGenerating C introspection for ROS interfaces[0m
[35m[1mScanning dependencies of target stonefish_ros2__rosidl_typesupport_cpp[0m
[ 17%] [32mBuilding CXX object CMakeFiles/stonefish_ros2__rosidl_typesupport_cpp.dir/rosidl_typesupport_cpp/stonefish_ros2/msg/ins__type_support.cpp.o[0m
[ 17%] [32mBuilding CXX object CMakeFiles/stonefish_ros2__rosidl_typesupport_cpp.dir/rosidl_typesupport_cpp/stonefish_ros2/msg/beacon_info__type_support.cpp.o[0m
[ 18%] [32mBuilding CXX object CMakeFiles/stonefish_ros2__rosidl_typesupport_cpp.dir/rosidl_typesupport_cpp/stonefish_ros2/srv/sonar_settings__type_support.cpp.o[0m
[ 18%] [32mBuilding CXX object CMakeFiles/stonefish_ros2__rosidl_typesupport_cpp.dir/rosidl_typesupport_cpp/stonefish_ros2/msg/event__type_support.cpp.o[0m
[ 17%] [32mBuilding CXX object CMakeFiles/stonefish_ros2__rosidl_typesupport_cpp.dir/rosidl_typesupport_cpp/stonefish_ros2/msg/dvl_beam__type_support.cpp.o[0m
[ 19%] [32mBuilding CXX object CMakeFiles/stonefish_ros2__rosidl_typesupport_cpp.dir/rosidl_typesupport_cpp/stonefish_ros2/msg/event_array__type_support.cpp.o[0m
[ 19%] [32mBuilding CXX object CMakeFiles/stonefish_ros2__rosidl_typesupport_cpp.dir/rosidl_typesupport_cpp/stonefish_ros2/msg/ned_pose__type_support.cpp.o[0m
[ 20%] [32mBuilding CXX object CMakeFiles/stonefish_ros2__rosidl_typesupport_cpp.dir/rosidl_typesupport_cpp/stonefish_ros2/msg/int32_stamped__type_support.cpp.o[0m
[ 21%] [32mBuilding CXX object CMakeFiles/stonefish_ros2__rosidl_typesupport_cpp.dir/rosidl_typesupport_cpp/stonefish_ros2/msg/thruster_state__type_support.cpp.o[0m
[ 22%] [32mBuilding CXX object CMakeFiles/stonefish_ros2__rosidl_typesupport_cpp.dir/rosidl_typesupport_cpp/stonefish_ros2/srv/sonar_settings2__type_support.cpp.o[0m
[ 23%] [32mBuilding CXX object CMakeFiles/stonefish_ros2__rosidl_typesupport_cpp.dir/rosidl_typesupport_cpp/stonefish_ros2/msg/dvl__type_support.cpp.o[0m
[ 23%] [32mBuilding CXX object CMakeFiles/stonefish_ros2__rosidl_typesupport_cpp.dir/rosidl_typesupport_cpp/stonefish_ros2/msg/debug_physics__type_support.cpp.o[0m
[35m[1mScanning dependencies of target stonefish_ros2__rosidl_typesupport_c[0m
[ 24%] [32mBuilding CXX object CMakeFiles/stonefish_ros2__rosidl_typesupport_c.dir/rosidl_typesupport_c/stonefish_ros2/msg/int32_stamped__type_support.cpp.o[0m
[ 24%] [32mBuilding CXX object CMakeFiles/stonefish_ros2__rosidl_typesupport_c.dir/rosidl_typesupport_c/stonefish_ros2/msg/beacon_info__type_support.cpp.o[0m
[ 25%] [32mBuilding CXX object CMakeFiles/stonefish_ros2__rosidl_typesupport_c.dir/rosidl_typesupport_c/stonefish_ros2/msg/ned_pose__type_support.cpp.o[0m
[35m[1mScanning dependencies of target stonefish_ros2__rosidl_typesupport_introspection_cpp[0m
[ 26%] [32mBuilding CXX object CMakeFiles/stonefish_ros2__rosidl_typesupport_c.dir/rosidl_typesupport_c/stonefish_ros2/msg/ins__type_support.cpp.o[0m
[ 26%] [32mBuilding CXX object CMakeFiles/stonefish_ros2__rosidl_typesupport_cpp.dir/rosidl_typesupport_cpp/stonefish_ros2/srv/respawn__type_support.cpp.o[0m
[ 27%] [32mBuilding CXX object CMakeFiles/stonefish_ros2__rosidl_typesupport_c.dir/rosidl_typesupport_c/stonefish_ros2/msg/dvl_beam__type_support.cpp.o[0m
[ 27%] [32mBuilding CXX object CMakeFiles/stonefish_ros2__rosidl_typesupport_c.dir/rosidl_typesupport_c/stonefish_ros2/msg/dvl__type_support.cpp.o[0m
[ 28%] [32mBuilding CXX object CMakeFiles/stonefish_ros2__rosidl_typesupport_c.dir/rosidl_typesupport_c/stonefish_ros2/msg/thruster_state__type_support.cpp.o[0m
[ 28%] [32mBuilding CXX object CMakeFiles/stonefish_ros2__rosidl_typesupport_c.dir/rosidl_typesupport_c/stonefish_ros2/msg/event__type_support.cpp.o[0m
[ 29%] [32mBuilding CXX object CMakeFiles/stonefish_ros2__rosidl_typesupport_c.dir/rosidl_typesupport_c/stonefish_ros2/msg/debug_physics__type_support.cpp.o[0m
[ 30%] [32mBuilding CXX object CMakeFiles/stonefish_ros2__rosidl_typesupport_c.dir/rosidl_typesupport_c/stonefish_ros2/msg/event_array__type_support.cpp.o[0m
[ 31%] [32mBuilding CXX object CMakeFiles/stonefish_ros2__rosidl_typesupport_introspection_cpp.dir/rosidl_typesupport_introspection_cpp/stonefish_ros2/msg/detail/int32_stamped__type_support.cpp.o[0m
[ 32%] [32mBuilding CXX object CMakeFiles/stonefish_ros2__rosidl_typesupport_introspection_cpp.dir/rosidl_typesupport_introspection_cpp/stonefish_ros2/msg/detail/beacon_info__type_support.cpp.o[0m
[ 34%] [32mBuilding CXX object CMakeFiles/stonefish_ros2__rosidl_typesupport_introspection_cpp.dir/rosidl_typesupport_introspection_cpp/stonefish_ros2/msg/detail/ned_pose__type_support.cpp.o[0m
[ 34%] [32mBuilding CXX object CMakeFiles/stonefish_ros2__rosidl_typesupport_c.dir/rosidl_typesupport_c/stonefish_ros2/srv/sonar_settings__type_support.cpp.o[0m
[ 35%] [32mBuilding CXX object CMakeFiles/stonefish_ros2__rosidl_typesupport_c.dir/rosidl_typesupport_c/stonefish_ros2/srv/sonar_settings2__type_support.cpp.o[0m
[ 35%] [32mBuilding CXX object CMakeFiles/stonefish_ros2__rosidl_typesupport_c.dir/rosidl_typesupport_c/stonefish_ros2/srv/respawn__type_support.cpp.o[0m
[ 35%] [32mBuilding CXX object CMakeFiles/stonefish_ros2__rosidl_typesupport_introspection_cpp.dir/rosidl_typesupport_introspection_cpp/stonefish_ros2/msg/detail/ins__type_support.cpp.o[0m
[ 36%] [32mBuilding CXX object CMakeFiles/stonefish_ros2__rosidl_typesupport_introspection_cpp.dir/rosidl_typesupport_introspection_cpp/stonefish_ros2/msg/detail/dvl_beam__type_support.cpp.o[0m
[ 37%] [32mBuilding CXX object CMakeFiles/stonefish_ros2__rosidl_typesupport_introspection_cpp.dir/rosidl_typesupport_introspection_cpp/stonefish_ros2/msg/detail/dvl__type_support.cpp.o[0m
[ 37%] [32mBuilding CXX object CMakeFiles/stonefish_ros2__rosidl_typesupport_introspection_cpp.dir/rosidl_typesupport_introspection_cpp/stonefish_ros2/msg/detail/thruster_state__type_support.cpp.o[0m
[ 38%] [32mBuilding CXX object CMakeFiles/stonefish_ros2__rosidl_typesupport_introspection_cpp.dir/rosidl_typesupport_introspection_cpp/stonefish_ros2/msg/detail/debug_physics__type_support.cpp.o[0m
[ 39%] [32mBuilding CXX object CMakeFiles/stonefish_ros2__rosidl_typesupport_introspection_cpp.dir/rosidl_typesupport_introspection_cpp/stonefish_ros2/msg/detail/event__type_support.cpp.o[0m
[35m[1mScanning dependencies of target stonefish_ros2__rosidl_typesupport_introspection_c[0m
[ 40%] [32mBuilding CXX object CMakeFiles/stonefish_ros2__rosidl_typesupport_introspection_cpp.dir/rosidl_typesupport_introspection_cpp/stonefish_ros2/msg/detail/event_array__type_support.cpp.o[0m
[ 40%] [32mBuilding CXX object CMakeFiles/stonefish_ros2__rosidl_typesupport_introspection_cpp.dir/rosidl_typesupport_introspection_cpp/stonefish_ros2/srv/detail/sonar_settings__type_support.cpp.o[0m
[35m[1mScanning dependencies of target stonefish_ros2__rosidl_typesupport_fastrtps_cpp[0m
[ 41%] [32m[1mLinking CXX shared library libstonefish_ros2__rosidl_typesupport_c.so[0m
[ 42%] [32mBuilding CXX object CMakeFiles/stonefish_ros2__rosidl_typesupport_introspection_cpp.dir/rosidl_typesupport_introspection_cpp/stonefish_ros2/srv/detail/sonar_settings2__type_support.cpp.o[0m
[ 43%] [32mBuilding C object CMakeFiles/stonefish_ros2__rosidl_typesupport_introspection_c.dir/rosidl_typesupport_introspection_c/stonefish_ros2/msg/detail/int32_stamped__type_support.c.o[0m
[ 43%] [32mBuilding CXX object CMakeFiles/stonefish_ros2__rosidl_typesupport_fastrtps_cpp.dir/rosidl_typesupport_fastrtps_cpp/stonefish_ros2/msg/detail/dds_fastrtps/int32_stamped__type_support.cpp.o[0m
[ 43%] Built target stonefish_ros2__rosidl_typesupport_c
[ 44%] [32mBuilding C object CMakeFiles/stonefish_ros2__rosidl_typesupport_introspection_c.dir/rosidl_typesupport_introspection_c/stonefish_ros2/msg/detail/beacon_info__type_support.c.o[0m
[ 45%] [32mBuilding C object CMakeFiles/stonefish_ros2__rosidl_typesupport_introspection_c.dir/rosidl_typesupport_introspection_c/stonefish_ros2/msg/detail/ned_pose__type_support.c.o[0m
[ 45%] [32mBuilding C object CMakeFiles/stonefish_ros2__rosidl_typesupport_introspection_c.dir/rosidl_typesupport_introspection_c/stonefish_ros2/msg/detail/ins__type_support.c.o[0m
[ 46%] [32mBuilding C object CMakeFiles/stonefish_ros2__rosidl_typesupport_introspection_c.dir/rosidl_typesupport_introspection_c/stonefish_ros2/msg/detail/dvl_beam__type_support.c.o[0m
[ 47%] [32mBuilding C object CMakeFiles/stonefish_ros2__rosidl_typesupport_introspection_c.dir/rosidl_typesupport_introspection_c/stonefish_ros2/msg/detail/dvl__type_support.c.o[0m
[ 48%] [32mBuilding CXX object CMakeFiles/stonefish_ros2__rosidl_typesupport_fastrtps_cpp.dir/rosidl_typesupport_fastrtps_cpp/stonefish_ros2/msg/detail/dds_fastrtps/beacon_info__type_support.cpp.o[0m
[ 48%] [32mBuilding C object CMakeFiles/stonefish_ros2__rosidl_typesupport_introspection_c.dir/rosidl_typesupport_introspection_c/stonefish_ros2/msg/detail/thruster_state__type_support.c.o[0m
[ 49%] [32m[1mLinking CXX shared library libstonefish_ros2__rosidl_typesupport_cpp.so[0m
[ 50%] [32mBuilding C object CMakeFiles/stonefish_ros2__rosidl_typesupport_introspection_c.dir/rosidl_typesupport_introspection_c/stonefish_ros2/msg/detail/debug_physics__type_support.c.o[0m
[ 50%] Built target stonefish_ros2__rosidl_typesupport_cpp
[ 51%] [32mBuilding C object CMakeFiles/stonefish_ros2__rosidl_typesupport_introspection_c.dir/rosidl_typesupport_introspection_c/stonefish_ros2/msg/detail/event__type_support.c.o[0m
[35m[1mScanning dependencies of target stonefish_ros2_interface[0m
[ 52%] [32mBuilding C object CMakeFiles/stonefish_ros2__rosidl_typesupport_introspection_c.dir/rosidl_typesupport_introspection_c/stonefish_ros2/msg/detail/event_array__type_support.c.o[0m
[ 53%] [32mBuilding C object CMakeFiles/stonefish_ros2__rosidl_typesupport_introspection_c.dir/rosidl_typesupport_introspection_c/stonefish_ros2/srv/detail/sonar_settings__type_support.c.o[0m
[ 53%] [32mBuilding C object CMakeFiles/stonefish_ros2__rosidl_typesupport_introspection_c.dir/rosidl_typesupport_introspection_c/stonefish_ros2/srv/detail/sonar_settings2__type_support.c.o[0m
[ 54%] [32mBuilding C object CMakeFiles/stonefish_ros2__rosidl_typesupport_introspection_c.dir/rosidl_typesupport_introspection_c/stonefish_ros2/srv/detail/respawn__type_support.c.o[0m
[35m[1mScanning dependencies of target fluid_dynamics_test[0m
[ 55%] [32mBuilding CXX object CMakeFiles/stonefish_ros2__rosidl_typesupport_fastrtps_cpp.dir/rosidl_typesupport_fastrtps_cpp/stonefish_ros2/msg/detail/dds_fastrtps/ned_pose__type_support.cpp.o[0m
[ 57%] [32mBuilding CXX object CMakeFiles/stonefish_ros2__rosidl_typesupport_fastrtps_cpp.dir/rosidl_typesupport_fastrtps_cpp/stonefish_ros2/msg/detail/dds_fastrtps/ins__type_support.cpp.o[0m
[ 57%] [32mBuilding CXX object CMakeFiles/stonefish_ros2__rosidl_typesupport_introspection_cpp.dir/rosidl_typesupport_introspection_cpp/stonefish_ros2/srv/detail/respawn__type_support.cpp.o[0m
[ 57%] [32mBuilding CXX object CMakeFiles/stonefish_ros2__rosidl_typesupport_fastrtps_cpp.dir/rosidl_typesupport_fastrtps_cpp/stonefish_ros2/msg/detail/dds_fastrtps/dvl_beam__type_support.cpp.o[0m
[ 59%] [32mBuilding CXX object CMakeFiles/stonefish_ros2__rosidl_typesupport_fastrtps_cpp.dir/rosidl_typesupport_fastrtps_cpp/stonefish_ros2/msg/detail/dds_fastrtps/dvl__type_support.cpp.o[0m
[ 59%] [32mBuilding CXX object CMakeFiles/stonefish_ros2__rosidl_typesupport_fastrtps_cpp.dir/rosidl_typesupport_fastrtps_cpp/stonefish_ros2/msg/detail/dds_fastrtps/thruster_state__type_support.cpp.o[0m
[ 60%] [32mBuilding CXX object CMakeFiles/stonefish_ros2_interface.dir/src/stonefish_ros2/ROS2ConsoleSimulationApp.cpp.o[0m
[ 61%] [32mBuilding CXX object CMakeFiles/stonefish_ros2_interface.dir/src/stonefish_ros2/ROS2GraphicalSimulationApp.cpp.o[0m
[ 62%] [32mBuilding CXX object CMakeFiles/stonefish_ros2__rosidl_typesupport_fastrtps_cpp.dir/rosidl_typesupport_fastrtps_cpp/stonefish_ros2/msg/detail/dds_fastrtps/debug_physics__type_support.cpp.o[0m
[ 62%] [32m[1mLinking C shared library libstonefish_ros2__rosidl_typesupport_introspection_c.so[0m
[ 62%] [32mBuilding CXX object CMakeFiles/stonefish_ros2_interface.dir/src/stonefish_ros2/ROS2ScenarioParser.cpp.o[0m
[ 62%] [32mBuilding CXX object CMakeFiles/fluid_dynamics_test.dir/src/FluidDynamicsTestManager.cpp.o[0m
[ 62%] [32mBuilding CXX object CMakeFiles/stonefish_ros2_interface.dir/src/stonefish_ros2/ROS2SimulationManager.cpp.o[0m
[ 63%] [32mBuilding CXX object CMakeFiles/stonefish_ros2_interface.dir/src/stonefish_ros2/ROS2Interface.cpp.o[0m
[ 64%] [32mBuilding CXX object CMakeFiles/stonefish_ros2__rosidl_typesupport_fastrtps_cpp.dir/rosidl_typesupport_fastrtps_cpp/stonefish_ros2/msg/detail/dds_fastrtps/event__type_support.cpp.o[0m
[ 64%] Built target stonefish_ros2__rosidl_typesupport_introspection_c
[ 65%] [32mBuilding CXX object CMakeFiles/stonefish_ros2__rosidl_typesupport_fastrtps_cpp.dir/rosidl_typesupport_fastrtps_cpp/stonefish_ros2/msg/detail/dds_fastrtps/event_array__type_support.cpp.o[0m
[ 66%] [32mBuilding CXX object CMakeFiles/stonefish_ros2__rosidl_typesupport_fastrtps_cpp.dir/rosidl_typesupport_fastrtps_cpp/stonefish_ros2/srv/detail/dds_fastrtps/sonar_settings__type_support.cpp.o[0m
[ 67%] [32mBuilding CXX object CMakeFiles/stonefish_ros2__rosidl_typesupport_fastrtps_cpp.dir/rosidl_typesupport_fastrtps_cpp/stonefish_ros2/srv/detail/dds_fastrtps/sonar_settings2__type_support.cpp.o[0m
[ 67%] [32mBuilding CXX object CMakeFiles/fluid_dynamics_test.dir/src/FluidDynamicsTestApp.cpp.o[0m
[ 67%] [32m[1mLinking CXX shared library libstonefish_ros2__rosidl_typesupport_introspection_cpp.so[0m
[ 68%] [32mBuilding CXX object CMakeFiles/stonefish_ros2__rosidl_typesupport_fastrtps_cpp.dir/rosidl_typesupport_fastrtps_cpp/stonefish_ros2/srv/detail/dds_fastrtps/respawn__type_support.cpp.o[0m
[ 69%] [32mBuilding CXX object CMakeFiles/fluid_dynamics_test.dir/src/main.cpp.o[0m
[ 69%] Built target stonefish_ros2__rosidl_typesupport_introspection_cpp
[ 70%] [32m[1mLinking CXX shared library libstonefish_ros2__rosidl_typesupport_fastrtps_cpp.so[0m
[ 70%] Built target stonefish_ros2__rosidl_typesupport_fastrtps_cpp
[ 71%] [34m[1mGenerating C type support for eProsima Fast-RTPS[0m
[35m[1mScanning dependencies of target stonefish_ros2__rosidl_typesupport_fastrtps_c[0m
[ 76%] [32mBuilding CXX object CMakeFiles/stonefish_ros2__rosidl_typesupport_fastrtps_c.dir/rosidl_typesupport_fastrtps_c/stonefish_ros2/msg/detail/ins__type_support_c.cpp.o[0m
[ 76%] [32mBuilding CXX object CMakeFiles/stonefish_ros2__rosidl_typesupport_fastrtps_c.dir/rosidl_typesupport_fastrtps_c/stonefish_ros2/msg/detail/beacon_info__type_support_c.cpp.o[0m
[ 76%] [32mBuilding CXX object CMakeFiles/stonefish_ros2__rosidl_typesupport_fastrtps_c.dir/rosidl_typesupport_fastrtps_c/stonefish_ros2/msg/detail/int32_stamped__type_support_c.cpp.o[0m
[ 76%] [32mBuilding CXX object CMakeFiles/stonefish_ros2__rosidl_typesupport_fastrtps_c.dir/rosidl_typesupport_fastrtps_c/stonefish_ros2/msg/detail/dvl__type_support_c.cpp.o[0m
[ 76%] [32mBuilding CXX object CMakeFiles/stonefish_ros2__rosidl_typesupport_fastrtps_c.dir/rosidl_typesupport_fastrtps_c/stonefish_ros2/msg/detail/ned_pose__type_support_c.cpp.o[0m
[ 76%] [32mBuilding CXX object CMakeFiles/stonefish_ros2__rosidl_typesupport_fastrtps_c.dir/rosidl_typesupport_fastrtps_c/stonefish_ros2/msg/detail/dvl_beam__type_support_c.cpp.o[0m
[ 76%] [32mBuilding CXX object CMakeFiles/stonefish_ros2__rosidl_typesupport_fastrtps_c.dir/rosidl_typesupport_fastrtps_c/stonefish_ros2/msg/detail/thruster_state__type_support_c.cpp.o[0m
[ 76%] [32mBuilding CXX object CMakeFiles/stonefish_ros2__rosidl_typesupport_fastrtps_c.dir/rosidl_typesupport_fastrtps_c/stonefish_ros2/msg/detail/debug_physics__type_support_c.cpp.o[0m
[ 78%] [32mBuilding CXX object CMakeFiles/stonefish_ros2__rosidl_typesupport_fastrtps_c.dir/rosidl_typesupport_fastrtps_c/stonefish_ros2/msg/detail/event__type_support_c.cpp.o[0m
[ 78%] [32mBuilding CXX object CMakeFiles/stonefish_ros2__rosidl_typesupport_fastrtps_c.dir/rosidl_typesupport_fastrtps_c/stonefish_ros2/msg/detail/event_array__type_support_c.cpp.o[0m
[ 79%] [32mBuilding CXX object CMakeFiles/stonefish_ros2__rosidl_typesupport_fastrtps_c.dir/rosidl_typesupport_fastrtps_c/stonefish_ros2/srv/detail/sonar_settings__type_support_c.cpp.o[0m
[ 79%] [32mBuilding CXX object CMakeFiles/stonefish_ros2__rosidl_typesupport_fastrtps_c.dir/rosidl_typesupport_fastrtps_c/stonefish_ros2/srv/detail/sonar_settings2__type_support_c.cpp.o[0m
[ 80%] [32mBuilding CXX object CMakeFiles/stonefish_ros2__rosidl_typesupport_fastrtps_c.dir/rosidl_typesupport_fastrtps_c/stonefish_ros2/srv/detail/respawn__type_support_c.cpp.o[0m
[ 81%] [32m[1mLinking CXX shared library libstonefish_ros2__rosidl_typesupport_fastrtps_c.so[0m
[ 81%] Built target stonefish_ros2__rosidl_typesupport_fastrtps_c
[35m[1mScanning dependencies of target stonefish_ros2[0m
[ 81%] Built target stonefish_ros2
[35m[1mScanning dependencies of target stonefish_ros2__py[0m
[ 82%] [34m[1mGenerating Python code for ROS interfaces[0m
[ 82%] Built target stonefish_ros2__py
[35m[1mScanning dependencies of target stonefish_ros2__rosidl_generator_py[0m
[ 87%] [32mBuilding C object CMakeFiles/stonefish_ros2__rosidl_generator_py.dir/rosidl_generator_py/stonefish_ros2/msg/_beacon_info_s.c.o[0m
[ 87%] [32mBuilding C object CMakeFiles/stonefish_ros2__rosidl_generator_py.dir/rosidl_generator_py/stonefish_ros2/msg/_thruster_state_s.c.o[0m
[ 87%] [32mBuilding C object CMakeFiles/stonefish_ros2__rosidl_generator_py.dir/rosidl_generator_py/stonefish_ros2/msg/_dvl_s.c.o[0m
[ 87%] [32mBuilding C object CMakeFiles/stonefish_ros2__rosidl_generator_py.dir/rosidl_generator_py/stonefish_ros2/msg/_ins_s.c.o[0m
[ 87%] [32mBuilding C object CMakeFiles/stonefish_ros2__rosidl_generator_py.dir/rosidl_generator_py/stonefish_ros2/msg/_ned_pose_s.c.o[0m
[ 88%] [32mBuilding C object CMakeFiles/stonefish_ros2__rosidl_generator_py.dir/rosidl_generator_py/stonefish_ros2/msg/_debug_physics_s.c.o[0m
[ 87%] [32mBuilding C object CMakeFiles/stonefish_ros2__rosidl_generator_py.dir/rosidl_generator_py/stonefish_ros2/msg/_dvl_beam_s.c.o[0m
[ 87%] [32mBuilding C object CMakeFiles/stonefish_ros2__rosidl_generator_py.dir/rosidl_generator_py/stonefish_ros2/msg/_int32_stamped_s.c.o[0m
[ 89%] [32mBuilding C object CMakeFiles/stonefish_ros2__rosidl_generator_py.dir/rosidl_generator_py/stonefish_ros2/msg/_event_array_s.c.o[0m
[ 89%] [32mBuilding C object CMakeFiles/stonefish_ros2__rosidl_generator_py.dir/rosidl_generator_py/stonefish_ros2/msg/_event_s.c.o[0m
[ 90%] [32mBuilding C object CMakeFiles/stonefish_ros2__rosidl_generator_py.dir/rosidl_generator_py/stonefish_ros2/srv/_sonar_settings_s.c.o[0m
[ 91%] [32mBuilding C object CMakeFiles/stonefish_ros2__rosidl_generator_py.dir/rosidl_generator_py/stonefish_ros2/srv/_sonar_settings2_s.c.o[0m
[ 92%] [32mBuilding C object CMakeFiles/stonefish_ros2__rosidl_generator_py.dir/rosidl_generator_py/stonefish_ros2/srv/_respawn_s.c.o[0m
[ 92%] [32m[1mLinking C shared library rosidl_generator_py/stonefish_ros2/libstonefish_ros2__rosidl_generator_py.so[0m
[ 92%] Built target stonefish_ros2__rosidl_generator_py
[35m[1mScanning dependencies of target stonefish_ros2__rosidl_typesupport_introspection_c__pyext[0m
[35m[1mScanning dependencies of target stonefish_ros2__rosidl_typesupport_c__pyext[0m
[35m[1mScanning dependencies of target stonefish_ros2__rosidl_typesupport_fastrtps_c__pyext[0m
[ 94%] [32mBuilding C object CMakeFiles/stonefish_ros2__rosidl_typesupport_introspection_c__pyext.dir/rosidl_generator_py/stonefish_ros2/_stonefish_ros2_s.ep.rosidl_typesupport_introspection_c.c.o[0m
[ 94%] [32mBuilding C object CMakeFiles/stonefish_ros2__rosidl_typesupport_fastrtps_c__pyext.dir/rosidl_generator_py/stonefish_ros2/_stonefish_ros2_s.ep.rosidl_typesupport_fastrtps_c.c.o[0m
[ 94%] [32mBuilding C object CMakeFiles/stonefish_ros2__rosidl_typesupport_c__pyext.dir/rosidl_generator_py/stonefish_ros2/_stonefish_ros2_s.ep.rosidl_typesupport_c.c.o[0m
[ 95%] [32m[1mLinking C shared library rosidl_generator_py/stonefish_ros2/stonefish_ros2_s__rosidl_typesupport_fastrtps_c.cpython-38-x86_64-linux-gnu.so[0m
[ 95%] Built target stonefish_ros2__rosidl_typesupport_fastrtps_c__pyext
[ 95%] [32m[1mLinking C shared library rosidl_generator_py/stonefish_ros2/stonefish_ros2_s__rosidl_typesupport_c.cpython-38-x86_64-linux-gnu.so[0m
[ 96%] [32m[1mLinking C shared library rosidl_generator_py/stonefish_ros2/stonefish_ros2_s__rosidl_typesupport_introspection_c.cpython-38-x86_64-linux-gnu.so[0m
[ 96%] Built target stonefish_ros2__rosidl_typesupport_c__pyext
[ 96%] Built target stonefish_ros2__rosidl_typesupport_introspection_c__pyext
[ 96%] [32m[1mLinking CXX executable fluid_dynamics_test[0m
[ 96%] Built target fluid_dynamics_test
[ 97%] [32m[1mLinking CXX shared library libstonefish_ros2_interface.so[0m
[ 97%] Built target stonefish_ros2_interface
[35m[1mScanning dependencies of target stonefish_simulator_nogpu[0m
[35m[1mScanning dependencies of target stonefish_simulator[0m
[ 98%] [32mBuilding CXX object CMakeFiles/stonefish_simulator_nogpu.dir/src/stonefish_simulator_nogpu.cpp.o[0m
[ 98%] [32mBuilding CXX object CMakeFiles/stonefish_simulator.dir/src/stonefish_simulator.cpp.o[0m
[ 99%] [32m[1mLinking CXX executable stonefish_simulator_nogpu[0m
[100%] [32m[1mLinking CXX executable stonefish_simulator[0m
[100%] Built target stonefish_simulator_nogpu
[100%] Built target stonefish_simulator
-- Install configuration: ""
-- Execute custom install script
-- Symlinking: /home/dyj/ros2_ws/install/stonefish_ros2/share/ament_index/resource_index/rosidl_interfaces/stonefish_ros2
-- Symlinking: /home/dyj/ros2_ws/install/stonefish_ros2/include/stonefish_ros2/msg/beacon_info.h
-- Symlinking: /home/dyj/ros2_ws/install/stonefish_ros2/include/stonefish_ros2/msg/debug_physics.h
-- Symlinking: /home/dyj/ros2_ws/install/stonefish_ros2/include/stonefish_ros2/msg/detail/beacon_info__functions.h
-- Symlinking: /home/dyj/ros2_ws/install/stonefish_ros2/include/stonefish_ros2/msg/detail/beacon_info__struct.h
-- Symlinking: /home/dyj/ros2_ws/install/stonefish_ros2/include/stonefish_ros2/msg/detail/beacon_info__type_support.h
-- Symlinking: /home/dyj/ros2_ws/install/stonefish_ros2/include/stonefish_ros2/msg/detail/debug_physics__functions.h
-- Symlinking: /home/dyj/ros2_ws/install/stonefish_ros2/include/stonefish_ros2/msg/detail/debug_physics__struct.h
-- Symlinking: /home/dyj/ros2_ws/install/stonefish_ros2/include/stonefish_ros2/msg/detail/debug_physics__type_support.h
-- Symlinking: /home/dyj/ros2_ws/install/stonefish_ros2/include/stonefish_ros2/msg/detail/dvl__functions.h
-- Symlinking: /home/dyj/ros2_ws/install/stonefish_ros2/include/stonefish_ros2/msg/detail/dvl__struct.h
-- Symlinking: /home/dyj/ros2_ws/install/stonefish_ros2/include/stonefish_ros2/msg/detail/dvl__type_support.h
-- Symlinking: /home/dyj/ros2_ws/install/stonefish_ros2/include/stonefish_ros2/msg/detail/dvl_beam__functions.h
-- Symlinking: /home/dyj/ros2_ws/install/stonefish_ros2/include/stonefish_ros2/msg/detail/dvl_beam__struct.h
-- Symlinking: /home/dyj/ros2_ws/install/stonefish_ros2/include/stonefish_ros2/msg/detail/dvl_beam__type_support.h
-- Symlinking: /home/dyj/ros2_ws/install/stonefish_ros2/include/stonefish_ros2/msg/detail/event__functions.h
-- Symlinking: /home/dyj/ros2_ws/install/stonefish_ros2/include/stonefish_ros2/msg/detail/event__struct.h
-- Symlinking: /home/dyj/ros2_ws/install/stonefish_ros2/include/stonefish_ros2/msg/detail/event__type_support.h
-- Symlinking: /home/dyj/ros2_ws/install/stonefish_ros2/include/stonefish_ros2/msg/detail/event_array__functions.h
-- Symlinking: /home/dyj/ros2_ws/install/stonefish_ros2/include/stonefish_ros2/msg/detail/event_array__struct.h
-- Symlinking: /home/dyj/ros2_ws/install/stonefish_ros2/include/stonefish_ros2/msg/detail/event_array__type_support.h
-- Symlinking: /home/dyj/ros2_ws/install/stonefish_ros2/include/stonefish_ros2/msg/detail/ins__functions.h
-- Symlinking: /home/dyj/ros2_ws/install/stonefish_ros2/include/stonefish_ros2/msg/detail/ins__struct.h
-- Symlinking: /home/dyj/ros2_ws/install/stonefish_ros2/include/stonefish_ros2/msg/detail/ins__type_support.h
-- Symlinking: /home/dyj/ros2_ws/install/stonefish_ros2/include/stonefish_ros2/msg/detail/int32_stamped__functions.h
-- Symlinking: /home/dyj/ros2_ws/install/stonefish_ros2/include/stonefish_ros2/msg/detail/int32_stamped__struct.h
-- Symlinking: /home/dyj/ros2_ws/install/stonefish_ros2/include/stonefish_ros2/msg/detail/int32_stamped__type_support.h
-- Symlinking: /home/dyj/ros2_ws/install/stonefish_ros2/include/stonefish_ros2/msg/detail/ned_pose__functions.h
-- Symlinking: /home/dyj/ros2_ws/install/stonefish_ros2/include/stonefish_ros2/msg/detail/ned_pose__struct.h
-- Symlinking: /home/dyj/ros2_ws/install/stonefish_ros2/include/stonefish_ros2/msg/detail/ned_pose__type_support.h
-- Symlinking: /home/dyj/ros2_ws/install/stonefish_ros2/include/stonefish_ros2/msg/detail/thruster_state__functions.h
-- Symlinking: /home/dyj/ros2_ws/install/stonefish_ros2/include/stonefish_ros2/msg/detail/thruster_state__struct.h
-- Symlinking: /home/dyj/ros2_ws/install/stonefish_ros2/include/stonefish_ros2/msg/detail/thruster_state__type_support.h
-- Symlinking: /home/dyj/ros2_ws/install/stonefish_ros2/include/stonefish_ros2/msg/dvl.h
-- Symlinking: /home/dyj/ros2_ws/install/stonefish_ros2/include/stonefish_ros2/msg/dvl_beam.h
-- Symlinking: /home/dyj/ros2_ws/install/stonefish_ros2/include/stonefish_ros2/msg/event.h
-- Symlinking: /home/dyj/ros2_ws/install/stonefish_ros2/include/stonefish_ros2/msg/event_array.h
-- Symlinking: /home/dyj/ros2_ws/install/stonefish_ros2/include/stonefish_ros2/msg/ins.h
-- Symlinking: /home/dyj/ros2_ws/install/stonefish_ros2/include/stonefish_ros2/msg/int32_stamped.h
-- Symlinking: /home/dyj/ros2_ws/install/stonefish_ros2/include/stonefish_ros2/msg/ned_pose.h
-- Symlinking: /home/dyj/ros2_ws/install/stonefish_ros2/include/stonefish_ros2/msg/rosidl_generator_c__visibility_control.h
-- Symlinking: /home/dyj/ros2_ws/install/stonefish_ros2/include/stonefish_ros2/msg/thruster_state.h
-- Symlinking: /home/dyj/ros2_ws/install/stonefish_ros2/include/stonefish_ros2/srv/detail/respawn__functions.h
-- Symlinking: /home/dyj/ros2_ws/install/stonefish_ros2/include/stonefish_ros2/srv/detail/respawn__struct.h
-- Symlinking: /home/dyj/ros2_ws/install/stonefish_ros2/include/stonefish_ros2/srv/detail/respawn__type_support.h
-- Symlinking: /home/dyj/ros2_ws/install/stonefish_ros2/include/stonefish_ros2/srv/detail/sonar_settings2__functions.h
-- Symlinking: /home/dyj/ros2_ws/install/stonefish_ros2/include/stonefish_ros2/srv/detail/sonar_settings2__struct.h
-- Symlinking: /home/dyj/ros2_ws/install/stonefish_ros2/include/stonefish_ros2/srv/detail/sonar_settings2__type_support.h
-- Symlinking: /home/dyj/ros2_ws/install/stonefish_ros2/include/stonefish_ros2/srv/detail/sonar_settings__functions.h
-- Symlinking: /home/dyj/ros2_ws/install/stonefish_ros2/include/stonefish_ros2/srv/detail/sonar_settings__struct.h
-- Symlinking: /home/dyj/ros2_ws/install/stonefish_ros2/include/stonefish_ros2/srv/detail/sonar_settings__type_support.h
-- Symlinking: /home/dyj/ros2_ws/install/stonefish_ros2/include/stonefish_ros2/srv/respawn.h
-- Symlinking: /home/dyj/ros2_ws/install/stonefish_ros2/include/stonefish_ros2/srv/sonar_settings.h
-- Symlinking: /home/dyj/ros2_ws/install/stonefish_ros2/include/stonefish_ros2/srv/sonar_settings2.h
-- Symlinking: /home/dyj/ros2_ws/install/stonefish_ros2/share/stonefish_ros2/environment/library_path.sh
-- Symlinking: /home/dyj/ros2_ws/install/stonefish_ros2/share/stonefish_ros2/environment/library_path.dsv
-- Symlinking: /home/dyj/ros2_ws/install/stonefish_ros2/include/stonefish_ros2/msg/detail/beacon_info__rosidl_typesupport_fastrtps_c.h
-- Symlinking: /home/dyj/ros2_ws/install/stonefish_ros2/include/stonefish_ros2/msg/detail/debug_physics__rosidl_typesupport_fastrtps_c.h
-- Symlinking: /home/dyj/ros2_ws/install/stonefish_ros2/include/stonefish_ros2/msg/detail/dvl__rosidl_typesupport_fastrtps_c.h
-- Symlinking: /home/dyj/ros2_ws/install/stonefish_ros2/include/stonefish_ros2/msg/detail/dvl_beam__rosidl_typesupport_fastrtps_c.h
-- Symlinking: /home/dyj/ros2_ws/install/stonefish_ros2/include/stonefish_ros2/msg/detail/event__rosidl_typesupport_fastrtps_c.h
-- Symlinking: /home/dyj/ros2_ws/install/stonefish_ros2/include/stonefish_ros2/msg/detail/event_array__rosidl_typesupport_fastrtps_c.h
-- Symlinking: /home/dyj/ros2_ws/install/stonefish_ros2/include/stonefish_ros2/msg/detail/ins__rosidl_typesupport_fastrtps_c.h
-- Symlinking: /home/dyj/ros2_ws/install/stonefish_ros2/include/stonefish_ros2/msg/detail/int32_stamped__rosidl_typesupport_fastrtps_c.h
-- Symlinking: /home/dyj/ros2_ws/install/stonefish_ros2/include/stonefish_ros2/msg/detail/ned_pose__rosidl_typesupport_fastrtps_c.h
-- Symlinking: /home/dyj/ros2_ws/install/stonefish_ros2/include/stonefish_ros2/msg/detail/thruster_state__rosidl_typesupport_fastrtps_c.h
-- Symlinking: /home/dyj/ros2_ws/install/stonefish_ros2/include/stonefish_ros2/msg/rosidl_typesupport_fastrtps_c__visibility_control.h
-- Symlinking: /home/dyj/ros2_ws/install/stonefish_ros2/include/stonefish_ros2/srv/detail/respawn__rosidl_typesupport_fastrtps_c.h
-- Symlinking: /home/dyj/ros2_ws/install/stonefish_ros2/include/stonefish_ros2/srv/detail/sonar_settings2__rosidl_typesupport_fastrtps_c.h
-- Symlinking: /home/dyj/ros2_ws/install/stonefish_ros2/include/stonefish_ros2/srv/detail/sonar_settings__rosidl_typesupport_fastrtps_c.h
-- Symlinking: /home/dyj/ros2_ws/install/stonefish_ros2/lib/libstonefish_ros2__rosidl_typesupport_fastrtps_c.so
-- Symlinking: /home/dyj/ros2_ws/install/stonefish_ros2/include/stonefish_ros2/msg/detail/beacon_info__rosidl_typesupport_fastrtps_cpp.hpp
-- Symlinking: /home/dyj/ros2_ws/install/stonefish_ros2/include/stonefish_ros2/msg/detail/debug_physics__rosidl_typesupport_fastrtps_cpp.hpp
-- Symlinking: /home/dyj/ros2_ws/install/stonefish_ros2/include/stonefish_ros2/msg/detail/dvl__rosidl_typesupport_fastrtps_cpp.hpp
-- Symlinking: /home/dyj/ros2_ws/install/stonefish_ros2/include/stonefish_ros2/msg/detail/dvl_beam__rosidl_typesupport_fastrtps_cpp.hpp
-- Symlinking: /home/dyj/ros2_ws/install/stonefish_ros2/include/stonefish_ros2/msg/detail/event__rosidl_typesupport_fastrtps_cpp.hpp
-- Symlinking: /home/dyj/ros2_ws/install/stonefish_ros2/include/stonefish_ros2/msg/detail/event_array__rosidl_typesupport_fastrtps_cpp.hpp
-- Symlinking: /home/dyj/ros2_ws/install/stonefish_ros2/include/stonefish_ros2/msg/detail/ins__rosidl_typesupport_fastrtps_cpp.hpp
-- Symlinking: /home/dyj/ros2_ws/install/stonefish_ros2/include/stonefish_ros2/msg/detail/int32_stamped__rosidl_typesupport_fastrtps_cpp.hpp
-- Symlinking: /home/dyj/ros2_ws/install/stonefish_ros2/include/stonefish_ros2/msg/detail/ned_pose__rosidl_typesupport_fastrtps_cpp.hpp
-- Symlinking: /home/dyj/ros2_ws/install/stonefish_ros2/include/stonefish_ros2/msg/detail/thruster_state__rosidl_typesupport_fastrtps_cpp.hpp
-- Symlinking: /home/dyj/ros2_ws/install/stonefish_ros2/include/stonefish_ros2/msg/rosidl_typesupport_fastrtps_cpp__visibility_control.h
-- Symlinking: /home/dyj/ros2_ws/install/stonefish_ros2/include/stonefish_ros2/srv/detail/respawn__rosidl_typesupport_fastrtps_cpp.hpp
-- Symlinking: /home/dyj/ros2_ws/install/stonefish_ros2/include/stonefish_ros2/srv/detail/sonar_settings2__rosidl_typesupport_fastrtps_cpp.hpp
-- Symlinking: /home/dyj/ros2_ws/install/stonefish_ros2/include/stonefish_ros2/srv/detail/sonar_settings__rosidl_typesupport_fastrtps_cpp.hpp
-- Symlinking: /home/dyj/ros2_ws/install/stonefish_ros2/lib/libstonefish_ros2__rosidl_typesupport_fastrtps_cpp.so
-- Symlinking: /home/dyj/ros2_ws/install/stonefish_ros2/include/stonefish_ros2/msg/detail/beacon_info__rosidl_typesupport_introspection_c.h
-- Symlinking: /home/dyj/ros2_ws/install/stonefish_ros2/include/stonefish_ros2/msg/detail/debug_physics__rosidl_typesupport_introspection_c.h
-- Symlinking: /home/dyj/ros2_ws/install/stonefish_ros2/include/stonefish_ros2/msg/detail/dvl__rosidl_typesupport_introspection_c.h
-- Symlinking: /home/dyj/ros2_ws/install/stonefish_ros2/include/stonefish_ros2/msg/detail/dvl_beam__rosidl_typesupport_introspection_c.h
-- Symlinking: /home/dyj/ros2_ws/install/stonefish_ros2/include/stonefish_ros2/msg/detail/event__rosidl_typesupport_introspection_c.h
-- Symlinking: /home/dyj/ros2_ws/install/stonefish_ros2/include/stonefish_ros2/msg/detail/event_array__rosidl_typesupport_introspection_c.h
-- Symlinking: /home/dyj/ros2_ws/install/stonefish_ros2/include/stonefish_ros2/msg/detail/ins__rosidl_typesupport_introspection_c.h
-- Symlinking: /home/dyj/ros2_ws/install/stonefish_ros2/include/stonefish_ros2/msg/detail/int32_stamped__rosidl_typesupport_introspection_c.h
-- Symlinking: /home/dyj/ros2_ws/install/stonefish_ros2/include/stonefish_ros2/msg/detail/ned_pose__rosidl_typesupport_introspection_c.h
-- Symlinking: /home/dyj/ros2_ws/install/stonefish_ros2/include/stonefish_ros2/msg/detail/thruster_state__rosidl_typesupport_introspection_c.h
-- Symlinking: /home/dyj/ros2_ws/install/stonefish_ros2/include/stonefish_ros2/msg/rosidl_typesupport_introspection_c__visibility_control.h
-- Symlinking: /home/dyj/ros2_ws/install/stonefish_ros2/include/stonefish_ros2/srv/detail/respawn__rosidl_typesupport_introspection_c.h
-- Symlinking: /home/dyj/ros2_ws/install/stonefish_ros2/include/stonefish_ros2/srv/detail/sonar_settings2__rosidl_typesupport_introspection_c.h
-- Symlinking: /home/dyj/ros2_ws/install/stonefish_ros2/include/stonefish_ros2/srv/detail/sonar_settings__rosidl_typesupport_introspection_c.h
-- Symlinking: /home/dyj/ros2_ws/install/stonefish_ros2/include/stonefish_ros2/msg/beacon_info.hpp
-- Symlinking: /home/dyj/ros2_ws/install/stonefish_ros2/include/stonefish_ros2/msg/debug_physics.hpp
-- Symlinking: /home/dyj/ros2_ws/install/stonefish_ros2/include/stonefish_ros2/msg/detail/beacon_info__builder.hpp
-- Symlinking: /home/dyj/ros2_ws/install/stonefish_ros2/include/stonefish_ros2/msg/detail/beacon_info__struct.hpp
-- Symlinking: /home/dyj/ros2_ws/install/stonefish_ros2/include/stonefish_ros2/msg/detail/beacon_info__traits.hpp
-- Symlinking: /home/dyj/ros2_ws/install/stonefish_ros2/include/stonefish_ros2/msg/detail/debug_physics__builder.hpp
-- Symlinking: /home/dyj/ros2_ws/install/stonefish_ros2/include/stonefish_ros2/msg/detail/debug_physics__struct.hpp
-- Symlinking: /home/dyj/ros2_ws/install/stonefish_ros2/include/stonefish_ros2/msg/detail/debug_physics__traits.hpp
-- Symlinking: /home/dyj/ros2_ws/install/stonefish_ros2/include/stonefish_ros2/msg/detail/dvl__builder.hpp
-- Symlinking: /home/dyj/ros2_ws/install/stonefish_ros2/include/stonefish_ros2/msg/detail/dvl__struct.hpp
-- Symlinking: /home/dyj/ros2_ws/install/stonefish_ros2/include/stonefish_ros2/msg/detail/dvl__traits.hpp
-- Symlinking: /home/dyj/ros2_ws/install/stonefish_ros2/include/stonefish_ros2/msg/detail/dvl_beam__builder.hpp
-- Symlinking: /home/dyj/ros2_ws/install/stonefish_ros2/include/stonefish_ros2/msg/detail/dvl_beam__struct.hpp
-- Symlinking: /home/dyj/ros2_ws/install/stonefish_ros2/include/stonefish_ros2/msg/detail/dvl_beam__traits.hpp
-- Symlinking: /home/dyj/ros2_ws/install/stonefish_ros2/include/stonefish_ros2/msg/detail/event__builder.hpp
-- Symlinking: /home/dyj/ros2_ws/install/stonefish_ros2/include/stonefish_ros2/msg/detail/event__struct.hpp
-- Symlinking: /home/dyj/ros2_ws/install/stonefish_ros2/include/stonefish_ros2/msg/detail/event__traits.hpp
-- Symlinking: /home/dyj/ros2_ws/install/stonefish_ros2/include/stonefish_ros2/msg/detail/event_array__builder.hpp
-- Symlinking: /home/dyj/ros2_ws/install/stonefish_ros2/include/stonefish_ros2/msg/detail/event_array__struct.hpp
-- Symlinking: /home/dyj/ros2_ws/install/stonefish_ros2/include/stonefish_ros2/msg/detail/event_array__traits.hpp
-- Symlinking: /home/dyj/ros2_ws/install/stonefish_ros2/include/stonefish_ros2/msg/detail/ins__builder.hpp
-- Symlinking: /home/dyj/ros2_ws/install/stonefish_ros2/include/stonefish_ros2/msg/detail/ins__struct.hpp
-- Symlinking: /home/dyj/ros2_ws/install/stonefish_ros2/include/stonefish_ros2/msg/detail/ins__traits.hpp
-- Symlinking: /home/dyj/ros2_ws/install/stonefish_ros2/include/stonefish_ros2/msg/detail/int32_stamped__builder.hpp
-- Symlinking: /home/dyj/ros2_ws/install/stonefish_ros2/include/stonefish_ros2/msg/detail/int32_stamped__struct.hpp
-- Symlinking: /home/dyj/ros2_ws/install/stonefish_ros2/include/stonefish_ros2/msg/detail/int32_stamped__traits.hpp
-- Symlinking: /home/dyj/ros2_ws/install/stonefish_ros2/include/stonefish_ros2/msg/detail/ned_pose__builder.hpp
-- Symlinking: /home/dyj/ros2_ws/install/stonefish_ros2/include/stonefish_ros2/msg/detail/ned_pose__struct.hpp
-- Symlinking: /home/dyj/ros2_ws/install/stonefish_ros2/include/stonefish_ros2/msg/detail/ned_pose__traits.hpp
-- Symlinking: /home/dyj/ros2_ws/install/stonefish_ros2/include/stonefish_ros2/msg/detail/thruster_state__builder.hpp
-- Symlinking: /home/dyj/ros2_ws/install/stonefish_ros2/include/stonefish_ros2/msg/detail/thruster_state__struct.hpp
-- Symlinking: /home/dyj/ros2_ws/install/stonefish_ros2/include/stonefish_ros2/msg/detail/thruster_state__traits.hpp
-- Symlinking: /home/dyj/ros2_ws/install/stonefish_ros2/include/stonefish_ros2/msg/dvl.hpp
-- Symlinking: /home/dyj/ros2_ws/install/stonefish_ros2/include/stonefish_ros2/msg/dvl_beam.hpp
-- Symlinking: /home/dyj/ros2_ws/install/stonefish_ros2/include/stonefish_ros2/msg/event.hpp
-- Symlinking: /home/dyj/ros2_ws/install/stonefish_ros2/include/stonefish_ros2/msg/event_array.hpp
-- Symlinking: /home/dyj/ros2_ws/install/stonefish_ros2/include/stonefish_ros2/msg/ins.hpp
-- Symlinking: /home/dyj/ros2_ws/install/stonefish_ros2/include/stonefish_ros2/msg/int32_stamped.hpp
-- Symlinking: /home/dyj/ros2_ws/install/stonefish_ros2/include/stonefish_ros2/msg/ned_pose.hpp
-- Symlinking: /home/dyj/ros2_ws/install/stonefish_ros2/include/stonefish_ros2/msg/thruster_state.hpp
-- Symlinking: /home/dyj/ros2_ws/install/stonefish_ros2/include/stonefish_ros2/srv/detail/respawn__builder.hpp
-- Symlinking: /home/dyj/ros2_ws/install/stonefish_ros2/include/stonefish_ros2/srv/detail/respawn__struct.hpp
-- Symlinking: /home/dyj/ros2_ws/install/stonefish_ros2/include/stonefish_ros2/srv/detail/respawn__traits.hpp
-- Symlinking: /home/dyj/ros2_ws/install/stonefish_ros2/include/stonefish_ros2/srv/detail/sonar_settings2__builder.hpp
-- Symlinking: /home/dyj/ros2_ws/install/stonefish_ros2/include/stonefish_ros2/srv/detail/sonar_settings2__struct.hpp
-- Symlinking: /home/dyj/ros2_ws/install/stonefish_ros2/include/stonefish_ros2/srv/detail/sonar_settings2__traits.hpp
-- Symlinking: /home/dyj/ros2_ws/install/stonefish_ros2/include/stonefish_ros2/srv/detail/sonar_settings__builder.hpp
-- Symlinking: /home/dyj/ros2_ws/install/stonefish_ros2/include/stonefish_ros2/srv/detail/sonar_settings__struct.hpp
-- Symlinking: /home/dyj/ros2_ws/install/stonefish_ros2/include/stonefish_ros2/srv/detail/sonar_settings__traits.hpp
-- Symlinking: /home/dyj/ros2_ws/install/stonefish_ros2/include/stonefish_ros2/srv/respawn.hpp
-- Symlinking: /home/dyj/ros2_ws/install/stonefish_ros2/include/stonefish_ros2/srv/sonar_settings.hpp
-- Symlinking: /home/dyj/ros2_ws/install/stonefish_ros2/include/stonefish_ros2/srv/sonar_settings2.hpp
-- Symlinking: /home/dyj/ros2_ws/install/stonefish_ros2/include/stonefish_ros2/msg/detail/beacon_info__rosidl_typesupport_introspection_cpp.hpp
-- Symlinking: /home/dyj/ros2_ws/install/stonefish_ros2/include/stonefish_ros2/msg/detail/debug_physics__rosidl_typesupport_introspection_cpp.hpp
-- Symlinking: /home/dyj/ros2_ws/install/stonefish_ros2/include/stonefish_ros2/msg/detail/dvl__rosidl_typesupport_introspection_cpp.hpp
-- Symlinking: /home/dyj/ros2_ws/install/stonefish_ros2/include/stonefish_ros2/msg/detail/dvl_beam__rosidl_typesupport_introspection_cpp.hpp
-- Symlinking: /home/dyj/ros2_ws/install/stonefish_ros2/include/stonefish_ros2/msg/detail/event__rosidl_typesupport_introspection_cpp.hpp
-- Symlinking: /home/dyj/ros2_ws/install/stonefish_ros2/include/stonefish_ros2/msg/detail/event_array__rosidl_typesupport_introspection_cpp.hpp
-- Symlinking: /home/dyj/ros2_ws/install/stonefish_ros2/include/stonefish_ros2/msg/detail/ins__rosidl_typesupport_introspection_cpp.hpp
-- Symlinking: /home/dyj/ros2_ws/install/stonefish_ros2/include/stonefish_ros2/msg/detail/int32_stamped__rosidl_typesupport_introspection_cpp.hpp
-- Symlinking: /home/dyj/ros2_ws/install/stonefish_ros2/include/stonefish_ros2/msg/detail/ned_pose__rosidl_typesupport_introspection_cpp.hpp
-- Symlinking: /home/dyj/ros2_ws/install/stonefish_ros2/include/stonefish_ros2/msg/detail/thruster_state__rosidl_typesupport_introspection_cpp.hpp
-- Symlinking: /home/dyj/ros2_ws/install/stonefish_ros2/include/stonefish_ros2/srv/detail/respawn__rosidl_typesupport_introspection_cpp.hpp
-- Symlinking: /home/dyj/ros2_ws/install/stonefish_ros2/include/stonefish_ros2/srv/detail/sonar_settings2__rosidl_typesupport_introspection_cpp.hpp
-- Symlinking: /home/dyj/ros2_ws/install/stonefish_ros2/include/stonefish_ros2/srv/detail/sonar_settings__rosidl_typesupport_introspection_cpp.hpp
-- Symlinking: /home/dyj/ros2_ws/install/stonefish_ros2/share/stonefish_ros2/environment/pythonpath.sh
-- Symlinking: /home/dyj/ros2_ws/install/stonefish_ros2/share/stonefish_ros2/environment/pythonpath.dsv
-- Symlinking: /home/dyj/ros2_ws/install/stonefish_ros2/lib/python3.8/site-packages/stonefish_ros2-1.5.0-py3.8.egg-info/PKG-INFO
-- Symlinking: /home/dyj/ros2_ws/install/stonefish_ros2/lib/python3.8/site-packages/stonefish_ros2-1.5.0-py3.8.egg-info/SOURCES.txt
-- Symlinking: /home/dyj/ros2_ws/install/stonefish_ros2/lib/python3.8/site-packages/stonefish_ros2-1.5.0-py3.8.egg-info/dependency_links.txt
-- Symlinking: /home/dyj/ros2_ws/install/stonefish_ros2/lib/python3.8/site-packages/stonefish_ros2-1.5.0-py3.8.egg-info/top_level.txt
-- Symlinking: /home/dyj/ros2_ws/install/stonefish_ros2/lib/python3.8/site-packages/stonefish_ros2/__init__.py
-- Symlinking: /home/dyj/ros2_ws/install/stonefish_ros2/lib/python3.8/site-packages/stonefish_ros2/_stonefish_ros2_s.ep.rosidl_typesupport_c.c
-- Symlinking: /home/dyj/ros2_ws/install/stonefish_ros2/lib/python3.8/site-packages/stonefish_ros2/_stonefish_ros2_s.ep.rosidl_typesupport_fastrtps_c.c
-- Symlinking: /home/dyj/ros2_ws/install/stonefish_ros2/lib/python3.8/site-packages/stonefish_ros2/_stonefish_ros2_s.ep.rosidl_typesupport_introspection_c.c
-- Symlinking: /home/dyj/ros2_ws/install/stonefish_ros2/lib/python3.8/site-packages/stonefish_ros2/libstonefish_ros2__rosidl_generator_py.so
-- Symlinking: /home/dyj/ros2_ws/install/stonefish_ros2/lib/python3.8/site-packages/stonefish_ros2/msg/__init__.py
-- Symlinking: /home/dyj/ros2_ws/install/stonefish_ros2/lib/python3.8/site-packages/stonefish_ros2/msg/_beacon_info.py
-- Symlinking: /home/dyj/ros2_ws/install/stonefish_ros2/lib/python3.8/site-packages/stonefish_ros2/msg/_beacon_info_s.c
-- Symlinking: /home/dyj/ros2_ws/install/stonefish_ros2/lib/python3.8/site-packages/stonefish_ros2/msg/_debug_physics.py
-- Symlinking: /home/dyj/ros2_ws/install/stonefish_ros2/lib/python3.8/site-packages/stonefish_ros2/msg/_debug_physics_s.c
-- Symlinking: /home/dyj/ros2_ws/install/stonefish_ros2/lib/python3.8/site-packages/stonefish_ros2/msg/_dvl.py
-- Symlinking: /home/dyj/ros2_ws/install/stonefish_ros2/lib/python3.8/site-packages/stonefish_ros2/msg/_dvl_beam.py
-- Symlinking: /home/dyj/ros2_ws/install/stonefish_ros2/lib/python3.8/site-packages/stonefish_ros2/msg/_dvl_beam_s.c
-- Symlinking: /home/dyj/ros2_ws/install/stonefish_ros2/lib/python3.8/site-packages/stonefish_ros2/msg/_dvl_s.c
-- Symlinking: /home/dyj/ros2_ws/install/stonefish_ros2/lib/python3.8/site-packages/stonefish_ros2/msg/_event.py
-- Symlinking: /home/dyj/ros2_ws/install/stonefish_ros2/lib/python3.8/site-packages/stonefish_ros2/msg/_event_array.py
-- Symlinking: /home/dyj/ros2_ws/install/stonefish_ros2/lib/python3.8/site-packages/stonefish_ros2/msg/_event_array_s.c
-- Symlinking: /home/dyj/ros2_ws/install/stonefish_ros2/lib/python3.8/site-packages/stonefish_ros2/msg/_event_s.c
-- Symlinking: /home/dyj/ros2_ws/install/stonefish_ros2/lib/python3.8/site-packages/stonefish_ros2/msg/_ins.py
-- Symlinking: /home/dyj/ros2_ws/install/stonefish_ros2/lib/python3.8/site-packages/stonefish_ros2/msg/_ins_s.c
-- Symlinking: /home/dyj/ros2_ws/install/stonefish_ros2/lib/python3.8/site-packages/stonefish_ros2/msg/_int32_stamped.py
-- Symlinking: /home/dyj/ros2_ws/install/stonefish_ros2/lib/python3.8/site-packages/stonefish_ros2/msg/_int32_stamped_s.c
-- Symlinking: /home/dyj/ros2_ws/install/stonefish_ros2/lib/python3.8/site-packages/stonefish_ros2/msg/_ned_pose.py
-- Symlinking: /home/dyj/ros2_ws/install/stonefish_ros2/lib/python3.8/site-packages/stonefish_ros2/msg/_ned_pose_s.c
-- Symlinking: /home/dyj/ros2_ws/install/stonefish_ros2/lib/python3.8/site-packages/stonefish_ros2/msg/_thruster_state.py
-- Symlinking: /home/dyj/ros2_ws/install/stonefish_ros2/lib/python3.8/site-packages/stonefish_ros2/msg/_thruster_state_s.c
-- Symlinking: /home/dyj/ros2_ws/install/stonefish_ros2/lib/python3.8/site-packages/stonefish_ros2/srv/__init__.py
-- Symlinking: /home/dyj/ros2_ws/install/stonefish_ros2/lib/python3.8/site-packages/stonefish_ros2/srv/_respawn.py
-- Symlinking: /home/dyj/ros2_ws/install/stonefish_ros2/lib/python3.8/site-packages/stonefish_ros2/srv/_respawn_s.c
-- Symlinking: /home/dyj/ros2_ws/install/stonefish_ros2/lib/python3.8/site-packages/stonefish_ros2/srv/_sonar_settings.py
-- Symlinking: /home/dyj/ros2_ws/install/stonefish_ros2/lib/python3.8/site-packages/stonefish_ros2/srv/_sonar_settings2.py
-- Symlinking: /home/dyj/ros2_ws/install/stonefish_ros2/lib/python3.8/site-packages/stonefish_ros2/srv/_sonar_settings2_s.c
-- Symlinking: /home/dyj/ros2_ws/install/stonefish_ros2/lib/python3.8/site-packages/stonefish_ros2/srv/_sonar_settings_s.c
-- Symlinking: /home/dyj/ros2_ws/install/stonefish_ros2/lib/python3.8/site-packages/stonefish_ros2/stonefish_ros2_s__rosidl_typesupport_c.cpython-38-x86_64-linux-gnu.so
-- Symlinking: /home/dyj/ros2_ws/install/stonefish_ros2/lib/python3.8/site-packages/stonefish_ros2/stonefish_ros2_s__rosidl_typesupport_fastrtps_c.cpython-38-x86_64-linux-gnu.so
-- Symlinking: /home/dyj/ros2_ws/install/stonefish_ros2/lib/python3.8/site-packages/stonefish_ros2/stonefish_ros2_s__rosidl_typesupport_introspection_c.cpython-38-x86_64-linux-gnu.so
-- Up-to-date symlink: /home/dyj/ros2_ws/install/stonefish_ros2/lib/python3.8/site-packages/stonefish_ros2/stonefish_ros2_s__rosidl_typesupport_fastrtps_c.cpython-38-x86_64-linux-gnu.so
-- Up-to-date symlink: /home/dyj/ros2_ws/install/stonefish_ros2/lib/python3.8/site-packages/stonefish_ros2/stonefish_ros2_s__rosidl_typesupport_introspection_c.cpython-38-x86_64-linux-gnu.so
-- Up-to-date symlink: /home/dyj/ros2_ws/install/stonefish_ros2/lib/python3.8/site-packages/stonefish_ros2/stonefish_ros2_s__rosidl_typesupport_c.cpython-38-x86_64-linux-gnu.so
-- Symlinking: /home/dyj/ros2_ws/install/stonefish_ros2/share/stonefish_ros2/msg/Int32Stamped.idl
-- Symlinking: /home/dyj/ros2_ws/install/stonefish_ros2/share/stonefish_ros2/msg/BeaconInfo.idl
-- Symlinking: /home/dyj/ros2_ws/install/stonefish_ros2/share/stonefish_ros2/msg/NEDPose.idl
-- Symlinking: /home/dyj/ros2_ws/install/stonefish_ros2/share/stonefish_ros2/msg/INS.idl
-- Symlinking: /home/dyj/ros2_ws/install/stonefish_ros2/share/stonefish_ros2/msg/DVLBeam.idl
-- Symlinking: /home/dyj/ros2_ws/install/stonefish_ros2/share/stonefish_ros2/msg/DVL.idl
-- Symlinking: /home/dyj/ros2_ws/install/stonefish_ros2/share/stonefish_ros2/msg/ThrusterState.idl
-- Symlinking: /home/dyj/ros2_ws/install/stonefish_ros2/share/stonefish_ros2/msg/DebugPhysics.idl
-- Symlinking: /home/dyj/ros2_ws/install/stonefish_ros2/share/stonefish_ros2/msg/Event.idl
-- Symlinking: /home/dyj/ros2_ws/install/stonefish_ros2/share/stonefish_ros2/msg/EventArray.idl
-- Symlinking: /home/dyj/ros2_ws/install/stonefish_ros2/share/stonefish_ros2/srv/SonarSettings.idl
-- Symlinking: /home/dyj/ros2_ws/install/stonefish_ros2/share/stonefish_ros2/srv/SonarSettings2.idl
-- Symlinking: /home/dyj/ros2_ws/install/stonefish_ros2/share/stonefish_ros2/srv/Respawn.idl
-- Symlinking: /home/dyj/ros2_ws/install/stonefish_ros2/share/stonefish_ros2/msg/Int32Stamped.msg
-- Symlinking: /home/dyj/ros2_ws/install/stonefish_ros2/share/stonefish_ros2/msg/BeaconInfo.msg
-- Symlinking: /home/dyj/ros2_ws/install/stonefish_ros2/share/stonefish_ros2/msg/NEDPose.msg
-- Symlinking: /home/dyj/ros2_ws/install/stonefish_ros2/share/stonefish_ros2/msg/INS.msg
-- Symlinking: /home/dyj/ros2_ws/install/stonefish_ros2/share/stonefish_ros2/msg/DVLBeam.msg
-- Symlinking: /home/dyj/ros2_ws/install/stonefish_ros2/share/stonefish_ros2/msg/DVL.msg
-- Symlinking: /home/dyj/ros2_ws/install/stonefish_ros2/share/stonefish_ros2/msg/ThrusterState.msg
-- Symlinking: /home/dyj/ros2_ws/install/stonefish_ros2/share/stonefish_ros2/msg/DebugPhysics.msg
-- Symlinking: /home/dyj/ros2_ws/install/stonefish_ros2/share/stonefish_ros2/msg/Event.msg
-- Symlinking: /home/dyj/ros2_ws/install/stonefish_ros2/share/stonefish_ros2/msg/EventArray.msg
-- Symlinking: /home/dyj/ros2_ws/install/stonefish_ros2/share/stonefish_ros2/srv/SonarSettings.srv
-- Symlinking: /home/dyj/ros2_ws/install/stonefish_ros2/share/stonefish_ros2/srv/SonarSettings_Request.msg
-- Symlinking: /home/dyj/ros2_ws/install/stonefish_ros2/share/stonefish_ros2/srv/SonarSettings_Response.msg
-- Symlinking: /home/dyj/ros2_ws/install/stonefish_ros2/share/stonefish_ros2/srv/SonarSettings2.srv
-- Symlinking: /home/dyj/ros2_ws/install/stonefish_ros2/share/stonefish_ros2/srv/SonarSettings2_Request.msg
-- Symlinking: /home/dyj/ros2_ws/install/stonefish_ros2/share/stonefish_ros2/srv/SonarSettings2_Response.msg
-- Symlinking: /home/dyj/ros2_ws/install/stonefish_ros2/share/stonefish_ros2/srv/Respawn.srv
-- Symlinking: /home/dyj/ros2_ws/install/stonefish_ros2/share/stonefish_ros2/srv/Respawn_Request.msg
-- Symlinking: /home/dyj/ros2_ws/install/stonefish_ros2/share/stonefish_ros2/srv/Respawn_Response.msg
-- Symlinking: /home/dyj/ros2_ws/install/stonefish_ros2/include/include/stonefish_ros2/ROS2ConsoleSimulationApp.h
-- Symlinking: /home/dyj/ros2_ws/install/stonefish_ros2/include/include/stonefish_ros2/ROS2GraphicalSimulationApp.h
-- Symlinking: /home/dyj/ros2_ws/install/stonefish_ros2/include/include/stonefish_ros2/ROS2Interface.h
-- Symlinking: /home/dyj/ros2_ws/install/stonefish_ros2/include/include/stonefish_ros2/ROS2ScenarioParser.h
-- Symlinking: /home/dyj/ros2_ws/install/stonefish_ros2/include/include/stonefish_ros2/ROS2SimulationManager.h
-- Symlinking: /home/dyj/ros2_ws/install/stonefish_ros2/lib/stonefish_ros2/stonefish_simulator
-- Symlinking: /home/dyj/ros2_ws/install/stonefish_ros2/lib/stonefish_ros2/stonefish_simulator_nogpu
-- Symlinking: /home/dyj/ros2_ws/install/stonefish_ros2/lib/stonefish_ros2/fluid_dynamics_test
-- Symlinking: /home/dyj/ros2_ws/install/stonefish_ros2/share/stonefish_ros2/launch/stonefish_simulator.launch.py
-- Symlinking: /home/dyj/ros2_ws/install/stonefish_ros2/share/stonefish_ros2/launch/stonefish_simulator_nogpu.launch.py
-- Symlinking: /home/dyj/ros2_ws/install/stonefish_ros2/share/ament_index/resource_index/package_run_dependencies/stonefish_ros2
-- Symlinking: /home/dyj/ros2_ws/install/stonefish_ros2/share/ament_index/resource_index/parent_prefix_path/stonefish_ros2
-- Symlinking: /home/dyj/ros2_ws/install/stonefish_ros2/share/stonefish_ros2/environment/ament_prefix_path.sh
-- Symlinking: /home/dyj/ros2_ws/install/stonefish_ros2/share/stonefish_ros2/environment/ament_prefix_path.dsv
-- Symlinking: /home/dyj/ros2_ws/install/stonefish_ros2/share/stonefish_ros2/environment/path.sh
-- Symlinking: /home/dyj/ros2_ws/install/stonefish_ros2/share/stonefish_ros2/environment/path.dsv
-- Symlinking: /home/dyj/ros2_ws/install/stonefish_ros2/share/stonefish_ros2/local_setup.bash
-- Symlinking: /home/dyj/ros2_ws/install/stonefish_ros2/share/stonefish_ros2/local_setup.sh
-- Symlinking: /home/dyj/ros2_ws/install/stonefish_ros2/share/stonefish_ros2/local_setup.zsh
-- Symlinking: /home/dyj/ros2_ws/install/stonefish_ros2/share/stonefish_ros2/local_setup.dsv
-- Symlinking: /home/dyj/ros2_ws/install/stonefish_ros2/share/stonefish_ros2/package.dsv
-- Symlinking: /home/dyj/ros2_ws/install/stonefish_ros2/share/ament_index/resource_index/packages/stonefish_ros2
-- Symlinking: /home/dyj/ros2_ws/install/stonefish_ros2/share/stonefish_ros2/cmake/rosidl_cmake-extras.cmake
-- Symlinking: /home/dyj/ros2_ws/install/stonefish_ros2/share/stonefish_ros2/cmake/ament_cmake_export_dependencies-extras.cmake
-- Symlinking: /home/dyj/ros2_ws/install/stonefish_ros2/share/stonefish_ros2/cmake/ament_cmake_export_libraries-extras.cmake
-- Symlinking: /home/dyj/ros2_ws/install/stonefish_ros2/share/stonefish_ros2/cmake/ament_cmake_export_targets-extras.cmake
-- Symlinking: /home/dyj/ros2_ws/install/stonefish_ros2/share/stonefish_ros2/cmake/ament_cmake_export_include_directories-extras.cmake
-- Symlinking: /home/dyj/ros2_ws/install/stonefish_ros2/share/stonefish_ros2/cmake/rosidl_cmake_export_typesupport_libraries-extras.cmake
-- Symlinking: /home/dyj/ros2_ws/install/stonefish_ros2/share/stonefish_ros2/cmake/rosidl_cmake_export_typesupport_targets-extras.cmake
-- Symlinking: /home/dyj/ros2_ws/install/stonefish_ros2/share/stonefish_ros2/cmake/stonefish_ros2Config.cmake
-- Symlinking: /home/dyj/ros2_ws/install/stonefish_ros2/share/stonefish_ros2/cmake/stonefish_ros2Config-version.cmake
-- Symlinking: /home/dyj/ros2_ws/install/stonefish_ros2/share/stonefish_ros2/package.xml
-- Installing: /home/dyj/ros2_ws/install/stonefish_ros2/lib/libstonefish_ros2__rosidl_generator_c.so
-- Set runtime path of "/home/dyj/ros2_ws/install/stonefish_ros2/lib/libstonefish_ros2__rosidl_generator_c.so" to ""
-- Installing: /home/dyj/ros2_ws/install/stonefish_ros2/lib/libstonefish_ros2__rosidl_typesupport_introspection_c.so
-- Set runtime path of "/home/dyj/ros2_ws/install/stonefish_ros2/lib/libstonefish_ros2__rosidl_typesupport_introspection_c.so" to ""
-- Installing: /home/dyj/ros2_ws/install/stonefish_ros2/lib/libstonefish_ros2__rosidl_typesupport_c.so
-- Set runtime path of "/home/dyj/ros2_ws/install/stonefish_ros2/lib/libstonefish_ros2__rosidl_typesupport_c.so" to ""
-- Installing: /home/dyj/ros2_ws/install/stonefish_ros2/lib/libstonefish_ros2__rosidl_typesupport_introspection_cpp.so
-- Set runtime path of "/home/dyj/ros2_ws/install/stonefish_ros2/lib/libstonefish_ros2__rosidl_typesupport_introspection_cpp.so" to ""
-- Installing: /home/dyj/ros2_ws/install/stonefish_ros2/lib/libstonefish_ros2__rosidl_typesupport_cpp.so
-- Set runtime path of "/home/dyj/ros2_ws/install/stonefish_ros2/lib/libstonefish_ros2__rosidl_typesupport_cpp.so" to ""
Listing '/home/dyj/ros2_ws/install/stonefish_ros2/lib/python3.8/site-packages/stonefish_ros2'...
Compiling '/home/dyj/ros2_ws/install/stonefish_ros2/lib/python3.8/site-packages/stonefish_ros2/__init__.py'...
Listing '/home/dyj/ros2_ws/install/stonefish_ros2/lib/python3.8/site-packages/stonefish_ros2/msg'...
Compiling '/home/dyj/ros2_ws/install/stonefish_ros2/lib/python3.8/site-packages/stonefish_ros2/msg/__init__.py'...
Compiling '/home/dyj/ros2_ws/install/stonefish_ros2/lib/python3.8/site-packages/stonefish_ros2/msg/_beacon_info.py'...
Compiling '/home/dyj/ros2_ws/install/stonefish_ros2/lib/python3.8/site-packages/stonefish_ros2/msg/_debug_physics.py'...
Compiling '/home/dyj/ros2_ws/install/stonefish_ros2/lib/python3.8/site-packages/stonefish_ros2/msg/_dvl.py'...
Compiling '/home/dyj/ros2_ws/install/stonefish_ros2/lib/python3.8/site-packages/stonefish_ros2/msg/_dvl_beam.py'...
Compiling '/home/dyj/ros2_ws/install/stonefish_ros2/lib/python3.8/site-packages/stonefish_ros2/msg/_event.py'...
Compiling '/home/dyj/ros2_ws/install/stonefish_ros2/lib/python3.8/site-packages/stonefish_ros2/msg/_event_array.py'...
Compiling '/home/dyj/ros2_ws/install/stonefish_ros2/lib/python3.8/site-packages/stonefish_ros2/msg/_ins.py'...
Compiling '/home/dyj/ros2_ws/install/stonefish_ros2/lib/python3.8/site-packages/stonefish_ros2/msg/_int32_stamped.py'...
Compiling '/home/dyj/ros2_ws/install/stonefish_ros2/lib/python3.8/site-packages/stonefish_ros2/msg/_ned_pose.py'...
Compiling '/home/dyj/ros2_ws/install/stonefish_ros2/lib/python3.8/site-packages/stonefish_ros2/msg/_thruster_state.py'...
Listing '/home/dyj/ros2_ws/install/stonefish_ros2/lib/python3.8/site-packages/stonefish_ros2/srv'...
Compiling '/home/dyj/ros2_ws/install/stonefish_ros2/lib/python3.8/site-packages/stonefish_ros2/srv/__init__.py'...
Compiling '/home/dyj/ros2_ws/install/stonefish_ros2/lib/python3.8/site-packages/stonefish_ros2/srv/_respawn.py'...
Compiling '/home/dyj/ros2_ws/install/stonefish_ros2/lib/python3.8/site-packages/stonefish_ros2/srv/_sonar_settings.py'...
Compiling '/home/dyj/ros2_ws/install/stonefish_ros2/lib/python3.8/site-packages/stonefish_ros2/srv/_sonar_settings2.py'...
-- Installing: /home/dyj/ros2_ws/install/stonefish_ros2/lib/libstonefish_ros2__rosidl_generator_py.so
-- Set runtime path of "/home/dyj/ros2_ws/install/stonefish_ros2/lib/libstonefish_ros2__rosidl_generator_py.so" to ""
-- Installing: /home/dyj/ros2_ws/install/stonefish_ros2/lib/libstonefish_ros2_interface.so
-- Set runtime path of "/home/dyj/ros2_ws/install/stonefish_ros2/lib/libstonefish_ros2_interface.so" to ""
-- Installing: /home/dyj/ros2_ws/install/stonefish_ros2/share/stonefish_ros2/cmake/stonefish_ros2__rosidl_generator_cExport.cmake
-- Installing: /home/dyj/ros2_ws/install/stonefish_ros2/share/stonefish_ros2/cmake/stonefish_ros2__rosidl_generator_cExport-noconfig.cmake
-- Installing: /home/dyj/ros2_ws/install/stonefish_ros2/share/stonefish_ros2/cmake/stonefish_ros2__rosidl_typesupport_introspection_cExport.cmake
-- Installing: /home/dyj/ros2_ws/install/stonefish_ros2/share/stonefish_ros2/cmake/stonefish_ros2__rosidl_typesupport_introspection_cExport-noconfig.cmake
-- Installing: /home/dyj/ros2_ws/install/stonefish_ros2/share/stonefish_ros2/cmake/stonefish_ros2__rosidl_typesupport_cExport.cmake
-- Installing: /home/dyj/ros2_ws/install/stonefish_ros2/share/stonefish_ros2/cmake/stonefish_ros2__rosidl_typesupport_cExport-noconfig.cmake
-- Installing: /home/dyj/ros2_ws/install/stonefish_ros2/share/stonefish_ros2/cmake/stonefish_ros2__rosidl_generator_cppExport.cmake
-- Installing: /home/dyj/ros2_ws/install/stonefish_ros2/share/stonefish_ros2/cmake/stonefish_ros2__rosidl_typesupport_introspection_cppExport.cmake
-- Installing: /home/dyj/ros2_ws/install/stonefish_ros2/share/stonefish_ros2/cmake/stonefish_ros2__rosidl_typesupport_introspection_cppExport-noconfig.cmake
-- Installing: /home/dyj/ros2_ws/install/stonefish_ros2/share/stonefish_ros2/cmake/stonefish_ros2__rosidl_typesupport_cppExport.cmake
-- Installing: /home/dyj/ros2_ws/install/stonefish_ros2/share/stonefish_ros2/cmake/stonefish_ros2__rosidl_typesupport_cppExport-noconfig.cmake
-- Installing: /home/dyj/ros2_ws/install/stonefish_ros2/share/stonefish_ros2/cmake/export_stonefish_ros2__rosidl_generator_pyExport.cmake
-- Installing: /home/dyj/ros2_ws/install/stonefish_ros2/share/stonefish_ros2/cmake/export_stonefish_ros2__rosidl_generator_pyExport-noconfig.cmake
