[0.094s] DEBUG:colcon:Command line arguments: ['/usr/bin/colcon', 'build', '--packages-select', 'stonefish_ros2']
[0.094s] DEBUG:colcon:Parsed command line arguments: Namespace(allow_overriding=[], ament_cmake_args=None, base_paths=['.'], build_base='build', catkin_cmake_args=None, catkin_skip_building_tests=False, cmake_args=None, cmake_clean_cache=False, cmake_clean_first=False, cmake_force_configure=False, cmake_target=None, cmake_target_skip_unavailable=False, continue_on_error=False, event_handlers=None, executor='parallel', ignore_user_meta=False, install_base='install', log_base=None, log_level=None, main=<bound method BuildVerb.main of <colcon_core.verb.build.BuildVerb object at 0x7f356314ff10>>, merge_install=False, metas=['./colcon.meta'], packages_above=None, packages_above_and_dependencies=None, packages_above_depth=None, packages_end=None, packages_ignore=None, packages_ignore_regex=None, packages_select=['stonefish_ros2'], packages_select_build_failed=False, packages_select_by_dep=None, packages_select_regex=None, packages_select_test_failures=False, packages_skip=None, packages_skip_build_finished=False, packages_skip_by_dep=None, packages_skip_regex=None, packages_skip_test_passed=False, packages_skip_up_to=None, packages_start=None, packages_up_to=None, packages_up_to_regex=None, parallel_workers=16, paths=None, symlink_install=False, test_result_base=None, verb_extension=<colcon_core.verb.build.BuildVerb object at 0x7f356314ff10>, verb_name='build', verb_parser=<colcon_defaults.argument_parser.defaults.DefaultArgumentsDecorator object at 0x7f356315c490>)
[0.162s] Level 1:colcon.colcon_core.package_discovery:discover_packages(colcon_meta) check parameters
[0.162s] Level 1:colcon.colcon_core.package_discovery:discover_packages(recursive) check parameters
[0.162s] Level 1:colcon.colcon_core.package_discovery:discover_packages(ignore) check parameters
[0.162s] Level 1:colcon.colcon_core.package_discovery:discover_packages(path) check parameters
[0.162s] Level 1:colcon.colcon_core.package_discovery:discover_packages(colcon_meta) discover
[0.162s] Level 1:colcon.colcon_core.package_discovery:discover_packages(recursive) discover
[0.162s] INFO:colcon.colcon_core.package_discovery:Crawling recursively for packages in '/home/dyj/ros2_ws'
[0.162s] Level 1:colcon.colcon_core.package_identification:_identify(.) by extensions ['ignore', 'ignore_ament_install']
[0.162s] Level 1:colcon.colcon_core.package_identification:_identify(.) by extension 'ignore'
[0.162s] Level 1:colcon.colcon_core.package_identification:_identify(.) by extension 'ignore_ament_install'
[0.162s] Level 1:colcon.colcon_core.package_identification:_identify(.) by extensions ['colcon_pkg']
[0.162s] Level 1:colcon.colcon_core.package_identification:_identify(.) by extension 'colcon_pkg'
[0.162s] Level 1:colcon.colcon_core.package_identification:_identify(.) by extensions ['colcon_meta']
[0.162s] Level 1:colcon.colcon_core.package_identification:_identify(.) by extension 'colcon_meta'
[0.162s] Level 1:colcon.colcon_core.package_identification:_identify(.) by extensions ['ros']
[0.162s] Level 1:colcon.colcon_core.package_identification:_identify(.) by extension 'ros'
[0.168s] Level 1:colcon.colcon_core.package_identification:_identify(.) by extensions ['cmake', 'python']
[0.168s] Level 1:colcon.colcon_core.package_identification:_identify(.) by extension 'cmake'
[0.168s] Level 1:colcon.colcon_core.package_identification:_identify(.) by extension 'python'
[0.168s] Level 1:colcon.colcon_core.package_identification:_identify(.) by extensions ['python_setup_py']
[0.168s] Level 1:colcon.colcon_core.package_identification:_identify(.) by extension 'python_setup_py'
[0.168s] Level 1:colcon.colcon_core.package_identification:_identify(bag_files) by extensions ['ignore', 'ignore_ament_install']
[0.168s] Level 1:colcon.colcon_core.package_identification:_identify(bag_files) by extension 'ignore'
[0.168s] Level 1:colcon.colcon_core.package_identification:_identify(bag_files) by extension 'ignore_ament_install'
[0.168s] Level 1:colcon.colcon_core.package_identification:_identify(bag_files) by extensions ['colcon_pkg']
[0.168s] Level 1:colcon.colcon_core.package_identification:_identify(bag_files) by extension 'colcon_pkg'
[0.168s] Level 1:colcon.colcon_core.package_identification:_identify(bag_files) by extensions ['colcon_meta']
[0.168s] Level 1:colcon.colcon_core.package_identification:_identify(bag_files) by extension 'colcon_meta'
[0.168s] Level 1:colcon.colcon_core.package_identification:_identify(bag_files) by extensions ['ros']
[0.168s] Level 1:colcon.colcon_core.package_identification:_identify(bag_files) by extension 'ros'
[0.168s] Level 1:colcon.colcon_core.package_identification:_identify(bag_files) by extensions ['cmake', 'python']
[0.168s] Level 1:colcon.colcon_core.package_identification:_identify(bag_files) by extension 'cmake'
[0.168s] Level 1:colcon.colcon_core.package_identification:_identify(bag_files) by extension 'python'
[0.168s] Level 1:colcon.colcon_core.package_identification:_identify(bag_files) by extensions ['python_setup_py']
[0.168s] Level 1:colcon.colcon_core.package_identification:_identify(bag_files) by extension 'python_setup_py'
[0.168s] Level 1:colcon.colcon_core.package_identification:_identify(build) by extensions ['ignore', 'ignore_ament_install']
[0.168s] Level 1:colcon.colcon_core.package_identification:_identify(build) by extension 'ignore'
[0.168s] Level 1:colcon.colcon_core.package_identification:_identify(build) ignored
[0.168s] Level 1:colcon.colcon_core.package_identification:_identify(install) by extensions ['ignore', 'ignore_ament_install']
[0.168s] Level 1:colcon.colcon_core.package_identification:_identify(install) by extension 'ignore'
[0.168s] Level 1:colcon.colcon_core.package_identification:_identify(install) ignored
[0.168s] Level 1:colcon.colcon_core.package_identification:_identify(log) by extensions ['ignore', 'ignore_ament_install']
[0.168s] Level 1:colcon.colcon_core.package_identification:_identify(log) by extension 'ignore'
[0.168s] Level 1:colcon.colcon_core.package_identification:_identify(log) ignored
[0.168s] Level 1:colcon.colcon_core.package_identification:_identify(src) by extensions ['ignore', 'ignore_ament_install']
[0.168s] Level 1:colcon.colcon_core.package_identification:_identify(src) by extension 'ignore'
[0.168s] Level 1:colcon.colcon_core.package_identification:_identify(src) by extension 'ignore_ament_install'
[0.168s] Level 1:colcon.colcon_core.package_identification:_identify(src) by extensions ['colcon_pkg']
[0.168s] Level 1:colcon.colcon_core.package_identification:_identify(src) by extension 'colcon_pkg'
[0.168s] Level 1:colcon.colcon_core.package_identification:_identify(src) by extensions ['colcon_meta']
[0.168s] Level 1:colcon.colcon_core.package_identification:_identify(src) by extension 'colcon_meta'
[0.168s] Level 1:colcon.colcon_core.package_identification:_identify(src) by extensions ['ros']
[0.168s] Level 1:colcon.colcon_core.package_identification:_identify(src) by extension 'ros'
[0.168s] Level 1:colcon.colcon_core.package_identification:_identify(src) by extensions ['cmake', 'python']
[0.168s] Level 1:colcon.colcon_core.package_identification:_identify(src) by extension 'cmake'
[0.168s] Level 1:colcon.colcon_core.package_identification:_identify(src) by extension 'python'
[0.169s] Level 1:colcon.colcon_core.package_identification:_identify(src) by extensions ['python_setup_py']
[0.169s] Level 1:colcon.colcon_core.package_identification:_identify(src) by extension 'python_setup_py'
[0.169s] Level 1:colcon.colcon_core.package_identification:_identify(src/stonefish_ros2) by extensions ['ignore', 'ignore_ament_install']
[0.169s] Level 1:colcon.colcon_core.package_identification:_identify(src/stonefish_ros2) by extension 'ignore'
[0.169s] Level 1:colcon.colcon_core.package_identification:_identify(src/stonefish_ros2) by extension 'ignore_ament_install'
[0.169s] Level 1:colcon.colcon_core.package_identification:_identify(src/stonefish_ros2) by extensions ['colcon_pkg']
[0.169s] Level 1:colcon.colcon_core.package_identification:_identify(src/stonefish_ros2) by extension 'colcon_pkg'
[0.169s] Level 1:colcon.colcon_core.package_identification:_identify(src/stonefish_ros2) by extensions ['colcon_meta']
[0.169s] Level 1:colcon.colcon_core.package_identification:_identify(src/stonefish_ros2) by extension 'colcon_meta'
[0.169s] Level 1:colcon.colcon_core.package_identification:_identify(src/stonefish_ros2) by extensions ['ros']
[0.169s] Level 1:colcon.colcon_core.package_identification:_identify(src/stonefish_ros2) by extension 'ros'
[0.170s] DEBUG:colcon.colcon_core.package_identification:Package 'src/stonefish_ros2' with type 'ros.ament_cmake' and name 'stonefish_ros2'
[0.170s] Level 1:colcon.colcon_core.package_discovery:discover_packages(recursive) using defaults
[0.170s] Level 1:colcon.colcon_core.package_discovery:discover_packages(ignore) discover
[0.170s] Level 1:colcon.colcon_core.package_discovery:discover_packages(ignore) using defaults
[0.170s] Level 1:colcon.colcon_core.package_discovery:discover_packages(path) discover
[0.170s] Level 1:colcon.colcon_core.package_discovery:discover_packages(path) using defaults
[0.183s] Level 1:colcon.colcon_core.package_discovery:discover_packages(prefix_path) check parameters
[0.183s] Level 1:colcon.colcon_core.package_discovery:discover_packages(prefix_path) discover
[0.184s] DEBUG:colcon.colcon_installed_package_information.package_discovery:Found 276 installed packages in /opt/ros/rolling
[0.185s] Level 1:colcon.colcon_core.package_discovery:discover_packages(prefix_path) using defaults
[0.212s] Level 5:colcon.colcon_core.verb:set package 'stonefish_ros2' build argument 'cmake_args' from command line to 'None'
[0.212s] Level 5:colcon.colcon_core.verb:set package 'stonefish_ros2' build argument 'cmake_target' from command line to 'None'
[0.212s] Level 5:colcon.colcon_core.verb:set package 'stonefish_ros2' build argument 'cmake_target_skip_unavailable' from command line to 'False'
[0.212s] Level 5:colcon.colcon_core.verb:set package 'stonefish_ros2' build argument 'cmake_clean_cache' from command line to 'False'
[0.212s] Level 5:colcon.colcon_core.verb:set package 'stonefish_ros2' build argument 'cmake_clean_first' from command line to 'False'
[0.212s] Level 5:colcon.colcon_core.verb:set package 'stonefish_ros2' build argument 'cmake_force_configure' from command line to 'False'
[0.212s] Level 5:colcon.colcon_core.verb:set package 'stonefish_ros2' build argument 'ament_cmake_args' from command line to 'None'
[0.212s] Level 5:colcon.colcon_core.verb:set package 'stonefish_ros2' build argument 'catkin_cmake_args' from command line to 'None'
[0.212s] Level 5:colcon.colcon_core.verb:set package 'stonefish_ros2' build argument 'catkin_skip_building_tests' from command line to 'False'
[0.212s] DEBUG:colcon.colcon_core.verb:Building package 'stonefish_ros2' with the following arguments: {'ament_cmake_args': None, 'build_base': '/home/dyj/ros2_ws/build/stonefish_ros2', 'catkin_cmake_args': None, 'catkin_skip_building_tests': False, 'cmake_args': None, 'cmake_clean_cache': False, 'cmake_clean_first': False, 'cmake_force_configure': False, 'cmake_target': None, 'cmake_target_skip_unavailable': False, 'install_base': '/home/dyj/ros2_ws/install/stonefish_ros2', 'merge_install': False, 'path': '/home/dyj/ros2_ws/src/stonefish_ros2', 'symlink_install': False, 'test_result_base': None}
[0.212s] INFO:colcon.colcon_core.executor:Executing jobs using 'parallel' executor
[0.212s] DEBUG:colcon.colcon_parallel_executor.executor.parallel:run_until_complete
[0.213s] INFO:colcon.colcon_ros.task.ament_cmake.build:Building ROS package in '/home/dyj/ros2_ws/src/stonefish_ros2' with build type 'ament_cmake'
[0.213s] INFO:colcon.colcon_cmake.task.cmake.build:Building CMake package in '/home/dyj/ros2_ws/src/stonefish_ros2'
[0.213s] INFO:colcon.colcon_core.plugin_system:Skipping extension 'colcon_core.shell.bat': Not used on non-Windows systems
[0.213s] INFO:colcon.colcon_core.shell:Skip shell extension 'powershell' for command environment: Not usable outside of PowerShell
[0.214s] DEBUG:colcon.colcon_core.shell:Skip shell extension 'dsv' for command environment
[0.220s] DEBUG:colcon.colcon_core.event_handler.log_command:Invoking command in '/home/dyj/ros2_ws/build/stonefish_ros2': CMAKE_PREFIX_PATH=${CMAKE_PREFIX_PATH}:/opt/ros/rolling /usr/bin/cmake --build /home/dyj/ros2_ws/build/stonefish_ros2 -- -j16 -l16
[2.923s] DEBUG:colcon.colcon_core.event_handler.log_command:Invoked command in '/home/dyj/ros2_ws/build/stonefish_ros2' returned '2': CMAKE_PREFIX_PATH=${CMAKE_PREFIX_PATH}:/opt/ros/rolling /usr/bin/cmake --build /home/dyj/ros2_ws/build/stonefish_ros2 -- -j16 -l16
[2.924s] Level 1:colcon.colcon_core.environment:create_environment_scripts_only(stonefish_ros2)
[2.927s] Level 1:colcon.colcon_core.environment:checking '/home/dyj/ros2_ws/install/stonefish_ros2' for CMake module files
[2.927s] Level 1:colcon.colcon_core.environment:checking '/home/dyj/ros2_ws/install/stonefish_ros2' for CMake config files
[2.928s] Level 1:colcon.colcon_core.shell:create_environment_hook('stonefish_ros2', 'cmake_prefix_path')
[2.928s] INFO:colcon.colcon_core.shell:Creating environment hook '/home/dyj/ros2_ws/install/stonefish_ros2/share/stonefish_ros2/hook/cmake_prefix_path.ps1'
[2.929s] INFO:colcon.colcon_core.shell:Creating environment descriptor '/home/dyj/ros2_ws/install/stonefish_ros2/share/stonefish_ros2/hook/cmake_prefix_path.dsv'
[2.929s] INFO:colcon.colcon_core.shell:Creating environment hook '/home/dyj/ros2_ws/install/stonefish_ros2/share/stonefish_ros2/hook/cmake_prefix_path.sh'
[2.929s] Level 1:colcon.colcon_core.environment:checking '/home/dyj/ros2_ws/install/stonefish_ros2/lib'
[2.929s] Level 1:colcon.colcon_core.shell:create_environment_hook('stonefish_ros2', 'ld_library_path_lib')
[2.929s] INFO:colcon.colcon_core.shell:Creating environment hook '/home/dyj/ros2_ws/install/stonefish_ros2/share/stonefish_ros2/hook/ld_library_path_lib.ps1'
[2.929s] INFO:colcon.colcon_core.shell:Creating environment descriptor '/home/dyj/ros2_ws/install/stonefish_ros2/share/stonefish_ros2/hook/ld_library_path_lib.dsv'
[2.930s] INFO:colcon.colcon_core.shell:Creating environment hook '/home/dyj/ros2_ws/install/stonefish_ros2/share/stonefish_ros2/hook/ld_library_path_lib.sh'
[2.930s] Level 1:colcon.colcon_core.environment:checking '/home/dyj/ros2_ws/install/stonefish_ros2/bin'
[2.930s] Level 1:colcon.colcon_core.environment:checking '/home/dyj/ros2_ws/install/stonefish_ros2/lib/pkgconfig/stonefish_ros2.pc'
[2.930s] Level 1:colcon.colcon_core.environment:checking '/home/dyj/ros2_ws/install/stonefish_ros2/lib/python3.8/site-packages'
[2.930s] Level 1:colcon.colcon_core.shell:create_environment_hook('stonefish_ros2', 'pythonpath')
[2.930s] INFO:colcon.colcon_core.shell:Creating environment hook '/home/dyj/ros2_ws/install/stonefish_ros2/share/stonefish_ros2/hook/pythonpath.ps1'
[2.930s] INFO:colcon.colcon_core.shell:Creating environment descriptor '/home/dyj/ros2_ws/install/stonefish_ros2/share/stonefish_ros2/hook/pythonpath.dsv'
[2.930s] INFO:colcon.colcon_core.shell:Creating environment hook '/home/dyj/ros2_ws/install/stonefish_ros2/share/stonefish_ros2/hook/pythonpath.sh'
[2.931s] Level 1:colcon.colcon_core.environment:checking '/home/dyj/ros2_ws/install/stonefish_ros2/bin'
[2.931s] INFO:colcon.colcon_core.shell:Creating package script '/home/dyj/ros2_ws/install/stonefish_ros2/share/stonefish_ros2/package.ps1'
[2.931s] INFO:colcon.colcon_core.shell:Creating package descriptor '/home/dyj/ros2_ws/install/stonefish_ros2/share/stonefish_ros2/package.dsv'
[2.931s] INFO:colcon.colcon_core.shell:Creating package script '/home/dyj/ros2_ws/install/stonefish_ros2/share/stonefish_ros2/package.sh'
[2.932s] INFO:colcon.colcon_core.shell:Creating package script '/home/dyj/ros2_ws/install/stonefish_ros2/share/stonefish_ros2/package.bash'
[2.932s] INFO:colcon.colcon_core.shell:Creating package script '/home/dyj/ros2_ws/install/stonefish_ros2/share/stonefish_ros2/package.zsh'
[2.932s] Level 1:colcon.colcon_core.environment:create_file_with_runtime_dependencies(/home/dyj/ros2_ws/install/stonefish_ros2/share/colcon-core/packages/stonefish_ros2)
[2.943s] DEBUG:colcon.colcon_parallel_executor.executor.parallel:closing loop
[2.943s] DEBUG:colcon.colcon_parallel_executor.executor.parallel:loop closed
[2.943s] DEBUG:colcon.colcon_parallel_executor.executor.parallel:run_until_complete finished with '2'
[2.943s] DEBUG:colcon.colcon_core.event_reactor:joining thread
[2.947s] INFO:colcon.colcon_core.plugin_system:Skipping extension 'colcon_notification.desktop_notification.terminal_notifier': Not used on non-Darwin systems
[2.947s] INFO:colcon.colcon_core.plugin_system:Skipping extension 'colcon_notification.desktop_notification.win32': Not used on non-Windows systems
[2.948s] INFO:colcon.colcon_notification.desktop_notification:Sending desktop notification using 'notify2'
[2.961s] DEBUG:colcon.colcon_core.event_reactor:joined thread
[2.961s] INFO:colcon.colcon_core.shell:Creating prefix script '/home/dyj/ros2_ws/install/local_setup.ps1'
[2.963s] INFO:colcon.colcon_core.shell:Creating prefix util module '/home/dyj/ros2_ws/install/_local_setup_util_ps1.py'
[2.964s] INFO:colcon.colcon_core.shell:Creating prefix chain script '/home/dyj/ros2_ws/install/setup.ps1'
[2.965s] INFO:colcon.colcon_core.shell:Creating prefix script '/home/dyj/ros2_ws/install/local_setup.sh'
[2.966s] INFO:colcon.colcon_core.shell:Creating prefix util module '/home/dyj/ros2_ws/install/_local_setup_util_sh.py'
[2.966s] INFO:colcon.colcon_core.shell:Creating prefix chain script '/home/dyj/ros2_ws/install/setup.sh'
[2.967s] INFO:colcon.colcon_core.shell:Creating prefix script '/home/dyj/ros2_ws/install/local_setup.bash'
[2.968s] INFO:colcon.colcon_core.shell:Creating prefix chain script '/home/dyj/ros2_ws/install/setup.bash'
[2.969s] INFO:colcon.colcon_core.shell:Creating prefix script '/home/dyj/ros2_ws/install/local_setup.zsh'
[2.969s] INFO:colcon.colcon_core.shell:Creating prefix chain script '/home/dyj/ros2_ws/install/setup.zsh'
