[0.007s] Invoking command in '/home/dyj/ros2_ws/build/stonefish_ros2': CMAKE_PREFIX_PATH=${CMAKE_PREFIX_PATH}:/opt/ros/rolling /usr/bin/cmake --build /home/dyj/ros2_ws/build/stonefish_ros2 -- -j16 -l16
[0.030s] /usr/bin/cmake -S/home/dyj/ros2_ws/src/stonefish_ros2 -B/home/dyj/ros2_ws/build/stonefish_ros2 --check-build-system CMakeFiles/Makefile.cmake 0
[0.046s] /usr/bin/cmake -E cmake_progress_start /home/dyj/ros2_ws/build/stonefish_ros2/CMakeFiles /home/dyj/ros2_ws/build/stonefish_ros2/CMakeFiles/progress.marks
[0.049s] /usr/bin/make -f CMakeFiles/Makefile2 all
[0.050s] make[1]: 进入目录“/home/dyj/ros2_ws/build/stonefish_ros2”
[0.050s] /usr/bin/make -f CMakeFiles/stonefish_ros2__cpp.dir/build.make CMakeFiles/stonefish_ros2__cpp.dir/depend
[0.050s] /usr/bin/make -f CMakeFiles/stonefish_ros2__rosidl_generator_c.dir/build.make CMakeFiles/stonefish_ros2__rosidl_generator_c.dir/depend
[0.050s] /usr/bin/make -f CMakeFiles/ament_cmake_python_symlink_stonefish_ros2.dir/build.make CMakeFiles/ament_cmake_python_symlink_stonefish_ros2.dir/depend
[0.051s] make[2]: 进入目录“/home/dyj/ros2_ws/build/stonefish_ros2”
[0.051s] cd /home/dyj/ros2_ws/build/stonefish_ros2 && /usr/bin/cmake -E cmake_depends "Unix Makefiles" /home/dyj/ros2_ws/src/stonefish_ros2 /home/dyj/ros2_ws/src/stonefish_ros2 /home/dyj/ros2_ws/build/stonefish_ros2 /home/dyj/ros2_ws/build/stonefish_ros2 /home/dyj/ros2_ws/build/stonefish_ros2/CMakeFiles/ament_cmake_python_symlink_stonefish_ros2.dir/DependInfo.cmake --color=
[0.051s] make[2]: 进入目录“/home/dyj/ros2_ws/build/stonefish_ros2”
[0.052s] cd /home/dyj/ros2_ws/build/stonefish_ros2 && /usr/bin/cmake -E cmake_depends "Unix Makefiles" /home/dyj/ros2_ws/src/stonefish_ros2 /home/dyj/ros2_ws/src/stonefish_ros2 /home/dyj/ros2_ws/build/stonefish_ros2 /home/dyj/ros2_ws/build/stonefish_ros2 /home/dyj/ros2_ws/build/stonefish_ros2/CMakeFiles/stonefish_ros2__cpp.dir/DependInfo.cmake --color=
[0.054s] make[2]: 进入目录“/home/dyj/ros2_ws/build/stonefish_ros2”
[0.054s] cd /home/dyj/ros2_ws/build/stonefish_ros2 && /usr/bin/cmake -E cmake_depends "Unix Makefiles" /home/dyj/ros2_ws/src/stonefish_ros2 /home/dyj/ros2_ws/src/stonefish_ros2 /home/dyj/ros2_ws/build/stonefish_ros2 /home/dyj/ros2_ws/build/stonefish_ros2 /home/dyj/ros2_ws/build/stonefish_ros2/CMakeFiles/stonefish_ros2__rosidl_generator_c.dir/DependInfo.cmake --color=
[0.058s] make[2]: 离开目录“/home/dyj/ros2_ws/build/stonefish_ros2”
[0.058s] /usr/bin/make -f CMakeFiles/ament_cmake_python_symlink_stonefish_ros2.dir/build.make CMakeFiles/ament_cmake_python_symlink_stonefish_ros2.dir/build
[0.059s] make[2]: 进入目录“/home/dyj/ros2_ws/build/stonefish_ros2”
[0.059s] /usr/bin/cmake -E create_symlink /home/dyj/ros2_ws/build/stonefish_ros2/rosidl_generator_py/stonefish_ros2 /home/dyj/ros2_ws/build/stonefish_ros2/ament_cmake_python/stonefish_ros2/stonefish_ros2
[0.060s] make[2]: 离开目录“/home/dyj/ros2_ws/build/stonefish_ros2”
[0.060s] /usr/bin/make -f CMakeFiles/stonefish_ros2__rosidl_generator_c.dir/build.make CMakeFiles/stonefish_ros2__rosidl_generator_c.dir/build
[0.061s] make[2]: 离开目录“/home/dyj/ros2_ws/build/stonefish_ros2”
[0.061s] /usr/bin/make -f CMakeFiles/stonefish_ros2__cpp.dir/build.make CMakeFiles/stonefish_ros2__cpp.dir/build
[0.063s] make[2]: 离开目录“/home/dyj/ros2_ws/build/stonefish_ros2”
[0.063s] make[2]: 进入目录“/home/dyj/ros2_ws/build/stonefish_ros2”
[0.063s] make[2]: 对“CMakeFiles/stonefish_ros2__cpp.dir/build”无需做任何事。
[0.063s] make[2]: 离开目录“/home/dyj/ros2_ws/build/stonefish_ros2”
[0.064s] make[2]: 进入目录“/home/dyj/ros2_ws/build/stonefish_ros2”
[0.064s] make[2]: 对“CMakeFiles/stonefish_ros2__rosidl_generator_c.dir/build”无需做任何事。
[0.064s] make[2]: 离开目录“/home/dyj/ros2_ws/build/stonefish_ros2”
[0.067s] [  1%] Built target stonefish_ros2__cpp
[0.067s] /usr/bin/make -f CMakeFiles/stonefish_ros2__rosidl_typesupport_cpp.dir/build.make CMakeFiles/stonefish_ros2__rosidl_typesupport_cpp.dir/depend
[0.067s] /usr/bin/make -f CMakeFiles/stonefish_ros2__rosidl_typesupport_fastrtps_cpp.dir/build.make CMakeFiles/stonefish_ros2__rosidl_typesupport_fastrtps_cpp.dir/depend
[0.067s] [ 11%] Built target stonefish_ros2__rosidl_generator_c
[0.067s] /usr/bin/make -f CMakeFiles/stonefish_ros2__rosidl_typesupport_introspection_cpp.dir/build.make CMakeFiles/stonefish_ros2__rosidl_typesupport_introspection_cpp.dir/depend
[0.068s] /usr/bin/make -f CMakeFiles/stonefish_ros2__rosidl_typesupport_c.dir/build.make CMakeFiles/stonefish_ros2__rosidl_typesupport_c.dir/depend
[0.068s] /usr/bin/make -f CMakeFiles/stonefish_ros2__rosidl_typesupport_introspection_c.dir/build.make CMakeFiles/stonefish_ros2__rosidl_typesupport_introspection_c.dir/depend
[0.068s] make[2]: 进入目录“/home/dyj/ros2_ws/build/stonefish_ros2”
[0.069s] cd /home/dyj/ros2_ws/build/stonefish_ros2 && /usr/bin/cmake -E cmake_depends "Unix Makefiles" /home/dyj/ros2_ws/src/stonefish_ros2 /home/dyj/ros2_ws/src/stonefish_ros2 /home/dyj/ros2_ws/build/stonefish_ros2 /home/dyj/ros2_ws/build/stonefish_ros2 /home/dyj/ros2_ws/build/stonefish_ros2/CMakeFiles/stonefish_ros2__rosidl_typesupport_cpp.dir/DependInfo.cmake --color=
[0.069s] make[2]: 进入目录“/home/dyj/ros2_ws/build/stonefish_ros2”
[0.069s] cd /home/dyj/ros2_ws/build/stonefish_ros2 && /usr/bin/cmake -E cmake_depends "Unix Makefiles" /home/dyj/ros2_ws/src/stonefish_ros2 /home/dyj/ros2_ws/src/stonefish_ros2 /home/dyj/ros2_ws/build/stonefish_ros2 /home/dyj/ros2_ws/build/stonefish_ros2 /home/dyj/ros2_ws/build/stonefish_ros2/CMakeFiles/stonefish_ros2__rosidl_typesupport_introspection_cpp.dir/DependInfo.cmake --color=
[0.069s] [ 11%] Built target ament_cmake_python_symlink_stonefish_ros2
[0.070s] make[2]: 进入目录“/home/dyj/ros2_ws/build/stonefish_ros2”
[0.070s] cd /home/dyj/ros2_ws/build/stonefish_ros2 && /usr/bin/cmake -E cmake_depends "Unix Makefiles" /home/dyj/ros2_ws/src/stonefish_ros2 /home/dyj/ros2_ws/src/stonefish_ros2 /home/dyj/ros2_ws/build/stonefish_ros2 /home/dyj/ros2_ws/build/stonefish_ros2 /home/dyj/ros2_ws/build/stonefish_ros2/CMakeFiles/stonefish_ros2__rosidl_typesupport_introspection_c.dir/DependInfo.cmake --color=
[0.070s] /usr/bin/make -f CMakeFiles/ament_cmake_python_build_stonefish_ros2_egg.dir/build.make CMakeFiles/ament_cmake_python_build_stonefish_ros2_egg.dir/depend
[0.070s] make[2]: 进入目录“/home/dyj/ros2_ws/build/stonefish_ros2”
[0.071s] cd /home/dyj/ros2_ws/build/stonefish_ros2 && /usr/bin/cmake -E cmake_depends "Unix Makefiles" /home/dyj/ros2_ws/src/stonefish_ros2 /home/dyj/ros2_ws/src/stonefish_ros2 /home/dyj/ros2_ws/build/stonefish_ros2 /home/dyj/ros2_ws/build/stonefish_ros2 /home/dyj/ros2_ws/build/stonefish_ros2/CMakeFiles/ament_cmake_python_build_stonefish_ros2_egg.dir/DependInfo.cmake --color=
[0.071s] make[2]: 进入目录“/home/dyj/ros2_ws/build/stonefish_ros2”
[0.071s] cd /home/dyj/ros2_ws/build/stonefish_ros2 && /usr/bin/cmake -E cmake_depends "Unix Makefiles" /home/dyj/ros2_ws/src/stonefish_ros2 /home/dyj/ros2_ws/src/stonefish_ros2 /home/dyj/ros2_ws/build/stonefish_ros2 /home/dyj/ros2_ws/build/stonefish_ros2 /home/dyj/ros2_ws/build/stonefish_ros2/CMakeFiles/stonefish_ros2__rosidl_typesupport_c.dir/DependInfo.cmake --color=
[0.072s] make[2]: 进入目录“/home/dyj/ros2_ws/build/stonefish_ros2”
[0.072s] cd /home/dyj/ros2_ws/build/stonefish_ros2 && /usr/bin/cmake -E cmake_depends "Unix Makefiles" /home/dyj/ros2_ws/src/stonefish_ros2 /home/dyj/ros2_ws/src/stonefish_ros2 /home/dyj/ros2_ws/build/stonefish_ros2 /home/dyj/ros2_ws/build/stonefish_ros2 /home/dyj/ros2_ws/build/stonefish_ros2/CMakeFiles/stonefish_ros2__rosidl_typesupport_fastrtps_cpp.dir/DependInfo.cmake --color=
[0.073s] make[2]: 离开目录“/home/dyj/ros2_ws/build/stonefish_ros2”
[0.073s] /usr/bin/make -f CMakeFiles/stonefish_ros2__rosidl_typesupport_cpp.dir/build.make CMakeFiles/stonefish_ros2__rosidl_typesupport_cpp.dir/build
[0.073s] make[2]: 离开目录“/home/dyj/ros2_ws/build/stonefish_ros2”
[0.073s] /usr/bin/make -f CMakeFiles/stonefish_ros2__rosidl_typesupport_introspection_cpp.dir/build.make CMakeFiles/stonefish_ros2__rosidl_typesupport_introspection_cpp.dir/build
[0.074s] make[2]: 离开目录“/home/dyj/ros2_ws/build/stonefish_ros2”
[0.074s] /usr/bin/make -f CMakeFiles/stonefish_ros2__rosidl_typesupport_introspection_c.dir/build.make CMakeFiles/stonefish_ros2__rosidl_typesupport_introspection_c.dir/build
[0.076s] make[2]: 离开目录“/home/dyj/ros2_ws/build/stonefish_ros2”
[0.076s] /usr/bin/make -f CMakeFiles/stonefish_ros2__rosidl_typesupport_fastrtps_cpp.dir/build.make CMakeFiles/stonefish_ros2__rosidl_typesupport_fastrtps_cpp.dir/build
[0.076s] make[2]: 进入目录“/home/dyj/ros2_ws/build/stonefish_ros2”
[0.076s] make[2]: 对“CMakeFiles/stonefish_ros2__rosidl_typesupport_cpp.dir/build”无需做任何事。
[0.076s] make[2]: 离开目录“/home/dyj/ros2_ws/build/stonefish_ros2”
[0.077s] make[2]: 离开目录“/home/dyj/ros2_ws/build/stonefish_ros2”
[0.077s] /usr/bin/make -f CMakeFiles/ament_cmake_python_build_stonefish_ros2_egg.dir/build.make CMakeFiles/ament_cmake_python_build_stonefish_ros2_egg.dir/build
[0.077s] make[2]: 进入目录“/home/dyj/ros2_ws/build/stonefish_ros2”
[0.077s] cd /home/dyj/ros2_ws/build/stonefish_ros2/ament_cmake_python/stonefish_ros2 && /usr/bin/python3.8 setup.py egg_info
[0.078s] make[2]: 进入目录“/home/dyj/ros2_ws/build/stonefish_ros2”
[0.078s] make[2]: 对“CMakeFiles/stonefish_ros2__rosidl_typesupport_introspection_c.dir/build”无需做任何事。
[0.078s] make[2]: 离开目录“/home/dyj/ros2_ws/build/stonefish_ros2”
[0.079s] make[2]: 进入目录“/home/dyj/ros2_ws/build/stonefish_ros2”
[0.079s] make[2]: 对“CMakeFiles/stonefish_ros2__rosidl_typesupport_introspection_cpp.dir/build”无需做任何事。
[0.079s] make[2]: 离开目录“/home/dyj/ros2_ws/build/stonefish_ros2”
[0.080s] make[2]: 离开目录“/home/dyj/ros2_ws/build/stonefish_ros2”
[0.080s] /usr/bin/make -f CMakeFiles/stonefish_ros2__rosidl_typesupport_c.dir/build.make CMakeFiles/stonefish_ros2__rosidl_typesupport_c.dir/build
[0.080s] [ 21%] Built target stonefish_ros2__rosidl_typesupport_cpp
[0.080s] /usr/bin/make -f CMakeFiles/camera_test.dir/build.make CMakeFiles/camera_test.dir/depend
[0.080s] /usr/bin/make -f CMakeFiles/stonefish_ros2_interface.dir/build.make CMakeFiles/stonefish_ros2_interface.dir/depend
[0.080s] /usr/bin/make -f CMakeFiles/fluid_dynamics_test.dir/build.make CMakeFiles/fluid_dynamics_test.dir/depend
[0.081s] make[2]: 进入目录“/home/dyj/ros2_ws/build/stonefish_ros2”
[0.081s] cd /home/dyj/ros2_ws/build/stonefish_ros2 && /usr/bin/cmake -E cmake_depends "Unix Makefiles" /home/dyj/ros2_ws/src/stonefish_ros2 /home/dyj/ros2_ws/src/stonefish_ros2 /home/dyj/ros2_ws/build/stonefish_ros2 /home/dyj/ros2_ws/build/stonefish_ros2 /home/dyj/ros2_ws/build/stonefish_ros2/CMakeFiles/camera_test.dir/DependInfo.cmake --color=
[0.081s] make[2]: 进入目录“/home/dyj/ros2_ws/build/stonefish_ros2”
[0.081s] make[2]: 对“CMakeFiles/stonefish_ros2__rosidl_typesupport_fastrtps_cpp.dir/build”无需做任何事。
[0.081s] make[2]: 离开目录“/home/dyj/ros2_ws/build/stonefish_ros2”
[0.082s] [ 32%] Built target stonefish_ros2__rosidl_typesupport_introspection_c
[0.083s] [ 43%] Built target stonefish_ros2__rosidl_typesupport_introspection_cpp
[0.083s] make[2]: 进入目录“/home/dyj/ros2_ws/build/stonefish_ros2”
[0.083s] make[2]: 对“CMakeFiles/stonefish_ros2__rosidl_typesupport_c.dir/build”无需做任何事。
[0.083s] make[2]: 离开目录“/home/dyj/ros2_ws/build/stonefish_ros2”
[0.085s] make[2]: 离开目录“/home/dyj/ros2_ws/build/stonefish_ros2”
[0.085s] /usr/bin/make -f CMakeFiles/camera_test.dir/build.make CMakeFiles/camera_test.dir/build
[0.085s] [ 53%] Built target stonefish_ros2__rosidl_typesupport_fastrtps_cpp
[0.085s] make[2]: 进入目录“/home/dyj/ros2_ws/build/stonefish_ros2”
[0.085s] cd /home/dyj/ros2_ws/build/stonefish_ros2 && /usr/bin/cmake -E cmake_depends "Unix Makefiles" /home/dyj/ros2_ws/src/stonefish_ros2 /home/dyj/ros2_ws/src/stonefish_ros2 /home/dyj/ros2_ws/build/stonefish_ros2 /home/dyj/ros2_ws/build/stonefish_ros2 /home/dyj/ros2_ws/build/stonefish_ros2/CMakeFiles/fluid_dynamics_test.dir/DependInfo.cmake --color=
[0.085s] /usr/bin/make -f CMakeFiles/stonefish_ros2__rosidl_typesupport_fastrtps_c.dir/build.make CMakeFiles/stonefish_ros2__rosidl_typesupport_fastrtps_c.dir/depend
[0.085s] make[2]: 进入目录“/home/dyj/ros2_ws/build/stonefish_ros2”
[0.085s] cd /home/dyj/ros2_ws/build/stonefish_ros2 && /usr/bin/cmake -E cmake_depends "Unix Makefiles" /home/dyj/ros2_ws/src/stonefish_ros2 /home/dyj/ros2_ws/src/stonefish_ros2 /home/dyj/ros2_ws/build/stonefish_ros2 /home/dyj/ros2_ws/build/stonefish_ros2 /home/dyj/ros2_ws/build/stonefish_ros2/CMakeFiles/stonefish_ros2_interface.dir/DependInfo.cmake --color=
[0.087s] [ 63%] Built target stonefish_ros2__rosidl_typesupport_c
[0.087s] make[2]: 进入目录“/home/dyj/ros2_ws/build/stonefish_ros2”
[0.087s] cd /home/dyj/ros2_ws/build/stonefish_ros2 && /usr/bin/cmake -E cmake_depends "Unix Makefiles" /home/dyj/ros2_ws/src/stonefish_ros2 /home/dyj/ros2_ws/src/stonefish_ros2 /home/dyj/ros2_ws/build/stonefish_ros2 /home/dyj/ros2_ws/build/stonefish_ros2 /home/dyj/ros2_ws/build/stonefish_ros2/CMakeFiles/stonefish_ros2__rosidl_typesupport_fastrtps_c.dir/DependInfo.cmake --color=
[0.087s] make[2]: 进入目录“/home/dyj/ros2_ws/build/stonefish_ros2”
[0.087s] make[2]: 对“CMakeFiles/camera_test.dir/build”无需做任何事。
[0.087s] make[2]: 离开目录“/home/dyj/ros2_ws/build/stonefish_ros2”
[0.089s] Dependee "/home/dyj/ros2_ws/src/stonefish_ros2/src/FluidDynamicsTestManager.cpp" is newer than depender "CMakeFiles/fluid_dynamics_test.dir/src/FluidDynamicsTestManager.cpp.o".
[0.089s] Clearing dependencies in "/home/dyj/ros2_ws/build/stonefish_ros2/CMakeFiles/fluid_dynamics_test.dir/depend.make".
[0.089s] [35m[1mScanning dependencies of target fluid_dynamics_test[0m
[0.090s] make[2]: 离开目录“/home/dyj/ros2_ws/build/stonefish_ros2”
[0.090s] /usr/bin/make -f CMakeFiles/stonefish_ros2_interface.dir/build.make CMakeFiles/stonefish_ros2_interface.dir/build
[0.091s] [ 65%] Built target camera_test
[0.091s] make[2]: 离开目录“/home/dyj/ros2_ws/build/stonefish_ros2”
[0.091s] /usr/bin/make -f CMakeFiles/stonefish_ros2__rosidl_typesupport_fastrtps_c.dir/build.make CMakeFiles/stonefish_ros2__rosidl_typesupport_fastrtps_c.dir/build
[0.096s] make[2]: 进入目录“/home/dyj/ros2_ws/build/stonefish_ros2”
[0.096s] make[2]: 对“CMakeFiles/stonefish_ros2__rosidl_typesupport_fastrtps_c.dir/build”无需做任何事。
[0.097s] make[2]: 离开目录“/home/dyj/ros2_ws/build/stonefish_ros2”
[0.100s] make[2]: 离开目录“/home/dyj/ros2_ws/build/stonefish_ros2”
[0.100s] /usr/bin/make -f CMakeFiles/fluid_dynamics_test.dir/build.make CMakeFiles/fluid_dynamics_test.dir/build
[0.100s] [ 76%] Built target stonefish_ros2__rosidl_typesupport_fastrtps_c
[0.100s] /usr/bin/make -f CMakeFiles/stonefish_ros2.dir/build.make CMakeFiles/stonefish_ros2.dir/depend
[0.101s] make[2]: 进入目录“/home/dyj/ros2_ws/build/stonefish_ros2”
[0.101s] cd /home/dyj/ros2_ws/build/stonefish_ros2 && /usr/bin/cmake -E cmake_depends "Unix Makefiles" /home/dyj/ros2_ws/src/stonefish_ros2 /home/dyj/ros2_ws/src/stonefish_ros2 /home/dyj/ros2_ws/build/stonefish_ros2 /home/dyj/ros2_ws/build/stonefish_ros2 /home/dyj/ros2_ws/build/stonefish_ros2/CMakeFiles/stonefish_ros2.dir/DependInfo.cmake --color=
[0.103s] make[2]: 进入目录“/home/dyj/ros2_ws/build/stonefish_ros2”
[0.103s] make[2]: 对“CMakeFiles/stonefish_ros2_interface.dir/build”无需做任何事。
[0.103s] make[2]: 离开目录“/home/dyj/ros2_ws/build/stonefish_ros2”
[0.105s] make[2]: 进入目录“/home/dyj/ros2_ws/build/stonefish_ros2”
[0.106s] [ 80%] Built target stonefish_ros2_interface
[0.107s] /usr/bin/make -f CMakeFiles/stonefish_simulator_nogpu.dir/build.make CMakeFiles/stonefish_simulator_nogpu.dir/depend
[0.107s] /usr/bin/make -f CMakeFiles/stonefish_simulator.dir/build.make CMakeFiles/stonefish_simulator.dir/depend
[0.108s] make[2]: 进入目录“/home/dyj/ros2_ws/build/stonefish_ros2”
[0.108s] cd /home/dyj/ros2_ws/build/stonefish_ros2 && /usr/bin/cmake -E cmake_depends "Unix Makefiles" /home/dyj/ros2_ws/src/stonefish_ros2 /home/dyj/ros2_ws/src/stonefish_ros2 /home/dyj/ros2_ws/build/stonefish_ros2 /home/dyj/ros2_ws/build/stonefish_ros2 /home/dyj/ros2_ws/build/stonefish_ros2/CMakeFiles/stonefish_simulator_nogpu.dir/DependInfo.cmake --color=
[0.108s] make[2]: 进入目录“/home/dyj/ros2_ws/build/stonefish_ros2”
[0.108s] cd /home/dyj/ros2_ws/build/stonefish_ros2 && /usr/bin/cmake -E cmake_depends "Unix Makefiles" /home/dyj/ros2_ws/src/stonefish_ros2 /home/dyj/ros2_ws/src/stonefish_ros2 /home/dyj/ros2_ws/build/stonefish_ros2 /home/dyj/ros2_ws/build/stonefish_ros2 /home/dyj/ros2_ws/build/stonefish_ros2/CMakeFiles/stonefish_simulator.dir/DependInfo.cmake --color=
[0.109s] make[2]: 离开目录“/home/dyj/ros2_ws/build/stonefish_ros2”
[0.110s] /usr/bin/make -f CMakeFiles/stonefish_ros2.dir/build.make CMakeFiles/stonefish_ros2.dir/build
[0.111s] make[2]: 进入目录“/home/dyj/ros2_ws/build/stonefish_ros2”
[0.111s] make[2]: 对“CMakeFiles/stonefish_ros2.dir/build”无需做任何事。
[0.111s] make[2]: 离开目录“/home/dyj/ros2_ws/build/stonefish_ros2”
[0.112s] make[2]: 离开目录“/home/dyj/ros2_ws/build/stonefish_ros2”
[0.112s] /usr/bin/make -f CMakeFiles/stonefish_simulator_nogpu.dir/build.make CMakeFiles/stonefish_simulator_nogpu.dir/build
[0.113s] [ 80%] [32mBuilding CXX object CMakeFiles/fluid_dynamics_test.dir/src/FluidDynamicsTestManager.cpp.o[0m
[0.113s] make[2]: 离开目录“/home/dyj/ros2_ws/build/stonefish_ros2”
[0.113s] /usr/bin/make -f CMakeFiles/stonefish_simulator.dir/build.make CMakeFiles/stonefish_simulator.dir/build
[0.113s] /usr/bin/c++  -DBT_EULER_DEFAULT_ZYX -DBT_USE_DOUBLE_PRECISION -DDATA_DIR_PATH=\"/home/dyj/ros2_ws/src/stonefish_ros2/Data/\" -DDEFAULT_RMW_IMPLEMENTATION=rmw_cyclonedds_cpp -DRCUTILS_ENABLE_FAULT_INJECTION -DROS_PACKAGE_NAME=\"stonefish_ros2\" -DSHADER_DIR_PATH=\"/usr/local/share/Stonefish/shaders/\" -Dqh_QHpointer -DvtkRenderingContext2D_AUTOINIT="1(vtkRenderingContextOpenGL2)" -DvtkRenderingCore_AUTOINIT="3(vtkInteractionStyle,vtkRenderingFreeType,vtkRenderingOpenGL2)" -I/usr/include/vtk-7.1 -I/usr/include/freetype2 -I/home/dyj/ros2_ws/build/stonefish_ros2/rosidl_generator_cpp -isystem /opt/ros/rolling/include -isystem /usr/local/include/Stonefish  -Wall -Wextra -Wpedantic -std=gnu++2a -o CMakeFiles/fluid_dynamics_test.dir/src/FluidDynamicsTestManager.cpp.o -c /home/dyj/ros2_ws/src/stonefish_ros2/src/FluidDynamicsTestManager.cpp
[0.114s] [ 80%] Built target stonefish_ros2
[0.115s] /usr/bin/make -f stonefish_ros2__py/CMakeFiles/stonefish_ros2__py.dir/build.make stonefish_ros2__py/CMakeFiles/stonefish_ros2__py.dir/depend
[0.115s] make[2]: 进入目录“/home/dyj/ros2_ws/build/stonefish_ros2”
[0.115s] cd /home/dyj/ros2_ws/build/stonefish_ros2 && /usr/bin/cmake -E cmake_depends "Unix Makefiles" /home/dyj/ros2_ws/src/stonefish_ros2 /home/dyj/ros2_ws/build/stonefish_ros2/stonefish_ros2__py /home/dyj/ros2_ws/build/stonefish_ros2 /home/dyj/ros2_ws/build/stonefish_ros2/stonefish_ros2__py /home/dyj/ros2_ws/build/stonefish_ros2/stonefish_ros2__py/CMakeFiles/stonefish_ros2__py.dir/DependInfo.cmake --color=
[0.119s] make[2]: 进入目录“/home/dyj/ros2_ws/build/stonefish_ros2”
[0.119s] make[2]: 对“CMakeFiles/stonefish_simulator_nogpu.dir/build”无需做任何事。
[0.119s] make[2]: 离开目录“/home/dyj/ros2_ws/build/stonefish_ros2”
[0.120s] make[2]: 进入目录“/home/dyj/ros2_ws/build/stonefish_ros2”
[0.120s] make[2]: 对“CMakeFiles/stonefish_simulator.dir/build”无需做任何事。
[0.120s] make[2]: 离开目录“/home/dyj/ros2_ws/build/stonefish_ros2”
[0.120s] make[2]: 离开目录“/home/dyj/ros2_ws/build/stonefish_ros2”
[0.120s] /usr/bin/make -f stonefish_ros2__py/CMakeFiles/stonefish_ros2__py.dir/build.make stonefish_ros2__py/CMakeFiles/stonefish_ros2__py.dir/build
[0.121s] make[2]: 进入目录“/home/dyj/ros2_ws/build/stonefish_ros2”
[0.121s] make[2]: 对“stonefish_ros2__py/CMakeFiles/stonefish_ros2__py.dir/build”无需做任何事。
[0.121s] make[2]: 离开目录“/home/dyj/ros2_ws/build/stonefish_ros2”
[0.123s] [ 82%] Built target stonefish_simulator_nogpu
[0.123s] [ 83%] Built target stonefish_simulator
[0.124s] [ 84%] Built target stonefish_ros2__py
[0.124s] /usr/bin/make -f CMakeFiles/stonefish_ros2__rosidl_generator_py.dir/build.make CMakeFiles/stonefish_ros2__rosidl_generator_py.dir/depend
[0.127s] make[2]: 进入目录“/home/dyj/ros2_ws/build/stonefish_ros2”
[0.127s] cd /home/dyj/ros2_ws/build/stonefish_ros2 && /usr/bin/cmake -E cmake_depends "Unix Makefiles" /home/dyj/ros2_ws/src/stonefish_ros2 /home/dyj/ros2_ws/src/stonefish_ros2 /home/dyj/ros2_ws/build/stonefish_ros2 /home/dyj/ros2_ws/build/stonefish_ros2 /home/dyj/ros2_ws/build/stonefish_ros2/CMakeFiles/stonefish_ros2__rosidl_generator_py.dir/DependInfo.cmake --color=
[0.131s] make[2]: 离开目录“/home/dyj/ros2_ws/build/stonefish_ros2”
[0.131s] /usr/bin/make -f CMakeFiles/stonefish_ros2__rosidl_generator_py.dir/build.make CMakeFiles/stonefish_ros2__rosidl_generator_py.dir/build
[0.145s] make[2]: 进入目录“/home/dyj/ros2_ws/build/stonefish_ros2”
[0.145s] make[2]: 对“CMakeFiles/stonefish_ros2__rosidl_generator_py.dir/build”无需做任何事。
[0.145s] make[2]: 离开目录“/home/dyj/ros2_ws/build/stonefish_ros2”
[0.154s] [ 94%] Built target stonefish_ros2__rosidl_generator_py
[0.154s] /usr/bin/make -f CMakeFiles/stonefish_ros2__rosidl_typesupport_c__pyext.dir/build.make CMakeFiles/stonefish_ros2__rosidl_typesupport_c__pyext.dir/depend
[0.154s] /usr/bin/make -f CMakeFiles/stonefish_ros2__rosidl_typesupport_fastrtps_c__pyext.dir/build.make CMakeFiles/stonefish_ros2__rosidl_typesupport_fastrtps_c__pyext.dir/depend
[0.155s] /usr/bin/make -f CMakeFiles/stonefish_ros2__rosidl_typesupport_introspection_c__pyext.dir/build.make CMakeFiles/stonefish_ros2__rosidl_typesupport_introspection_c__pyext.dir/depend
[0.155s] make[2]: 进入目录“/home/dyj/ros2_ws/build/stonefish_ros2”
[0.155s] cd /home/dyj/ros2_ws/build/stonefish_ros2 && /usr/bin/cmake -E cmake_depends "Unix Makefiles" /home/dyj/ros2_ws/src/stonefish_ros2 /home/dyj/ros2_ws/src/stonefish_ros2 /home/dyj/ros2_ws/build/stonefish_ros2 /home/dyj/ros2_ws/build/stonefish_ros2 /home/dyj/ros2_ws/build/stonefish_ros2/CMakeFiles/stonefish_ros2__rosidl_typesupport_c__pyext.dir/DependInfo.cmake --color=
[0.156s] make[2]: 进入目录“/home/dyj/ros2_ws/build/stonefish_ros2”
[0.156s] cd /home/dyj/ros2_ws/build/stonefish_ros2 && /usr/bin/cmake -E cmake_depends "Unix Makefiles" /home/dyj/ros2_ws/src/stonefish_ros2 /home/dyj/ros2_ws/src/stonefish_ros2 /home/dyj/ros2_ws/build/stonefish_ros2 /home/dyj/ros2_ws/build/stonefish_ros2 /home/dyj/ros2_ws/build/stonefish_ros2/CMakeFiles/stonefish_ros2__rosidl_typesupport_fastrtps_c__pyext.dir/DependInfo.cmake --color=
[0.156s] make[2]: 进入目录“/home/dyj/ros2_ws/build/stonefish_ros2”
[0.157s] cd /home/dyj/ros2_ws/build/stonefish_ros2 && /usr/bin/cmake -E cmake_depends "Unix Makefiles" /home/dyj/ros2_ws/src/stonefish_ros2 /home/dyj/ros2_ws/src/stonefish_ros2 /home/dyj/ros2_ws/build/stonefish_ros2 /home/dyj/ros2_ws/build/stonefish_ros2 /home/dyj/ros2_ws/build/stonefish_ros2/CMakeFiles/stonefish_ros2__rosidl_typesupport_introspection_c__pyext.dir/DependInfo.cmake --color=
[0.161s] make[2]: 离开目录“/home/dyj/ros2_ws/build/stonefish_ros2”
[0.162s] /usr/bin/make -f CMakeFiles/stonefish_ros2__rosidl_typesupport_introspection_c__pyext.dir/build.make CMakeFiles/stonefish_ros2__rosidl_typesupport_introspection_c__pyext.dir/build
[0.164s] make[2]: 离开目录“/home/dyj/ros2_ws/build/stonefish_ros2”
[0.164s] /usr/bin/make -f CMakeFiles/stonefish_ros2__rosidl_typesupport_c__pyext.dir/build.make CMakeFiles/stonefish_ros2__rosidl_typesupport_c__pyext.dir/build
[0.165s] make[2]: 进入目录“/home/dyj/ros2_ws/build/stonefish_ros2”
[0.165s] make[2]: 对“CMakeFiles/stonefish_ros2__rosidl_typesupport_introspection_c__pyext.dir/build”无需做任何事。
[0.165s] make[2]: 离开目录“/home/dyj/ros2_ws/build/stonefish_ros2”
[0.165s] make[2]: 离开目录“/home/dyj/ros2_ws/build/stonefish_ros2”
[0.165s] /usr/bin/make -f CMakeFiles/stonefish_ros2__rosidl_typesupport_fastrtps_c__pyext.dir/build.make CMakeFiles/stonefish_ros2__rosidl_typesupport_fastrtps_c__pyext.dir/build
[0.168s] make[2]: 进入目录“/home/dyj/ros2_ws/build/stonefish_ros2”
[0.168s] make[2]: 对“CMakeFiles/stonefish_ros2__rosidl_typesupport_c__pyext.dir/build”无需做任何事。
[0.168s] make[2]: 离开目录“/home/dyj/ros2_ws/build/stonefish_ros2”
[0.169s] [ 95%] Built target stonefish_ros2__rosidl_typesupport_introspection_c__pyext
[0.171s] [ 97%] Built target stonefish_ros2__rosidl_typesupport_c__pyext
[0.173s] running egg_info
[0.173s] make[2]: 进入目录“/home/dyj/ros2_ws/build/stonefish_ros2”
[0.174s] make[2]: 对“CMakeFiles/stonefish_ros2__rosidl_typesupport_fastrtps_c__pyext.dir/build”无需做任何事。
[0.174s] make[2]: 离开目录“/home/dyj/ros2_ws/build/stonefish_ros2”
[0.174s] writing stonefish_ros2.egg-info/PKG-INFO
[0.174s] writing dependency_links to stonefish_ros2.egg-info/dependency_links.txt
[0.174s] writing top-level names to stonefish_ros2.egg-info/top_level.txt
[0.177s] [ 98%] Built target stonefish_ros2__rosidl_typesupport_fastrtps_c__pyext
[0.190s] reading manifest file 'stonefish_ros2.egg-info/SOURCES.txt'
[0.190s] writing manifest file 'stonefish_ros2.egg-info/SOURCES.txt'
[0.200s] make[2]: 离开目录“/home/dyj/ros2_ws/build/stonefish_ros2”
[0.209s] [ 98%] Built target ament_cmake_python_build_stonefish_ros2_egg
[2.075s] [01m[K/home/dyj/ros2_ws/src/stonefish_ros2/src/FluidDynamicsTestManager.cpp:[m[K In member function ‘[01m[Kvirtual void FluidDynamicsTestManager::SimulationStepCompleted(sf::Scalar)[m[K’:
[2.075s] [01m[K/home/dyj/ros2_ws/src/stonefish_ros2/src/FluidDynamicsTestManager.cpp:263:19:[m[K [01;35m[Kwarning: [m[Kvariable ‘[01m[KcgTransform[m[K’ set but not used [[01;35m[K-Wunused-but-set-variable[m[K]
[2.075s]   263 |     sf::Transform [01;35m[KcgTransform[m[K = hull->getCG2OTransform().inverse();
[2.076s]       |                   [01;35m[K^~~~~~~~~~~[m[K
[2.076s] [01m[K/home/dyj/ros2_ws/src/stonefish_ros2/src/FluidDynamicsTestManager.cpp:277:19:[m[K [01;35m[Kwarning: [m[Kvariable ‘[01m[KsphR1MCGTransform[m[K’ set but not used [[01;35m[K-Wunused-but-set-variable[m[K]
[2.076s]   277 |     sf::Transform [01;35m[KsphR1MCGTransform[m[K = sphR1M->getCG2OTransform().inverse();
[2.076s]       |                   [01;35m[K^~~~~~~~~~~~~~~~~[m[K
[2.076s] [01m[K/home/dyj/ros2_ws/src/stonefish_ros2/src/FluidDynamicsTestManager.cpp:191:67:[m[K [01;35m[Kwarning: [m[Kunused parameter ‘[01m[KtimeStep[m[K’ [[01;35m[K-Wunused-parameter[m[K]
[2.076s]   191 | void FluidDynamicsTestManager::SimulationStepCompleted([01;35m[Ksf::Scalar timeStep[m[K)
[2.076s]       |                                                        [01;35m[K~~~~~~~~~~~^~~~~~~~[m[K
[5.534s] [ 98%] [32m[1mLinking CXX executable fluid_dynamics_test[0m
[5.534s] /usr/bin/cmake -E cmake_link_script CMakeFiles/fluid_dynamics_test.dir/link.txt --verbose=1
[5.542s] /usr/bin/c++       CMakeFiles/fluid_dynamics_test.dir/src/FluidDynamicsTestManager.cpp.o CMakeFiles/fluid_dynamics_test.dir/src/FluidDynamicsTestApp.cpp.o CMakeFiles/fluid_dynamics_test.dir/src/main.cpp.o  -o fluid_dynamics_test  -Wl,-rpath,/usr/local/lib:/home/dyj/ros2_ws/build/stonefish_ros2:/opt/ros/rolling/lib /usr/local/lib/libStonefish.so libstonefish_ros2__rosidl_typesupport_cpp.so /opt/ros/rolling/lib/librclcpp.so /opt/ros/rolling/lib/libgeometry_msgs__rosidl_typesupport_introspection_c.so /opt/ros/rolling/lib/libgeometry_msgs__rosidl_typesupport_introspection_cpp.so /opt/ros/rolling/lib/libgeometry_msgs__rosidl_typesupport_cpp.so /opt/ros/rolling/lib/libgeometry_msgs__rosidl_generator_py.so /usr/lib/x86_64-linux-gnu/libfreetype.so /usr/lib/x86_64-linux-gnu/libOpenGL.so /usr/lib/x86_64-linux-gnu/libGLX.so /usr/lib/x86_64-linux-gnu/libGLU.so -lSDL2 /usr/lib/gcc/x86_64-linux-gnu/9/libgomp.so /usr/lib/x86_64-linux-gnu/libpthread.so /opt/ros/rolling/lib/libgeometry_msgs__rosidl_generator_c.so /opt/ros/rolling/lib/libgeometry_msgs__rosidl_typesupport_c.so /opt/ros/rolling/lib/libstd_srvs__rosidl_typesupport_introspection_c.so /opt/ros/rolling/lib/libstd_srvs__rosidl_typesupport_introspection_cpp.so /opt/ros/rolling/lib/libstd_srvs__rosidl_typesupport_cpp.so /opt/ros/rolling/lib/libstd_srvs__rosidl_generator_py.so /opt/ros/rolling/lib/libstd_srvs__rosidl_generator_c.so /opt/ros/rolling/lib/libstd_srvs__rosidl_typesupport_c.so -lpthread /opt/ros/rolling/lib/liblibstatistics_collector.so /opt/ros/rolling/lib/liblibstatistics_collector_test_msgs__rosidl_typesupport_introspection_c.so /opt/ros/rolling/lib/liblibstatistics_collector_test_msgs__rosidl_typesupport_introspection_cpp.so /opt/ros/rolling/lib/liblibstatistics_collector_test_msgs__rosidl_typesupport_cpp.so /opt/ros/rolling/lib/liblibstatistics_collector_test_msgs__rosidl_generator_py.so /opt/ros/rolling/lib/liblibstatistics_collector_test_msgs__rosidl_generator_c.so /opt/ros/rolling/lib/liblibstatistics_collector_test_msgs__rosidl_typesupport_c.so /opt/ros/rolling/lib/libstd_msgs__rosidl_typesupport_introspection_c.so /opt/ros/rolling/lib/libstd_msgs__rosidl_typesupport_introspection_cpp.so /opt/ros/rolling/lib/libstd_msgs__rosidl_typesupport_cpp.so /opt/ros/rolling/lib/libstd_msgs__rosidl_generator_py.so /opt/ros/rolling/lib/libstd_msgs__rosidl_generator_c.so /opt/ros/rolling/lib/libstd_msgs__rosidl_typesupport_c.so /opt/ros/rolling/lib/librcl.so /opt/ros/rolling/lib/librcl_interfaces__rosidl_typesupport_introspection_c.so /opt/ros/rolling/lib/librcl_interfaces__rosidl_typesupport_introspection_cpp.so /opt/ros/rolling/lib/librcl_interfaces__rosidl_typesupport_cpp.so /opt/ros/rolling/lib/librcl_interfaces__rosidl_generator_py.so /opt/ros/rolling/lib/librcl_interfaces__rosidl_generator_c.so /opt/ros/rolling/lib/librcl_interfaces__rosidl_typesupport_c.so /opt/ros/rolling/lib/librmw_implementation.so /opt/ros/rolling/lib/libament_index_cpp.so /opt/ros/rolling/lib/librcl_logging_spdlog.so /opt/ros/rolling/lib/librcl_logging_interface.so /opt/ros/rolling/lib/librcl_yaml_param_parser.so /opt/ros/rolling/lib/librmw.so /opt/ros/rolling/lib/libyaml.so /opt/ros/rolling/lib/librosgraph_msgs__rosidl_typesupport_introspection_c.so /opt/ros/rolling/lib/librosgraph_msgs__rosidl_typesupport_introspection_cpp.so /opt/ros/rolling/lib/librosgraph_msgs__rosidl_typesupport_cpp.so /opt/ros/rolling/lib/librosgraph_msgs__rosidl_generator_py.so /opt/ros/rolling/lib/librosgraph_msgs__rosidl_generator_c.so /opt/ros/rolling/lib/librosgraph_msgs__rosidl_typesupport_c.so /opt/ros/rolling/lib/libstatistics_msgs__rosidl_typesupport_introspection_c.so /opt/ros/rolling/lib/libstatistics_msgs__rosidl_typesupport_introspection_cpp.so /opt/ros/rolling/lib/libstatistics_msgs__rosidl_typesupport_cpp.so /opt/ros/rolling/lib/libstatistics_msgs__rosidl_generator_py.so /opt/ros/rolling/lib/libstatistics_msgs__rosidl_generator_c.so /opt/ros/rolling/lib/libstatistics_msgs__rosidl_typesupport_c.so /opt/ros/rolling/lib/libbuiltin_interfaces__rosidl_typesupport_introspection_c.so /opt/ros/rolling/lib/libbuiltin_interfaces__rosidl_typesupport_introspection_cpp.so /opt/ros/rolling/lib/librosidl_typesupport_introspection_cpp.so /opt/ros/rolling/lib/librosidl_typesupport_introspection_c.so /opt/ros/rolling/lib/libbuiltin_interfaces__rosidl_typesupport_cpp.so /opt/ros/rolling/lib/librosidl_typesupport_cpp.so /opt/ros/rolling/lib/libbuiltin_interfaces__rosidl_generator_py.so /opt/ros/rolling/lib/libbuiltin_interfaces__rosidl_generator_c.so /opt/ros/rolling/lib/libbuiltin_interfaces__rosidl_typesupport_c.so /opt/ros/rolling/lib/librosidl_typesupport_c.so /opt/ros/rolling/lib/librosidl_runtime_c.so /opt/ros/rolling/lib/librcpputils.so /opt/ros/rolling/lib/librcutils.so -ldl /usr/lib/x86_64-linux-gnu/libpython3.8.so /opt/ros/rolling/lib/libtracetools.so 
[5.760s] make[2]: 离开目录“/home/dyj/ros2_ws/build/stonefish_ros2”
[5.769s] [100%] Built target fluid_dynamics_test
[5.770s] make[1]: 离开目录“/home/dyj/ros2_ws/build/stonefish_ros2”
[5.770s] /usr/bin/cmake -E cmake_progress_start /home/dyj/ros2_ws/build/stonefish_ros2/CMakeFiles 0
[5.784s] Invoked command in '/home/dyj/ros2_ws/build/stonefish_ros2' returned '0': CMAKE_PREFIX_PATH=${CMAKE_PREFIX_PATH}:/opt/ros/rolling /usr/bin/cmake --build /home/dyj/ros2_ws/build/stonefish_ros2 -- -j16 -l16
[5.795s] Invoking command in '/home/dyj/ros2_ws/build/stonefish_ros2': CMAKE_PREFIX_PATH=${CMAKE_PREFIX_PATH}:/opt/ros/rolling /usr/bin/cmake --install /home/dyj/ros2_ws/build/stonefish_ros2
[5.802s] -- Install configuration: ""
[5.802s] -- Execute custom install script
[5.803s] -- Up-to-date symlink: /home/dyj/ros2_ws/install/stonefish_ros2/share/ament_index/resource_index/rosidl_interfaces/stonefish_ros2
[5.803s] -- Up-to-date symlink: /home/dyj/ros2_ws/install/stonefish_ros2/include/stonefish_ros2/msg/beacon_info.h
[5.803s] -- Up-to-date symlink: /home/dyj/ros2_ws/install/stonefish_ros2/include/stonefish_ros2/msg/debug_physics.h
[5.803s] -- Up-to-date symlink: /home/dyj/ros2_ws/install/stonefish_ros2/include/stonefish_ros2/msg/detail/beacon_info__functions.h
[5.803s] -- Up-to-date symlink: /home/dyj/ros2_ws/install/stonefish_ros2/include/stonefish_ros2/msg/detail/beacon_info__struct.h
[5.803s] -- Up-to-date symlink: /home/dyj/ros2_ws/install/stonefish_ros2/include/stonefish_ros2/msg/detail/beacon_info__type_support.h
[5.803s] -- Up-to-date symlink: /home/dyj/ros2_ws/install/stonefish_ros2/include/stonefish_ros2/msg/detail/debug_physics__functions.h
[5.803s] -- Up-to-date symlink: /home/dyj/ros2_ws/install/stonefish_ros2/include/stonefish_ros2/msg/detail/debug_physics__struct.h
[5.803s] -- Up-to-date symlink: /home/dyj/ros2_ws/install/stonefish_ros2/include/stonefish_ros2/msg/detail/debug_physics__type_support.h
[5.804s] -- Up-to-date symlink: /home/dyj/ros2_ws/install/stonefish_ros2/include/stonefish_ros2/msg/detail/dvl__functions.h
[5.804s] -- Up-to-date symlink: /home/dyj/ros2_ws/install/stonefish_ros2/include/stonefish_ros2/msg/detail/dvl__struct.h
[5.804s] -- Up-to-date symlink: /home/dyj/ros2_ws/install/stonefish_ros2/include/stonefish_ros2/msg/detail/dvl__type_support.h
[5.804s] -- Up-to-date symlink: /home/dyj/ros2_ws/install/stonefish_ros2/include/stonefish_ros2/msg/detail/dvl_beam__functions.h
[5.804s] -- Up-to-date symlink: /home/dyj/ros2_ws/install/stonefish_ros2/include/stonefish_ros2/msg/detail/dvl_beam__struct.h
[5.804s] -- Up-to-date symlink: /home/dyj/ros2_ws/install/stonefish_ros2/include/stonefish_ros2/msg/detail/dvl_beam__type_support.h
[5.804s] -- Up-to-date symlink: /home/dyj/ros2_ws/install/stonefish_ros2/include/stonefish_ros2/msg/detail/event__functions.h
[5.804s] -- Up-to-date symlink: /home/dyj/ros2_ws/install/stonefish_ros2/include/stonefish_ros2/msg/detail/event__struct.h
[5.804s] -- Up-to-date symlink: /home/dyj/ros2_ws/install/stonefish_ros2/include/stonefish_ros2/msg/detail/event__type_support.h
[5.804s] -- Up-to-date symlink: /home/dyj/ros2_ws/install/stonefish_ros2/include/stonefish_ros2/msg/detail/event_array__functions.h
[5.804s] -- Up-to-date symlink: /home/dyj/ros2_ws/install/stonefish_ros2/include/stonefish_ros2/msg/detail/event_array__struct.h
[5.804s] -- Up-to-date symlink: /home/dyj/ros2_ws/install/stonefish_ros2/include/stonefish_ros2/msg/detail/event_array__type_support.h
[5.804s] -- Up-to-date symlink: /home/dyj/ros2_ws/install/stonefish_ros2/include/stonefish_ros2/msg/detail/ins__functions.h
[5.804s] -- Up-to-date symlink: /home/dyj/ros2_ws/install/stonefish_ros2/include/stonefish_ros2/msg/detail/ins__struct.h
[5.805s] -- Up-to-date symlink: /home/dyj/ros2_ws/install/stonefish_ros2/include/stonefish_ros2/msg/detail/ins__type_support.h
[5.805s] -- Up-to-date symlink: /home/dyj/ros2_ws/install/stonefish_ros2/include/stonefish_ros2/msg/detail/int32_stamped__functions.h
[5.805s] -- Up-to-date symlink: /home/dyj/ros2_ws/install/stonefish_ros2/include/stonefish_ros2/msg/detail/int32_stamped__struct.h
[5.805s] -- Up-to-date symlink: /home/dyj/ros2_ws/install/stonefish_ros2/include/stonefish_ros2/msg/detail/int32_stamped__type_support.h
[5.805s] -- Up-to-date symlink: /home/dyj/ros2_ws/install/stonefish_ros2/include/stonefish_ros2/msg/detail/ned_pose__functions.h
[5.805s] -- Up-to-date symlink: /home/dyj/ros2_ws/install/stonefish_ros2/include/stonefish_ros2/msg/detail/ned_pose__struct.h
[5.805s] -- Up-to-date symlink: /home/dyj/ros2_ws/install/stonefish_ros2/include/stonefish_ros2/msg/detail/ned_pose__type_support.h
[5.805s] -- Up-to-date symlink: /home/dyj/ros2_ws/install/stonefish_ros2/include/stonefish_ros2/msg/detail/thruster_state__functions.h
[5.805s] -- Up-to-date symlink: /home/dyj/ros2_ws/install/stonefish_ros2/include/stonefish_ros2/msg/detail/thruster_state__struct.h
[5.805s] -- Up-to-date symlink: /home/dyj/ros2_ws/install/stonefish_ros2/include/stonefish_ros2/msg/detail/thruster_state__type_support.h
[5.805s] -- Up-to-date symlink: /home/dyj/ros2_ws/install/stonefish_ros2/include/stonefish_ros2/msg/dvl.h
[5.805s] -- Up-to-date symlink: /home/dyj/ros2_ws/install/stonefish_ros2/include/stonefish_ros2/msg/dvl_beam.h
[5.805s] -- Up-to-date symlink: /home/dyj/ros2_ws/install/stonefish_ros2/include/stonefish_ros2/msg/event.h
[5.805s] -- Up-to-date symlink: /home/dyj/ros2_ws/install/stonefish_ros2/include/stonefish_ros2/msg/event_array.h
[5.805s] -- Up-to-date symlink: /home/dyj/ros2_ws/install/stonefish_ros2/include/stonefish_ros2/msg/ins.h
[5.805s] -- Up-to-date symlink: /home/dyj/ros2_ws/install/stonefish_ros2/include/stonefish_ros2/msg/int32_stamped.h
[5.805s] -- Up-to-date symlink: /home/dyj/ros2_ws/install/stonefish_ros2/include/stonefish_ros2/msg/ned_pose.h
[5.806s] -- Up-to-date symlink: /home/dyj/ros2_ws/install/stonefish_ros2/include/stonefish_ros2/msg/rosidl_generator_c__visibility_control.h
[5.806s] -- Up-to-date symlink: /home/dyj/ros2_ws/install/stonefish_ros2/include/stonefish_ros2/msg/thruster_state.h
[5.806s] -- Up-to-date symlink: /home/dyj/ros2_ws/install/stonefish_ros2/include/stonefish_ros2/srv/detail/respawn__functions.h
[5.806s] -- Up-to-date symlink: /home/dyj/ros2_ws/install/stonefish_ros2/include/stonefish_ros2/srv/detail/respawn__struct.h
[5.806s] -- Up-to-date symlink: /home/dyj/ros2_ws/install/stonefish_ros2/include/stonefish_ros2/srv/detail/respawn__type_support.h
[5.806s] -- Up-to-date symlink: /home/dyj/ros2_ws/install/stonefish_ros2/include/stonefish_ros2/srv/detail/sonar_settings2__functions.h
[5.806s] -- Up-to-date symlink: /home/dyj/ros2_ws/install/stonefish_ros2/include/stonefish_ros2/srv/detail/sonar_settings2__struct.h
[5.806s] -- Up-to-date symlink: /home/dyj/ros2_ws/install/stonefish_ros2/include/stonefish_ros2/srv/detail/sonar_settings2__type_support.h
[5.806s] -- Up-to-date symlink: /home/dyj/ros2_ws/install/stonefish_ros2/include/stonefish_ros2/srv/detail/sonar_settings__functions.h
[5.806s] -- Up-to-date symlink: /home/dyj/ros2_ws/install/stonefish_ros2/include/stonefish_ros2/srv/detail/sonar_settings__struct.h
[5.806s] -- Up-to-date symlink: /home/dyj/ros2_ws/install/stonefish_ros2/include/stonefish_ros2/srv/detail/sonar_settings__type_support.h
[5.806s] -- Up-to-date symlink: /home/dyj/ros2_ws/install/stonefish_ros2/include/stonefish_ros2/srv/respawn.h
[5.806s] -- Up-to-date symlink: /home/dyj/ros2_ws/install/stonefish_ros2/include/stonefish_ros2/srv/sonar_settings.h
[5.806s] -- Up-to-date symlink: /home/dyj/ros2_ws/install/stonefish_ros2/include/stonefish_ros2/srv/sonar_settings2.h
[5.806s] -- Up-to-date symlink: /home/dyj/ros2_ws/install/stonefish_ros2/share/stonefish_ros2/environment/library_path.sh
[5.807s] -- Up-to-date symlink: /home/dyj/ros2_ws/install/stonefish_ros2/share/stonefish_ros2/environment/library_path.dsv
[5.807s] -- Up-to-date symlink: /home/dyj/ros2_ws/install/stonefish_ros2/include/stonefish_ros2/msg/detail/beacon_info__rosidl_typesupport_fastrtps_c.h
[5.807s] -- Up-to-date symlink: /home/dyj/ros2_ws/install/stonefish_ros2/include/stonefish_ros2/msg/detail/debug_physics__rosidl_typesupport_fastrtps_c.h
[5.807s] -- Up-to-date symlink: /home/dyj/ros2_ws/install/stonefish_ros2/include/stonefish_ros2/msg/detail/dvl__rosidl_typesupport_fastrtps_c.h
[5.807s] -- Up-to-date symlink: /home/dyj/ros2_ws/install/stonefish_ros2/include/stonefish_ros2/msg/detail/dvl_beam__rosidl_typesupport_fastrtps_c.h
[5.807s] -- Up-to-date symlink: /home/dyj/ros2_ws/install/stonefish_ros2/include/stonefish_ros2/msg/detail/event__rosidl_typesupport_fastrtps_c.h
[5.807s] -- Up-to-date symlink: /home/dyj/ros2_ws/install/stonefish_ros2/include/stonefish_ros2/msg/detail/event_array__rosidl_typesupport_fastrtps_c.h
[5.807s] -- Up-to-date symlink: /home/dyj/ros2_ws/install/stonefish_ros2/include/stonefish_ros2/msg/detail/ins__rosidl_typesupport_fastrtps_c.h
[5.807s] -- Up-to-date symlink: /home/dyj/ros2_ws/install/stonefish_ros2/include/stonefish_ros2/msg/detail/int32_stamped__rosidl_typesupport_fastrtps_c.h
[5.807s] -- Up-to-date symlink: /home/dyj/ros2_ws/install/stonefish_ros2/include/stonefish_ros2/msg/detail/ned_pose__rosidl_typesupport_fastrtps_c.h
[5.807s] -- Up-to-date symlink: /home/dyj/ros2_ws/install/stonefish_ros2/include/stonefish_ros2/msg/detail/thruster_state__rosidl_typesupport_fastrtps_c.h
[5.807s] -- Up-to-date symlink: /home/dyj/ros2_ws/install/stonefish_ros2/include/stonefish_ros2/msg/rosidl_typesupport_fastrtps_c__visibility_control.h
[5.808s] -- Up-to-date symlink: /home/dyj/ros2_ws/install/stonefish_ros2/include/stonefish_ros2/srv/detail/respawn__rosidl_typesupport_fastrtps_c.h
[5.808s] -- Up-to-date symlink: /home/dyj/ros2_ws/install/stonefish_ros2/include/stonefish_ros2/srv/detail/sonar_settings2__rosidl_typesupport_fastrtps_c.h
[5.808s] -- Up-to-date symlink: /home/dyj/ros2_ws/install/stonefish_ros2/include/stonefish_ros2/srv/detail/sonar_settings__rosidl_typesupport_fastrtps_c.h
[5.808s] -- Up-to-date symlink: /home/dyj/ros2_ws/install/stonefish_ros2/lib/libstonefish_ros2__rosidl_typesupport_fastrtps_c.so
[5.808s] -- Up-to-date symlink: /home/dyj/ros2_ws/install/stonefish_ros2/include/stonefish_ros2/msg/detail/beacon_info__rosidl_typesupport_fastrtps_cpp.hpp
[5.808s] -- Up-to-date symlink: /home/dyj/ros2_ws/install/stonefish_ros2/include/stonefish_ros2/msg/detail/debug_physics__rosidl_typesupport_fastrtps_cpp.hpp
[5.808s] -- Up-to-date symlink: /home/dyj/ros2_ws/install/stonefish_ros2/include/stonefish_ros2/msg/detail/dvl__rosidl_typesupport_fastrtps_cpp.hpp
[5.808s] -- Up-to-date symlink: /home/dyj/ros2_ws/install/stonefish_ros2/include/stonefish_ros2/msg/detail/dvl_beam__rosidl_typesupport_fastrtps_cpp.hpp
[5.808s] -- Up-to-date symlink: /home/dyj/ros2_ws/install/stonefish_ros2/include/stonefish_ros2/msg/detail/event__rosidl_typesupport_fastrtps_cpp.hpp
[5.809s] -- Up-to-date symlink: /home/dyj/ros2_ws/install/stonefish_ros2/include/stonefish_ros2/msg/detail/event_array__rosidl_typesupport_fastrtps_cpp.hpp
[5.809s] -- Up-to-date symlink: /home/dyj/ros2_ws/install/stonefish_ros2/include/stonefish_ros2/msg/detail/ins__rosidl_typesupport_fastrtps_cpp.hpp
[5.809s] -- Up-to-date symlink: /home/dyj/ros2_ws/install/stonefish_ros2/include/stonefish_ros2/msg/detail/int32_stamped__rosidl_typesupport_fastrtps_cpp.hpp
[5.809s] -- Up-to-date symlink: /home/dyj/ros2_ws/install/stonefish_ros2/include/stonefish_ros2/msg/detail/ned_pose__rosidl_typesupport_fastrtps_cpp.hpp
[5.809s] -- Up-to-date symlink: /home/dyj/ros2_ws/install/stonefish_ros2/include/stonefish_ros2/msg/detail/thruster_state__rosidl_typesupport_fastrtps_cpp.hpp
[5.809s] -- Up-to-date symlink: /home/dyj/ros2_ws/install/stonefish_ros2/include/stonefish_ros2/msg/rosidl_typesupport_fastrtps_cpp__visibility_control.h
[5.809s] -- Up-to-date symlink: /home/dyj/ros2_ws/install/stonefish_ros2/include/stonefish_ros2/srv/detail/respawn__rosidl_typesupport_fastrtps_cpp.hpp
[5.809s] -- Up-to-date symlink: /home/dyj/ros2_ws/install/stonefish_ros2/include/stonefish_ros2/srv/detail/sonar_settings2__rosidl_typesupport_fastrtps_cpp.hpp
[5.809s] -- Up-to-date symlink: /home/dyj/ros2_ws/install/stonefish_ros2/include/stonefish_ros2/srv/detail/sonar_settings__rosidl_typesupport_fastrtps_cpp.hpp
[5.809s] -- Up-to-date symlink: /home/dyj/ros2_ws/install/stonefish_ros2/lib/libstonefish_ros2__rosidl_typesupport_fastrtps_cpp.so
[5.809s] -- Up-to-date symlink: /home/dyj/ros2_ws/install/stonefish_ros2/include/stonefish_ros2/msg/detail/beacon_info__rosidl_typesupport_introspection_c.h
[5.809s] -- Up-to-date symlink: /home/dyj/ros2_ws/install/stonefish_ros2/include/stonefish_ros2/msg/detail/debug_physics__rosidl_typesupport_introspection_c.h
[5.810s] -- Up-to-date symlink: /home/dyj/ros2_ws/install/stonefish_ros2/include/stonefish_ros2/msg/detail/dvl__rosidl_typesupport_introspection_c.h
[5.810s] -- Up-to-date symlink: /home/dyj/ros2_ws/install/stonefish_ros2/include/stonefish_ros2/msg/detail/dvl_beam__rosidl_typesupport_introspection_c.h
[5.810s] -- Up-to-date symlink: /home/dyj/ros2_ws/install/stonefish_ros2/include/stonefish_ros2/msg/detail/event__rosidl_typesupport_introspection_c.h
[5.810s] -- Up-to-date symlink: /home/dyj/ros2_ws/install/stonefish_ros2/include/stonefish_ros2/msg/detail/event_array__rosidl_typesupport_introspection_c.h
[5.810s] -- Up-to-date symlink: /home/dyj/ros2_ws/install/stonefish_ros2/include/stonefish_ros2/msg/detail/ins__rosidl_typesupport_introspection_c.h
[5.810s] -- Up-to-date symlink: /home/dyj/ros2_ws/install/stonefish_ros2/include/stonefish_ros2/msg/detail/int32_stamped__rosidl_typesupport_introspection_c.h
[5.810s] -- Up-to-date symlink: /home/dyj/ros2_ws/install/stonefish_ros2/include/stonefish_ros2/msg/detail/ned_pose__rosidl_typesupport_introspection_c.h
[5.810s] -- Up-to-date symlink: /home/dyj/ros2_ws/install/stonefish_ros2/include/stonefish_ros2/msg/detail/thruster_state__rosidl_typesupport_introspection_c.h
[5.810s] -- Up-to-date symlink: /home/dyj/ros2_ws/install/stonefish_ros2/include/stonefish_ros2/msg/rosidl_typesupport_introspection_c__visibility_control.h
[5.810s] -- Up-to-date symlink: /home/dyj/ros2_ws/install/stonefish_ros2/include/stonefish_ros2/srv/detail/respawn__rosidl_typesupport_introspection_c.h
[5.810s] -- Up-to-date symlink: /home/dyj/ros2_ws/install/stonefish_ros2/include/stonefish_ros2/srv/detail/sonar_settings2__rosidl_typesupport_introspection_c.h
[5.810s] -- Up-to-date symlink: /home/dyj/ros2_ws/install/stonefish_ros2/include/stonefish_ros2/srv/detail/sonar_settings__rosidl_typesupport_introspection_c.h
[5.811s] -- Up-to-date symlink: /home/dyj/ros2_ws/install/stonefish_ros2/include/stonefish_ros2/msg/beacon_info.hpp
[5.811s] -- Up-to-date symlink: /home/dyj/ros2_ws/install/stonefish_ros2/include/stonefish_ros2/msg/debug_physics.hpp
[5.811s] -- Up-to-date symlink: /home/dyj/ros2_ws/install/stonefish_ros2/include/stonefish_ros2/msg/detail/beacon_info__builder.hpp
[5.811s] -- Up-to-date symlink: /home/dyj/ros2_ws/install/stonefish_ros2/include/stonefish_ros2/msg/detail/beacon_info__struct.hpp
[5.811s] -- Up-to-date symlink: /home/dyj/ros2_ws/install/stonefish_ros2/include/stonefish_ros2/msg/detail/beacon_info__traits.hpp
[5.811s] -- Up-to-date symlink: /home/dyj/ros2_ws/install/stonefish_ros2/include/stonefish_ros2/msg/detail/debug_physics__builder.hpp
[5.811s] -- Up-to-date symlink: /home/dyj/ros2_ws/install/stonefish_ros2/include/stonefish_ros2/msg/detail/debug_physics__struct.hpp
[5.811s] -- Up-to-date symlink: /home/dyj/ros2_ws/install/stonefish_ros2/include/stonefish_ros2/msg/detail/debug_physics__traits.hpp
[5.811s] -- Up-to-date symlink: /home/dyj/ros2_ws/install/stonefish_ros2/include/stonefish_ros2/msg/detail/dvl__builder.hpp
[5.811s] -- Up-to-date symlink: /home/dyj/ros2_ws/install/stonefish_ros2/include/stonefish_ros2/msg/detail/dvl__struct.hpp
[5.811s] -- Up-to-date symlink: /home/dyj/ros2_ws/install/stonefish_ros2/include/stonefish_ros2/msg/detail/dvl__traits.hpp
[5.811s] -- Up-to-date symlink: /home/dyj/ros2_ws/install/stonefish_ros2/include/stonefish_ros2/msg/detail/dvl_beam__builder.hpp
[5.811s] -- Up-to-date symlink: /home/dyj/ros2_ws/install/stonefish_ros2/include/stonefish_ros2/msg/detail/dvl_beam__struct.hpp
[5.811s] -- Up-to-date symlink: /home/dyj/ros2_ws/install/stonefish_ros2/include/stonefish_ros2/msg/detail/dvl_beam__traits.hpp
[5.812s] -- Up-to-date symlink: /home/dyj/ros2_ws/install/stonefish_ros2/include/stonefish_ros2/msg/detail/event__builder.hpp
[5.812s] -- Up-to-date symlink: /home/dyj/ros2_ws/install/stonefish_ros2/include/stonefish_ros2/msg/detail/event__struct.hpp
[5.812s] -- Up-to-date symlink: /home/dyj/ros2_ws/install/stonefish_ros2/include/stonefish_ros2/msg/detail/event__traits.hpp
[5.812s] -- Up-to-date symlink: /home/dyj/ros2_ws/install/stonefish_ros2/include/stonefish_ros2/msg/detail/event_array__builder.hpp
[5.812s] -- Up-to-date symlink: /home/dyj/ros2_ws/install/stonefish_ros2/include/stonefish_ros2/msg/detail/event_array__struct.hpp
[5.812s] -- Up-to-date symlink: /home/dyj/ros2_ws/install/stonefish_ros2/include/stonefish_ros2/msg/detail/event_array__traits.hpp
[5.812s] -- Up-to-date symlink: /home/dyj/ros2_ws/install/stonefish_ros2/include/stonefish_ros2/msg/detail/ins__builder.hpp
[5.812s] -- Up-to-date symlink: /home/dyj/ros2_ws/install/stonefish_ros2/include/stonefish_ros2/msg/detail/ins__struct.hpp
[5.812s] -- Up-to-date symlink: /home/dyj/ros2_ws/install/stonefish_ros2/include/stonefish_ros2/msg/detail/ins__traits.hpp
[5.812s] -- Up-to-date symlink: /home/dyj/ros2_ws/install/stonefish_ros2/include/stonefish_ros2/msg/detail/int32_stamped__builder.hpp
[5.812s] -- Up-to-date symlink: /home/dyj/ros2_ws/install/stonefish_ros2/include/stonefish_ros2/msg/detail/int32_stamped__struct.hpp
[5.812s] -- Up-to-date symlink: /home/dyj/ros2_ws/install/stonefish_ros2/include/stonefish_ros2/msg/detail/int32_stamped__traits.hpp
[5.812s] -- Up-to-date symlink: /home/dyj/ros2_ws/install/stonefish_ros2/include/stonefish_ros2/msg/detail/ned_pose__builder.hpp
[5.812s] -- Up-to-date symlink: /home/dyj/ros2_ws/install/stonefish_ros2/include/stonefish_ros2/msg/detail/ned_pose__struct.hpp
[5.812s] -- Up-to-date symlink: /home/dyj/ros2_ws/install/stonefish_ros2/include/stonefish_ros2/msg/detail/ned_pose__traits.hpp
[5.812s] -- Up-to-date symlink: /home/dyj/ros2_ws/install/stonefish_ros2/include/stonefish_ros2/msg/detail/thruster_state__builder.hpp
[5.813s] -- Up-to-date symlink: /home/dyj/ros2_ws/install/stonefish_ros2/include/stonefish_ros2/msg/detail/thruster_state__struct.hpp
[5.813s] -- Up-to-date symlink: /home/dyj/ros2_ws/install/stonefish_ros2/include/stonefish_ros2/msg/detail/thruster_state__traits.hpp
[5.813s] -- Up-to-date symlink: /home/dyj/ros2_ws/install/stonefish_ros2/include/stonefish_ros2/msg/dvl.hpp
[5.813s] -- Up-to-date symlink: /home/dyj/ros2_ws/install/stonefish_ros2/include/stonefish_ros2/msg/dvl_beam.hpp
[5.813s] -- Up-to-date symlink: /home/dyj/ros2_ws/install/stonefish_ros2/include/stonefish_ros2/msg/event.hpp
[5.813s] -- Up-to-date symlink: /home/dyj/ros2_ws/install/stonefish_ros2/include/stonefish_ros2/msg/event_array.hpp
[5.813s] -- Up-to-date symlink: /home/dyj/ros2_ws/install/stonefish_ros2/include/stonefish_ros2/msg/ins.hpp
[5.813s] -- Up-to-date symlink: /home/dyj/ros2_ws/install/stonefish_ros2/include/stonefish_ros2/msg/int32_stamped.hpp
[5.813s] -- Up-to-date symlink: /home/dyj/ros2_ws/install/stonefish_ros2/include/stonefish_ros2/msg/ned_pose.hpp
[5.813s] -- Up-to-date symlink: /home/dyj/ros2_ws/install/stonefish_ros2/include/stonefish_ros2/msg/thruster_state.hpp
[5.813s] -- Up-to-date symlink: /home/dyj/ros2_ws/install/stonefish_ros2/include/stonefish_ros2/srv/detail/respawn__builder.hpp
[5.813s] -- Up-to-date symlink: /home/dyj/ros2_ws/install/stonefish_ros2/include/stonefish_ros2/srv/detail/respawn__struct.hpp
[5.813s] -- Up-to-date symlink: /home/dyj/ros2_ws/install/stonefish_ros2/include/stonefish_ros2/srv/detail/respawn__traits.hpp
[5.813s] -- Up-to-date symlink: /home/dyj/ros2_ws/install/stonefish_ros2/include/stonefish_ros2/srv/detail/sonar_settings2__builder.hpp
[5.813s] -- Up-to-date symlink: /home/dyj/ros2_ws/install/stonefish_ros2/include/stonefish_ros2/srv/detail/sonar_settings2__struct.hpp
[5.813s] -- Up-to-date symlink: /home/dyj/ros2_ws/install/stonefish_ros2/include/stonefish_ros2/srv/detail/sonar_settings2__traits.hpp
[5.814s] -- Up-to-date symlink: /home/dyj/ros2_ws/install/stonefish_ros2/include/stonefish_ros2/srv/detail/sonar_settings__builder.hpp
[5.814s] -- Up-to-date symlink: /home/dyj/ros2_ws/install/stonefish_ros2/include/stonefish_ros2/srv/detail/sonar_settings__struct.hpp
[5.814s] -- Up-to-date symlink: /home/dyj/ros2_ws/install/stonefish_ros2/include/stonefish_ros2/srv/detail/sonar_settings__traits.hpp
[5.814s] -- Up-to-date symlink: /home/dyj/ros2_ws/install/stonefish_ros2/include/stonefish_ros2/srv/respawn.hpp
[5.814s] -- Up-to-date symlink: /home/dyj/ros2_ws/install/stonefish_ros2/include/stonefish_ros2/srv/sonar_settings.hpp
[5.814s] -- Up-to-date symlink: /home/dyj/ros2_ws/install/stonefish_ros2/include/stonefish_ros2/srv/sonar_settings2.hpp
[5.814s] -- Up-to-date symlink: /home/dyj/ros2_ws/install/stonefish_ros2/include/stonefish_ros2/msg/detail/beacon_info__rosidl_typesupport_introspection_cpp.hpp
[5.814s] -- Up-to-date symlink: /home/dyj/ros2_ws/install/stonefish_ros2/include/stonefish_ros2/msg/detail/debug_physics__rosidl_typesupport_introspection_cpp.hpp
[5.814s] -- Up-to-date symlink: /home/dyj/ros2_ws/install/stonefish_ros2/include/stonefish_ros2/msg/detail/dvl__rosidl_typesupport_introspection_cpp.hpp
[5.814s] -- Up-to-date symlink: /home/dyj/ros2_ws/install/stonefish_ros2/include/stonefish_ros2/msg/detail/dvl_beam__rosidl_typesupport_introspection_cpp.hpp
[5.814s] -- Up-to-date symlink: /home/dyj/ros2_ws/install/stonefish_ros2/include/stonefish_ros2/msg/detail/event__rosidl_typesupport_introspection_cpp.hpp
[5.814s] -- Up-to-date symlink: /home/dyj/ros2_ws/install/stonefish_ros2/include/stonefish_ros2/msg/detail/event_array__rosidl_typesupport_introspection_cpp.hpp
[5.814s] -- Up-to-date symlink: /home/dyj/ros2_ws/install/stonefish_ros2/include/stonefish_ros2/msg/detail/ins__rosidl_typesupport_introspection_cpp.hpp
[5.815s] -- Up-to-date symlink: /home/dyj/ros2_ws/install/stonefish_ros2/include/stonefish_ros2/msg/detail/int32_stamped__rosidl_typesupport_introspection_cpp.hpp
[5.815s] -- Up-to-date symlink: /home/dyj/ros2_ws/install/stonefish_ros2/include/stonefish_ros2/msg/detail/ned_pose__rosidl_typesupport_introspection_cpp.hpp
[5.815s] -- Up-to-date symlink: /home/dyj/ros2_ws/install/stonefish_ros2/include/stonefish_ros2/msg/detail/thruster_state__rosidl_typesupport_introspection_cpp.hpp
[5.815s] -- Up-to-date symlink: /home/dyj/ros2_ws/install/stonefish_ros2/include/stonefish_ros2/srv/detail/respawn__rosidl_typesupport_introspection_cpp.hpp
[5.815s] -- Up-to-date symlink: /home/dyj/ros2_ws/install/stonefish_ros2/include/stonefish_ros2/srv/detail/sonar_settings2__rosidl_typesupport_introspection_cpp.hpp
[5.815s] -- Up-to-date symlink: /home/dyj/ros2_ws/install/stonefish_ros2/include/stonefish_ros2/srv/detail/sonar_settings__rosidl_typesupport_introspection_cpp.hpp
[5.815s] -- Up-to-date symlink: /home/dyj/ros2_ws/install/stonefish_ros2/share/stonefish_ros2/environment/pythonpath.sh
[5.815s] -- Up-to-date symlink: /home/dyj/ros2_ws/install/stonefish_ros2/share/stonefish_ros2/environment/pythonpath.dsv
[5.815s] -- Up-to-date symlink: /home/dyj/ros2_ws/install/stonefish_ros2/lib/python3.8/site-packages/stonefish_ros2-1.5.0-py3.8.egg-info/PKG-INFO
[5.815s] -- Up-to-date symlink: /home/dyj/ros2_ws/install/stonefish_ros2/lib/python3.8/site-packages/stonefish_ros2-1.5.0-py3.8.egg-info/SOURCES.txt
[5.815s] -- Up-to-date symlink: /home/dyj/ros2_ws/install/stonefish_ros2/lib/python3.8/site-packages/stonefish_ros2-1.5.0-py3.8.egg-info/dependency_links.txt
[5.815s] -- Up-to-date symlink: /home/dyj/ros2_ws/install/stonefish_ros2/lib/python3.8/site-packages/stonefish_ros2-1.5.0-py3.8.egg-info/top_level.txt
[5.816s] -- Up-to-date symlink: /home/dyj/ros2_ws/install/stonefish_ros2/lib/python3.8/site-packages/stonefish_ros2/__init__.py
[5.816s] -- Up-to-date symlink: /home/dyj/ros2_ws/install/stonefish_ros2/lib/python3.8/site-packages/stonefish_ros2/_stonefish_ros2_s.ep.rosidl_typesupport_c.c
[5.816s] -- Up-to-date symlink: /home/dyj/ros2_ws/install/stonefish_ros2/lib/python3.8/site-packages/stonefish_ros2/_stonefish_ros2_s.ep.rosidl_typesupport_fastrtps_c.c
[5.816s] -- Up-to-date symlink: /home/dyj/ros2_ws/install/stonefish_ros2/lib/python3.8/site-packages/stonefish_ros2/_stonefish_ros2_s.ep.rosidl_typesupport_introspection_c.c
[5.816s] -- Up-to-date symlink: /home/dyj/ros2_ws/install/stonefish_ros2/lib/python3.8/site-packages/stonefish_ros2/libstonefish_ros2__rosidl_generator_py.so
[5.816s] -- Up-to-date symlink: /home/dyj/ros2_ws/install/stonefish_ros2/lib/python3.8/site-packages/stonefish_ros2/msg/__init__.py
[5.816s] -- Up-to-date symlink: /home/dyj/ros2_ws/install/stonefish_ros2/lib/python3.8/site-packages/stonefish_ros2/msg/_beacon_info.py
[5.816s] -- Up-to-date symlink: /home/dyj/ros2_ws/install/stonefish_ros2/lib/python3.8/site-packages/stonefish_ros2/msg/_beacon_info_s.c
[5.816s] -- Up-to-date symlink: /home/dyj/ros2_ws/install/stonefish_ros2/lib/python3.8/site-packages/stonefish_ros2/msg/_debug_physics.py
[5.817s] -- Up-to-date symlink: /home/dyj/ros2_ws/install/stonefish_ros2/lib/python3.8/site-packages/stonefish_ros2/msg/_debug_physics_s.c
[5.817s] -- Up-to-date symlink: /home/dyj/ros2_ws/install/stonefish_ros2/lib/python3.8/site-packages/stonefish_ros2/msg/_dvl.py
[5.817s] -- Up-to-date symlink: /home/dyj/ros2_ws/install/stonefish_ros2/lib/python3.8/site-packages/stonefish_ros2/msg/_dvl_beam.py
[5.817s] -- Up-to-date symlink: /home/dyj/ros2_ws/install/stonefish_ros2/lib/python3.8/site-packages/stonefish_ros2/msg/_dvl_beam_s.c
[5.817s] -- Up-to-date symlink: /home/dyj/ros2_ws/install/stonefish_ros2/lib/python3.8/site-packages/stonefish_ros2/msg/_dvl_s.c
[5.817s] -- Up-to-date symlink: /home/dyj/ros2_ws/install/stonefish_ros2/lib/python3.8/site-packages/stonefish_ros2/msg/_event.py
[5.817s] -- Up-to-date symlink: /home/dyj/ros2_ws/install/stonefish_ros2/lib/python3.8/site-packages/stonefish_ros2/msg/_event_array.py
[5.817s] -- Up-to-date symlink: /home/dyj/ros2_ws/install/stonefish_ros2/lib/python3.8/site-packages/stonefish_ros2/msg/_event_array_s.c
[5.817s] -- Up-to-date symlink: /home/dyj/ros2_ws/install/stonefish_ros2/lib/python3.8/site-packages/stonefish_ros2/msg/_event_s.c
[5.817s] -- Up-to-date symlink: /home/dyj/ros2_ws/install/stonefish_ros2/lib/python3.8/site-packages/stonefish_ros2/msg/_ins.py
[5.817s] -- Up-to-date symlink: /home/dyj/ros2_ws/install/stonefish_ros2/lib/python3.8/site-packages/stonefish_ros2/msg/_ins_s.c
[5.817s] -- Up-to-date symlink: /home/dyj/ros2_ws/install/stonefish_ros2/lib/python3.8/site-packages/stonefish_ros2/msg/_int32_stamped.py
[5.817s] -- Up-to-date symlink: /home/dyj/ros2_ws/install/stonefish_ros2/lib/python3.8/site-packages/stonefish_ros2/msg/_int32_stamped_s.c
[5.817s] -- Up-to-date symlink: /home/dyj/ros2_ws/install/stonefish_ros2/lib/python3.8/site-packages/stonefish_ros2/msg/_ned_pose.py
[5.817s] -- Up-to-date symlink: /home/dyj/ros2_ws/install/stonefish_ros2/lib/python3.8/site-packages/stonefish_ros2/msg/_ned_pose_s.c
[5.817s] -- Up-to-date symlink: /home/dyj/ros2_ws/install/stonefish_ros2/lib/python3.8/site-packages/stonefish_ros2/msg/_thruster_state.py
[5.818s] -- Up-to-date symlink: /home/dyj/ros2_ws/install/stonefish_ros2/lib/python3.8/site-packages/stonefish_ros2/msg/_thruster_state_s.c
[5.818s] -- Up-to-date symlink: /home/dyj/ros2_ws/install/stonefish_ros2/lib/python3.8/site-packages/stonefish_ros2/srv/__init__.py
[5.818s] -- Up-to-date symlink: /home/dyj/ros2_ws/install/stonefish_ros2/lib/python3.8/site-packages/stonefish_ros2/srv/_respawn.py
[5.818s] -- Up-to-date symlink: /home/dyj/ros2_ws/install/stonefish_ros2/lib/python3.8/site-packages/stonefish_ros2/srv/_respawn_s.c
[5.818s] -- Up-to-date symlink: /home/dyj/ros2_ws/install/stonefish_ros2/lib/python3.8/site-packages/stonefish_ros2/srv/_sonar_settings.py
[5.818s] -- Up-to-date symlink: /home/dyj/ros2_ws/install/stonefish_ros2/lib/python3.8/site-packages/stonefish_ros2/srv/_sonar_settings2.py
[5.818s] -- Up-to-date symlink: /home/dyj/ros2_ws/install/stonefish_ros2/lib/python3.8/site-packages/stonefish_ros2/srv/_sonar_settings2_s.c
[5.818s] -- Up-to-date symlink: /home/dyj/ros2_ws/install/stonefish_ros2/lib/python3.8/site-packages/stonefish_ros2/srv/_sonar_settings_s.c
[5.818s] -- Up-to-date symlink: /home/dyj/ros2_ws/install/stonefish_ros2/lib/python3.8/site-packages/stonefish_ros2/stonefish_ros2_s__rosidl_typesupport_c.cpython-38-x86_64-linux-gnu.so
[5.818s] -- Up-to-date symlink: /home/dyj/ros2_ws/install/stonefish_ros2/lib/python3.8/site-packages/stonefish_ros2/stonefish_ros2_s__rosidl_typesupport_fastrtps_c.cpython-38-x86_64-linux-gnu.so
[5.818s] -- Up-to-date symlink: /home/dyj/ros2_ws/install/stonefish_ros2/lib/python3.8/site-packages/stonefish_ros2/stonefish_ros2_s__rosidl_typesupport_introspection_c.cpython-38-x86_64-linux-gnu.so
[5.818s] -- Up-to-date symlink: /home/dyj/ros2_ws/install/stonefish_ros2/lib/python3.8/site-packages/stonefish_ros2/stonefish_ros2_s__rosidl_typesupport_fastrtps_c.cpython-38-x86_64-linux-gnu.so
[5.818s] -- Up-to-date symlink: /home/dyj/ros2_ws/install/stonefish_ros2/lib/python3.8/site-packages/stonefish_ros2/stonefish_ros2_s__rosidl_typesupport_introspection_c.cpython-38-x86_64-linux-gnu.so
[5.819s] -- Up-to-date symlink: /home/dyj/ros2_ws/install/stonefish_ros2/lib/python3.8/site-packages/stonefish_ros2/stonefish_ros2_s__rosidl_typesupport_c.cpython-38-x86_64-linux-gnu.so
[5.819s] -- Up-to-date symlink: /home/dyj/ros2_ws/install/stonefish_ros2/share/stonefish_ros2/msg/Int32Stamped.idl
[5.819s] -- Up-to-date symlink: /home/dyj/ros2_ws/install/stonefish_ros2/share/stonefish_ros2/msg/BeaconInfo.idl
[5.819s] -- Up-to-date symlink: /home/dyj/ros2_ws/install/stonefish_ros2/share/stonefish_ros2/msg/NEDPose.idl
[5.819s] -- Up-to-date symlink: /home/dyj/ros2_ws/install/stonefish_ros2/share/stonefish_ros2/msg/INS.idl
[5.819s] -- Up-to-date symlink: /home/dyj/ros2_ws/install/stonefish_ros2/share/stonefish_ros2/msg/DVLBeam.idl
[5.819s] -- Up-to-date symlink: /home/dyj/ros2_ws/install/stonefish_ros2/share/stonefish_ros2/msg/DVL.idl
[5.819s] -- Up-to-date symlink: /home/dyj/ros2_ws/install/stonefish_ros2/share/stonefish_ros2/msg/ThrusterState.idl
[5.819s] -- Up-to-date symlink: /home/dyj/ros2_ws/install/stonefish_ros2/share/stonefish_ros2/msg/DebugPhysics.idl
[5.820s] -- Up-to-date symlink: /home/dyj/ros2_ws/install/stonefish_ros2/share/stonefish_ros2/msg/Event.idl
[5.820s] -- Up-to-date symlink: /home/dyj/ros2_ws/install/stonefish_ros2/share/stonefish_ros2/msg/EventArray.idl
[5.820s] -- Up-to-date symlink: /home/dyj/ros2_ws/install/stonefish_ros2/share/stonefish_ros2/srv/SonarSettings.idl
[5.820s] -- Up-to-date symlink: /home/dyj/ros2_ws/install/stonefish_ros2/share/stonefish_ros2/srv/SonarSettings2.idl
[5.820s] -- Up-to-date symlink: /home/dyj/ros2_ws/install/stonefish_ros2/share/stonefish_ros2/srv/Respawn.idl
[5.820s] -- Up-to-date symlink: /home/dyj/ros2_ws/install/stonefish_ros2/share/stonefish_ros2/msg/Int32Stamped.msg
[5.820s] -- Up-to-date symlink: /home/dyj/ros2_ws/install/stonefish_ros2/share/stonefish_ros2/msg/BeaconInfo.msg
[5.820s] -- Up-to-date symlink: /home/dyj/ros2_ws/install/stonefish_ros2/share/stonefish_ros2/msg/NEDPose.msg
[5.820s] -- Up-to-date symlink: /home/dyj/ros2_ws/install/stonefish_ros2/share/stonefish_ros2/msg/INS.msg
[5.820s] -- Up-to-date symlink: /home/dyj/ros2_ws/install/stonefish_ros2/share/stonefish_ros2/msg/DVLBeam.msg
[5.820s] -- Up-to-date symlink: /home/dyj/ros2_ws/install/stonefish_ros2/share/stonefish_ros2/msg/DVL.msg
[5.821s] -- Up-to-date symlink: /home/dyj/ros2_ws/install/stonefish_ros2/share/stonefish_ros2/msg/ThrusterState.msg
[5.821s] -- Up-to-date symlink: /home/dyj/ros2_ws/install/stonefish_ros2/share/stonefish_ros2/msg/DebugPhysics.msg
[5.821s] -- Up-to-date symlink: /home/dyj/ros2_ws/install/stonefish_ros2/share/stonefish_ros2/msg/Event.msg
[5.821s] -- Up-to-date symlink: /home/dyj/ros2_ws/install/stonefish_ros2/share/stonefish_ros2/msg/EventArray.msg
[5.821s] -- Up-to-date symlink: /home/dyj/ros2_ws/install/stonefish_ros2/share/stonefish_ros2/srv/SonarSettings.srv
[5.821s] -- Up-to-date symlink: /home/dyj/ros2_ws/install/stonefish_ros2/share/stonefish_ros2/srv/SonarSettings_Request.msg
[5.821s] -- Up-to-date symlink: /home/dyj/ros2_ws/install/stonefish_ros2/share/stonefish_ros2/srv/SonarSettings_Response.msg
[5.821s] -- Up-to-date symlink: /home/dyj/ros2_ws/install/stonefish_ros2/share/stonefish_ros2/srv/SonarSettings2.srv
[5.821s] -- Up-to-date symlink: /home/dyj/ros2_ws/install/stonefish_ros2/share/stonefish_ros2/srv/SonarSettings2_Request.msg
[5.821s] -- Up-to-date symlink: /home/dyj/ros2_ws/install/stonefish_ros2/share/stonefish_ros2/srv/SonarSettings2_Response.msg
[5.822s] -- Up-to-date symlink: /home/dyj/ros2_ws/install/stonefish_ros2/share/stonefish_ros2/srv/Respawn.srv
[5.822s] -- Up-to-date symlink: /home/dyj/ros2_ws/install/stonefish_ros2/share/stonefish_ros2/srv/Respawn_Request.msg
[5.822s] -- Up-to-date symlink: /home/dyj/ros2_ws/install/stonefish_ros2/share/stonefish_ros2/srv/Respawn_Response.msg
[5.822s] -- Up-to-date symlink: /home/dyj/ros2_ws/install/stonefish_ros2/include/include/stonefish_ros2/ROS2ConsoleSimulationApp.h
[5.822s] -- Up-to-date symlink: /home/dyj/ros2_ws/install/stonefish_ros2/include/include/stonefish_ros2/ROS2GraphicalSimulationApp.h
[5.822s] -- Up-to-date symlink: /home/dyj/ros2_ws/install/stonefish_ros2/include/include/stonefish_ros2/ROS2Interface.h
[5.822s] -- Up-to-date symlink: /home/dyj/ros2_ws/install/stonefish_ros2/include/include/stonefish_ros2/ROS2ScenarioParser.h
[5.822s] -- Up-to-date symlink: /home/dyj/ros2_ws/install/stonefish_ros2/include/include/stonefish_ros2/ROS2SimulationManager.h
[5.822s] -- Up-to-date symlink: /home/dyj/ros2_ws/install/stonefish_ros2/lib/stonefish_ros2/stonefish_simulator
[5.822s] -- Up-to-date symlink: /home/dyj/ros2_ws/install/stonefish_ros2/lib/stonefish_ros2/stonefish_simulator_nogpu
[5.823s] -- Up-to-date symlink: /home/dyj/ros2_ws/install/stonefish_ros2/lib/stonefish_ros2/fluid_dynamics_test
[5.823s] -- Up-to-date symlink: /home/dyj/ros2_ws/install/stonefish_ros2/lib/stonefish_ros2/camera_test
[5.823s] -- Up-to-date symlink: /home/dyj/ros2_ws/install/stonefish_ros2/share/stonefish_ros2/launch/stonefish_simulator.launch.py
[5.823s] -- Up-to-date symlink: /home/dyj/ros2_ws/install/stonefish_ros2/share/stonefish_ros2/launch/stonefish_simulator_nogpu.launch.py
[5.823s] -- Up-to-date symlink: /home/dyj/ros2_ws/install/stonefish_ros2/share/ament_index/resource_index/package_run_dependencies/stonefish_ros2
[5.823s] -- Up-to-date symlink: /home/dyj/ros2_ws/install/stonefish_ros2/share/ament_index/resource_index/parent_prefix_path/stonefish_ros2
[5.823s] -- Up-to-date symlink: /home/dyj/ros2_ws/install/stonefish_ros2/share/stonefish_ros2/environment/ament_prefix_path.sh
[5.823s] -- Up-to-date symlink: /home/dyj/ros2_ws/install/stonefish_ros2/share/stonefish_ros2/environment/ament_prefix_path.dsv
[5.823s] -- Up-to-date symlink: /home/dyj/ros2_ws/install/stonefish_ros2/share/stonefish_ros2/environment/path.sh
[5.824s] -- Up-to-date symlink: /home/dyj/ros2_ws/install/stonefish_ros2/share/stonefish_ros2/environment/path.dsv
[5.824s] -- Up-to-date symlink: /home/dyj/ros2_ws/install/stonefish_ros2/share/stonefish_ros2/local_setup.bash
[5.824s] -- Up-to-date symlink: /home/dyj/ros2_ws/install/stonefish_ros2/share/stonefish_ros2/local_setup.sh
[5.824s] -- Up-to-date symlink: /home/dyj/ros2_ws/install/stonefish_ros2/share/stonefish_ros2/local_setup.zsh
[5.824s] -- Up-to-date symlink: /home/dyj/ros2_ws/install/stonefish_ros2/share/stonefish_ros2/local_setup.dsv
[5.824s] -- Symlinking: /home/dyj/ros2_ws/install/stonefish_ros2/share/stonefish_ros2/package.dsv
[5.830s] -- Up-to-date symlink: /home/dyj/ros2_ws/install/stonefish_ros2/share/ament_index/resource_index/packages/stonefish_ros2
[5.830s] -- Up-to-date symlink: /home/dyj/ros2_ws/install/stonefish_ros2/share/stonefish_ros2/cmake/rosidl_cmake-extras.cmake
[5.830s] -- Up-to-date symlink: /home/dyj/ros2_ws/install/stonefish_ros2/share/stonefish_ros2/cmake/ament_cmake_export_dependencies-extras.cmake
[5.830s] -- Up-to-date symlink: /home/dyj/ros2_ws/install/stonefish_ros2/share/stonefish_ros2/cmake/ament_cmake_export_libraries-extras.cmake
[5.830s] -- Up-to-date symlink: /home/dyj/ros2_ws/install/stonefish_ros2/share/stonefish_ros2/cmake/ament_cmake_export_targets-extras.cmake
[5.831s] -- Up-to-date symlink: /home/dyj/ros2_ws/install/stonefish_ros2/share/stonefish_ros2/cmake/ament_cmake_export_include_directories-extras.cmake
[5.831s] -- Up-to-date symlink: /home/dyj/ros2_ws/install/stonefish_ros2/share/stonefish_ros2/cmake/rosidl_cmake_export_typesupport_libraries-extras.cmake
[5.831s] -- Up-to-date symlink: /home/dyj/ros2_ws/install/stonefish_ros2/share/stonefish_ros2/cmake/rosidl_cmake_export_typesupport_targets-extras.cmake
[5.831s] -- Up-to-date symlink: /home/dyj/ros2_ws/install/stonefish_ros2/share/stonefish_ros2/cmake/stonefish_ros2Config.cmake
[5.831s] -- Up-to-date symlink: /home/dyj/ros2_ws/install/stonefish_ros2/share/stonefish_ros2/cmake/stonefish_ros2Config-version.cmake
[5.831s] -- Up-to-date symlink: /home/dyj/ros2_ws/install/stonefish_ros2/share/stonefish_ros2/package.xml
[5.831s] -- Up-to-date: /home/dyj/ros2_ws/install/stonefish_ros2/lib/libstonefish_ros2__rosidl_generator_c.so
[5.831s] -- Up-to-date: /home/dyj/ros2_ws/install/stonefish_ros2/lib/libstonefish_ros2__rosidl_typesupport_introspection_c.so
[5.831s] -- Up-to-date: /home/dyj/ros2_ws/install/stonefish_ros2/lib/libstonefish_ros2__rosidl_typesupport_c.so
[5.832s] -- Up-to-date: /home/dyj/ros2_ws/install/stonefish_ros2/lib/libstonefish_ros2__rosidl_typesupport_introspection_cpp.so
[5.832s] -- Up-to-date: /home/dyj/ros2_ws/install/stonefish_ros2/lib/libstonefish_ros2__rosidl_typesupport_cpp.so
[5.845s] Listing '/home/dyj/ros2_ws/install/stonefish_ros2/lib/python3.8/site-packages/stonefish_ros2'...
[5.845s] Listing '/home/dyj/ros2_ws/install/stonefish_ros2/lib/python3.8/site-packages/stonefish_ros2/msg'...
[5.845s] Listing '/home/dyj/ros2_ws/install/stonefish_ros2/lib/python3.8/site-packages/stonefish_ros2/srv'...
[5.847s] -- Up-to-date: /home/dyj/ros2_ws/install/stonefish_ros2/lib/libstonefish_ros2__rosidl_generator_py.so
[5.848s] -- Up-to-date: /home/dyj/ros2_ws/install/stonefish_ros2/lib/libstonefish_ros2_interface.so
[5.848s] -- Up-to-date: /home/dyj/ros2_ws/install/stonefish_ros2/share/stonefish_ros2/cmake/stonefish_ros2__rosidl_generator_cExport.cmake
[5.848s] -- Up-to-date: /home/dyj/ros2_ws/install/stonefish_ros2/share/stonefish_ros2/cmake/stonefish_ros2__rosidl_generator_cExport-noconfig.cmake
[5.848s] -- Up-to-date: /home/dyj/ros2_ws/install/stonefish_ros2/share/stonefish_ros2/cmake/stonefish_ros2__rosidl_typesupport_introspection_cExport.cmake
[5.848s] -- Up-to-date: /home/dyj/ros2_ws/install/stonefish_ros2/share/stonefish_ros2/cmake/stonefish_ros2__rosidl_typesupport_introspection_cExport-noconfig.cmake
[5.848s] -- Up-to-date: /home/dyj/ros2_ws/install/stonefish_ros2/share/stonefish_ros2/cmake/stonefish_ros2__rosidl_typesupport_cExport.cmake
[5.849s] -- Up-to-date: /home/dyj/ros2_ws/install/stonefish_ros2/share/stonefish_ros2/cmake/stonefish_ros2__rosidl_typesupport_cExport-noconfig.cmake
[5.849s] -- Up-to-date: /home/dyj/ros2_ws/install/stonefish_ros2/share/stonefish_ros2/cmake/stonefish_ros2__rosidl_generator_cppExport.cmake
[5.849s] -- Up-to-date: /home/dyj/ros2_ws/install/stonefish_ros2/share/stonefish_ros2/cmake/stonefish_ros2__rosidl_typesupport_introspection_cppExport.cmake
[5.849s] -- Up-to-date: /home/dyj/ros2_ws/install/stonefish_ros2/share/stonefish_ros2/cmake/stonefish_ros2__rosidl_typesupport_introspection_cppExport-noconfig.cmake
[5.849s] -- Up-to-date: /home/dyj/ros2_ws/install/stonefish_ros2/share/stonefish_ros2/cmake/stonefish_ros2__rosidl_typesupport_cppExport.cmake
[5.849s] -- Up-to-date: /home/dyj/ros2_ws/install/stonefish_ros2/share/stonefish_ros2/cmake/stonefish_ros2__rosidl_typesupport_cppExport-noconfig.cmake
[5.849s] -- Up-to-date: /home/dyj/ros2_ws/install/stonefish_ros2/share/stonefish_ros2/cmake/export_stonefish_ros2__rosidl_generator_pyExport.cmake
[5.849s] -- Up-to-date: /home/dyj/ros2_ws/install/stonefish_ros2/share/stonefish_ros2/cmake/export_stonefish_ros2__rosidl_generator_pyExport-noconfig.cmake
[5.852s] Invoked command in '/home/dyj/ros2_ws/build/stonefish_ros2' returned '0': CMAKE_PREFIX_PATH=${CMAKE_PREFIX_PATH}:/opt/ros/rolling /usr/bin/cmake --install /home/dyj/ros2_ws/build/stonefish_ros2
